{
  "stats": {
    "suites": 1,
    "tests": 8,
    "passes": 8,
    "pending": 0,
    "failures": 0,
    "start": "2021-04-22T14:57:28.162Z",
    "end": "2021-04-22T14:59:59.215Z",
    "duration": 151053,
    "testsRegistered": 8,
    "passPercent": 100,
    "pendingPercent": 0,
    "other": 0,
    "hasOther": false,
    "skipped": 0,
    "hasSkipped": false
  },
  "results": [
    {
      "uuid": "1e93f1a3-d8a8-4cf8-9104-bea06c246b38",
      "title": "",
      "fullFile": "tests/cypress/tests/savedSearches.spec.js",
      "file": "testscypress/tests/savedSearches.spec.js",
      "beforeHooks": [],
      "afterHooks": [],
      "tests": [],
      "suites": [
        {
          "uuid": "fc0038dc-c8b2-4017-bcea-87719084f71c",
          "title": "RHACM4K-412 - Search: Saved searches",
          "fullFile": "",
          "file": "",
          "beforeHooks": [],
          "afterHooks": [],
          "tests": [
            {
              "title": "[P2][Sev2][search] should find each managed cluster has default namespace",
              "fullTitle": "RHACM4K-412 - Search: Saved searches [P2][Sev2][search] should find each managed cluster has default namespace",
              "timedOut": null,
              "duration": 34220,
              "state": "passed",
              "speed": "slow",
              "pass": true,
              "fail": false,
              "pending": false,
              "context": null,
              "code": "_savedSearches.savedSearches.validateClusterNamespace({\n  'namespace': 'default'\n}, '');",
              "err": {},
              "uuid": "021c9db8-1836-45b7-982b-c0a5e33a0bff",
              "parentUUID": "fc0038dc-c8b2-4017-bcea-87719084f71c",
              "isHook": false,
              "skipped": false
            },
            {
              "title": "[P2][Sev2][search] should find open-cluster-management-agent namespace exists",
              "fullTitle": "RHACM4K-412 - Search: Saved searches [P2][Sev2][search] should find open-cluster-management-agent namespace exists",
              "timedOut": null,
              "duration": 31445,
              "state": "passed",
              "speed": "slow",
              "pass": true,
              "fail": false,
              "pending": false,
              "context": null,
              "code": "_savedSearches.savedSearches.validateClusterNamespace({\n  'kind': 'namespace',\n  'name': 'open-cluster-management-agent'\n}, 'has_local-cluster');",
              "err": {},
              "uuid": "2b76bfa3-a947-4fc0-8e23-2055f50d037f",
              "parentUUID": "fc0038dc-c8b2-4017-bcea-87719084f71c",
              "isHook": false,
              "skipped": false
            },
            {
              "title": "[P2][Sev2][search] should be able to save current search",
              "fullTitle": "RHACM4K-412 - Search: Saved searches [P2][Sev2][search] should be able to save current search",
              "timedOut": null,
              "duration": 42453,
              "state": "passed",
              "speed": "slow",
              "pass": true,
              "fail": false,
              "pending": false,
              "context": null,
              "code": "_savedSearches.savedSearches.saveClusterNamespaceSearch({\n  'namespace': 'default'\n}, queryDefaultNamespaceName, queryDefaultNamespaceDesc);\n_savedSearches.savedSearches.saveClusterNamespaceSearch({\n  'kind': 'namespace',\n  'name': 'open-cluster-management-agent'\n}, queryOcmaNamespaceName, queryOcmaNamespaceDesc);",
              "err": {},
              "uuid": "75d5c6b4-7e44-427e-9e96-8a32ffc2f73d",
              "parentUUID": "fc0038dc-c8b2-4017-bcea-87719084f71c",
              "isHook": false,
              "skipped": false
            },
            {
              "title": "[P2][Sev2][search] should be able to find the saved searches",
              "fullTitle": "RHACM4K-412 - Search: Saved searches [P2][Sev2][search] should be able to find the saved searches",
              "timedOut": null,
              "duration": 9259,
              "state": "passed",
              "speed": "slow",
              "pass": true,
              "fail": false,
              "pending": false,
              "context": null,
              "code": "_savedSearches.savedSearches.getSavedSearch(queryDefaultNamespaceName);\n_savedSearches.savedSearches.getSavedSearch(queryOcmaNamespaceName);",
              "err": {},
              "uuid": "6e4d4ff2-39a8-4401-add0-dfb280be8431",
              "parentUUID": "fc0038dc-c8b2-4017-bcea-87719084f71c",
              "isHook": false,
              "skipped": false
            },
            {
              "title": "[P2][Sev2][search] should be able to edit the saved searches",
              "fullTitle": "RHACM4K-412 - Search: Saved searches [P2][Sev2][search] should be able to edit the saved searches",
              "timedOut": null,
              "duration": 6692,
              "state": "passed",
              "speed": "slow",
              "pass": true,
              "fail": false,
              "pending": false,
              "context": null,
              "code": "_savedSearches.savedSearches.editSavedSearch(queryDefaultNamespaceName, queryOCMaEditedName, queryOcmaEditedDesc);",
              "err": {},
              "uuid": "7d8c1f40-b532-414b-89f6-d8408caf1594",
              "parentUUID": "fc0038dc-c8b2-4017-bcea-87719084f71c",
              "isHook": false,
              "skipped": false
            },
            {
              "title": "[P2][Sev2][search] should be able to find the saved searches",
              "fullTitle": "RHACM4K-412 - Search: Saved searches [P2][Sev2][search] should be able to find the saved searches",
              "timedOut": null,
              "duration": 5002,
              "state": "passed",
              "speed": "slow",
              "pass": true,
              "fail": false,
              "pending": false,
              "context": null,
              "code": "_savedSearches.savedSearches.getSavedSearch(queryOCMaEditedName);\n_savedSearches.savedSearches.getSavedSearch(queryOcmaNamespaceName);",
              "err": {},
              "uuid": "f96c80ba-7044-41a4-89bc-db7f74585038",
              "parentUUID": "fc0038dc-c8b2-4017-bcea-87719084f71c",
              "isHook": false,
              "skipped": false
            },
            {
              "title": "[P2][Sev2][search] should be able to revert back the edited saved searches",
              "fullTitle": "RHACM4K-412 - Search: Saved searches [P2][Sev2][search] should be able to revert back the edited saved searches",
              "timedOut": null,
              "duration": 6912,
              "state": "passed",
              "speed": "slow",
              "pass": true,
              "fail": false,
              "pending": false,
              "context": null,
              "code": "_savedSearches.savedSearches.editSavedSearch(queryOCMaEditedName, queryDefaultNamespaceName, queryDefaultNamespaceDesc);",
              "err": {},
              "uuid": "8775a206-e9ff-41d3-9c5e-364eda78ddf2",
              "parentUUID": "fc0038dc-c8b2-4017-bcea-87719084f71c",
              "isHook": false,
              "skipped": false
            },
            {
              "title": "[P2][Sev2][search] should be able to share the saved searches",
              "fullTitle": "RHACM4K-412 - Search: Saved searches [P2][Sev2][search] should be able to share the saved searches",
              "timedOut": null,
              "duration": 2016,
              "state": "passed",
              "speed": "slow",
              "pass": true,
              "fail": false,
              "pending": false,
              "context": null,
              "code": "_savedSearches.savedSearches.shareSavedSearch(queryDefaultNamespaceName);",
              "err": {},
              "uuid": "f45e715e-9b15-4c2b-9795-feee8532b7cb",
              "parentUUID": "fc0038dc-c8b2-4017-bcea-87719084f71c",
              "isHook": false,
              "skipped": false
            }
          ],
          "suites": [],
          "passes": [
            "021c9db8-1836-45b7-982b-c0a5e33a0bff",
            "2b76bfa3-a947-4fc0-8e23-2055f50d037f",
            "75d5c6b4-7e44-427e-9e96-8a32ffc2f73d",
            "6e4d4ff2-39a8-4401-add0-dfb280be8431",
            "7d8c1f40-b532-414b-89f6-d8408caf1594",
            "f96c80ba-7044-41a4-89bc-db7f74585038",
            "8775a206-e9ff-41d3-9c5e-364eda78ddf2",
            "f45e715e-9b15-4c2b-9795-feee8532b7cb"
          ],
          "failures": [],
          "pending": [],
          "skipped": [],
          "duration": 137999,
          "root": false,
          "rootEmpty": false,
          "_timeout": 2000
        }
      ],
      "passes": [],
      "failures": [],
      "pending": [],
      "skipped": [],
      "duration": 0,
      "root": true,
      "rootEmpty": true,
      "_timeout": 2000
    }
  ],
  "meta": {
    "mocha": {
      "version": "7.0.1"
    },
    "mochawesome": {
      "options": {
        "quiet": false,
        "reportFilename": "mochawesome-report.json",
        "saveHtml": false,
        "saveJson": true,
        "consoleReporter": "spec",
        "useInlineDiffs": false,
        "code": true
      },
      "version": "6.1.1"
    },
    "marge": {
      "options": {
        "id": "default",
        "reportDir": "results/json",
        "reportFilename": "mochawesome-report.json",
        "overwrite": false,
        "html": false,
        "json": true
      },
      "version": "5.1.0"
    }
  }
}