{
  "stats": {
    "suites": 7,
    "tests": 69,
    "passes": 57,
    "pending": 0,
    "failures": 12,
    "start": "2021-04-22T13:55:56.896Z",
    "end": "2021-04-22T15:00:25.777Z",
    "duration": 2504245,
    "testsRegistered": 69,
    "passPercent": 82.6086956521739,
    "pendingPercent": 0,
    "other": 0,
    "hasOther": false,
    "skipped": 0,
    "hasSkipped": false
  },
  "results": [
    {
      "uuid": "6ac5f2bd-c120-4095-bbea-72903fff167a",
      "title": "",
      "fullFile": "tests/cypress/tests/adminSearch.spec.js",
      "file": "testscypress/tests/adminSearch.spec.js",
      "beforeHooks": [],
      "afterHooks": [],
      "tests": [],
      "suites": [
        {
          "uuid": "1e61059c-4070-465c-bffa-29df32e39589",
          "title": "Search: Search in Local Cluster",
          "fullFile": "",
          "file": "",
          "beforeHooks": [],
          "afterHooks": [],
          "tests": [
            {
              "title": "[P1][Sev1][search] should load the search page",
              "fullTitle": "Search: Search in Local Cluster [P1][Sev1][search] should load the search page",
              "timedOut": null,
              "duration": 12496,
              "state": "passed",
              "speed": "slow",
              "pass": true,
              "fail": false,
              "pending": false,
              "context": null,
              "code": "_search.searchPage.shouldLoad();",
              "err": {},
              "uuid": "5eb8b1ff-decb-45af-9dff-c263535e0efb",
              "parentUUID": "1e61059c-4070-465c-bffa-29df32e39589",
              "isHook": false,
              "skipped": false
            },
            {
              "title": "[P1][Sev1][search] should not see any cluster and namespace",
              "fullTitle": "Search: Search in Local Cluster [P1][Sev1][search] should not see any cluster and namespace",
              "timedOut": null,
              "duration": 102595,
              "state": "passed",
              "speed": "slow",
              "pass": true,
              "fail": false,
              "pending": false,
              "context": null,
              "code": "// when\n_search.searchBar.whenFocusSearchBar();\n_search.searchBar.whenFilterByClusterAndNamespace(this.clusterName, this.namespace); // then\n\n_search.searchPage.shouldFindNoResults();",
              "err": {},
              "uuid": "73c8799a-3a10-4ca9-a846-e0d139b263a7",
              "parentUUID": "1e61059c-4070-465c-bffa-29df32e39589",
              "isHook": false,
              "skipped": false
            },
            {
              "title": "[P1][Sev1][search] should create namespace from create resource UI",
              "fullTitle": "Search: Search in Local Cluster [P1][Sev1][search] should create namespace from create resource UI",
              "timedOut": null,
              "duration": 11441,
              "state": "passed",
              "speed": "slow",
              "pass": true,
              "fail": false,
              "pending": false,
              "context": null,
              "code": "_resource.resourcePage.whenGoToResourcePage();\n_resource.resourcePage.whenSelectTargetCluster(this.clusterName);\n_resource.resourcePage.whenCreateNamespace(this.namespace);",
              "err": {},
              "uuid": "db97affd-0b7b-4f2a-acad-dce689679b55",
              "parentUUID": "1e61059c-4070-465c-bffa-29df32e39589",
              "isHook": false,
              "skipped": false
            },
            {
              "title": "[P1][Sev1][search] should verify that namespace already exist",
              "fullTitle": "Search: Search in Local Cluster [P1][Sev1][search] should verify that namespace already exist",
              "timedOut": null,
              "duration": 9008,
              "state": "passed",
              "speed": "slow",
              "pass": true,
              "fail": false,
              "pending": false,
              "context": null,
              "code": "_resource.resourcePage.whenGoToResourcePage();\n_resource.resourcePage.whenSelectTargetCluster(this.clusterName);\n_resource.resourcePage.whenCreateNamespace(this.namespace, true);",
              "err": {},
              "uuid": "998b6287-4273-462d-bd10-9cb29e0d8cdf",
              "parentUUID": "1e61059c-4070-465c-bffa-29df32e39589",
              "isHook": false,
              "skipped": false
            },
            {
              "title": "[P1][Sev1][search] should create deployment from create resource UI",
              "fullTitle": "Search: Search in Local Cluster [P1][Sev1][search] should create deployment from create resource UI",
              "timedOut": null,
              "duration": 22000,
              "state": "passed",
              "speed": "slow",
              "pass": true,
              "fail": false,
              "pending": false,
              "context": null,
              "code": "_resource.resourcePage.whenGoToResourcePage();\n_resource.resourcePage.whenSelectTargetCluster(this.clusterName);\n_resource.resourcePage.whenCreateDeployment(this.namespace, this.namespace + '-deployment', 'openshift/hello-openshift');",
              "err": {},
              "uuid": "4944743c-4f68-4972-b4e9-12616922aef1",
              "parentUUID": "1e61059c-4070-465c-bffa-29df32e39589",
              "isHook": false,
              "skipped": false
            },
            {
              "title": "[P1][Sev1][search] should verify that deployment resource exist",
              "fullTitle": "Search: Search in Local Cluster [P1][Sev1][search] should verify that deployment resource exist",
              "timedOut": null,
              "duration": 38706,
              "state": "passed",
              "speed": "slow",
              "pass": true,
              "fail": false,
              "pending": false,
              "context": null,
              "code": "cy.waitUsingSLA();\n_resource.resourcePage.whenGoToResourcePage();\n_resource.resourcePage.whenSelectTargetCluster(this.clusterName);\n_resource.resourcePage.whenCreateDeployment(this.namespace, this.namespace + '-deployment', 'openshift/hello-openshift', true);\ncy.logout(); // WORKAROUND, we shouldn't need to logout to see new resources. Potential product bug to investigate.\ncy.login();",
              "err": {},
              "uuid": "536d582a-032f-4405-82d7-06024cf0dbf9",
              "parentUUID": "1e61059c-4070-465c-bffa-29df32e39589",
              "isHook": false,
              "skipped": false
            }
          ],
          "suites": [
            {
              "uuid": "7046c9e0-593d-4dcc-8620-858aaabe09ba",
              "title": "search resources",
              "fullFile": "",
              "file": "",
              "beforeHooks": [],
              "afterHooks": [],
              "tests": [
                {
                  "title": "[P3][Sev3][search] should have expected count of relationships",
                  "fullTitle": "Search: Search in Local Cluster search resources [P3][Sev3][search] should have expected count of relationships",
                  "timedOut": null,
                  "duration": 100528,
                  "state": "passed",
                  "speed": "slow",
                  "pass": true,
                  "fail": false,
                  "pending": false,
                  "context": null,
                  "code": "_search.searchPage.shouldLoadResults();\n_search.searchPage.whenExpandRelationshipTiles();\n_search.searchPage.shouldFindRelationshipTile('cluster', '1');\n_search.searchPage.shouldFindRelationshipTile('deployment', '1');\n_search.searchPage.shouldFindRelationshipTile('pod', '1');",
                  "err": {},
                  "uuid": "a24e4e14-a222-4e9d-ae5d-926f9aa46196",
                  "parentUUID": "7046c9e0-593d-4dcc-8620-858aaabe09ba",
                  "isHook": false,
                  "skipped": false
                },
                {
                  "title": "[P1][Sev1][search] should work kind filter for deployment",
                  "fullTitle": "Search: Search in Local Cluster search resources [P1][Sev1][search] should work kind filter for deployment",
                  "timedOut": null,
                  "duration": 122981,
                  "state": "passed",
                  "speed": "slow",
                  "pass": true,
                  "fail": false,
                  "pending": false,
                  "context": null,
                  "code": "_search.searchBar.whenFilterByKind('deployment');\n_search.searchPage.shouldFindResourceDetailItem('deployment', this.namespace + '-deployment');",
                  "err": {},
                  "uuid": "ec5522fa-ed97-4c52-956d-8af38c1880c1",
                  "parentUUID": "7046c9e0-593d-4dcc-8620-858aaabe09ba",
                  "isHook": false,
                  "skipped": false
                },
                {
                  "title": "[P1][Sev1][search] should work kind filter for pod",
                  "fullTitle": "Search: Search in Local Cluster search resources [P1][Sev1][search] should work kind filter for pod",
                  "timedOut": null,
                  "duration": 119326,
                  "state": "passed",
                  "speed": "slow",
                  "pass": true,
                  "fail": false,
                  "pending": false,
                  "context": null,
                  "code": "_search.searchBar.whenFilterByKind('pod');\n_search.searchPage.shouldFindResourceDetailItem('pod', this.namespace + '-deployment-');",
                  "err": {},
                  "uuid": "05b596ad-9c43-43c3-b342-bd3233e811c9",
                  "parentUUID": "7046c9e0-593d-4dcc-8620-858aaabe09ba",
                  "isHook": false,
                  "skipped": false
                },
                {
                  "title": "[P2][Sev2][search] should see pod logs",
                  "fullTitle": "Search: Search in Local Cluster search resources [P2][Sev2][search] should see pod logs",
                  "timedOut": null,
                  "duration": 117810,
                  "state": "passed",
                  "speed": "slow",
                  "pass": true,
                  "fail": false,
                  "pending": false,
                  "context": null,
                  "code": "_search.searchBar.whenFilterByKind('pod');\n_search.searchPage.whenGoToResourceDetailItemPage('pod', this.namespace + '-deployment-');\n_podDetailPage.podDetailPage.whenClickOnLogsTab(); // podDetailPage.shouldSeeLogs('serving on') // FIXME Jorge - Temporarily disabled to allow merging current progress.",
                  "err": {},
                  "uuid": "aff0bf03-1d5a-4b16-a19d-ad95dcdb78d3",
                  "parentUUID": "7046c9e0-593d-4dcc-8620-858aaabe09ba",
                  "isHook": false,
                  "skipped": false
                },
                {
                  "title": "[P2][Sev2][search] should delete pod",
                  "fullTitle": "Search: Search in Local Cluster search resources [P2][Sev2][search] should delete pod",
                  "timedOut": null,
                  "duration": 129380,
                  "state": "passed",
                  "speed": "slow",
                  "pass": true,
                  "fail": false,
                  "pending": false,
                  "context": null,
                  "code": "_search.searchBar.whenFilterByKind('pod');\n_search.searchPage.whenDeleteResourceDetailItem('pod', this.namespace + '-deployment');\n_search.searchPage.shouldBeResourceDetailItemCreatedFewSecondsAgo('pod', this.namespace + '-deployment');",
                  "err": {},
                  "uuid": "6604534b-2c0c-4378-b62b-9fb8663ac2fa",
                  "parentUUID": "7046c9e0-593d-4dcc-8620-858aaabe09ba",
                  "isHook": false,
                  "skipped": false
                },
                {
                  "title": "[P3][Sev3][search] should scale deployment",
                  "fullTitle": "Search: Search in Local Cluster search resources [P3][Sev3][search] should scale deployment",
                  "timedOut": null,
                  "duration": 131727,
                  "state": "passed",
                  "speed": "slow",
                  "pass": true,
                  "fail": false,
                  "pending": false,
                  "context": null,
                  "code": "_search.searchBar.whenFilterByKind('deployment');\n_search.searchPage.whenGoToResourceDetailItemPage('deployment', this.namespace + '-deployment');\n_deploymentDetailPage.deploymentDetailPage.whenScaleReplicasTo(2);\ncy.waitUsingSLA(); // WORKAROUND to wait for resource to get indexed. Better solution is to retry instead of a hard wait.",
                  "err": {},
                  "uuid": "29b89351-d8ed-41db-8b3a-a53deb894b05",
                  "parentUUID": "7046c9e0-593d-4dcc-8620-858aaabe09ba",
                  "isHook": false,
                  "skipped": false
                },
                {
                  "title": "[P3][Sev3][search] should verify that the deployment scaled",
                  "fullTitle": "Search: Search in Local Cluster search resources [P3][Sev3][search] should verify that the deployment scaled",
                  "timedOut": null,
                  "duration": 123437,
                  "state": "passed",
                  "speed": "slow",
                  "pass": true,
                  "fail": false,
                  "pending": false,
                  "context": null,
                  "code": "_search.searchBar.whenFilterByKind('deployment');\n_search.searchBar.whenFilterByName(this.namespace + '-deployment');\n_search.searchPage.shouldFindRelationshipTile('pod', '2');",
                  "err": {},
                  "uuid": "b3ed896a-5b13-4682-9c46-dbf4f2a1d9c4",
                  "parentUUID": "7046c9e0-593d-4dcc-8620-858aaabe09ba",
                  "isHook": false,
                  "skipped": false
                },
                {
                  "title": "[P2][Sev2][search] should delete deployment",
                  "fullTitle": "Search: Search in Local Cluster search resources [P2][Sev2][search] should delete deployment",
                  "timedOut": null,
                  "duration": 109286,
                  "state": "passed",
                  "speed": "slow",
                  "pass": true,
                  "fail": false,
                  "pending": false,
                  "context": null,
                  "code": "_search.searchBar.whenFilterByKind('deployment');\n_search.searchPage.whenDeleteResourceDetailItem('deployment', this.namespace + '-deployment');",
                  "err": {},
                  "uuid": "8cea5e55-1590-4815-9d40-e5e627db7843",
                  "parentUUID": "7046c9e0-593d-4dcc-8620-858aaabe09ba",
                  "isHook": false,
                  "skipped": false
                },
                {
                  "title": "[P2][Sev2][search] should validate deployment was deleted",
                  "fullTitle": "Search: Search in Local Cluster search resources [P2][Sev2][search] should validate deployment was deleted",
                  "timedOut": null,
                  "duration": 123907,
                  "state": "passed",
                  "speed": "slow",
                  "pass": true,
                  "fail": false,
                  "pending": false,
                  "context": null,
                  "code": "_search.searchBar.whenFilterByKind('deployment', true);\n_search.searchBar.whenFilterByName(this.namespace + '-deployment', true);\n_search.searchPage.shouldFindNoResults();",
                  "err": {},
                  "uuid": "9d1f3b89-c559-4876-8f56-13ac7b8d8b99",
                  "parentUUID": "7046c9e0-593d-4dcc-8620-858aaabe09ba",
                  "isHook": false,
                  "skipped": false
                },
                {
                  "title": "[P2][Sev2][search] should delete namespace",
                  "fullTitle": "Search: Search in Local Cluster search resources [P2][Sev2][search] should delete namespace",
                  "timedOut": null,
                  "duration": 128133,
                  "state": "passed",
                  "speed": "slow",
                  "pass": true,
                  "fail": false,
                  "pending": false,
                  "context": null,
                  "code": "_search.searchPage.whenDeleteNamespace(this.namespace);",
                  "err": {},
                  "uuid": "905ed192-08ed-494b-afa1-330b7a35c8ee",
                  "parentUUID": "7046c9e0-593d-4dcc-8620-858aaabe09ba",
                  "isHook": false,
                  "skipped": false
                },
                {
                  "title": "[P2][Sev2][search] should validate namespace was deleted",
                  "fullTitle": "Search: Search in Local Cluster search resources [P2][Sev2][search] should validate namespace was deleted",
                  "timedOut": null,
                  "duration": 109447,
                  "state": "passed",
                  "speed": "slow",
                  "pass": true,
                  "fail": false,
                  "pending": false,
                  "context": null,
                  "code": "_search.searchPage.shouldFindNoResults();",
                  "err": {},
                  "uuid": "9fce92bd-68c3-48cf-877c-8fe5642bf4ba",
                  "parentUUID": "7046c9e0-593d-4dcc-8620-858aaabe09ba",
                  "isHook": false,
                  "skipped": false
                }
              ],
              "suites": [],
              "passes": [
                "a24e4e14-a222-4e9d-ae5d-926f9aa46196",
                "ec5522fa-ed97-4c52-956d-8af38c1880c1",
                "05b596ad-9c43-43c3-b342-bd3233e811c9",
                "aff0bf03-1d5a-4b16-a19d-ad95dcdb78d3",
                "6604534b-2c0c-4378-b62b-9fb8663ac2fa",
                "29b89351-d8ed-41db-8b3a-a53deb894b05",
                "b3ed896a-5b13-4682-9c46-dbf4f2a1d9c4",
                "8cea5e55-1590-4815-9d40-e5e627db7843",
                "9d1f3b89-c559-4876-8f56-13ac7b8d8b99",
                "905ed192-08ed-494b-afa1-330b7a35c8ee",
                "9fce92bd-68c3-48cf-877c-8fe5642bf4ba"
              ],
              "failures": [],
              "pending": [],
              "skipped": [],
              "duration": 1315962,
              "root": false,
              "rootEmpty": false,
              "_timeout": 2000
            }
          ],
          "passes": [
            "5eb8b1ff-decb-45af-9dff-c263535e0efb",
            "73c8799a-3a10-4ca9-a846-e0d139b263a7",
            "db97affd-0b7b-4f2a-acad-dce689679b55",
            "998b6287-4273-462d-bd10-9cb29e0d8cdf",
            "4944743c-4f68-4972-b4e9-12616922aef1",
            "536d582a-032f-4405-82d7-06024cf0dbf9"
          ],
          "failures": [],
          "pending": [],
          "skipped": [],
          "duration": 196246,
          "root": false,
          "rootEmpty": false,
          "_timeout": 2000
        },
        {
          "uuid": "003fe30b-bba6-4164-940d-f4d528b486e7",
          "title": "Search: Search in Managed Cluster",
          "fullFile": "",
          "file": "",
          "beforeHooks": [],
          "afterHooks": [],
          "tests": [
            {
              "title": "[P1][Sev1][search] should load the search page",
              "fullTitle": "Search: Search in Managed Cluster [P1][Sev1][search] should load the search page",
              "timedOut": null,
              "duration": 11109,
              "state": "passed",
              "speed": "slow",
              "pass": true,
              "fail": false,
              "pending": false,
              "context": null,
              "code": "_search.searchPage.shouldLoad();",
              "err": {},
              "uuid": "4f5d143c-f52d-4c84-ada6-8608a6d79f5c",
              "parentUUID": "003fe30b-bba6-4164-940d-f4d528b486e7",
              "isHook": false,
              "skipped": false
            },
            {
              "title": "[P1][Sev1][search] should not see any cluster and namespace",
              "fullTitle": "Search: Search in Managed Cluster [P1][Sev1][search] should not see any cluster and namespace",
              "timedOut": null,
              "duration": 10808,
              "state": "passed",
              "speed": "slow",
              "pass": true,
              "fail": false,
              "pending": false,
              "context": null,
              "code": "// when\n_search.searchBar.whenFocusSearchBar();\n_search.searchBar.whenFilterByClusterAndNamespace(this.clusterName, this.namespace); // then\n\n_search.searchPage.shouldFindNoResults();",
              "err": {},
              "uuid": "56fc28f4-43a8-4446-a029-9fbbc1e71d79",
              "parentUUID": "003fe30b-bba6-4164-940d-f4d528b486e7",
              "isHook": false,
              "skipped": false
            },
            {
              "title": "[P1][Sev1][search] should create namespace from create resource UI",
              "fullTitle": "Search: Search in Managed Cluster [P1][Sev1][search] should create namespace from create resource UI",
              "timedOut": null,
              "duration": 19588,
              "state": "failed",
              "speed": null,
              "pass": false,
              "fail": true,
              "pending": false,
              "context": null,
              "code": "_resource.resourcePage.whenGoToResourcePage();\n_resource.resourcePage.whenSelectTargetCluster(this.clusterName);\n_resource.resourcePage.whenCreateNamespace(this.namespace);",
              "err": {
                "message": "AssertionError: Timed out retrying after 15000ms: Expected to find element: `.bx--checkbox-wrapper input[name=\"undefined\"]`, but never found it.",
                "estack": "AssertionError: Timed out retrying after 15000ms: Expected to find element: `.bx--checkbox-wrapper input[name=\"undefined\"]`, but never found it.\n    at Object.whenSelectTargetCluster (https://multicloud-console.apps.ocp4-az-3.az.dev06.red-chesterfield.com/__cypress/tests?p=tests/cypress/tests/adminSearch.spec.js:1371:8)\n    at Context.eval (https://multicloud-console.apps.ocp4-az-3.az.dev06.red-chesterfield.com/__cypress/tests?p=tests/cypress/tests/adminSearch.spec.js:1102:30)",
                "diff": null
              },
              "uuid": "46144a02-7a92-494d-b3ba-7fb28a5456b6",
              "parentUUID": "003fe30b-bba6-4164-940d-f4d528b486e7",
              "isHook": false,
              "skipped": false
            },
            {
              "title": "[P1][Sev1][search] should verify that namespace already exist",
              "fullTitle": "Search: Search in Managed Cluster [P1][Sev1][search] should verify that namespace already exist",
              "timedOut": null,
              "duration": 19843,
              "state": "failed",
              "speed": null,
              "pass": false,
              "fail": true,
              "pending": false,
              "context": null,
              "code": "_resource.resourcePage.whenGoToResourcePage();\n_resource.resourcePage.whenSelectTargetCluster(this.clusterName);\n_resource.resourcePage.whenCreateNamespace(this.namespace, true);",
              "err": {
                "message": "AssertionError: Timed out retrying after 15000ms: Expected to find element: `.bx--checkbox-wrapper input[name=\"undefined\"]`, but never found it.",
                "estack": "AssertionError: Timed out retrying after 15000ms: Expected to find element: `.bx--checkbox-wrapper input[name=\"undefined\"]`, but never found it.\n    at Object.whenSelectTargetCluster (https://multicloud-console.apps.ocp4-az-3.az.dev06.red-chesterfield.com/__cypress/tests?p=tests/cypress/tests/adminSearch.spec.js:1371:8)\n    at Context.eval (https://multicloud-console.apps.ocp4-az-3.az.dev06.red-chesterfield.com/__cypress/tests?p=tests/cypress/tests/adminSearch.spec.js:1109:30)",
                "diff": null
              },
              "uuid": "3e84a4cb-0d67-41aa-a3b3-eca456e879b1",
              "parentUUID": "003fe30b-bba6-4164-940d-f4d528b486e7",
              "isHook": false,
              "skipped": false
            },
            {
              "title": "[P1][Sev1][search] should create deployment from create resource UI",
              "fullTitle": "Search: Search in Managed Cluster [P1][Sev1][search] should create deployment from create resource UI",
              "timedOut": null,
              "duration": 19877,
              "state": "failed",
              "speed": null,
              "pass": false,
              "fail": true,
              "pending": false,
              "context": null,
              "code": "_resource.resourcePage.whenGoToResourcePage();\n_resource.resourcePage.whenSelectTargetCluster(this.clusterName);\n_resource.resourcePage.whenCreateDeployment(this.namespace, this.namespace + '-deployment', 'openshift/hello-openshift');",
              "err": {
                "message": "AssertionError: Timed out retrying after 15000ms: Expected to find element: `.bx--checkbox-wrapper input[name=\"undefined\"]`, but never found it.",
                "estack": "AssertionError: Timed out retrying after 15000ms: Expected to find element: `.bx--checkbox-wrapper input[name=\"undefined\"]`, but never found it.\n    at Object.whenSelectTargetCluster (https://multicloud-console.apps.ocp4-az-3.az.dev06.red-chesterfield.com/__cypress/tests?p=tests/cypress/tests/adminSearch.spec.js:1371:8)\n    at Context.eval (https://multicloud-console.apps.ocp4-az-3.az.dev06.red-chesterfield.com/__cypress/tests?p=tests/cypress/tests/adminSearch.spec.js:1116:30)",
                "diff": null
              },
              "uuid": "3036909b-af5c-49dd-8dbb-cef93169d817",
              "parentUUID": "003fe30b-bba6-4164-940d-f4d528b486e7",
              "isHook": false,
              "skipped": false
            },
            {
              "title": "[P1][Sev1][search] should verify that deployment resource exist",
              "fullTitle": "Search: Search in Managed Cluster [P1][Sev1][search] should verify that deployment resource exist",
              "timedOut": null,
              "duration": 30023,
              "state": "failed",
              "speed": null,
              "pass": false,
              "fail": true,
              "pending": false,
              "context": null,
              "code": "cy.waitUsingSLA();\n_resource.resourcePage.whenGoToResourcePage();\n_resource.resourcePage.whenSelectTargetCluster(this.clusterName);\n_resource.resourcePage.whenCreateDeployment(this.namespace, this.namespace + '-deployment', 'openshift/hello-openshift', true);\ncy.logout(); // WORKAROUND, we shouldn't need to logout to see new resources. Potential product bug to investigate.\ncy.login();",
              "err": {
                "message": "AssertionError: Timed out retrying after 15000ms: Expected to find element: `.bx--checkbox-wrapper input[name=\"undefined\"]`, but never found it.",
                "estack": "AssertionError: Timed out retrying after 15000ms: Expected to find element: `.bx--checkbox-wrapper input[name=\"undefined\"]`, but never found it.\n    at Object.whenSelectTargetCluster (https://multicloud-console.apps.ocp4-az-3.az.dev06.red-chesterfield.com/__cypress/tests?p=tests/cypress/tests/adminSearch.spec.js:1371:8)\n    at Context.eval (https://multicloud-console.apps.ocp4-az-3.az.dev06.red-chesterfield.com/__cypress/tests?p=tests/cypress/tests/adminSearch.spec.js:1125:30)",
                "diff": null
              },
              "uuid": "82b94826-f15b-4edc-baba-ce5fc0964f42",
              "parentUUID": "003fe30b-bba6-4164-940d-f4d528b486e7",
              "isHook": false,
              "skipped": false
            }
          ],
          "suites": [
            {
              "uuid": "9fb2c240-d124-40ab-9ce7-8acf85a58e3b",
              "title": "search resources",
              "fullFile": "",
              "file": "",
              "beforeHooks": [],
              "afterHooks": [],
              "tests": [
                {
                  "title": "[P3][Sev3][search] should have expected count of relationships",
                  "fullTitle": "Search: Search in Managed Cluster search resources [P3][Sev3][search] should have expected count of relationships",
                  "timedOut": null,
                  "duration": 16167,
                  "state": "failed",
                  "speed": null,
                  "pass": false,
                  "fail": true,
                  "pending": false,
                  "context": null,
                  "code": "_search.searchPage.shouldLoadResults();\n_search.searchPage.whenExpandRelationshipTiles();\n_search.searchPage.shouldFindRelationshipTile('cluster', '1');\n_search.searchPage.shouldFindRelationshipTile('deployment', '1');\n_search.searchPage.shouldFindRelationshipTile('pod', '1');",
                  "err": {
                    "message": "AssertionError: Timed out retrying after 2000ms: Expected to find element: `.pf-l-gallery`, but never found it.",
                    "estack": "AssertionError: Timed out retrying after 2000ms: Expected to find element: `.pf-l-gallery`, but never found it.\n    at Object.whenExpandRelationshipTiles (https://multicloud-console.apps.ocp4-az-3.az.dev06.red-chesterfield.com/__cypress/tests?p=tests/cypress/tests/adminSearch.spec.js:1494:8)\n    at Context.eval (https://multicloud-console.apps.ocp4-az-3.az.dev06.red-chesterfield.com/__cypress/tests?p=tests/cypress/tests/adminSearch.spec.js:1140:28)",
                    "diff": null
                  },
                  "uuid": "008710db-f072-4634-8528-9b4a2f511cd4",
                  "parentUUID": "9fb2c240-d124-40ab-9ce7-8acf85a58e3b",
                  "isHook": false,
                  "skipped": false
                },
                {
                  "title": "[P1][Sev1][search] should work kind filter for deployment",
                  "fullTitle": "Search: Search in Managed Cluster search resources [P1][Sev1][search] should work kind filter for deployment",
                  "timedOut": null,
                  "duration": 36281,
                  "state": "failed",
                  "speed": null,
                  "pass": false,
                  "fail": true,
                  "pending": false,
                  "context": null,
                  "code": "_search.searchBar.whenFilterByKind('deployment');\n_search.searchPage.shouldFindResourceDetailItem('deployment', this.namespace + '-deployment');",
                  "err": {
                    "message": "AssertionError: Timed out retrying after 15000ms: expected '<li#ReactTags-0.is-disabled>' to have a length above 1 but got 1",
                    "estack": "AssertionError: Timed out retrying after 15000ms: expected '<li#ReactTags-0.is-disabled>' to have a length above 1 but got 1\n    at Object.whenSuggestionsAreAvailable (https://multicloud-console.apps.ocp4-az-3.az.dev06.red-chesterfield.com/__cypress/tests?p=tests/cypress/tests/adminSearch.spec.js:1649:21)\n    at Object.whenEnterTextInSearchBar (https://multicloud-console.apps.ocp4-az-3.az.dev06.red-chesterfield.com/__cypress/tests?p=tests/cypress/tests/adminSearch.spec.js:1670:17)\n    at Object.whenFilterByKind (https://multicloud-console.apps.ocp4-az-3.az.dev06.red-chesterfield.com/__cypress/tests?p=tests/cypress/tests/adminSearch.spec.js:1685:15)\n    at Context.eval (https://multicloud-console.apps.ocp4-az-3.az.dev06.red-chesterfield.com/__cypress/tests?p=tests/cypress/tests/adminSearch.spec.js:1149:27)",
                    "diff": ""
                  },
                  "uuid": "b348fe22-d77b-429c-818d-84acb91bced5",
                  "parentUUID": "9fb2c240-d124-40ab-9ce7-8acf85a58e3b",
                  "isHook": false,
                  "skipped": false
                },
                {
                  "title": "[P1][Sev1][search] should work kind filter for pod",
                  "fullTitle": "Search: Search in Managed Cluster search resources [P1][Sev1][search] should work kind filter for pod",
                  "timedOut": null,
                  "duration": 37686,
                  "state": "failed",
                  "speed": null,
                  "pass": false,
                  "fail": true,
                  "pending": false,
                  "context": null,
                  "code": "_search.searchBar.whenFilterByKind('pod');\n_search.searchPage.shouldFindResourceDetailItem('pod', this.namespace + '-deployment-');",
                  "err": {
                    "message": "AssertionError: Timed out retrying after 15000ms: expected '<li#ReactTags-0.is-disabled>' to have a length above 1 but got 1",
                    "estack": "AssertionError: Timed out retrying after 15000ms: expected '<li#ReactTags-0.is-disabled>' to have a length above 1 but got 1\n    at Object.whenSuggestionsAreAvailable (https://multicloud-console.apps.ocp4-az-3.az.dev06.red-chesterfield.com/__cypress/tests?p=tests/cypress/tests/adminSearch.spec.js:1649:21)\n    at Object.whenEnterTextInSearchBar (https://multicloud-console.apps.ocp4-az-3.az.dev06.red-chesterfield.com/__cypress/tests?p=tests/cypress/tests/adminSearch.spec.js:1670:17)\n    at Object.whenFilterByKind (https://multicloud-console.apps.ocp4-az-3.az.dev06.red-chesterfield.com/__cypress/tests?p=tests/cypress/tests/adminSearch.spec.js:1685:15)\n    at Context.eval (https://multicloud-console.apps.ocp4-az-3.az.dev06.red-chesterfield.com/__cypress/tests?p=tests/cypress/tests/adminSearch.spec.js:1154:27)",
                    "diff": ""
                  },
                  "uuid": "29812e62-3ecc-4745-ab00-3c2b9fd8926b",
                  "parentUUID": "9fb2c240-d124-40ab-9ce7-8acf85a58e3b",
                  "isHook": false,
                  "skipped": false
                },
                {
                  "title": "[P2][Sev2][search] should see pod logs",
                  "fullTitle": "Search: Search in Managed Cluster search resources [P2][Sev2][search] should see pod logs",
                  "timedOut": null,
                  "duration": 40784,
                  "state": "failed",
                  "speed": null,
                  "pass": false,
                  "fail": true,
                  "pending": false,
                  "context": null,
                  "code": "_search.searchBar.whenFilterByKind('pod');\n_search.searchPage.whenGoToResourceDetailItemPage('pod', this.namespace + '-deployment-');\n_podDetailPage.podDetailPage.whenClickOnLogsTab(); // podDetailPage.shouldSeeLogs('serving on') // FIXME Jorge - Temporarily disabled to allow merging current progress.",
                  "err": {
                    "message": "AssertionError: Timed out retrying after 15000ms: expected '<li#ReactTags-0.is-disabled>' to have a length above 1 but got 1",
                    "estack": "AssertionError: Timed out retrying after 15000ms: expected '<li#ReactTags-0.is-disabled>' to have a length above 1 but got 1\n    at Object.whenSuggestionsAreAvailable (https://multicloud-console.apps.ocp4-az-3.az.dev06.red-chesterfield.com/__cypress/tests?p=tests/cypress/tests/adminSearch.spec.js:1649:21)\n    at Object.whenEnterTextInSearchBar (https://multicloud-console.apps.ocp4-az-3.az.dev06.red-chesterfield.com/__cypress/tests?p=tests/cypress/tests/adminSearch.spec.js:1670:17)\n    at Object.whenFilterByKind (https://multicloud-console.apps.ocp4-az-3.az.dev06.red-chesterfield.com/__cypress/tests?p=tests/cypress/tests/adminSearch.spec.js:1685:15)\n    at Context.eval (https://multicloud-console.apps.ocp4-az-3.az.dev06.red-chesterfield.com/__cypress/tests?p=tests/cypress/tests/adminSearch.spec.js:1159:27)",
                    "diff": ""
                  },
                  "uuid": "03d1d3f1-f9cf-454a-99cf-f449cb73111d",
                  "parentUUID": "9fb2c240-d124-40ab-9ce7-8acf85a58e3b",
                  "isHook": false,
                  "skipped": false
                },
                {
                  "title": "[P2][Sev2][search] should delete pod",
                  "fullTitle": "Search: Search in Managed Cluster search resources [P2][Sev2][search] should delete pod",
                  "timedOut": null,
                  "duration": 42704,
                  "state": "failed",
                  "speed": null,
                  "pass": false,
                  "fail": true,
                  "pending": false,
                  "context": null,
                  "code": "_search.searchBar.whenFilterByKind('pod');\n_search.searchPage.whenDeleteResourceDetailItem('pod', this.namespace + '-deployment');\n_search.searchPage.shouldBeResourceDetailItemCreatedFewSecondsAgo('pod', this.namespace + '-deployment');",
                  "err": {
                    "message": "AssertionError: Timed out retrying after 15000ms: expected '<li#ReactTags-0.is-disabled>' to have a length above 1 but got 1",
                    "estack": "AssertionError: Timed out retrying after 15000ms: expected '<li#ReactTags-0.is-disabled>' to have a length above 1 but got 1\n    at Object.whenSuggestionsAreAvailable (https://multicloud-console.apps.ocp4-az-3.az.dev06.red-chesterfield.com/__cypress/tests?p=tests/cypress/tests/adminSearch.spec.js:1649:21)\n    at Object.whenEnterTextInSearchBar (https://multicloud-console.apps.ocp4-az-3.az.dev06.red-chesterfield.com/__cypress/tests?p=tests/cypress/tests/adminSearch.spec.js:1670:17)\n    at Object.whenFilterByKind (https://multicloud-console.apps.ocp4-az-3.az.dev06.red-chesterfield.com/__cypress/tests?p=tests/cypress/tests/adminSearch.spec.js:1685:15)\n    at Context.eval (https://multicloud-console.apps.ocp4-az-3.az.dev06.red-chesterfield.com/__cypress/tests?p=tests/cypress/tests/adminSearch.spec.js:1167:27)",
                    "diff": ""
                  },
                  "uuid": "0eff88ed-e1f7-4e6a-ac52-20803761fb74",
                  "parentUUID": "9fb2c240-d124-40ab-9ce7-8acf85a58e3b",
                  "isHook": false,
                  "skipped": false
                },
                {
                  "title": "[P3][Sev3][search] should scale deployment",
                  "fullTitle": "Search: Search in Managed Cluster search resources [P3][Sev3][search] should scale deployment",
                  "timedOut": null,
                  "duration": 45076,
                  "state": "failed",
                  "speed": null,
                  "pass": false,
                  "fail": true,
                  "pending": false,
                  "context": null,
                  "code": "_search.searchBar.whenFilterByKind('deployment');\n_search.searchPage.whenGoToResourceDetailItemPage('deployment', this.namespace + '-deployment');\n_deploymentDetailPage.deploymentDetailPage.whenScaleReplicasTo(2);\ncy.waitUsingSLA(); // WORKAROUND to wait for resource to get indexed. Better solution is to retry instead of a hard wait.",
                  "err": {
                    "message": "AssertionError: Timed out retrying after 15000ms: expected '<li#ReactTags-0.is-disabled>' to have a length above 1 but got 1",
                    "estack": "AssertionError: Timed out retrying after 15000ms: expected '<li#ReactTags-0.is-disabled>' to have a length above 1 but got 1\n    at Object.whenSuggestionsAreAvailable (https://multicloud-console.apps.ocp4-az-3.az.dev06.red-chesterfield.com/__cypress/tests?p=tests/cypress/tests/adminSearch.spec.js:1649:21)\n    at Object.whenEnterTextInSearchBar (https://multicloud-console.apps.ocp4-az-3.az.dev06.red-chesterfield.com/__cypress/tests?p=tests/cypress/tests/adminSearch.spec.js:1670:17)\n    at Object.whenFilterByKind (https://multicloud-console.apps.ocp4-az-3.az.dev06.red-chesterfield.com/__cypress/tests?p=tests/cypress/tests/adminSearch.spec.js:1685:15)\n    at Context.eval (https://multicloud-console.apps.ocp4-az-3.az.dev06.red-chesterfield.com/__cypress/tests?p=tests/cypress/tests/adminSearch.spec.js:1174:27)",
                    "diff": ""
                  },
                  "uuid": "572bdcbd-08de-4f00-b84b-80207aa0b713",
                  "parentUUID": "9fb2c240-d124-40ab-9ce7-8acf85a58e3b",
                  "isHook": false,
                  "skipped": false
                },
                {
                  "title": "[P3][Sev3][search] should verify that the deployment scaled",
                  "fullTitle": "Search: Search in Managed Cluster search resources [P3][Sev3][search] should verify that the deployment scaled",
                  "timedOut": null,
                  "duration": 45769,
                  "state": "failed",
                  "speed": null,
                  "pass": false,
                  "fail": true,
                  "pending": false,
                  "context": null,
                  "code": "_search.searchBar.whenFilterByKind('deployment');\n_search.searchBar.whenFilterByName(this.namespace + '-deployment');\n_search.searchPage.shouldFindRelationshipTile('pod', '2');",
                  "err": {
                    "message": "AssertionError: Timed out retrying after 15000ms: expected '<li#ReactTags-0.is-disabled>' to have a length above 1 but got 1",
                    "estack": "AssertionError: Timed out retrying after 15000ms: expected '<li#ReactTags-0.is-disabled>' to have a length above 1 but got 1\n    at Object.whenSuggestionsAreAvailable (https://multicloud-console.apps.ocp4-az-3.az.dev06.red-chesterfield.com/__cypress/tests?p=tests/cypress/tests/adminSearch.spec.js:1649:21)\n    at Object.whenEnterTextInSearchBar (https://multicloud-console.apps.ocp4-az-3.az.dev06.red-chesterfield.com/__cypress/tests?p=tests/cypress/tests/adminSearch.spec.js:1670:17)\n    at Object.whenFilterByKind (https://multicloud-console.apps.ocp4-az-3.az.dev06.red-chesterfield.com/__cypress/tests?p=tests/cypress/tests/adminSearch.spec.js:1685:15)\n    at Context.eval (https://multicloud-console.apps.ocp4-az-3.az.dev06.red-chesterfield.com/__cypress/tests?p=tests/cypress/tests/adminSearch.spec.js:1183:27)",
                    "diff": ""
                  },
                  "uuid": "726fd5fa-bfe9-4bb4-afac-8af3d47af93e",
                  "parentUUID": "9fb2c240-d124-40ab-9ce7-8acf85a58e3b",
                  "isHook": false,
                  "skipped": false
                },
                {
                  "title": "[P2][Sev2][search] should delete deployment",
                  "fullTitle": "Search: Search in Managed Cluster search resources [P2][Sev2][search] should delete deployment",
                  "timedOut": null,
                  "duration": 48920,
                  "state": "failed",
                  "speed": null,
                  "pass": false,
                  "fail": true,
                  "pending": false,
                  "context": null,
                  "code": "_search.searchBar.whenFilterByKind('deployment');\n_search.searchPage.whenDeleteResourceDetailItem('deployment', this.namespace + '-deployment');",
                  "err": {
                    "message": "AssertionError: Timed out retrying after 15000ms: expected '<li#ReactTags-0.is-disabled>' to have a length above 1 but got 1",
                    "estack": "AssertionError: Timed out retrying after 15000ms: expected '<li#ReactTags-0.is-disabled>' to have a length above 1 but got 1\n    at Object.whenSuggestionsAreAvailable (https://multicloud-console.apps.ocp4-az-3.az.dev06.red-chesterfield.com/__cypress/tests?p=tests/cypress/tests/adminSearch.spec.js:1649:21)\n    at Object.whenEnterTextInSearchBar (https://multicloud-console.apps.ocp4-az-3.az.dev06.red-chesterfield.com/__cypress/tests?p=tests/cypress/tests/adminSearch.spec.js:1670:17)\n    at Object.whenFilterByKind (https://multicloud-console.apps.ocp4-az-3.az.dev06.red-chesterfield.com/__cypress/tests?p=tests/cypress/tests/adminSearch.spec.js:1685:15)\n    at Context.eval (https://multicloud-console.apps.ocp4-az-3.az.dev06.red-chesterfield.com/__cypress/tests?p=tests/cypress/tests/adminSearch.spec.js:1190:27)",
                    "diff": ""
                  },
                  "uuid": "135206de-4e64-43c6-8b64-5847e1450df6",
                  "parentUUID": "9fb2c240-d124-40ab-9ce7-8acf85a58e3b",
                  "isHook": false,
                  "skipped": false
                },
                {
                  "title": "[P2][Sev2][search] should validate deployment was deleted",
                  "fullTitle": "Search: Search in Managed Cluster search resources [P2][Sev2][search] should validate deployment was deleted",
                  "timedOut": null,
                  "duration": 44430,
                  "state": "passed",
                  "speed": "slow",
                  "pass": true,
                  "fail": false,
                  "pending": false,
                  "context": null,
                  "code": "_search.searchBar.whenFilterByKind('deployment', true);\n_search.searchBar.whenFilterByName(this.namespace + '-deployment', true);\n_search.searchPage.shouldFindNoResults();",
                  "err": {},
                  "uuid": "39a356b2-efba-41ea-8b02-73ee16f81d44",
                  "parentUUID": "9fb2c240-d124-40ab-9ce7-8acf85a58e3b",
                  "isHook": false,
                  "skipped": false
                },
                {
                  "title": "[P2][Sev2][search] should delete namespace",
                  "fullTitle": "Search: Search in Managed Cluster search resources [P2][Sev2][search] should delete namespace",
                  "timedOut": null,
                  "duration": 56750,
                  "state": "passed",
                  "speed": "slow",
                  "pass": true,
                  "fail": false,
                  "pending": false,
                  "context": null,
                  "code": "_search.searchPage.whenDeleteNamespace(this.namespace);",
                  "err": {},
                  "uuid": "435083f8-0d53-4a64-9e22-6fbb2a81e465",
                  "parentUUID": "9fb2c240-d124-40ab-9ce7-8acf85a58e3b",
                  "isHook": false,
                  "skipped": false
                },
                {
                  "title": "[P2][Sev2][search] should validate namespace was deleted",
                  "fullTitle": "Search: Search in Managed Cluster search resources [P2][Sev2][search] should validate namespace was deleted",
                  "timedOut": null,
                  "duration": 22399,
                  "state": "passed",
                  "speed": "slow",
                  "pass": true,
                  "fail": false,
                  "pending": false,
                  "context": null,
                  "code": "_search.searchPage.shouldFindNoResults();",
                  "err": {},
                  "uuid": "acf868c4-4a62-4510-b6f7-c4c78813f226",
                  "parentUUID": "9fb2c240-d124-40ab-9ce7-8acf85a58e3b",
                  "isHook": false,
                  "skipped": false
                }
              ],
              "suites": [],
              "passes": [
                "39a356b2-efba-41ea-8b02-73ee16f81d44",
                "435083f8-0d53-4a64-9e22-6fbb2a81e465",
                "acf868c4-4a62-4510-b6f7-c4c78813f226"
              ],
              "failures": [
                "008710db-f072-4634-8528-9b4a2f511cd4",
                "b348fe22-d77b-429c-818d-84acb91bced5",
                "29812e62-3ecc-4745-ab00-3c2b9fd8926b",
                "03d1d3f1-f9cf-454a-99cf-f449cb73111d",
                "0eff88ed-e1f7-4e6a-ac52-20803761fb74",
                "572bdcbd-08de-4f00-b84b-80207aa0b713",
                "726fd5fa-bfe9-4bb4-afac-8af3d47af93e",
                "135206de-4e64-43c6-8b64-5847e1450df6"
              ],
              "pending": [],
              "skipped": [],
              "duration": 436966,
              "root": false,
              "rootEmpty": false,
              "_timeout": 2000
            }
          ],
          "passes": [
            "4f5d143c-f52d-4c84-ada6-8608a6d79f5c",
            "56fc28f4-43a8-4446-a029-9fbbc1e71d79"
          ],
          "failures": [
            "46144a02-7a92-494d-b3ba-7fb28a5456b6",
            "3e84a4cb-0d67-41aa-a3b3-eca456e879b1",
            "3036909b-af5c-49dd-8dbb-cef93169d817",
            "82b94826-f15b-4edc-baba-ce5fc0964f42"
          ],
          "pending": [],
          "skipped": [],
          "duration": 111248,
          "root": false,
          "rootEmpty": false,
          "_timeout": 2000
        }
      ],
      "passes": [],
      "failures": [],
      "pending": [],
      "skipped": [],
      "duration": 0,
      "root": true,
      "rootEmpty": true,
      "_timeout": 2000
    },
    {
      "uuid": "cff551dd-6247-4951-bb96-e700afae91ef",
      "title": "",
      "fullFile": "tests/cypress/tests/commonSearch.spec.js",
      "file": "testscypress/tests/commonSearch.spec.js",
      "beforeHooks": [],
      "afterHooks": [],
      "tests": [],
      "suites": [
        {
          "uuid": "59179700-91eb-49c2-842f-507608c4ed83",
          "title": "RHACM4K-913: Search - common filter and conditions",
          "fullFile": "",
          "file": "",
          "beforeHooks": [],
          "afterHooks": [],
          "tests": [
            {
              "title": "[P1][Sev1][search] should create namespace and application",
              "fullTitle": "RHACM4K-913: Search - common filter and conditions [P1][Sev1][search] should create namespace and application",
              "timedOut": null,
              "duration": 26264,
              "state": "passed",
              "speed": "slow",
              "pass": true,
              "fail": false,
              "pending": false,
              "context": null,
              "code": "_cliHelper.cliHelper.createNamespace(this.namespace);\n_cliHelper.cliHelper.createApplication(appName, this.namespace);\ncy.wait(2000); // Adding a wait since to ensure that exec command finishes.\ncy.logout(); // WORKAROUND, we shouldn't need to logout to see new resources. Potential product bug to investigate.\ncy.login();",
              "err": {},
              "uuid": "c5682507-89e7-4d71-8ddc-c73f51353a2a",
              "parentUUID": "59179700-91eb-49c2-842f-507608c4ed83",
              "isHook": false,
              "skipped": false
            },
            {
              "title": "[P2][Sev2][search] should find expected application and delete application",
              "fullTitle": "RHACM4K-913: Search - common filter and conditions [P2][Sev2][search] should find expected application and delete application",
              "timedOut": null,
              "duration": 63722,
              "state": "passed",
              "speed": "slow",
              "pass": true,
              "fail": false,
              "pending": false,
              "context": null,
              "code": "_search.searchPage.shouldFindApplicationInNS(appName, this.namespace);\n_search.searchPage.shouldDeleteApplicationInNS(appName, this.namespace);\n_cliHelper.cliHelper.deleteNamespace(this.namespace);",
              "err": {},
              "uuid": "22c1b1c9-3b1d-4cc5-a928-261690dcb612",
              "parentUUID": "59179700-91eb-49c2-842f-507608c4ed83",
              "isHook": false,
              "skipped": false
            }
          ],
          "suites": [],
          "passes": [
            "c5682507-89e7-4d71-8ddc-c73f51353a2a",
            "22c1b1c9-3b1d-4cc5-a928-261690dcb612"
          ],
          "failures": [],
          "pending": [],
          "skipped": [],
          "duration": 89986,
          "root": false,
          "rootEmpty": false,
          "_timeout": 2000
        }
      ],
      "passes": [],
      "failures": [],
      "pending": [],
      "skipped": [],
      "duration": 0,
      "root": true,
      "rootEmpty": true,
      "_timeout": 2000
    },
    {
      "uuid": "70ab07f5-4831-4f4a-9aac-11f224dd0470",
      "title": "",
      "fullFile": "tests/cypress/tests/filters.spec.js",
      "file": "testscypress/tests/filters.spec.js",
      "beforeHooks": [],
      "afterHooks": [],
      "tests": [],
      "suites": [
        {
          "uuid": "62e2ac57-5964-432c-95ed-dc7747e2e5b6",
          "title": "Search: Search using filters",
          "fullFile": "",
          "file": "",
          "beforeHooks": [],
          "afterHooks": [],
          "tests": [],
          "suites": [
            {
              "uuid": "03c5af82-eb87-4b54-9e90-0abb7ed5614d",
              "title": "[P1][Sev1][search] Search using \"name\" filter",
              "fullFile": "",
              "file": "",
              "beforeHooks": [],
              "afterHooks": [],
              "tests": [
                {
                  "title": "should suggest values",
                  "fullTitle": "Search: Search using filters [P1][Sev1][search] Search using \"name\" filter should suggest values",
                  "timedOut": null,
                  "duration": 20525,
                  "state": "passed",
                  "speed": "slow",
                  "pass": true,
                  "fail": false,
                  "pending": false,
                  "context": null,
                  "code": "_search.searchBar.whenEnterTextInSearchBar(filter.type);\n_search.searchBar.shouldSuggestValues();",
                  "err": {},
                  "uuid": "5c4a456b-e10c-44a7-8534-be029f5469f6",
                  "parentUUID": "03c5af82-eb87-4b54-9e90-0abb7ed5614d",
                  "isHook": false,
                  "skipped": false
                },
                {
                  "title": "should filter by next suggestion",
                  "fullTitle": "Search: Search using filters [P1][Sev1][search] Search using \"name\" filter should filter by next suggestion",
                  "timedOut": null,
                  "duration": 57019,
                  "state": "passed",
                  "speed": "slow",
                  "pass": true,
                  "fail": false,
                  "pending": false,
                  "context": null,
                  "code": "_search.searchBar.whenEnterTextInSearchBar(filter.type);\nvalue.add();\nisValidSearchQuery();",
                  "err": {},
                  "uuid": "cff13caf-f749-454e-b891-86557ba71c8c",
                  "parentUUID": "03c5af82-eb87-4b54-9e90-0abb7ed5614d",
                  "isHook": false,
                  "skipped": false
                }
              ],
              "suites": [],
              "passes": [
                "5c4a456b-e10c-44a7-8534-be029f5469f6",
                "cff13caf-f749-454e-b891-86557ba71c8c"
              ],
              "failures": [],
              "pending": [],
              "skipped": [],
              "duration": 77544,
              "root": false,
              "rootEmpty": false,
              "_timeout": 2000
            },
            {
              "uuid": "86396a3d-32e6-4574-9eac-5c2950b2bf69",
              "title": "[P1][Sev1][search] Search using \"label\" filter",
              "fullFile": "",
              "file": "",
              "beforeHooks": [],
              "afterHooks": [],
              "tests": [
                {
                  "title": "should suggest values",
                  "fullTitle": "Search: Search using filters [P1][Sev1][search] Search using \"label\" filter should suggest values",
                  "timedOut": null,
                  "duration": 5182,
                  "state": "passed",
                  "speed": "slow",
                  "pass": true,
                  "fail": false,
                  "pending": false,
                  "context": null,
                  "code": "_search.searchBar.whenEnterTextInSearchBar(filter.type);\n_search.searchBar.shouldSuggestValues();",
                  "err": {},
                  "uuid": "6676dff1-c140-46b0-b49e-62702b7109c6",
                  "parentUUID": "86396a3d-32e6-4574-9eac-5c2950b2bf69",
                  "isHook": false,
                  "skipped": false
                },
                {
                  "title": "should filter by next suggestion",
                  "fullTitle": "Search: Search using filters [P1][Sev1][search] Search using \"label\" filter should filter by next suggestion",
                  "timedOut": null,
                  "duration": 17329,
                  "state": "passed",
                  "speed": "slow",
                  "pass": true,
                  "fail": false,
                  "pending": false,
                  "context": null,
                  "code": "_search.searchBar.whenEnterTextInSearchBar(filter.type);\nvalue.add();\nisValidSearchQuery();",
                  "err": {},
                  "uuid": "d1223550-f252-411c-ad1a-e3ef3238fc91",
                  "parentUUID": "86396a3d-32e6-4574-9eac-5c2950b2bf69",
                  "isHook": false,
                  "skipped": false
                }
              ],
              "suites": [],
              "passes": [
                "6676dff1-c140-46b0-b49e-62702b7109c6",
                "d1223550-f252-411c-ad1a-e3ef3238fc91"
              ],
              "failures": [],
              "pending": [],
              "skipped": [],
              "duration": 22511,
              "root": false,
              "rootEmpty": false,
              "_timeout": 2000
            },
            {
              "uuid": "b9e39d3a-8dac-4b19-be82-1ba894e4736e",
              "title": "[P1][Sev1][search] Search using \"kind\" filter",
              "fullFile": "",
              "file": "",
              "beforeHooks": [],
              "afterHooks": [],
              "tests": [
                {
                  "title": "should suggest values",
                  "fullTitle": "Search: Search using filters [P1][Sev1][search] Search using \"kind\" filter should suggest values",
                  "timedOut": null,
                  "duration": 2887,
                  "state": "passed",
                  "speed": "slow",
                  "pass": true,
                  "fail": false,
                  "pending": false,
                  "context": null,
                  "code": "_search.searchBar.whenEnterTextInSearchBar(filter.type);\n_search.searchBar.shouldSuggestValues();",
                  "err": {},
                  "uuid": "cbf6a23b-6bd8-4214-a042-5d70336586b7",
                  "parentUUID": "b9e39d3a-8dac-4b19-be82-1ba894e4736e",
                  "isHook": false,
                  "skipped": false
                },
                {
                  "title": "should filter by next suggestion",
                  "fullTitle": "Search: Search using filters [P1][Sev1][search] Search using \"kind\" filter should filter by next suggestion",
                  "timedOut": null,
                  "duration": 4256,
                  "state": "passed",
                  "speed": "slow",
                  "pass": true,
                  "fail": false,
                  "pending": false,
                  "context": null,
                  "code": "_search.searchBar.whenEnterTextInSearchBar(filter.type);\nvalue.add();\nisValidSearchQuery();",
                  "err": {},
                  "uuid": "400eef3b-1dd3-4b1f-b9fa-6d64cdceb2f1",
                  "parentUUID": "b9e39d3a-8dac-4b19-be82-1ba894e4736e",
                  "isHook": false,
                  "skipped": false
                },
                {
                  "title": "should filter by multiple values",
                  "fullTitle": "Search: Search using filters [P1][Sev1][search] Search using \"kind\" filter should filter by multiple values",
                  "timedOut": null,
                  "duration": 7937,
                  "state": "passed",
                  "speed": "slow",
                  "pass": true,
                  "fail": false,
                  "pending": false,
                  "context": null,
                  "code": "for (var idx = 1; idx <= numValues; idx++) {\n  _search.searchBar.whenEnterTextInSearchBar(filter.type);\n  _search.searchBar.whenSelectFirstSuggestedValue();\n}\nisValidSearchQuery();",
                  "err": {},
                  "uuid": "4012e254-0e10-46d8-936d-f5faf45a61a4",
                  "parentUUID": "b9e39d3a-8dac-4b19-be82-1ba894e4736e",
                  "isHook": false,
                  "skipped": false
                },
                {
                  "title": "should filter by combination with \"next suggestion\" value and \"name\" filter with \"next suggestion\" value",
                  "fullTitle": "Search: Search using filters [P1][Sev1][search] Search using \"kind\" filter should filter by combination with \"next suggestion\" value and \"name\" filter with \"next suggestion\" value",
                  "timedOut": null,
                  "duration": 6729,
                  "state": "passed",
                  "speed": "slow",
                  "pass": true,
                  "fail": false,
                  "pending": false,
                  "context": null,
                  "code": "_search.searchBar.whenEnterTextInSearchBar(filter.type);\nvalue.add();\n_search.searchBar.whenEnterTextInSearchBar(dependant.type);\ndepValue.add();\nisValidSearchQuery();",
                  "err": {},
                  "uuid": "e91d13b1-f4c1-40c4-8fee-b749a5deb90f",
                  "parentUUID": "b9e39d3a-8dac-4b19-be82-1ba894e4736e",
                  "isHook": false,
                  "skipped": false
                },
                {
                  "title": "should filter by combination with \"next suggestion\" value and \"label\" filter with \"next suggestion\" value",
                  "fullTitle": "Search: Search using filters [P1][Sev1][search] Search using \"kind\" filter should filter by combination with \"next suggestion\" value and \"label\" filter with \"next suggestion\" value",
                  "timedOut": null,
                  "duration": 6854,
                  "state": "passed",
                  "speed": "slow",
                  "pass": true,
                  "fail": false,
                  "pending": false,
                  "context": null,
                  "code": "_search.searchBar.whenEnterTextInSearchBar(filter.type);\nvalue.add();\n_search.searchBar.whenEnterTextInSearchBar(dependant.type);\ndepValue.add();\nisValidSearchQuery();",
                  "err": {},
                  "uuid": "3c8aa742-a0f7-4bdc-b4a1-d65184ec3fc6",
                  "parentUUID": "b9e39d3a-8dac-4b19-be82-1ba894e4736e",
                  "isHook": false,
                  "skipped": false
                }
              ],
              "suites": [],
              "passes": [
                "cbf6a23b-6bd8-4214-a042-5d70336586b7",
                "400eef3b-1dd3-4b1f-b9fa-6d64cdceb2f1",
                "4012e254-0e10-46d8-936d-f5faf45a61a4",
                "e91d13b1-f4c1-40c4-8fee-b749a5deb90f",
                "3c8aa742-a0f7-4bdc-b4a1-d65184ec3fc6"
              ],
              "failures": [],
              "pending": [],
              "skipped": [],
              "duration": 28663,
              "root": false,
              "rootEmpty": false,
              "_timeout": 2000
            },
            {
              "uuid": "70508f7c-804f-4a7a-9051-2b8ec85058af",
              "title": "[P1][Sev1][search] Search using \"role\" filter",
              "fullFile": "",
              "file": "",
              "beforeHooks": [],
              "afterHooks": [],
              "tests": [
                {
                  "title": "should suggest values",
                  "fullTitle": "Search: Search using filters [P1][Sev1][search] Search using \"role\" filter should suggest values",
                  "timedOut": null,
                  "duration": 2804,
                  "state": "passed",
                  "speed": "slow",
                  "pass": true,
                  "fail": false,
                  "pending": false,
                  "context": null,
                  "code": "_search.searchBar.whenEnterTextInSearchBar(filter.type);\n_search.searchBar.shouldSuggestValues();",
                  "err": {},
                  "uuid": "7c2b1f93-3f60-4f70-873b-58fed86948c2",
                  "parentUUID": "70508f7c-804f-4a7a-9051-2b8ec85058af",
                  "isHook": false,
                  "skipped": false
                },
                {
                  "title": "should filter by master",
                  "fullTitle": "Search: Search using filters [P1][Sev1][search] Search using \"role\" filter should filter by master",
                  "timedOut": null,
                  "duration": 4098,
                  "state": "passed",
                  "speed": "slow",
                  "pass": true,
                  "fail": false,
                  "pending": false,
                  "context": null,
                  "code": "_search.searchBar.whenEnterTextInSearchBar(filter.type);\nvalue.add();\nisValidSearchQuery();",
                  "err": {},
                  "uuid": "e5a0d44b-bfda-4484-bca6-9bcc8a973fa7",
                  "parentUUID": "70508f7c-804f-4a7a-9051-2b8ec85058af",
                  "isHook": false,
                  "skipped": false
                },
                {
                  "title": "should filter by worker",
                  "fullTitle": "Search: Search using filters [P1][Sev1][search] Search using \"role\" filter should filter by worker",
                  "timedOut": null,
                  "duration": 4273,
                  "state": "passed",
                  "speed": "slow",
                  "pass": true,
                  "fail": false,
                  "pending": false,
                  "context": null,
                  "code": "_search.searchBar.whenEnterTextInSearchBar(filter.type);\nvalue.add();\nisValidSearchQuery();",
                  "err": {},
                  "uuid": "e5c8d4c4-f3d7-4fa1-a416-d382e24786a9",
                  "parentUUID": "70508f7c-804f-4a7a-9051-2b8ec85058af",
                  "isHook": false,
                  "skipped": false
                },
                {
                  "title": "should filter by multiple values",
                  "fullTitle": "Search: Search using filters [P1][Sev1][search] Search using \"role\" filter should filter by multiple values",
                  "timedOut": null,
                  "duration": 6609,
                  "state": "passed",
                  "speed": "slow",
                  "pass": true,
                  "fail": false,
                  "pending": false,
                  "context": null,
                  "code": "for (var idx = 1; idx <= numValues; idx++) {\n  _search.searchBar.whenEnterTextInSearchBar(filter.type);\n  _search.searchBar.whenSelectFirstSuggestedValue();\n}\nisValidSearchQuery();",
                  "err": {},
                  "uuid": "b9f27d3f-4314-4274-9a74-ff3e76cb22cc",
                  "parentUUID": "70508f7c-804f-4a7a-9051-2b8ec85058af",
                  "isHook": false,
                  "skipped": false
                }
              ],
              "suites": [],
              "passes": [
                "7c2b1f93-3f60-4f70-873b-58fed86948c2",
                "e5a0d44b-bfda-4484-bca6-9bcc8a973fa7",
                "e5c8d4c4-f3d7-4fa1-a416-d382e24786a9",
                "b9f27d3f-4314-4274-9a74-ff3e76cb22cc"
              ],
              "failures": [],
              "pending": [],
              "skipped": [],
              "duration": 17784,
              "root": false,
              "rootEmpty": false,
              "_timeout": 2000
            },
            {
              "uuid": "88ca03a7-a1b2-4cc6-8ba6-ac0421e79f5a",
              "title": "[P1][Sev1][search] Search using \"status\" filter",
              "fullFile": "",
              "file": "",
              "beforeHooks": [],
              "afterHooks": [],
              "tests": [
                {
                  "title": "should suggest values",
                  "fullTitle": "Search: Search using filters [P1][Sev1][search] Search using \"status\" filter should suggest values",
                  "timedOut": null,
                  "duration": 2722,
                  "state": "passed",
                  "speed": "slow",
                  "pass": true,
                  "fail": false,
                  "pending": false,
                  "context": null,
                  "code": "_search.searchBar.whenEnterTextInSearchBar(filter.type);\n_search.searchBar.shouldSuggestValues();",
                  "err": {},
                  "uuid": "ab8825df-5a4f-4508-b1fd-654ebdcf846a",
                  "parentUUID": "88ca03a7-a1b2-4cc6-8ba6-ac0421e79f5a",
                  "isHook": false,
                  "skipped": false
                },
                {
                  "title": "should filter by next suggestion",
                  "fullTitle": "Search: Search using filters [P1][Sev1][search] Search using \"status\" filter should filter by next suggestion",
                  "timedOut": null,
                  "duration": 3447,
                  "state": "passed",
                  "speed": "slow",
                  "pass": true,
                  "fail": false,
                  "pending": false,
                  "context": null,
                  "code": "_search.searchBar.whenEnterTextInSearchBar(filter.type);\nvalue.add();\nisValidSearchQuery();",
                  "err": {},
                  "uuid": "7b874594-b0b5-4bb4-8f8b-86f547a9b06d",
                  "parentUUID": "88ca03a7-a1b2-4cc6-8ba6-ac0421e79f5a",
                  "isHook": false,
                  "skipped": false
                },
                {
                  "title": "should suggest values",
                  "fullTitle": "Search: Search using filters [P1][Sev1][search] Search using \"status\" filter should suggest values",
                  "timedOut": null,
                  "duration": 3029,
                  "state": "passed",
                  "speed": "slow",
                  "pass": true,
                  "fail": false,
                  "pending": false,
                  "context": null,
                  "code": "_search.searchBar.whenEnterTextInSearchBar(filter.type);\n_search.searchBar.shouldSuggestValues();",
                  "err": {},
                  "uuid": "07ada41f-6a12-4582-9df7-21d62effb8a1",
                  "parentUUID": "88ca03a7-a1b2-4cc6-8ba6-ac0421e79f5a",
                  "isHook": false,
                  "skipped": false
                },
                {
                  "title": "should filter by next suggestion",
                  "fullTitle": "Search: Search using filters [P1][Sev1][search] Search using \"status\" filter should filter by next suggestion",
                  "timedOut": null,
                  "duration": 3318,
                  "state": "passed",
                  "speed": "slow",
                  "pass": true,
                  "fail": false,
                  "pending": false,
                  "context": null,
                  "code": "_search.searchBar.whenEnterTextInSearchBar(filter.type);\nvalue.add();\nisValidSearchQuery();",
                  "err": {},
                  "uuid": "6642f814-39e4-46b7-97a3-2314275fce70",
                  "parentUUID": "88ca03a7-a1b2-4cc6-8ba6-ac0421e79f5a",
                  "isHook": false,
                  "skipped": false
                },
                {
                  "title": "should filter by multiple values",
                  "fullTitle": "Search: Search using filters [P1][Sev1][search] Search using \"status\" filter should filter by multiple values",
                  "timedOut": null,
                  "duration": 6806,
                  "state": "passed",
                  "speed": "slow",
                  "pass": true,
                  "fail": false,
                  "pending": false,
                  "context": null,
                  "code": "for (var idx = 1; idx <= numValues; idx++) {\n  _search.searchBar.whenEnterTextInSearchBar(filter.type);\n  _search.searchBar.whenSelectFirstSuggestedValue();\n}\nisValidSearchQuery();",
                  "err": {},
                  "uuid": "6d26789e-8957-4657-a454-eb90a1ac5dc6",
                  "parentUUID": "88ca03a7-a1b2-4cc6-8ba6-ac0421e79f5a",
                  "isHook": false,
                  "skipped": false
                }
              ],
              "suites": [],
              "passes": [
                "ab8825df-5a4f-4508-b1fd-654ebdcf846a",
                "7b874594-b0b5-4bb4-8f8b-86f547a9b06d",
                "07ada41f-6a12-4582-9df7-21d62effb8a1",
                "6642f814-39e4-46b7-97a3-2314275fce70",
                "6d26789e-8957-4657-a454-eb90a1ac5dc6"
              ],
              "failures": [],
              "pending": [],
              "skipped": [],
              "duration": 19322,
              "root": false,
              "rootEmpty": false,
              "_timeout": 2000
            }
          ],
          "passes": [],
          "failures": [],
          "pending": [],
          "skipped": [],
          "duration": 0,
          "root": false,
          "rootEmpty": false,
          "_timeout": 2000
        }
      ],
      "passes": [],
      "failures": [],
      "pending": [],
      "skipped": [],
      "duration": 0,
      "root": true,
      "rootEmpty": true,
      "_timeout": 2000
    },
    {
      "uuid": "de918537-058c-4e2e-81b2-d5b045a2cc3e",
      "title": "",
      "fullFile": "tests/cypress/tests/linkPage.spec.js",
      "file": "testscypress/tests/linkPage.spec.js",
      "beforeHooks": [],
      "afterHooks": [],
      "tests": [],
      "suites": [
        {
          "uuid": "f0d099b0-567b-4b12-a087-28fe20783359",
          "title": "Search: Linked page",
          "fullFile": "",
          "file": "",
          "beforeHooks": [],
          "afterHooks": [],
          "tests": [
            {
              "title": "[P2][Sev2][search] clusters page should have link to search page",
              "fullTitle": "Search: Linked page [P2][Sev2][search] clusters page should have link to search page",
              "timedOut": null,
              "duration": 12959,
              "state": "passed",
              "speed": "slow",
              "pass": true,
              "fail": false,
              "pending": false,
              "context": null,
              "code": "_clusters.clustersPage.shouldHaveLinkToSearchPage();",
              "err": {},
              "uuid": "66b71772-f6f2-4aa2-9b7e-8a9a82dd1c5c",
              "parentUUID": "f0d099b0-567b-4b12-a087-28fe20783359",
              "isHook": false,
              "skipped": false
            }
          ],
          "suites": [],
          "passes": [
            "66b71772-f6f2-4aa2-9b7e-8a9a82dd1c5c"
          ],
          "failures": [],
          "pending": [],
          "skipped": [],
          "duration": 12959,
          "root": false,
          "rootEmpty": false,
          "_timeout": 2000
        }
      ],
      "passes": [],
      "failures": [],
      "pending": [],
      "skipped": [],
      "duration": 0,
      "root": true,
      "rootEmpty": true,
      "_timeout": 2000
    },
    {
      "uuid": "319bcdbc-82ec-435f-afc8-4030db1de085",
      "title": "",
      "fullFile": "tests/cypress/tests/overviewPage.spec.js",
      "file": "testscypress/tests/overviewPage.spec.js",
      "beforeHooks": [],
      "afterHooks": [],
      "tests": [],
      "suites": [
        {
          "uuid": "e3aaf724-5544-4e36-91d1-edb1e7b105dc",
          "title": "Search: Overview page",
          "fullFile": "",
          "file": "",
          "beforeHooks": [],
          "afterHooks": [],
          "tests": [
            {
              "title": "[P1][Sev1][search] should load the overview page",
              "fullTitle": "Search: Overview page [P1][Sev1][search] should load the overview page",
              "timedOut": null,
              "duration": 9720,
              "state": "passed",
              "speed": "slow",
              "pass": true,
              "fail": false,
              "pending": false,
              "context": null,
              "code": "_overview.overviewPage.shouldLoad();",
              "err": {},
              "uuid": "8c9e1bb3-4a9c-4ac6-9d35-2758cbdf5459",
              "parentUUID": "e3aaf724-5544-4e36-91d1-edb1e7b105dc",
              "isHook": false,
              "skipped": false
            },
            {
              "title": "[P2][Sev2][search] should have link to search page",
              "fullTitle": "Search: Overview page [P2][Sev2][search] should have link to search page",
              "timedOut": null,
              "duration": 5231,
              "state": "passed",
              "speed": "slow",
              "pass": true,
              "fail": false,
              "pending": false,
              "context": null,
              "code": "_overview.overviewPage.shouldHaveLinkToSearchPage();",
              "err": {},
              "uuid": "dc8bb062-cbd2-44e6-b8f2-13b3afe94aca",
              "parentUUID": "e3aaf724-5544-4e36-91d1-edb1e7b105dc",
              "isHook": false,
              "skipped": false
            },
            {
              "title": "[P2][Sev2][search] add cloud connection action works",
              "fullTitle": "Search: Overview page [P2][Sev2][search] add cloud connection action works",
              "timedOut": null,
              "duration": 6218,
              "state": "passed",
              "speed": "slow",
              "pass": true,
              "fail": false,
              "pending": false,
              "context": null,
              "code": "_overview.overviewPage.whenAddProviderConnectionAction();\n_overview.overviewPage.shouldLoadProviderConnectionPage(); // Going back since the cluster page uses a different DOM element id for the logout\n\ncy.go('back');",
              "err": {},
              "uuid": "23793f18-add2-406e-8703-eb4b80b07f56",
              "parentUUID": "e3aaf724-5544-4e36-91d1-edb1e7b105dc",
              "isHook": false,
              "skipped": false
            }
          ],
          "suites": [],
          "passes": [
            "8c9e1bb3-4a9c-4ac6-9d35-2758cbdf5459",
            "dc8bb062-cbd2-44e6-b8f2-13b3afe94aca",
            "23793f18-add2-406e-8703-eb4b80b07f56"
          ],
          "failures": [],
          "pending": [],
          "skipped": [],
          "duration": 21169,
          "root": false,
          "rootEmpty": false,
          "_timeout": 2000
        }
      ],
      "passes": [],
      "failures": [],
      "pending": [],
      "skipped": [],
      "duration": 0,
      "root": true,
      "rootEmpty": true,
      "_timeout": 2000
    },
    {
      "uuid": "1e93f1a3-d8a8-4cf8-9104-bea06c246b38",
      "title": "",
      "fullFile": "tests/cypress/tests/savedSearches.spec.js",
      "file": "testscypress/tests/savedSearches.spec.js",
      "beforeHooks": [],
      "afterHooks": [],
      "tests": [],
      "suites": [
        {
          "uuid": "fc0038dc-c8b2-4017-bcea-87719084f71c",
          "title": "RHACM4K-412 - Search: Saved searches",
          "fullFile": "",
          "file": "",
          "beforeHooks": [],
          "afterHooks": [],
          "tests": [
            {
              "title": "[P2][Sev2][search] should find each managed cluster has default namespace",
              "fullTitle": "RHACM4K-412 - Search: Saved searches [P2][Sev2][search] should find each managed cluster has default namespace",
              "timedOut": null,
              "duration": 34220,
              "state": "passed",
              "speed": "slow",
              "pass": true,
              "fail": false,
              "pending": false,
              "context": null,
              "code": "_savedSearches.savedSearches.validateClusterNamespace({\n  'namespace': 'default'\n}, '');",
              "err": {},
              "uuid": "021c9db8-1836-45b7-982b-c0a5e33a0bff",
              "parentUUID": "fc0038dc-c8b2-4017-bcea-87719084f71c",
              "isHook": false,
              "skipped": false
            },
            {
              "title": "[P2][Sev2][search] should find open-cluster-management-agent namespace exists",
              "fullTitle": "RHACM4K-412 - Search: Saved searches [P2][Sev2][search] should find open-cluster-management-agent namespace exists",
              "timedOut": null,
              "duration": 31445,
              "state": "passed",
              "speed": "slow",
              "pass": true,
              "fail": false,
              "pending": false,
              "context": null,
              "code": "_savedSearches.savedSearches.validateClusterNamespace({\n  'kind': 'namespace',\n  'name': 'open-cluster-management-agent'\n}, 'has_local-cluster');",
              "err": {},
              "uuid": "2b76bfa3-a947-4fc0-8e23-2055f50d037f",
              "parentUUID": "fc0038dc-c8b2-4017-bcea-87719084f71c",
              "isHook": false,
              "skipped": false
            },
            {
              "title": "[P2][Sev2][search] should be able to save current search",
              "fullTitle": "RHACM4K-412 - Search: Saved searches [P2][Sev2][search] should be able to save current search",
              "timedOut": null,
              "duration": 42453,
              "state": "passed",
              "speed": "slow",
              "pass": true,
              "fail": false,
              "pending": false,
              "context": null,
              "code": "_savedSearches.savedSearches.saveClusterNamespaceSearch({\n  'namespace': 'default'\n}, queryDefaultNamespaceName, queryDefaultNamespaceDesc);\n_savedSearches.savedSearches.saveClusterNamespaceSearch({\n  'kind': 'namespace',\n  'name': 'open-cluster-management-agent'\n}, queryOcmaNamespaceName, queryOcmaNamespaceDesc);",
              "err": {},
              "uuid": "75d5c6b4-7e44-427e-9e96-8a32ffc2f73d",
              "parentUUID": "fc0038dc-c8b2-4017-bcea-87719084f71c",
              "isHook": false,
              "skipped": false
            },
            {
              "title": "[P2][Sev2][search] should be able to find the saved searches",
              "fullTitle": "RHACM4K-412 - Search: Saved searches [P2][Sev2][search] should be able to find the saved searches",
              "timedOut": null,
              "duration": 9259,
              "state": "passed",
              "speed": "slow",
              "pass": true,
              "fail": false,
              "pending": false,
              "context": null,
              "code": "_savedSearches.savedSearches.getSavedSearch(queryDefaultNamespaceName);\n_savedSearches.savedSearches.getSavedSearch(queryOcmaNamespaceName);",
              "err": {},
              "uuid": "6e4d4ff2-39a8-4401-add0-dfb280be8431",
              "parentUUID": "fc0038dc-c8b2-4017-bcea-87719084f71c",
              "isHook": false,
              "skipped": false
            },
            {
              "title": "[P2][Sev2][search] should be able to edit the saved searches",
              "fullTitle": "RHACM4K-412 - Search: Saved searches [P2][Sev2][search] should be able to edit the saved searches",
              "timedOut": null,
              "duration": 6692,
              "state": "passed",
              "speed": "slow",
              "pass": true,
              "fail": false,
              "pending": false,
              "context": null,
              "code": "_savedSearches.savedSearches.editSavedSearch(queryDefaultNamespaceName, queryOCMaEditedName, queryOcmaEditedDesc);",
              "err": {},
              "uuid": "7d8c1f40-b532-414b-89f6-d8408caf1594",
              "parentUUID": "fc0038dc-c8b2-4017-bcea-87719084f71c",
              "isHook": false,
              "skipped": false
            },
            {
              "title": "[P2][Sev2][search] should be able to find the saved searches",
              "fullTitle": "RHACM4K-412 - Search: Saved searches [P2][Sev2][search] should be able to find the saved searches",
              "timedOut": null,
              "duration": 5002,
              "state": "passed",
              "speed": "slow",
              "pass": true,
              "fail": false,
              "pending": false,
              "context": null,
              "code": "_savedSearches.savedSearches.getSavedSearch(queryOCMaEditedName);\n_savedSearches.savedSearches.getSavedSearch(queryOcmaNamespaceName);",
              "err": {},
              "uuid": "f96c80ba-7044-41a4-89bc-db7f74585038",
              "parentUUID": "fc0038dc-c8b2-4017-bcea-87719084f71c",
              "isHook": false,
              "skipped": false
            },
            {
              "title": "[P2][Sev2][search] should be able to revert back the edited saved searches",
              "fullTitle": "RHACM4K-412 - Search: Saved searches [P2][Sev2][search] should be able to revert back the edited saved searches",
              "timedOut": null,
              "duration": 6912,
              "state": "passed",
              "speed": "slow",
              "pass": true,
              "fail": false,
              "pending": false,
              "context": null,
              "code": "_savedSearches.savedSearches.editSavedSearch(queryOCMaEditedName, queryDefaultNamespaceName, queryDefaultNamespaceDesc);",
              "err": {},
              "uuid": "8775a206-e9ff-41d3-9c5e-364eda78ddf2",
              "parentUUID": "fc0038dc-c8b2-4017-bcea-87719084f71c",
              "isHook": false,
              "skipped": false
            },
            {
              "title": "[P2][Sev2][search] should be able to share the saved searches",
              "fullTitle": "RHACM4K-412 - Search: Saved searches [P2][Sev2][search] should be able to share the saved searches",
              "timedOut": null,
              "duration": 2016,
              "state": "passed",
              "speed": "slow",
              "pass": true,
              "fail": false,
              "pending": false,
              "context": null,
              "code": "_savedSearches.savedSearches.shareSavedSearch(queryDefaultNamespaceName);",
              "err": {},
              "uuid": "f45e715e-9b15-4c2b-9795-feee8532b7cb",
              "parentUUID": "fc0038dc-c8b2-4017-bcea-87719084f71c",
              "isHook": false,
              "skipped": false
            }
          ],
          "suites": [],
          "passes": [
            "021c9db8-1836-45b7-982b-c0a5e33a0bff",
            "2b76bfa3-a947-4fc0-8e23-2055f50d037f",
            "75d5c6b4-7e44-427e-9e96-8a32ffc2f73d",
            "6e4d4ff2-39a8-4401-add0-dfb280be8431",
            "7d8c1f40-b532-414b-89f6-d8408caf1594",
            "f96c80ba-7044-41a4-89bc-db7f74585038",
            "8775a206-e9ff-41d3-9c5e-364eda78ddf2",
            "f45e715e-9b15-4c2b-9795-feee8532b7cb"
          ],
          "failures": [],
          "pending": [],
          "skipped": [],
          "duration": 137999,
          "root": false,
          "rootEmpty": false,
          "_timeout": 2000
        }
      ],
      "passes": [],
      "failures": [],
      "pending": [],
      "skipped": [],
      "duration": 0,
      "root": true,
      "rootEmpty": true,
      "_timeout": 2000
    },
    {
      "uuid": "80ca6634-5a5b-4091-ada9-162a299bf824",
      "title": "",
      "fullFile": "tests/cypress/tests/suggestedSearches.spec.js",
      "file": "testscypress/tests/suggestedSearches.spec.js",
      "beforeHooks": [],
      "afterHooks": [],
      "tests": [],
      "suites": [
        {
          "uuid": "f3eca576-5a89-426b-b0c0-eb478c73e535",
          "title": "Search: Verify the suggested search templates",
          "fullFile": "",
          "file": "",
          "beforeHooks": [],
          "afterHooks": [],
          "tests": [
            {
              "title": "[P3][Sev3][search] should see the workloads template & search tag in search items",
              "fullTitle": "Search: Verify the suggested search templates [P3][Sev3][search] should see the workloads template & search tag in search items",
              "timedOut": null,
              "duration": 9148,
              "state": "passed",
              "speed": "slow",
              "pass": true,
              "fail": false,
              "pending": false,
              "context": null,
              "code": "_suggestedSearches.savedSearches.whenSelectCardWithTitle('Workloads');\n_suggestedSearches.searchBar.shouldContainTag('kind:daemonset,deployment,job,statefulset,replicaset');",
              "err": {},
              "uuid": "a59df741-8140-4165-bd45-100f6cd49b8d",
              "parentUUID": "f3eca576-5a89-426b-b0c0-eb478c73e535",
              "isHook": false,
              "skipped": false
            },
            {
              "title": "[P3][Sev3][search] should see the unhealthy pods template & search tag in search items",
              "fullTitle": "Search: Verify the suggested search templates [P3][Sev3][search] should see the unhealthy pods template & search tag in search items",
              "timedOut": null,
              "duration": 5195,
              "state": "passed",
              "speed": "slow",
              "pass": true,
              "fail": false,
              "pending": false,
              "context": null,
              "code": "_suggestedSearches.savedSearches.whenSelectCardWithTitle('Unhealthy pods');\n_suggestedSearches.searchBar.shouldContainTag('kind:pod');\n_suggestedSearches.searchBar.shouldContainTag('status:Pending,Error,Failed,Terminating,ImagePullBackOff,CrashLoopBackOff,RunContainerError,ContainerCreating');",
              "err": {},
              "uuid": "feb87ed4-31f5-4c2c-aefd-cb2ac1c1f619",
              "parentUUID": "f3eca576-5a89-426b-b0c0-eb478c73e535",
              "isHook": false,
              "skipped": false
            },
            {
              "title": "[P3][Sev3][search] should see the created last hour template & search tag in search items",
              "fullTitle": "Search: Verify the suggested search templates [P3][Sev3][search] should see the created last hour template & search tag in search items",
              "timedOut": null,
              "duration": 1543,
              "state": "passed",
              "speed": "slow",
              "pass": true,
              "fail": false,
              "pending": false,
              "context": null,
              "code": "_suggestedSearches.savedSearches.whenSelectCardWithTitle('Created last hour');\n_suggestedSearches.searchBar.shouldContainTag('created:hour');",
              "err": {},
              "uuid": "9d294e5c-5434-44a2-a9db-78d9f0a19bce",
              "parentUUID": "f3eca576-5a89-426b-b0c0-eb478c73e535",
              "isHook": false,
              "skipped": false
            }
          ],
          "suites": [],
          "passes": [
            "a59df741-8140-4165-bd45-100f6cd49b8d",
            "feb87ed4-31f5-4c2c-aefd-cb2ac1c1f619",
            "9d294e5c-5434-44a2-a9db-78d9f0a19bce"
          ],
          "failures": [],
          "pending": [],
          "skipped": [],
          "duration": 15886,
          "root": false,
          "rootEmpty": false,
          "_timeout": 2000
        }
      ],
      "passes": [],
      "failures": [],
      "pending": [],
      "skipped": [],
      "duration": 0,
      "root": true,
      "rootEmpty": true,
      "_timeout": 2000
    }
  ],
  "meta": {
    "mocha": {
      "version": "7.0.1"
    },
    "mochawesome": {
      "options": {
        "quiet": false,
        "reportFilename": "mochawesome-report.json",
        "saveHtml": false,
        "saveJson": true,
        "consoleReporter": "spec",
        "useInlineDiffs": false,
        "code": true
      },
      "version": "6.1.1"
    },
    "marge": {
      "options": {
        "id": "default",
        "reportDir": "results/json",
        "reportFilename": "mochawesome-report.json",
        "overwrite": false,
        "html": false,
        "json": true
      },
      "version": "5.1.0"
    }
  }
}