{
  "stats": {
    "suites": 4,
    "tests": 34,
    "passes": 22,
    "pending": 0,
    "failures": 12,
    "start": "2021-04-22T13:55:56.896Z",
    "end": "2021-04-22T14:44:23.834Z",
    "duration": 2906938,
    "testsRegistered": 34,
    "passPercent": 64.70588235294117,
    "pendingPercent": 0,
    "other": 0,
    "hasOther": false,
    "skipped": 0,
    "hasSkipped": false
  },
  "results": [
    {
      "uuid": "6ac5f2bd-c120-4095-bbea-72903fff167a",
      "title": "",
      "fullFile": "tests/cypress/tests/adminSearch.spec.js",
      "file": "testscypress/tests/adminSearch.spec.js",
      "beforeHooks": [],
      "afterHooks": [],
      "tests": [],
      "suites": [
        {
          "uuid": "1e61059c-4070-465c-bffa-29df32e39589",
          "title": "Search: Search in Local Cluster",
          "fullFile": "",
          "file": "",
          "beforeHooks": [],
          "afterHooks": [],
          "tests": [
            {
              "title": "[P1][Sev1][search] should load the search page",
              "fullTitle": "Search: Search in Local Cluster [P1][Sev1][search] should load the search page",
              "timedOut": null,
              "duration": 12496,
              "state": "passed",
              "speed": "slow",
              "pass": true,
              "fail": false,
              "pending": false,
              "context": null,
              "code": "_search.searchPage.shouldLoad();",
              "err": {},
              "uuid": "5eb8b1ff-decb-45af-9dff-c263535e0efb",
              "parentUUID": "1e61059c-4070-465c-bffa-29df32e39589",
              "isHook": false,
              "skipped": false
            },
            {
              "title": "[P1][Sev1][search] should not see any cluster and namespace",
              "fullTitle": "Search: Search in Local Cluster [P1][Sev1][search] should not see any cluster and namespace",
              "timedOut": null,
              "duration": 102595,
              "state": "passed",
              "speed": "slow",
              "pass": true,
              "fail": false,
              "pending": false,
              "context": null,
              "code": "// when\n_search.searchBar.whenFocusSearchBar();\n_search.searchBar.whenFilterByClusterAndNamespace(this.clusterName, this.namespace); // then\n\n_search.searchPage.shouldFindNoResults();",
              "err": {},
              "uuid": "73c8799a-3a10-4ca9-a846-e0d139b263a7",
              "parentUUID": "1e61059c-4070-465c-bffa-29df32e39589",
              "isHook": false,
              "skipped": false
            },
            {
              "title": "[P1][Sev1][search] should create namespace from create resource UI",
              "fullTitle": "Search: Search in Local Cluster [P1][Sev1][search] should create namespace from create resource UI",
              "timedOut": null,
              "duration": 11441,
              "state": "passed",
              "speed": "slow",
              "pass": true,
              "fail": false,
              "pending": false,
              "context": null,
              "code": "_resource.resourcePage.whenGoToResourcePage();\n_resource.resourcePage.whenSelectTargetCluster(this.clusterName);\n_resource.resourcePage.whenCreateNamespace(this.namespace);",
              "err": {},
              "uuid": "db97affd-0b7b-4f2a-acad-dce689679b55",
              "parentUUID": "1e61059c-4070-465c-bffa-29df32e39589",
              "isHook": false,
              "skipped": false
            },
            {
              "title": "[P1][Sev1][search] should verify that namespace already exist",
              "fullTitle": "Search: Search in Local Cluster [P1][Sev1][search] should verify that namespace already exist",
              "timedOut": null,
              "duration": 9008,
              "state": "passed",
              "speed": "slow",
              "pass": true,
              "fail": false,
              "pending": false,
              "context": null,
              "code": "_resource.resourcePage.whenGoToResourcePage();\n_resource.resourcePage.whenSelectTargetCluster(this.clusterName);\n_resource.resourcePage.whenCreateNamespace(this.namespace, true);",
              "err": {},
              "uuid": "998b6287-4273-462d-bd10-9cb29e0d8cdf",
              "parentUUID": "1e61059c-4070-465c-bffa-29df32e39589",
              "isHook": false,
              "skipped": false
            },
            {
              "title": "[P1][Sev1][search] should create deployment from create resource UI",
              "fullTitle": "Search: Search in Local Cluster [P1][Sev1][search] should create deployment from create resource UI",
              "timedOut": null,
              "duration": 22000,
              "state": "passed",
              "speed": "slow",
              "pass": true,
              "fail": false,
              "pending": false,
              "context": null,
              "code": "_resource.resourcePage.whenGoToResourcePage();\n_resource.resourcePage.whenSelectTargetCluster(this.clusterName);\n_resource.resourcePage.whenCreateDeployment(this.namespace, this.namespace + '-deployment', 'openshift/hello-openshift');",
              "err": {},
              "uuid": "4944743c-4f68-4972-b4e9-12616922aef1",
              "parentUUID": "1e61059c-4070-465c-bffa-29df32e39589",
              "isHook": false,
              "skipped": false
            },
            {
              "title": "[P1][Sev1][search] should verify that deployment resource exist",
              "fullTitle": "Search: Search in Local Cluster [P1][Sev1][search] should verify that deployment resource exist",
              "timedOut": null,
              "duration": 38706,
              "state": "passed",
              "speed": "slow",
              "pass": true,
              "fail": false,
              "pending": false,
              "context": null,
              "code": "cy.waitUsingSLA();\n_resource.resourcePage.whenGoToResourcePage();\n_resource.resourcePage.whenSelectTargetCluster(this.clusterName);\n_resource.resourcePage.whenCreateDeployment(this.namespace, this.namespace + '-deployment', 'openshift/hello-openshift', true);\ncy.logout(); // WORKAROUND, we shouldn't need to logout to see new resources. Potential product bug to investigate.\ncy.login();",
              "err": {},
              "uuid": "536d582a-032f-4405-82d7-06024cf0dbf9",
              "parentUUID": "1e61059c-4070-465c-bffa-29df32e39589",
              "isHook": false,
              "skipped": false
            }
          ],
          "suites": [
            {
              "uuid": "7046c9e0-593d-4dcc-8620-858aaabe09ba",
              "title": "search resources",
              "fullFile": "",
              "file": "",
              "beforeHooks": [],
              "afterHooks": [],
              "tests": [
                {
                  "title": "[P3][Sev3][search] should have expected count of relationships",
                  "fullTitle": "Search: Search in Local Cluster search resources [P3][Sev3][search] should have expected count of relationships",
                  "timedOut": null,
                  "duration": 100528,
                  "state": "passed",
                  "speed": "slow",
                  "pass": true,
                  "fail": false,
                  "pending": false,
                  "context": null,
                  "code": "_search.searchPage.shouldLoadResults();\n_search.searchPage.whenExpandRelationshipTiles();\n_search.searchPage.shouldFindRelationshipTile('cluster', '1');\n_search.searchPage.shouldFindRelationshipTile('deployment', '1');\n_search.searchPage.shouldFindRelationshipTile('pod', '1');",
                  "err": {},
                  "uuid": "a24e4e14-a222-4e9d-ae5d-926f9aa46196",
                  "parentUUID": "7046c9e0-593d-4dcc-8620-858aaabe09ba",
                  "isHook": false,
                  "skipped": false
                },
                {
                  "title": "[P1][Sev1][search] should work kind filter for deployment",
                  "fullTitle": "Search: Search in Local Cluster search resources [P1][Sev1][search] should work kind filter for deployment",
                  "timedOut": null,
                  "duration": 122981,
                  "state": "passed",
                  "speed": "slow",
                  "pass": true,
                  "fail": false,
                  "pending": false,
                  "context": null,
                  "code": "_search.searchBar.whenFilterByKind('deployment');\n_search.searchPage.shouldFindResourceDetailItem('deployment', this.namespace + '-deployment');",
                  "err": {},
                  "uuid": "ec5522fa-ed97-4c52-956d-8af38c1880c1",
                  "parentUUID": "7046c9e0-593d-4dcc-8620-858aaabe09ba",
                  "isHook": false,
                  "skipped": false
                },
                {
                  "title": "[P1][Sev1][search] should work kind filter for pod",
                  "fullTitle": "Search: Search in Local Cluster search resources [P1][Sev1][search] should work kind filter for pod",
                  "timedOut": null,
                  "duration": 119326,
                  "state": "passed",
                  "speed": "slow",
                  "pass": true,
                  "fail": false,
                  "pending": false,
                  "context": null,
                  "code": "_search.searchBar.whenFilterByKind('pod');\n_search.searchPage.shouldFindResourceDetailItem('pod', this.namespace + '-deployment-');",
                  "err": {},
                  "uuid": "05b596ad-9c43-43c3-b342-bd3233e811c9",
                  "parentUUID": "7046c9e0-593d-4dcc-8620-858aaabe09ba",
                  "isHook": false,
                  "skipped": false
                },
                {
                  "title": "[P2][Sev2][search] should see pod logs",
                  "fullTitle": "Search: Search in Local Cluster search resources [P2][Sev2][search] should see pod logs",
                  "timedOut": null,
                  "duration": 117810,
                  "state": "passed",
                  "speed": "slow",
                  "pass": true,
                  "fail": false,
                  "pending": false,
                  "context": null,
                  "code": "_search.searchBar.whenFilterByKind('pod');\n_search.searchPage.whenGoToResourceDetailItemPage('pod', this.namespace + '-deployment-');\n_podDetailPage.podDetailPage.whenClickOnLogsTab(); // podDetailPage.shouldSeeLogs('serving on') // FIXME Jorge - Temporarily disabled to allow merging current progress.",
                  "err": {},
                  "uuid": "aff0bf03-1d5a-4b16-a19d-ad95dcdb78d3",
                  "parentUUID": "7046c9e0-593d-4dcc-8620-858aaabe09ba",
                  "isHook": false,
                  "skipped": false
                },
                {
                  "title": "[P2][Sev2][search] should delete pod",
                  "fullTitle": "Search: Search in Local Cluster search resources [P2][Sev2][search] should delete pod",
                  "timedOut": null,
                  "duration": 129380,
                  "state": "passed",
                  "speed": "slow",
                  "pass": true,
                  "fail": false,
                  "pending": false,
                  "context": null,
                  "code": "_search.searchBar.whenFilterByKind('pod');\n_search.searchPage.whenDeleteResourceDetailItem('pod', this.namespace + '-deployment');\n_search.searchPage.shouldBeResourceDetailItemCreatedFewSecondsAgo('pod', this.namespace + '-deployment');",
                  "err": {},
                  "uuid": "6604534b-2c0c-4378-b62b-9fb8663ac2fa",
                  "parentUUID": "7046c9e0-593d-4dcc-8620-858aaabe09ba",
                  "isHook": false,
                  "skipped": false
                },
                {
                  "title": "[P3][Sev3][search] should scale deployment",
                  "fullTitle": "Search: Search in Local Cluster search resources [P3][Sev3][search] should scale deployment",
                  "timedOut": null,
                  "duration": 131727,
                  "state": "passed",
                  "speed": "slow",
                  "pass": true,
                  "fail": false,
                  "pending": false,
                  "context": null,
                  "code": "_search.searchBar.whenFilterByKind('deployment');\n_search.searchPage.whenGoToResourceDetailItemPage('deployment', this.namespace + '-deployment');\n_deploymentDetailPage.deploymentDetailPage.whenScaleReplicasTo(2);\ncy.waitUsingSLA(); // WORKAROUND to wait for resource to get indexed. Better solution is to retry instead of a hard wait.",
                  "err": {},
                  "uuid": "29b89351-d8ed-41db-8b3a-a53deb894b05",
                  "parentUUID": "7046c9e0-593d-4dcc-8620-858aaabe09ba",
                  "isHook": false,
                  "skipped": false
                },
                {
                  "title": "[P3][Sev3][search] should verify that the deployment scaled",
                  "fullTitle": "Search: Search in Local Cluster search resources [P3][Sev3][search] should verify that the deployment scaled",
                  "timedOut": null,
                  "duration": 123437,
                  "state": "passed",
                  "speed": "slow",
                  "pass": true,
                  "fail": false,
                  "pending": false,
                  "context": null,
                  "code": "_search.searchBar.whenFilterByKind('deployment');\n_search.searchBar.whenFilterByName(this.namespace + '-deployment');\n_search.searchPage.shouldFindRelationshipTile('pod', '2');",
                  "err": {},
                  "uuid": "b3ed896a-5b13-4682-9c46-dbf4f2a1d9c4",
                  "parentUUID": "7046c9e0-593d-4dcc-8620-858aaabe09ba",
                  "isHook": false,
                  "skipped": false
                },
                {
                  "title": "[P2][Sev2][search] should delete deployment",
                  "fullTitle": "Search: Search in Local Cluster search resources [P2][Sev2][search] should delete deployment",
                  "timedOut": null,
                  "duration": 109286,
                  "state": "passed",
                  "speed": "slow",
                  "pass": true,
                  "fail": false,
                  "pending": false,
                  "context": null,
                  "code": "_search.searchBar.whenFilterByKind('deployment');\n_search.searchPage.whenDeleteResourceDetailItem('deployment', this.namespace + '-deployment');",
                  "err": {},
                  "uuid": "8cea5e55-1590-4815-9d40-e5e627db7843",
                  "parentUUID": "7046c9e0-593d-4dcc-8620-858aaabe09ba",
                  "isHook": false,
                  "skipped": false
                },
                {
                  "title": "[P2][Sev2][search] should validate deployment was deleted",
                  "fullTitle": "Search: Search in Local Cluster search resources [P2][Sev2][search] should validate deployment was deleted",
                  "timedOut": null,
                  "duration": 123907,
                  "state": "passed",
                  "speed": "slow",
                  "pass": true,
                  "fail": false,
                  "pending": false,
                  "context": null,
                  "code": "_search.searchBar.whenFilterByKind('deployment', true);\n_search.searchBar.whenFilterByName(this.namespace + '-deployment', true);\n_search.searchPage.shouldFindNoResults();",
                  "err": {},
                  "uuid": "9d1f3b89-c559-4876-8f56-13ac7b8d8b99",
                  "parentUUID": "7046c9e0-593d-4dcc-8620-858aaabe09ba",
                  "isHook": false,
                  "skipped": false
                },
                {
                  "title": "[P2][Sev2][search] should delete namespace",
                  "fullTitle": "Search: Search in Local Cluster search resources [P2][Sev2][search] should delete namespace",
                  "timedOut": null,
                  "duration": 128133,
                  "state": "passed",
                  "speed": "slow",
                  "pass": true,
                  "fail": false,
                  "pending": false,
                  "context": null,
                  "code": "_search.searchPage.whenDeleteNamespace(this.namespace);",
                  "err": {},
                  "uuid": "905ed192-08ed-494b-afa1-330b7a35c8ee",
                  "parentUUID": "7046c9e0-593d-4dcc-8620-858aaabe09ba",
                  "isHook": false,
                  "skipped": false
                },
                {
                  "title": "[P2][Sev2][search] should validate namespace was deleted",
                  "fullTitle": "Search: Search in Local Cluster search resources [P2][Sev2][search] should validate namespace was deleted",
                  "timedOut": null,
                  "duration": 109447,
                  "state": "passed",
                  "speed": "slow",
                  "pass": true,
                  "fail": false,
                  "pending": false,
                  "context": null,
                  "code": "_search.searchPage.shouldFindNoResults();",
                  "err": {},
                  "uuid": "9fce92bd-68c3-48cf-877c-8fe5642bf4ba",
                  "parentUUID": "7046c9e0-593d-4dcc-8620-858aaabe09ba",
                  "isHook": false,
                  "skipped": false
                }
              ],
              "suites": [],
              "passes": [
                "a24e4e14-a222-4e9d-ae5d-926f9aa46196",
                "ec5522fa-ed97-4c52-956d-8af38c1880c1",
                "05b596ad-9c43-43c3-b342-bd3233e811c9",
                "aff0bf03-1d5a-4b16-a19d-ad95dcdb78d3",
                "6604534b-2c0c-4378-b62b-9fb8663ac2fa",
                "29b89351-d8ed-41db-8b3a-a53deb894b05",
                "b3ed896a-5b13-4682-9c46-dbf4f2a1d9c4",
                "8cea5e55-1590-4815-9d40-e5e627db7843",
                "9d1f3b89-c559-4876-8f56-13ac7b8d8b99",
                "905ed192-08ed-494b-afa1-330b7a35c8ee",
                "9fce92bd-68c3-48cf-877c-8fe5642bf4ba"
              ],
              "failures": [],
              "pending": [],
              "skipped": [],
              "duration": 1315962,
              "root": false,
              "rootEmpty": false,
              "_timeout": 2000
            }
          ],
          "passes": [
            "5eb8b1ff-decb-45af-9dff-c263535e0efb",
            "73c8799a-3a10-4ca9-a846-e0d139b263a7",
            "db97affd-0b7b-4f2a-acad-dce689679b55",
            "998b6287-4273-462d-bd10-9cb29e0d8cdf",
            "4944743c-4f68-4972-b4e9-12616922aef1",
            "536d582a-032f-4405-82d7-06024cf0dbf9"
          ],
          "failures": [],
          "pending": [],
          "skipped": [],
          "duration": 196246,
          "root": false,
          "rootEmpty": false,
          "_timeout": 2000
        },
        {
          "uuid": "003fe30b-bba6-4164-940d-f4d528b486e7",
          "title": "Search: Search in Managed Cluster",
          "fullFile": "",
          "file": "",
          "beforeHooks": [],
          "afterHooks": [],
          "tests": [
            {
              "title": "[P1][Sev1][search] should load the search page",
              "fullTitle": "Search: Search in Managed Cluster [P1][Sev1][search] should load the search page",
              "timedOut": null,
              "duration": 11109,
              "state": "passed",
              "speed": "slow",
              "pass": true,
              "fail": false,
              "pending": false,
              "context": null,
              "code": "_search.searchPage.shouldLoad();",
              "err": {},
              "uuid": "4f5d143c-f52d-4c84-ada6-8608a6d79f5c",
              "parentUUID": "003fe30b-bba6-4164-940d-f4d528b486e7",
              "isHook": false,
              "skipped": false
            },
            {
              "title": "[P1][Sev1][search] should not see any cluster and namespace",
              "fullTitle": "Search: Search in Managed Cluster [P1][Sev1][search] should not see any cluster and namespace",
              "timedOut": null,
              "duration": 10808,
              "state": "passed",
              "speed": "slow",
              "pass": true,
              "fail": false,
              "pending": false,
              "context": null,
              "code": "// when\n_search.searchBar.whenFocusSearchBar();\n_search.searchBar.whenFilterByClusterAndNamespace(this.clusterName, this.namespace); // then\n\n_search.searchPage.shouldFindNoResults();",
              "err": {},
              "uuid": "56fc28f4-43a8-4446-a029-9fbbc1e71d79",
              "parentUUID": "003fe30b-bba6-4164-940d-f4d528b486e7",
              "isHook": false,
              "skipped": false
            },
            {
              "title": "[P1][Sev1][search] should create namespace from create resource UI",
              "fullTitle": "Search: Search in Managed Cluster [P1][Sev1][search] should create namespace from create resource UI",
              "timedOut": null,
              "duration": 19588,
              "state": "failed",
              "speed": null,
              "pass": false,
              "fail": true,
              "pending": false,
              "context": null,
              "code": "_resource.resourcePage.whenGoToResourcePage();\n_resource.resourcePage.whenSelectTargetCluster(this.clusterName);\n_resource.resourcePage.whenCreateNamespace(this.namespace);",
              "err": {
                "message": "AssertionError: Timed out retrying after 15000ms: Expected to find element: `.bx--checkbox-wrapper input[name=\"undefined\"]`, but never found it.",
                "estack": "AssertionError: Timed out retrying after 15000ms: Expected to find element: `.bx--checkbox-wrapper input[name=\"undefined\"]`, but never found it.\n    at Object.whenSelectTargetCluster (https://multicloud-console.apps.ocp4-az-3.az.dev06.red-chesterfield.com/__cypress/tests?p=tests/cypress/tests/adminSearch.spec.js:1371:8)\n    at Context.eval (https://multicloud-console.apps.ocp4-az-3.az.dev06.red-chesterfield.com/__cypress/tests?p=tests/cypress/tests/adminSearch.spec.js:1102:30)",
                "diff": null
              },
              "uuid": "46144a02-7a92-494d-b3ba-7fb28a5456b6",
              "parentUUID": "003fe30b-bba6-4164-940d-f4d528b486e7",
              "isHook": false,
              "skipped": false
            },
            {
              "title": "[P1][Sev1][search] should verify that namespace already exist",
              "fullTitle": "Search: Search in Managed Cluster [P1][Sev1][search] should verify that namespace already exist",
              "timedOut": null,
              "duration": 19843,
              "state": "failed",
              "speed": null,
              "pass": false,
              "fail": true,
              "pending": false,
              "context": null,
              "code": "_resource.resourcePage.whenGoToResourcePage();\n_resource.resourcePage.whenSelectTargetCluster(this.clusterName);\n_resource.resourcePage.whenCreateNamespace(this.namespace, true);",
              "err": {
                "message": "AssertionError: Timed out retrying after 15000ms: Expected to find element: `.bx--checkbox-wrapper input[name=\"undefined\"]`, but never found it.",
                "estack": "AssertionError: Timed out retrying after 15000ms: Expected to find element: `.bx--checkbox-wrapper input[name=\"undefined\"]`, but never found it.\n    at Object.whenSelectTargetCluster (https://multicloud-console.apps.ocp4-az-3.az.dev06.red-chesterfield.com/__cypress/tests?p=tests/cypress/tests/adminSearch.spec.js:1371:8)\n    at Context.eval (https://multicloud-console.apps.ocp4-az-3.az.dev06.red-chesterfield.com/__cypress/tests?p=tests/cypress/tests/adminSearch.spec.js:1109:30)",
                "diff": null
              },
              "uuid": "3e84a4cb-0d67-41aa-a3b3-eca456e879b1",
              "parentUUID": "003fe30b-bba6-4164-940d-f4d528b486e7",
              "isHook": false,
              "skipped": false
            },
            {
              "title": "[P1][Sev1][search] should create deployment from create resource UI",
              "fullTitle": "Search: Search in Managed Cluster [P1][Sev1][search] should create deployment from create resource UI",
              "timedOut": null,
              "duration": 19877,
              "state": "failed",
              "speed": null,
              "pass": false,
              "fail": true,
              "pending": false,
              "context": null,
              "code": "_resource.resourcePage.whenGoToResourcePage();\n_resource.resourcePage.whenSelectTargetCluster(this.clusterName);\n_resource.resourcePage.whenCreateDeployment(this.namespace, this.namespace + '-deployment', 'openshift/hello-openshift');",
              "err": {
                "message": "AssertionError: Timed out retrying after 15000ms: Expected to find element: `.bx--checkbox-wrapper input[name=\"undefined\"]`, but never found it.",
                "estack": "AssertionError: Timed out retrying after 15000ms: Expected to find element: `.bx--checkbox-wrapper input[name=\"undefined\"]`, but never found it.\n    at Object.whenSelectTargetCluster (https://multicloud-console.apps.ocp4-az-3.az.dev06.red-chesterfield.com/__cypress/tests?p=tests/cypress/tests/adminSearch.spec.js:1371:8)\n    at Context.eval (https://multicloud-console.apps.ocp4-az-3.az.dev06.red-chesterfield.com/__cypress/tests?p=tests/cypress/tests/adminSearch.spec.js:1116:30)",
                "diff": null
              },
              "uuid": "3036909b-af5c-49dd-8dbb-cef93169d817",
              "parentUUID": "003fe30b-bba6-4164-940d-f4d528b486e7",
              "isHook": false,
              "skipped": false
            },
            {
              "title": "[P1][Sev1][search] should verify that deployment resource exist",
              "fullTitle": "Search: Search in Managed Cluster [P1][Sev1][search] should verify that deployment resource exist",
              "timedOut": null,
              "duration": 30023,
              "state": "failed",
              "speed": null,
              "pass": false,
              "fail": true,
              "pending": false,
              "context": null,
              "code": "cy.waitUsingSLA();\n_resource.resourcePage.whenGoToResourcePage();\n_resource.resourcePage.whenSelectTargetCluster(this.clusterName);\n_resource.resourcePage.whenCreateDeployment(this.namespace, this.namespace + '-deployment', 'openshift/hello-openshift', true);\ncy.logout(); // WORKAROUND, we shouldn't need to logout to see new resources. Potential product bug to investigate.\ncy.login();",
              "err": {
                "message": "AssertionError: Timed out retrying after 15000ms: Expected to find element: `.bx--checkbox-wrapper input[name=\"undefined\"]`, but never found it.",
                "estack": "AssertionError: Timed out retrying after 15000ms: Expected to find element: `.bx--checkbox-wrapper input[name=\"undefined\"]`, but never found it.\n    at Object.whenSelectTargetCluster (https://multicloud-console.apps.ocp4-az-3.az.dev06.red-chesterfield.com/__cypress/tests?p=tests/cypress/tests/adminSearch.spec.js:1371:8)\n    at Context.eval (https://multicloud-console.apps.ocp4-az-3.az.dev06.red-chesterfield.com/__cypress/tests?p=tests/cypress/tests/adminSearch.spec.js:1125:30)",
                "diff": null
              },
              "uuid": "82b94826-f15b-4edc-baba-ce5fc0964f42",
              "parentUUID": "003fe30b-bba6-4164-940d-f4d528b486e7",
              "isHook": false,
              "skipped": false
            }
          ],
          "suites": [
            {
              "uuid": "9fb2c240-d124-40ab-9ce7-8acf85a58e3b",
              "title": "search resources",
              "fullFile": "",
              "file": "",
              "beforeHooks": [],
              "afterHooks": [],
              "tests": [
                {
                  "title": "[P3][Sev3][search] should have expected count of relationships",
                  "fullTitle": "Search: Search in Managed Cluster search resources [P3][Sev3][search] should have expected count of relationships",
                  "timedOut": null,
                  "duration": 16167,
                  "state": "failed",
                  "speed": null,
                  "pass": false,
                  "fail": true,
                  "pending": false,
                  "context": null,
                  "code": "_search.searchPage.shouldLoadResults();\n_search.searchPage.whenExpandRelationshipTiles();\n_search.searchPage.shouldFindRelationshipTile('cluster', '1');\n_search.searchPage.shouldFindRelationshipTile('deployment', '1');\n_search.searchPage.shouldFindRelationshipTile('pod', '1');",
                  "err": {
                    "message": "AssertionError: Timed out retrying after 2000ms: Expected to find element: `.pf-l-gallery`, but never found it.",
                    "estack": "AssertionError: Timed out retrying after 2000ms: Expected to find element: `.pf-l-gallery`, but never found it.\n    at Object.whenExpandRelationshipTiles (https://multicloud-console.apps.ocp4-az-3.az.dev06.red-chesterfield.com/__cypress/tests?p=tests/cypress/tests/adminSearch.spec.js:1494:8)\n    at Context.eval (https://multicloud-console.apps.ocp4-az-3.az.dev06.red-chesterfield.com/__cypress/tests?p=tests/cypress/tests/adminSearch.spec.js:1140:28)",
                    "diff": null
                  },
                  "uuid": "008710db-f072-4634-8528-9b4a2f511cd4",
                  "parentUUID": "9fb2c240-d124-40ab-9ce7-8acf85a58e3b",
                  "isHook": false,
                  "skipped": false
                },
                {
                  "title": "[P1][Sev1][search] should work kind filter for deployment",
                  "fullTitle": "Search: Search in Managed Cluster search resources [P1][Sev1][search] should work kind filter for deployment",
                  "timedOut": null,
                  "duration": 36281,
                  "state": "failed",
                  "speed": null,
                  "pass": false,
                  "fail": true,
                  "pending": false,
                  "context": null,
                  "code": "_search.searchBar.whenFilterByKind('deployment');\n_search.searchPage.shouldFindResourceDetailItem('deployment', this.namespace + '-deployment');",
                  "err": {
                    "message": "AssertionError: Timed out retrying after 15000ms: expected '<li#ReactTags-0.is-disabled>' to have a length above 1 but got 1",
                    "estack": "AssertionError: Timed out retrying after 15000ms: expected '<li#ReactTags-0.is-disabled>' to have a length above 1 but got 1\n    at Object.whenSuggestionsAreAvailable (https://multicloud-console.apps.ocp4-az-3.az.dev06.red-chesterfield.com/__cypress/tests?p=tests/cypress/tests/adminSearch.spec.js:1649:21)\n    at Object.whenEnterTextInSearchBar (https://multicloud-console.apps.ocp4-az-3.az.dev06.red-chesterfield.com/__cypress/tests?p=tests/cypress/tests/adminSearch.spec.js:1670:17)\n    at Object.whenFilterByKind (https://multicloud-console.apps.ocp4-az-3.az.dev06.red-chesterfield.com/__cypress/tests?p=tests/cypress/tests/adminSearch.spec.js:1685:15)\n    at Context.eval (https://multicloud-console.apps.ocp4-az-3.az.dev06.red-chesterfield.com/__cypress/tests?p=tests/cypress/tests/adminSearch.spec.js:1149:27)",
                    "diff": ""
                  },
                  "uuid": "b348fe22-d77b-429c-818d-84acb91bced5",
                  "parentUUID": "9fb2c240-d124-40ab-9ce7-8acf85a58e3b",
                  "isHook": false,
                  "skipped": false
                },
                {
                  "title": "[P1][Sev1][search] should work kind filter for pod",
                  "fullTitle": "Search: Search in Managed Cluster search resources [P1][Sev1][search] should work kind filter for pod",
                  "timedOut": null,
                  "duration": 37686,
                  "state": "failed",
                  "speed": null,
                  "pass": false,
                  "fail": true,
                  "pending": false,
                  "context": null,
                  "code": "_search.searchBar.whenFilterByKind('pod');\n_search.searchPage.shouldFindResourceDetailItem('pod', this.namespace + '-deployment-');",
                  "err": {
                    "message": "AssertionError: Timed out retrying after 15000ms: expected '<li#ReactTags-0.is-disabled>' to have a length above 1 but got 1",
                    "estack": "AssertionError: Timed out retrying after 15000ms: expected '<li#ReactTags-0.is-disabled>' to have a length above 1 but got 1\n    at Object.whenSuggestionsAreAvailable (https://multicloud-console.apps.ocp4-az-3.az.dev06.red-chesterfield.com/__cypress/tests?p=tests/cypress/tests/adminSearch.spec.js:1649:21)\n    at Object.whenEnterTextInSearchBar (https://multicloud-console.apps.ocp4-az-3.az.dev06.red-chesterfield.com/__cypress/tests?p=tests/cypress/tests/adminSearch.spec.js:1670:17)\n    at Object.whenFilterByKind (https://multicloud-console.apps.ocp4-az-3.az.dev06.red-chesterfield.com/__cypress/tests?p=tests/cypress/tests/adminSearch.spec.js:1685:15)\n    at Context.eval (https://multicloud-console.apps.ocp4-az-3.az.dev06.red-chesterfield.com/__cypress/tests?p=tests/cypress/tests/adminSearch.spec.js:1154:27)",
                    "diff": ""
                  },
                  "uuid": "29812e62-3ecc-4745-ab00-3c2b9fd8926b",
                  "parentUUID": "9fb2c240-d124-40ab-9ce7-8acf85a58e3b",
                  "isHook": false,
                  "skipped": false
                },
                {
                  "title": "[P2][Sev2][search] should see pod logs",
                  "fullTitle": "Search: Search in Managed Cluster search resources [P2][Sev2][search] should see pod logs",
                  "timedOut": null,
                  "duration": 40784,
                  "state": "failed",
                  "speed": null,
                  "pass": false,
                  "fail": true,
                  "pending": false,
                  "context": null,
                  "code": "_search.searchBar.whenFilterByKind('pod');\n_search.searchPage.whenGoToResourceDetailItemPage('pod', this.namespace + '-deployment-');\n_podDetailPage.podDetailPage.whenClickOnLogsTab(); // podDetailPage.shouldSeeLogs('serving on') // FIXME Jorge - Temporarily disabled to allow merging current progress.",
                  "err": {
                    "message": "AssertionError: Timed out retrying after 15000ms: expected '<li#ReactTags-0.is-disabled>' to have a length above 1 but got 1",
                    "estack": "AssertionError: Timed out retrying after 15000ms: expected '<li#ReactTags-0.is-disabled>' to have a length above 1 but got 1\n    at Object.whenSuggestionsAreAvailable (https://multicloud-console.apps.ocp4-az-3.az.dev06.red-chesterfield.com/__cypress/tests?p=tests/cypress/tests/adminSearch.spec.js:1649:21)\n    at Object.whenEnterTextInSearchBar (https://multicloud-console.apps.ocp4-az-3.az.dev06.red-chesterfield.com/__cypress/tests?p=tests/cypress/tests/adminSearch.spec.js:1670:17)\n    at Object.whenFilterByKind (https://multicloud-console.apps.ocp4-az-3.az.dev06.red-chesterfield.com/__cypress/tests?p=tests/cypress/tests/adminSearch.spec.js:1685:15)\n    at Context.eval (https://multicloud-console.apps.ocp4-az-3.az.dev06.red-chesterfield.com/__cypress/tests?p=tests/cypress/tests/adminSearch.spec.js:1159:27)",
                    "diff": ""
                  },
                  "uuid": "03d1d3f1-f9cf-454a-99cf-f449cb73111d",
                  "parentUUID": "9fb2c240-d124-40ab-9ce7-8acf85a58e3b",
                  "isHook": false,
                  "skipped": false
                },
                {
                  "title": "[P2][Sev2][search] should delete pod",
                  "fullTitle": "Search: Search in Managed Cluster search resources [P2][Sev2][search] should delete pod",
                  "timedOut": null,
                  "duration": 42704,
                  "state": "failed",
                  "speed": null,
                  "pass": false,
                  "fail": true,
                  "pending": false,
                  "context": null,
                  "code": "_search.searchBar.whenFilterByKind('pod');\n_search.searchPage.whenDeleteResourceDetailItem('pod', this.namespace + '-deployment');\n_search.searchPage.shouldBeResourceDetailItemCreatedFewSecondsAgo('pod', this.namespace + '-deployment');",
                  "err": {
                    "message": "AssertionError: Timed out retrying after 15000ms: expected '<li#ReactTags-0.is-disabled>' to have a length above 1 but got 1",
                    "estack": "AssertionError: Timed out retrying after 15000ms: expected '<li#ReactTags-0.is-disabled>' to have a length above 1 but got 1\n    at Object.whenSuggestionsAreAvailable (https://multicloud-console.apps.ocp4-az-3.az.dev06.red-chesterfield.com/__cypress/tests?p=tests/cypress/tests/adminSearch.spec.js:1649:21)\n    at Object.whenEnterTextInSearchBar (https://multicloud-console.apps.ocp4-az-3.az.dev06.red-chesterfield.com/__cypress/tests?p=tests/cypress/tests/adminSearch.spec.js:1670:17)\n    at Object.whenFilterByKind (https://multicloud-console.apps.ocp4-az-3.az.dev06.red-chesterfield.com/__cypress/tests?p=tests/cypress/tests/adminSearch.spec.js:1685:15)\n    at Context.eval (https://multicloud-console.apps.ocp4-az-3.az.dev06.red-chesterfield.com/__cypress/tests?p=tests/cypress/tests/adminSearch.spec.js:1167:27)",
                    "diff": ""
                  },
                  "uuid": "0eff88ed-e1f7-4e6a-ac52-20803761fb74",
                  "parentUUID": "9fb2c240-d124-40ab-9ce7-8acf85a58e3b",
                  "isHook": false,
                  "skipped": false
                },
                {
                  "title": "[P3][Sev3][search] should scale deployment",
                  "fullTitle": "Search: Search in Managed Cluster search resources [P3][Sev3][search] should scale deployment",
                  "timedOut": null,
                  "duration": 45076,
                  "state": "failed",
                  "speed": null,
                  "pass": false,
                  "fail": true,
                  "pending": false,
                  "context": null,
                  "code": "_search.searchBar.whenFilterByKind('deployment');\n_search.searchPage.whenGoToResourceDetailItemPage('deployment', this.namespace + '-deployment');\n_deploymentDetailPage.deploymentDetailPage.whenScaleReplicasTo(2);\ncy.waitUsingSLA(); // WORKAROUND to wait for resource to get indexed. Better solution is to retry instead of a hard wait.",
                  "err": {
                    "message": "AssertionError: Timed out retrying after 15000ms: expected '<li#ReactTags-0.is-disabled>' to have a length above 1 but got 1",
                    "estack": "AssertionError: Timed out retrying after 15000ms: expected '<li#ReactTags-0.is-disabled>' to have a length above 1 but got 1\n    at Object.whenSuggestionsAreAvailable (https://multicloud-console.apps.ocp4-az-3.az.dev06.red-chesterfield.com/__cypress/tests?p=tests/cypress/tests/adminSearch.spec.js:1649:21)\n    at Object.whenEnterTextInSearchBar (https://multicloud-console.apps.ocp4-az-3.az.dev06.red-chesterfield.com/__cypress/tests?p=tests/cypress/tests/adminSearch.spec.js:1670:17)\n    at Object.whenFilterByKind (https://multicloud-console.apps.ocp4-az-3.az.dev06.red-chesterfield.com/__cypress/tests?p=tests/cypress/tests/adminSearch.spec.js:1685:15)\n    at Context.eval (https://multicloud-console.apps.ocp4-az-3.az.dev06.red-chesterfield.com/__cypress/tests?p=tests/cypress/tests/adminSearch.spec.js:1174:27)",
                    "diff": ""
                  },
                  "uuid": "572bdcbd-08de-4f00-b84b-80207aa0b713",
                  "parentUUID": "9fb2c240-d124-40ab-9ce7-8acf85a58e3b",
                  "isHook": false,
                  "skipped": false
                },
                {
                  "title": "[P3][Sev3][search] should verify that the deployment scaled",
                  "fullTitle": "Search: Search in Managed Cluster search resources [P3][Sev3][search] should verify that the deployment scaled",
                  "timedOut": null,
                  "duration": 45769,
                  "state": "failed",
                  "speed": null,
                  "pass": false,
                  "fail": true,
                  "pending": false,
                  "context": null,
                  "code": "_search.searchBar.whenFilterByKind('deployment');\n_search.searchBar.whenFilterByName(this.namespace + '-deployment');\n_search.searchPage.shouldFindRelationshipTile('pod', '2');",
                  "err": {
                    "message": "AssertionError: Timed out retrying after 15000ms: expected '<li#ReactTags-0.is-disabled>' to have a length above 1 but got 1",
                    "estack": "AssertionError: Timed out retrying after 15000ms: expected '<li#ReactTags-0.is-disabled>' to have a length above 1 but got 1\n    at Object.whenSuggestionsAreAvailable (https://multicloud-console.apps.ocp4-az-3.az.dev06.red-chesterfield.com/__cypress/tests?p=tests/cypress/tests/adminSearch.spec.js:1649:21)\n    at Object.whenEnterTextInSearchBar (https://multicloud-console.apps.ocp4-az-3.az.dev06.red-chesterfield.com/__cypress/tests?p=tests/cypress/tests/adminSearch.spec.js:1670:17)\n    at Object.whenFilterByKind (https://multicloud-console.apps.ocp4-az-3.az.dev06.red-chesterfield.com/__cypress/tests?p=tests/cypress/tests/adminSearch.spec.js:1685:15)\n    at Context.eval (https://multicloud-console.apps.ocp4-az-3.az.dev06.red-chesterfield.com/__cypress/tests?p=tests/cypress/tests/adminSearch.spec.js:1183:27)",
                    "diff": ""
                  },
                  "uuid": "726fd5fa-bfe9-4bb4-afac-8af3d47af93e",
                  "parentUUID": "9fb2c240-d124-40ab-9ce7-8acf85a58e3b",
                  "isHook": false,
                  "skipped": false
                },
                {
                  "title": "[P2][Sev2][search] should delete deployment",
                  "fullTitle": "Search: Search in Managed Cluster search resources [P2][Sev2][search] should delete deployment",
                  "timedOut": null,
                  "duration": 48920,
                  "state": "failed",
                  "speed": null,
                  "pass": false,
                  "fail": true,
                  "pending": false,
                  "context": null,
                  "code": "_search.searchBar.whenFilterByKind('deployment');\n_search.searchPage.whenDeleteResourceDetailItem('deployment', this.namespace + '-deployment');",
                  "err": {
                    "message": "AssertionError: Timed out retrying after 15000ms: expected '<li#ReactTags-0.is-disabled>' to have a length above 1 but got 1",
                    "estack": "AssertionError: Timed out retrying after 15000ms: expected '<li#ReactTags-0.is-disabled>' to have a length above 1 but got 1\n    at Object.whenSuggestionsAreAvailable (https://multicloud-console.apps.ocp4-az-3.az.dev06.red-chesterfield.com/__cypress/tests?p=tests/cypress/tests/adminSearch.spec.js:1649:21)\n    at Object.whenEnterTextInSearchBar (https://multicloud-console.apps.ocp4-az-3.az.dev06.red-chesterfield.com/__cypress/tests?p=tests/cypress/tests/adminSearch.spec.js:1670:17)\n    at Object.whenFilterByKind (https://multicloud-console.apps.ocp4-az-3.az.dev06.red-chesterfield.com/__cypress/tests?p=tests/cypress/tests/adminSearch.spec.js:1685:15)\n    at Context.eval (https://multicloud-console.apps.ocp4-az-3.az.dev06.red-chesterfield.com/__cypress/tests?p=tests/cypress/tests/adminSearch.spec.js:1190:27)",
                    "diff": ""
                  },
                  "uuid": "135206de-4e64-43c6-8b64-5847e1450df6",
                  "parentUUID": "9fb2c240-d124-40ab-9ce7-8acf85a58e3b",
                  "isHook": false,
                  "skipped": false
                },
                {
                  "title": "[P2][Sev2][search] should validate deployment was deleted",
                  "fullTitle": "Search: Search in Managed Cluster search resources [P2][Sev2][search] should validate deployment was deleted",
                  "timedOut": null,
                  "duration": 44430,
                  "state": "passed",
                  "speed": "slow",
                  "pass": true,
                  "fail": false,
                  "pending": false,
                  "context": null,
                  "code": "_search.searchBar.whenFilterByKind('deployment', true);\n_search.searchBar.whenFilterByName(this.namespace + '-deployment', true);\n_search.searchPage.shouldFindNoResults();",
                  "err": {},
                  "uuid": "39a356b2-efba-41ea-8b02-73ee16f81d44",
                  "parentUUID": "9fb2c240-d124-40ab-9ce7-8acf85a58e3b",
                  "isHook": false,
                  "skipped": false
                },
                {
                  "title": "[P2][Sev2][search] should delete namespace",
                  "fullTitle": "Search: Search in Managed Cluster search resources [P2][Sev2][search] should delete namespace",
                  "timedOut": null,
                  "duration": 56750,
                  "state": "passed",
                  "speed": "slow",
                  "pass": true,
                  "fail": false,
                  "pending": false,
                  "context": null,
                  "code": "_search.searchPage.whenDeleteNamespace(this.namespace);",
                  "err": {},
                  "uuid": "435083f8-0d53-4a64-9e22-6fbb2a81e465",
                  "parentUUID": "9fb2c240-d124-40ab-9ce7-8acf85a58e3b",
                  "isHook": false,
                  "skipped": false
                },
                {
                  "title": "[P2][Sev2][search] should validate namespace was deleted",
                  "fullTitle": "Search: Search in Managed Cluster search resources [P2][Sev2][search] should validate namespace was deleted",
                  "timedOut": null,
                  "duration": 22399,
                  "state": "passed",
                  "speed": "slow",
                  "pass": true,
                  "fail": false,
                  "pending": false,
                  "context": null,
                  "code": "_search.searchPage.shouldFindNoResults();",
                  "err": {},
                  "uuid": "acf868c4-4a62-4510-b6f7-c4c78813f226",
                  "parentUUID": "9fb2c240-d124-40ab-9ce7-8acf85a58e3b",
                  "isHook": false,
                  "skipped": false
                }
              ],
              "suites": [],
              "passes": [
                "39a356b2-efba-41ea-8b02-73ee16f81d44",
                "435083f8-0d53-4a64-9e22-6fbb2a81e465",
                "acf868c4-4a62-4510-b6f7-c4c78813f226"
              ],
              "failures": [
                "008710db-f072-4634-8528-9b4a2f511cd4",
                "b348fe22-d77b-429c-818d-84acb91bced5",
                "29812e62-3ecc-4745-ab00-3c2b9fd8926b",
                "03d1d3f1-f9cf-454a-99cf-f449cb73111d",
                "0eff88ed-e1f7-4e6a-ac52-20803761fb74",
                "572bdcbd-08de-4f00-b84b-80207aa0b713",
                "726fd5fa-bfe9-4bb4-afac-8af3d47af93e",
                "135206de-4e64-43c6-8b64-5847e1450df6"
              ],
              "pending": [],
              "skipped": [],
              "duration": 436966,
              "root": false,
              "rootEmpty": false,
              "_timeout": 2000
            }
          ],
          "passes": [
            "4f5d143c-f52d-4c84-ada6-8608a6d79f5c",
            "56fc28f4-43a8-4446-a029-9fbbc1e71d79"
          ],
          "failures": [
            "46144a02-7a92-494d-b3ba-7fb28a5456b6",
            "3e84a4cb-0d67-41aa-a3b3-eca456e879b1",
            "3036909b-af5c-49dd-8dbb-cef93169d817",
            "82b94826-f15b-4edc-baba-ce5fc0964f42"
          ],
          "pending": [],
          "skipped": [],
          "duration": 111248,
          "root": false,
          "rootEmpty": false,
          "_timeout": 2000
        }
      ],
      "passes": [],
      "failures": [],
      "pending": [],
      "skipped": [],
      "duration": 0,
      "root": true,
      "rootEmpty": true,
      "_timeout": 2000
    }
  ],
  "meta": {
    "mocha": {
      "version": "7.0.1"
    },
    "mochawesome": {
      "options": {
        "quiet": false,
        "reportFilename": "mochawesome-report.json",
        "saveHtml": false,
        "saveJson": true,
        "consoleReporter": "spec",
        "useInlineDiffs": false,
        "code": true
      },
      "version": "6.1.1"
    },
    "marge": {
      "options": {
        "id": "default",
        "reportDir": "results/json",
        "reportFilename": "mochawesome-report.json",
        "overwrite": false,
        "html": false,
        "json": true
      },
      "version": "5.1.0"
    }
  }
}