{
  "stats": {
    "suites": 6,
    "tests": 62,
    "passes": 0,
    "pending": 0,
    "failures": 13,
    "start": "2021-04-15T08:56:37.085Z",
    "end": "2021-04-15T09:01:22.342Z",
    "duration": 72678,
    "testsRegistered": 62,
    "passPercent": 0,
    "pendingPercent": 0,
    "other": 0,
    "hasOther": false,
    "skipped": 49,
    "hasSkipped": true
  },
  "results": [
    {
      "uuid": "6dc6edd1-dfee-4470-95ec-9e8c9c814182",
      "title": "",
      "fullFile": "tests/cypress/tests/adminSearch.spec.js",
      "file": "testscypress/tests/adminSearch.spec.js",
      "beforeHooks": [],
      "afterHooks": [],
      "tests": [],
      "suites": [
        {
          "uuid": "3dab9f3f-5eb2-40dc-b331-cebd8f003618",
          "title": "Search: Search in Local Cluster",
          "fullFile": "",
          "file": "",
          "beforeHooks": [],
          "afterHooks": [],
          "tests": [
            {
              "title": "[P1][Sev1][search] should load the search page",
              "fullTitle": "Search: Search in Local Cluster [P1][Sev1][search] should load the search page",
              "timedOut": null,
              "duration": 38125,
              "state": "failed",
              "speed": null,
              "pass": false,
              "fail": true,
              "pending": false,
              "context": null,
              "code": "_search.searchPage.shouldLoad();",
              "err": {
                "message": "AssertionError: Timed out retrying: Expected to find content: 'kube:admin' but never did.\n\nBecause this error occurred during a `before all` hook we are skipping the remaining tests in the current suite: `Search: Search in Local Clu...`\n\nAlthough you have test retries enabled, we do not retry tests when `before all` or `after all` hooks fail",
                "estack": "AssertionError: Timed out retrying: Expected to find content: 'kube:admin' but never did.\n\nBecause this error occurred during a `before all` hook we are skipping the remaining tests in the current suite: `Search: Search in Local Clu...`\n\nAlthough you have test retries enabled, we do not retry tests when `before all` or `after all` hooks fail\n    at Context.eval (https://multicloud-console.apps.acmqeosd.y0wn.p1.openshiftapps.com/__cypress/tests?p=tests/cypress/support/index.js:2656:46)",
                "diff": null
              },
              "uuid": "fc4ea172-bc3b-4bb2-b95a-a7a86c45d94a",
              "parentUUID": "3dab9f3f-5eb2-40dc-b331-cebd8f003618",
              "isHook": false,
              "skipped": false
            },
            {
              "title": "[P1][Sev1][search] should not see any cluster and namespace",
              "fullTitle": "Search: Search in Local Cluster [P1][Sev1][search] should not see any cluster and namespace",
              "timedOut": null,
              "duration": 0,
              "state": "skipped",
              "speed": null,
              "pass": false,
              "fail": false,
              "pending": false,
              "context": null,
              "code": "// when\n_search.searchBar.whenFocusSearchBar();\n_search.searchBar.whenFilterByClusterAndNamespace(this.clusterName, this.namespace); // then\n\n_search.searchPage.shouldFindNoResults();",
              "err": {},
              "uuid": "8bea4233-6327-4f79-8451-2ca0559c4371",
              "parentUUID": "3dab9f3f-5eb2-40dc-b331-cebd8f003618",
              "isHook": false,
              "skipped": true
            },
            {
              "title": "[P1][Sev1][search] should create namespace from create resource UI",
              "fullTitle": "Search: Search in Local Cluster [P1][Sev1][search] should create namespace from create resource UI",
              "timedOut": null,
              "duration": 0,
              "state": "skipped",
              "speed": null,
              "pass": false,
              "fail": false,
              "pending": false,
              "context": null,
              "code": "_resource.resourcePage.whenGoToResourcePage();\n_resource.resourcePage.whenSelectTargetCluster(this.clusterName);\n_resource.resourcePage.whenCreateNamespace(this.namespace);",
              "err": {},
              "uuid": "5ab66f1e-3067-46dd-a251-e811211cfeb1",
              "parentUUID": "3dab9f3f-5eb2-40dc-b331-cebd8f003618",
              "isHook": false,
              "skipped": true
            },
            {
              "title": "[P1][Sev1][search] should verify that namespace already exist",
              "fullTitle": "Search: Search in Local Cluster [P1][Sev1][search] should verify that namespace already exist",
              "timedOut": null,
              "duration": 0,
              "state": "skipped",
              "speed": null,
              "pass": false,
              "fail": false,
              "pending": false,
              "context": null,
              "code": "_resource.resourcePage.whenGoToResourcePage();\n_resource.resourcePage.whenSelectTargetCluster(this.clusterName);\n_resource.resourcePage.whenCreateNamespace(this.namespace, true);",
              "err": {},
              "uuid": "06860e1e-3227-4d90-93fc-81874cc9a0ef",
              "parentUUID": "3dab9f3f-5eb2-40dc-b331-cebd8f003618",
              "isHook": false,
              "skipped": true
            },
            {
              "title": "[P1][Sev1][search] should create deployment from create resource UI",
              "fullTitle": "Search: Search in Local Cluster [P1][Sev1][search] should create deployment from create resource UI",
              "timedOut": null,
              "duration": 0,
              "state": "skipped",
              "speed": null,
              "pass": false,
              "fail": false,
              "pending": false,
              "context": null,
              "code": "_resource.resourcePage.whenGoToResourcePage();\n_resource.resourcePage.whenSelectTargetCluster(this.clusterName);\n_resource.resourcePage.whenCreateDeployment(this.namespace, this.namespace + '-deployment', 'openshift/hello-openshift');",
              "err": {},
              "uuid": "cc9627ce-0a8a-43df-85f0-3bb929a7f85b",
              "parentUUID": "3dab9f3f-5eb2-40dc-b331-cebd8f003618",
              "isHook": false,
              "skipped": true
            },
            {
              "title": "[P1][Sev1][search] should verify that deployment resource exist",
              "fullTitle": "Search: Search in Local Cluster [P1][Sev1][search] should verify that deployment resource exist",
              "timedOut": null,
              "duration": 0,
              "state": "skipped",
              "speed": null,
              "pass": false,
              "fail": false,
              "pending": false,
              "context": null,
              "code": "cy.waitUsingSLA();\n_resource.resourcePage.whenGoToResourcePage();\n_resource.resourcePage.whenSelectTargetCluster(this.clusterName);\n_resource.resourcePage.whenCreateDeployment(this.namespace, this.namespace + '-deployment', 'openshift/hello-openshift', true);\ncy.logout(); // WORKAROUND, we shouldn't need to logout to see new resources. Potential product bug to investigate.\ncy.login();",
              "err": {},
              "uuid": "4c68bf6b-77ea-4985-82ac-ee8a421b4a19",
              "parentUUID": "3dab9f3f-5eb2-40dc-b331-cebd8f003618",
              "isHook": false,
              "skipped": true
            }
          ],
          "suites": [
            {
              "uuid": "95a3a1bd-6fdb-4c91-8105-5755ce8cdc22",
              "title": "search resources",
              "fullFile": "",
              "file": "",
              "beforeHooks": [],
              "afterHooks": [],
              "tests": [
                {
                  "title": "[P3][Sev3][search] should have expected count of relationships",
                  "fullTitle": "Search: Search in Local Cluster search resources [P3][Sev3][search] should have expected count of relationships",
                  "timedOut": null,
                  "duration": 0,
                  "state": "skipped",
                  "speed": null,
                  "pass": false,
                  "fail": false,
                  "pending": false,
                  "context": null,
                  "code": "_search.searchPage.shouldLoadResults();\n_search.searchPage.whenExpandRelationshipTiles();\n_search.searchPage.shouldFindRelationshipTile('cluster', '1');\n_search.searchPage.shouldFindRelationshipTile('deployment', '1');\n_search.searchPage.shouldFindRelationshipTile('pod', '1');",
                  "err": {},
                  "uuid": "95ededd7-14e2-4fe5-b709-03c451972954",
                  "parentUUID": null,
                  "isHook": false,
                  "skipped": true
                },
                {
                  "title": "[P1][Sev1][search] should work kind filter for deployment",
                  "fullTitle": "Search: Search in Local Cluster search resources [P1][Sev1][search] should work kind filter for deployment",
                  "timedOut": null,
                  "duration": 0,
                  "state": "skipped",
                  "speed": null,
                  "pass": false,
                  "fail": false,
                  "pending": false,
                  "context": null,
                  "code": "_search.searchBar.whenFilterByKind('deployment');\n_search.searchPage.shouldFindResourceDetailItem('deployment', this.namespace + '-deployment');",
                  "err": {},
                  "uuid": "429108e9-1cd1-49fd-8211-c9dee26e29b7",
                  "parentUUID": null,
                  "isHook": false,
                  "skipped": true
                },
                {
                  "title": "[P1][Sev1][search] should work kind filter for pod",
                  "fullTitle": "Search: Search in Local Cluster search resources [P1][Sev1][search] should work kind filter for pod",
                  "timedOut": null,
                  "duration": 0,
                  "state": "skipped",
                  "speed": null,
                  "pass": false,
                  "fail": false,
                  "pending": false,
                  "context": null,
                  "code": "_search.searchBar.whenFilterByKind('pod');\n_search.searchPage.shouldFindResourceDetailItem('pod', this.namespace + '-deployment-');",
                  "err": {},
                  "uuid": "39edc0e2-fca6-48d8-983a-c147ccf5574b",
                  "parentUUID": null,
                  "isHook": false,
                  "skipped": true
                },
                {
                  "title": "[P2][Sev2][search] should see pod logs",
                  "fullTitle": "Search: Search in Local Cluster search resources [P2][Sev2][search] should see pod logs",
                  "timedOut": null,
                  "duration": 0,
                  "state": "skipped",
                  "speed": null,
                  "pass": false,
                  "fail": false,
                  "pending": false,
                  "context": null,
                  "code": "_search.searchBar.whenFilterByKind('pod');\n_search.searchPage.whenGoToResourceDetailItemPage('pod', this.namespace + '-deployment-');\n_podDetailPage.podDetailPage.whenClickOnLogsTab(); // podDetailPage.shouldSeeLogs('serving on') // FIXME Jorge - Temporarily disabled to allow merging current progress.",
                  "err": {},
                  "uuid": "4196e44c-01e7-43fb-95eb-e17447085758",
                  "parentUUID": null,
                  "isHook": false,
                  "skipped": true
                },
                {
                  "title": "[P2][Sev2][search] should delete pod",
                  "fullTitle": "Search: Search in Local Cluster search resources [P2][Sev2][search] should delete pod",
                  "timedOut": null,
                  "duration": 0,
                  "state": "skipped",
                  "speed": null,
                  "pass": false,
                  "fail": false,
                  "pending": false,
                  "context": null,
                  "code": "_search.searchBar.whenFilterByKind('pod');\n_search.searchPage.whenDeleteResourceDetailItem('pod', this.namespace + '-deployment');\n_search.searchPage.shouldBeResourceDetailItemCreatedFewSecondsAgo('pod', this.namespace + '-deployment');",
                  "err": {},
                  "uuid": "658d3755-8158-4f66-92e0-430e2e295a9f",
                  "parentUUID": null,
                  "isHook": false,
                  "skipped": true
                },
                {
                  "title": "[P3][Sev3][search] should scale deployment",
                  "fullTitle": "Search: Search in Local Cluster search resources [P3][Sev3][search] should scale deployment",
                  "timedOut": null,
                  "duration": 0,
                  "state": "skipped",
                  "speed": null,
                  "pass": false,
                  "fail": false,
                  "pending": false,
                  "context": null,
                  "code": "_search.searchBar.whenFilterByKind('deployment');\n_search.searchPage.whenGoToResourceDetailItemPage('deployment', this.namespace + '-deployment');\n_deploymentDetailPage.deploymentDetailPage.whenScaleReplicasTo(2);\ncy.waitUsingSLA(); // WORKAROUND to wait for resource to get indexed. Better solution is to retry instead of a hard wait.",
                  "err": {},
                  "uuid": "de8cf603-4686-43d0-9df0-ea87293bc01a",
                  "parentUUID": null,
                  "isHook": false,
                  "skipped": true
                },
                {
                  "title": "[P3][Sev3][search] should verify that the deployment scaled",
                  "fullTitle": "Search: Search in Local Cluster search resources [P3][Sev3][search] should verify that the deployment scaled",
                  "timedOut": null,
                  "duration": 0,
                  "state": "skipped",
                  "speed": null,
                  "pass": false,
                  "fail": false,
                  "pending": false,
                  "context": null,
                  "code": "_search.searchBar.whenFilterByKind('deployment');\n_search.searchBar.whenFilterByName(this.namespace + '-deployment');\n_search.searchPage.shouldFindRelationshipTile('pod', '2');",
                  "err": {},
                  "uuid": "c61f5eed-59f2-463d-9df9-62c602864880",
                  "parentUUID": null,
                  "isHook": false,
                  "skipped": true
                },
                {
                  "title": "[P2][Sev2][search] should delete deployment",
                  "fullTitle": "Search: Search in Local Cluster search resources [P2][Sev2][search] should delete deployment",
                  "timedOut": null,
                  "duration": 0,
                  "state": "skipped",
                  "speed": null,
                  "pass": false,
                  "fail": false,
                  "pending": false,
                  "context": null,
                  "code": "_search.searchBar.whenFilterByKind('deployment');\n_search.searchPage.whenDeleteResourceDetailItem('deployment', this.namespace + '-deployment');",
                  "err": {},
                  "uuid": "4cba095d-e923-49d4-949e-3a3b3c5d5b7c",
                  "parentUUID": null,
                  "isHook": false,
                  "skipped": true
                },
                {
                  "title": "[P2][Sev2][search] should validate deployment was deleted",
                  "fullTitle": "Search: Search in Local Cluster search resources [P2][Sev2][search] should validate deployment was deleted",
                  "timedOut": null,
                  "duration": 0,
                  "state": "skipped",
                  "speed": null,
                  "pass": false,
                  "fail": false,
                  "pending": false,
                  "context": null,
                  "code": "_search.searchBar.whenFilterByKind('deployment', true);\n_search.searchBar.whenFilterByName(this.namespace + '-deployment', true);\n_search.searchPage.shouldFindNoResults();",
                  "err": {},
                  "uuid": "bc81755d-d56c-483d-88d5-81b11a6923e4",
                  "parentUUID": null,
                  "isHook": false,
                  "skipped": true
                },
                {
                  "title": "[P2][Sev2][search] should delete namespace",
                  "fullTitle": "Search: Search in Local Cluster search resources [P2][Sev2][search] should delete namespace",
                  "timedOut": null,
                  "duration": 0,
                  "state": "skipped",
                  "speed": null,
                  "pass": false,
                  "fail": false,
                  "pending": false,
                  "context": null,
                  "code": "_search.searchPage.whenDeleteNamespace(this.namespace);",
                  "err": {},
                  "uuid": "cb6834a6-be78-450e-81c6-bc88aedae1c4",
                  "parentUUID": null,
                  "isHook": false,
                  "skipped": true
                },
                {
                  "title": "[P2][Sev2][search] should validate namespace was deleted",
                  "fullTitle": "Search: Search in Local Cluster search resources [P2][Sev2][search] should validate namespace was deleted",
                  "timedOut": null,
                  "duration": 0,
                  "state": "failed",
                  "speed": null,
                  "pass": false,
                  "fail": true,
                  "pending": false,
                  "context": null,
                  "code": "_search.searchPage.shouldFindNoResults();",
                  "err": {
                    "message": "AssertionError: expected null to exist\n\nBecause this error occurred during a `after all` hook we are skipping the remaining tests in the current suite: `Search: Search in Local Clu...`\n\nAlthough you have test retries enabled, we do not retry tests when `before all` or `after all` hooks fail",
                    "estack": "AssertionError: expected null to exist\n\nBecause this error occurred during a `after all` hook we are skipping the remaining tests in the current suite: `Search: Search in Local Clu...`\n\nAlthough you have test retries enabled, we do not retry tests when `before all` or `after all` hooks fail\n    at Context.eval (https://multicloud-console.apps.acmqeosd.y0wn.p1.openshiftapps.com/__cypress/tests?p=tests/cypress/support/index.js:2759:43)",
                    "diff": null
                  },
                  "uuid": "2549f46d-dc05-492a-a4db-9c40040cd425",
                  "parentUUID": null,
                  "isHook": false,
                  "skipped": false
                }
              ],
              "suites": [],
              "passes": [],
              "failures": [
                "2549f46d-dc05-492a-a4db-9c40040cd425"
              ],
              "pending": [],
              "skipped": [
                "95ededd7-14e2-4fe5-b709-03c451972954",
                "429108e9-1cd1-49fd-8211-c9dee26e29b7",
                "39edc0e2-fca6-48d8-983a-c147ccf5574b",
                "4196e44c-01e7-43fb-95eb-e17447085758",
                "658d3755-8158-4f66-92e0-430e2e295a9f",
                "de8cf603-4686-43d0-9df0-ea87293bc01a",
                "c61f5eed-59f2-463d-9df9-62c602864880",
                "4cba095d-e923-49d4-949e-3a3b3c5d5b7c",
                "bc81755d-d56c-483d-88d5-81b11a6923e4",
                "cb6834a6-be78-450e-81c6-bc88aedae1c4"
              ],
              "duration": 0,
              "root": false,
              "rootEmpty": false,
              "_timeout": 2000
            }
          ],
          "passes": [],
          "failures": [
            "fc4ea172-bc3b-4bb2-b95a-a7a86c45d94a"
          ],
          "pending": [],
          "skipped": [
            "8bea4233-6327-4f79-8451-2ca0559c4371",
            "5ab66f1e-3067-46dd-a251-e811211cfeb1",
            "06860e1e-3227-4d90-93fc-81874cc9a0ef",
            "cc9627ce-0a8a-43df-85f0-3bb929a7f85b",
            "4c68bf6b-77ea-4985-82ac-ee8a421b4a19"
          ],
          "duration": 38125,
          "root": false,
          "rootEmpty": false,
          "_timeout": 2000
        },
        {
          "uuid": "a50869bf-a4cc-4a83-9bae-5157ab664f94",
          "title": "Search: Search in Managed Cluster",
          "fullFile": "",
          "file": "",
          "beforeHooks": [],
          "afterHooks": [],
          "tests": [
            {
              "title": "[P1][Sev1][search] should load the search page",
              "fullTitle": "Search: Search in Managed Cluster [P1][Sev1][search] should load the search page",
              "timedOut": null,
              "duration": 0,
              "state": "failed",
              "speed": null,
              "pass": false,
              "fail": true,
              "pending": false,
              "context": null,
              "code": "_search.searchPage.shouldLoad();",
              "err": {
                "message": "AssertionError: Timed out retrying: Expected to find content: 'kube:admin' but never did.\n\nBecause this error occurred during a `before all` hook we are skipping the remaining tests in the current suite: `Search: Search in Managed C...`\n\nAlthough you have test retries enabled, we do not retry tests when `before all` or `after all` hooks fail",
                "estack": "AssertionError: Timed out retrying: Expected to find content: 'kube:admin' but never did.\n\nBecause this error occurred during a `before all` hook we are skipping the remaining tests in the current suite: `Search: Search in Managed C...`\n\nAlthough you have test retries enabled, we do not retry tests when `before all` or `after all` hooks fail\n    at Context.eval (https://multicloud-console.apps.acmqeosd.y0wn.p1.openshiftapps.com/__cypress/tests?p=tests/cypress/support/index.js:2656:46)",
                "diff": null
              },
              "uuid": "7393d75c-4fd9-4250-8ef3-df2a1fe119c3",
              "parentUUID": "a50869bf-a4cc-4a83-9bae-5157ab664f94",
              "isHook": false,
              "skipped": false
            },
            {
              "title": "[P1][Sev1][search] should not see any cluster and namespace",
              "fullTitle": "Search: Search in Managed Cluster [P1][Sev1][search] should not see any cluster and namespace",
              "timedOut": null,
              "duration": 0,
              "state": "skipped",
              "speed": null,
              "pass": false,
              "fail": false,
              "pending": false,
              "context": null,
              "code": "// when\n_search.searchBar.whenFocusSearchBar();\n_search.searchBar.whenFilterByClusterAndNamespace(this.clusterName, this.namespace); // then\n\n_search.searchPage.shouldFindNoResults();",
              "err": {},
              "uuid": "03c8c2b9-1e96-4396-b73a-2d0a53d784d9",
              "parentUUID": "a50869bf-a4cc-4a83-9bae-5157ab664f94",
              "isHook": false,
              "skipped": true
            },
            {
              "title": "[P1][Sev1][search] should create namespace from create resource UI",
              "fullTitle": "Search: Search in Managed Cluster [P1][Sev1][search] should create namespace from create resource UI",
              "timedOut": null,
              "duration": 0,
              "state": "skipped",
              "speed": null,
              "pass": false,
              "fail": false,
              "pending": false,
              "context": null,
              "code": "_resource.resourcePage.whenGoToResourcePage();\n_resource.resourcePage.whenSelectTargetCluster(this.clusterName);\n_resource.resourcePage.whenCreateNamespace(this.namespace);",
              "err": {},
              "uuid": "e918d021-c71b-4ce3-8aef-9d610e85b621",
              "parentUUID": "a50869bf-a4cc-4a83-9bae-5157ab664f94",
              "isHook": false,
              "skipped": true
            },
            {
              "title": "[P1][Sev1][search] should verify that namespace already exist",
              "fullTitle": "Search: Search in Managed Cluster [P1][Sev1][search] should verify that namespace already exist",
              "timedOut": null,
              "duration": 0,
              "state": "skipped",
              "speed": null,
              "pass": false,
              "fail": false,
              "pending": false,
              "context": null,
              "code": "_resource.resourcePage.whenGoToResourcePage();\n_resource.resourcePage.whenSelectTargetCluster(this.clusterName);\n_resource.resourcePage.whenCreateNamespace(this.namespace, true);",
              "err": {},
              "uuid": "5976cc15-1969-4077-8080-234fd4f72ddf",
              "parentUUID": "a50869bf-a4cc-4a83-9bae-5157ab664f94",
              "isHook": false,
              "skipped": true
            },
            {
              "title": "[P1][Sev1][search] should create deployment from create resource UI",
              "fullTitle": "Search: Search in Managed Cluster [P1][Sev1][search] should create deployment from create resource UI",
              "timedOut": null,
              "duration": 0,
              "state": "skipped",
              "speed": null,
              "pass": false,
              "fail": false,
              "pending": false,
              "context": null,
              "code": "_resource.resourcePage.whenGoToResourcePage();\n_resource.resourcePage.whenSelectTargetCluster(this.clusterName);\n_resource.resourcePage.whenCreateDeployment(this.namespace, this.namespace + '-deployment', 'openshift/hello-openshift');",
              "err": {},
              "uuid": "d781e7d8-7c75-44ce-82e5-ac5896201abe",
              "parentUUID": "a50869bf-a4cc-4a83-9bae-5157ab664f94",
              "isHook": false,
              "skipped": true
            },
            {
              "title": "[P1][Sev1][search] should verify that deployment resource exist",
              "fullTitle": "Search: Search in Managed Cluster [P1][Sev1][search] should verify that deployment resource exist",
              "timedOut": null,
              "duration": 0,
              "state": "skipped",
              "speed": null,
              "pass": false,
              "fail": false,
              "pending": false,
              "context": null,
              "code": "cy.waitUsingSLA();\n_resource.resourcePage.whenGoToResourcePage();\n_resource.resourcePage.whenSelectTargetCluster(this.clusterName);\n_resource.resourcePage.whenCreateDeployment(this.namespace, this.namespace + '-deployment', 'openshift/hello-openshift', true);\ncy.logout(); // WORKAROUND, we shouldn't need to logout to see new resources. Potential product bug to investigate.\ncy.login();",
              "err": {},
              "uuid": "492b3574-22e3-44b4-b3b5-60fc36ec3662",
              "parentUUID": "a50869bf-a4cc-4a83-9bae-5157ab664f94",
              "isHook": false,
              "skipped": true
            }
          ],
          "suites": [
            {
              "uuid": "0023d8a9-0787-4424-82f7-4ee62ed89e57",
              "title": "search resources",
              "fullFile": "",
              "file": "",
              "beforeHooks": [],
              "afterHooks": [],
              "tests": [
                {
                  "title": "[P3][Sev3][search] should have expected count of relationships",
                  "fullTitle": "Search: Search in Managed Cluster search resources [P3][Sev3][search] should have expected count of relationships",
                  "timedOut": null,
                  "duration": 0,
                  "state": "skipped",
                  "speed": null,
                  "pass": false,
                  "fail": false,
                  "pending": false,
                  "context": null,
                  "code": "_search.searchPage.shouldLoadResults();\n_search.searchPage.whenExpandRelationshipTiles();\n_search.searchPage.shouldFindRelationshipTile('cluster', '1');\n_search.searchPage.shouldFindRelationshipTile('deployment', '1');\n_search.searchPage.shouldFindRelationshipTile('pod', '1');",
                  "err": {},
                  "uuid": "3d48eb82-02e4-428c-a142-02e963f0b4e9",
                  "parentUUID": null,
                  "isHook": false,
                  "skipped": true
                },
                {
                  "title": "[P1][Sev1][search] should work kind filter for deployment",
                  "fullTitle": "Search: Search in Managed Cluster search resources [P1][Sev1][search] should work kind filter for deployment",
                  "timedOut": null,
                  "duration": 0,
                  "state": "skipped",
                  "speed": null,
                  "pass": false,
                  "fail": false,
                  "pending": false,
                  "context": null,
                  "code": "_search.searchBar.whenFilterByKind('deployment');\n_search.searchPage.shouldFindResourceDetailItem('deployment', this.namespace + '-deployment');",
                  "err": {},
                  "uuid": "590dee3e-28e2-4586-b75d-db5b0e41fc90",
                  "parentUUID": null,
                  "isHook": false,
                  "skipped": true
                },
                {
                  "title": "[P1][Sev1][search] should work kind filter for pod",
                  "fullTitle": "Search: Search in Managed Cluster search resources [P1][Sev1][search] should work kind filter for pod",
                  "timedOut": null,
                  "duration": 0,
                  "state": "skipped",
                  "speed": null,
                  "pass": false,
                  "fail": false,
                  "pending": false,
                  "context": null,
                  "code": "_search.searchBar.whenFilterByKind('pod');\n_search.searchPage.shouldFindResourceDetailItem('pod', this.namespace + '-deployment-');",
                  "err": {},
                  "uuid": "9dbe659d-ab83-4ea1-ad60-b51f742ed0af",
                  "parentUUID": null,
                  "isHook": false,
                  "skipped": true
                },
                {
                  "title": "[P2][Sev2][search] should see pod logs",
                  "fullTitle": "Search: Search in Managed Cluster search resources [P2][Sev2][search] should see pod logs",
                  "timedOut": null,
                  "duration": 0,
                  "state": "skipped",
                  "speed": null,
                  "pass": false,
                  "fail": false,
                  "pending": false,
                  "context": null,
                  "code": "_search.searchBar.whenFilterByKind('pod');\n_search.searchPage.whenGoToResourceDetailItemPage('pod', this.namespace + '-deployment-');\n_podDetailPage.podDetailPage.whenClickOnLogsTab(); // podDetailPage.shouldSeeLogs('serving on') // FIXME Jorge - Temporarily disabled to allow merging current progress.",
                  "err": {},
                  "uuid": "95a7d365-4c69-4042-bbbf-cb330586a23d",
                  "parentUUID": null,
                  "isHook": false,
                  "skipped": true
                },
                {
                  "title": "[P2][Sev2][search] should delete pod",
                  "fullTitle": "Search: Search in Managed Cluster search resources [P2][Sev2][search] should delete pod",
                  "timedOut": null,
                  "duration": 0,
                  "state": "skipped",
                  "speed": null,
                  "pass": false,
                  "fail": false,
                  "pending": false,
                  "context": null,
                  "code": "_search.searchBar.whenFilterByKind('pod');\n_search.searchPage.whenDeleteResourceDetailItem('pod', this.namespace + '-deployment');\n_search.searchPage.shouldBeResourceDetailItemCreatedFewSecondsAgo('pod', this.namespace + '-deployment');",
                  "err": {},
                  "uuid": "ffbbfe21-29e6-41cd-8ed9-0fa70eaa9718",
                  "parentUUID": null,
                  "isHook": false,
                  "skipped": true
                },
                {
                  "title": "[P3][Sev3][search] should scale deployment",
                  "fullTitle": "Search: Search in Managed Cluster search resources [P3][Sev3][search] should scale deployment",
                  "timedOut": null,
                  "duration": 0,
                  "state": "skipped",
                  "speed": null,
                  "pass": false,
                  "fail": false,
                  "pending": false,
                  "context": null,
                  "code": "_search.searchBar.whenFilterByKind('deployment');\n_search.searchPage.whenGoToResourceDetailItemPage('deployment', this.namespace + '-deployment');\n_deploymentDetailPage.deploymentDetailPage.whenScaleReplicasTo(2);\ncy.waitUsingSLA(); // WORKAROUND to wait for resource to get indexed. Better solution is to retry instead of a hard wait.",
                  "err": {},
                  "uuid": "301acce4-5844-4fdb-9113-e02d6ab7099e",
                  "parentUUID": null,
                  "isHook": false,
                  "skipped": true
                },
                {
                  "title": "[P3][Sev3][search] should verify that the deployment scaled",
                  "fullTitle": "Search: Search in Managed Cluster search resources [P3][Sev3][search] should verify that the deployment scaled",
                  "timedOut": null,
                  "duration": 0,
                  "state": "skipped",
                  "speed": null,
                  "pass": false,
                  "fail": false,
                  "pending": false,
                  "context": null,
                  "code": "_search.searchBar.whenFilterByKind('deployment');\n_search.searchBar.whenFilterByName(this.namespace + '-deployment');\n_search.searchPage.shouldFindRelationshipTile('pod', '2');",
                  "err": {},
                  "uuid": "a70e8966-9059-48cb-832a-bb5205420fed",
                  "parentUUID": null,
                  "isHook": false,
                  "skipped": true
                },
                {
                  "title": "[P2][Sev2][search] should delete deployment",
                  "fullTitle": "Search: Search in Managed Cluster search resources [P2][Sev2][search] should delete deployment",
                  "timedOut": null,
                  "duration": 0,
                  "state": "skipped",
                  "speed": null,
                  "pass": false,
                  "fail": false,
                  "pending": false,
                  "context": null,
                  "code": "_search.searchBar.whenFilterByKind('deployment');\n_search.searchPage.whenDeleteResourceDetailItem('deployment', this.namespace + '-deployment');",
                  "err": {},
                  "uuid": "b07b717f-4be0-4e04-be4e-2aab76e98bb5",
                  "parentUUID": null,
                  "isHook": false,
                  "skipped": true
                },
                {
                  "title": "[P2][Sev2][search] should validate deployment was deleted",
                  "fullTitle": "Search: Search in Managed Cluster search resources [P2][Sev2][search] should validate deployment was deleted",
                  "timedOut": null,
                  "duration": 0,
                  "state": "skipped",
                  "speed": null,
                  "pass": false,
                  "fail": false,
                  "pending": false,
                  "context": null,
                  "code": "_search.searchBar.whenFilterByKind('deployment', true);\n_search.searchBar.whenFilterByName(this.namespace + '-deployment', true);\n_search.searchPage.shouldFindNoResults();",
                  "err": {},
                  "uuid": "ff1d8e68-1079-4069-843e-59ff8352b845",
                  "parentUUID": null,
                  "isHook": false,
                  "skipped": true
                },
                {
                  "title": "[P2][Sev2][search] should delete namespace",
                  "fullTitle": "Search: Search in Managed Cluster search resources [P2][Sev2][search] should delete namespace",
                  "timedOut": null,
                  "duration": 0,
                  "state": "skipped",
                  "speed": null,
                  "pass": false,
                  "fail": false,
                  "pending": false,
                  "context": null,
                  "code": "_search.searchPage.whenDeleteNamespace(this.namespace);",
                  "err": {},
                  "uuid": "f303a7d5-123e-4f26-85bd-94d6b337d9b0",
                  "parentUUID": null,
                  "isHook": false,
                  "skipped": true
                },
                {
                  "title": "[P2][Sev2][search] should validate namespace was deleted",
                  "fullTitle": "Search: Search in Managed Cluster search resources [P2][Sev2][search] should validate namespace was deleted",
                  "timedOut": null,
                  "duration": 225,
                  "state": "failed",
                  "speed": null,
                  "pass": false,
                  "fail": true,
                  "pending": false,
                  "context": null,
                  "code": "_search.searchPage.shouldFindNoResults();",
                  "err": {
                    "message": "AssertionError: expected null to exist\n\nBecause this error occurred during a `after all` hook we are skipping the remaining tests in the current suite: `Search: Search in Managed C...`\n\nAlthough you have test retries enabled, we do not retry tests when `before all` or `after all` hooks fail",
                    "estack": "AssertionError: expected null to exist\n\nBecause this error occurred during a `after all` hook we are skipping the remaining tests in the current suite: `Search: Search in Managed C...`\n\nAlthough you have test retries enabled, we do not retry tests when `before all` or `after all` hooks fail\n    at Context.eval (https://multicloud-console.apps.acmqeosd.y0wn.p1.openshiftapps.com/__cypress/tests?p=tests/cypress/support/index.js:2759:43)",
                    "diff": null
                  },
                  "uuid": "d0227d0d-8b89-4752-a661-13d25b4f7353",
                  "parentUUID": null,
                  "isHook": false,
                  "skipped": false
                }
              ],
              "suites": [],
              "passes": [],
              "failures": [
                "d0227d0d-8b89-4752-a661-13d25b4f7353"
              ],
              "pending": [],
              "skipped": [
                "3d48eb82-02e4-428c-a142-02e963f0b4e9",
                "590dee3e-28e2-4586-b75d-db5b0e41fc90",
                "9dbe659d-ab83-4ea1-ad60-b51f742ed0af",
                "95a7d365-4c69-4042-bbbf-cb330586a23d",
                "ffbbfe21-29e6-41cd-8ed9-0fa70eaa9718",
                "301acce4-5844-4fdb-9113-e02d6ab7099e",
                "a70e8966-9059-48cb-832a-bb5205420fed",
                "b07b717f-4be0-4e04-be4e-2aab76e98bb5",
                "ff1d8e68-1079-4069-843e-59ff8352b845",
                "f303a7d5-123e-4f26-85bd-94d6b337d9b0"
              ],
              "duration": 225,
              "root": false,
              "rootEmpty": false,
              "_timeout": 2000
            }
          ],
          "passes": [],
          "failures": [
            "7393d75c-4fd9-4250-8ef3-df2a1fe119c3"
          ],
          "pending": [],
          "skipped": [
            "03c8c2b9-1e96-4396-b73a-2d0a53d784d9",
            "e918d021-c71b-4ce3-8aef-9d610e85b621",
            "5976cc15-1969-4077-8080-234fd4f72ddf",
            "d781e7d8-7c75-44ce-82e5-ac5896201abe",
            "492b3574-22e3-44b4-b3b5-60fc36ec3662"
          ],
          "duration": 0,
          "root": false,
          "rootEmpty": false,
          "_timeout": 2000
        }
      ],
      "passes": [],
      "failures": [],
      "pending": [],
      "skipped": [],
      "duration": 0,
      "root": true,
      "rootEmpty": true,
      "_timeout": 2000
    },
    {
      "uuid": "085d81be-5228-4728-9880-0b4d7e6588a2",
      "title": "",
      "fullFile": "tests/cypress/tests/filters.spec.js",
      "file": "testscypress/tests/filters.spec.js",
      "beforeHooks": [],
      "afterHooks": [],
      "tests": [],
      "suites": [
        {
          "uuid": "a3994439-fc12-4327-ad11-7fb1b131fda7",
          "title": "Search: Search using filters",
          "fullFile": "",
          "file": "",
          "beforeHooks": [],
          "afterHooks": [],
          "tests": [],
          "suites": [
            {
              "uuid": "7a1c9c8c-f9ed-4168-9207-32454530ce93",
              "title": "[P1][Sev1][search] Search using \"name\" filter",
              "fullFile": "",
              "file": "",
              "beforeHooks": [],
              "afterHooks": [],
              "tests": [
                {
                  "title": "should suggest values",
                  "fullTitle": "Search: Search using filters [P1][Sev1][search] Search using \"name\" filter should suggest values",
                  "timedOut": null,
                  "duration": 0,
                  "state": "failed",
                  "speed": null,
                  "pass": false,
                  "fail": true,
                  "pending": false,
                  "context": null,
                  "code": "_search.searchBar.whenEnterTextInSearchBar(filter.type);\n_search.searchBar.shouldSuggestValues();",
                  "err": {
                    "message": "AssertionError: Timed out retrying: Expected to find content: 'kube:admin' but never did.\n\nBecause this error occurred during a `before all` hook we are skipping the remaining tests in the current suite: `Search: Search using filters`\n\nAlthough you have test retries enabled, we do not retry tests when `before all` or `after all` hooks fail",
                    "estack": "AssertionError: Timed out retrying: Expected to find content: 'kube:admin' but never did.\n\nBecause this error occurred during a `before all` hook we are skipping the remaining tests in the current suite: `Search: Search using filters`\n\nAlthough you have test retries enabled, we do not retry tests when `before all` or `after all` hooks fail\n    at Context.eval (https://multicloud-console.apps.acmqeosd.y0wn.p1.openshiftapps.com/__cypress/tests?p=tests/cypress/support/index.js:2656:46)",
                    "diff": null
                  },
                  "uuid": "2add2f15-becf-44bf-9082-68030178bdbc",
                  "parentUUID": null,
                  "isHook": false,
                  "skipped": false
                },
                {
                  "title": "should filter by next suggestion",
                  "fullTitle": "Search: Search using filters [P1][Sev1][search] Search using \"name\" filter should filter by next suggestion",
                  "timedOut": null,
                  "duration": 0,
                  "state": "skipped",
                  "speed": null,
                  "pass": false,
                  "fail": false,
                  "pending": false,
                  "context": null,
                  "code": "_search.searchBar.whenEnterTextInSearchBar(filter.type);\nvalue.add();\nisValidSearchQuery();",
                  "err": {},
                  "uuid": "20d5a364-5c23-4449-97fd-5b3fcd876da6",
                  "parentUUID": null,
                  "isHook": false,
                  "skipped": true
                }
              ],
              "suites": [],
              "passes": [],
              "failures": [
                "2add2f15-becf-44bf-9082-68030178bdbc"
              ],
              "pending": [],
              "skipped": [
                "20d5a364-5c23-4449-97fd-5b3fcd876da6"
              ],
              "duration": 0,
              "root": false,
              "rootEmpty": false,
              "_timeout": 2000
            },
            {
              "uuid": "a4ed0981-740c-42ad-9f3a-7823e065dce2",
              "title": "[P1][Sev1][search] Search using \"label\" filter",
              "fullFile": "",
              "file": "",
              "beforeHooks": [],
              "afterHooks": [],
              "tests": [
                {
                  "title": "should suggest values",
                  "fullTitle": "Search: Search using filters [P1][Sev1][search] Search using \"label\" filter should suggest values",
                  "timedOut": null,
                  "duration": 0,
                  "state": "skipped",
                  "speed": null,
                  "pass": false,
                  "fail": false,
                  "pending": false,
                  "context": null,
                  "code": "_search.searchBar.whenEnterTextInSearchBar(filter.type);\n_search.searchBar.shouldSuggestValues();",
                  "err": {},
                  "uuid": "379ae5a9-b7a7-48a8-b6b0-c890da5f1b56",
                  "parentUUID": null,
                  "isHook": false,
                  "skipped": true
                },
                {
                  "title": "should filter by next suggestion",
                  "fullTitle": "Search: Search using filters [P1][Sev1][search] Search using \"label\" filter should filter by next suggestion",
                  "timedOut": null,
                  "duration": 0,
                  "state": "skipped",
                  "speed": null,
                  "pass": false,
                  "fail": false,
                  "pending": false,
                  "context": null,
                  "code": "_search.searchBar.whenEnterTextInSearchBar(filter.type);\nvalue.add();\nisValidSearchQuery();",
                  "err": {},
                  "uuid": "d5fd75a1-4550-4e0a-9547-6ec0cb0bda20",
                  "parentUUID": null,
                  "isHook": false,
                  "skipped": true
                }
              ],
              "suites": [],
              "passes": [],
              "failures": [],
              "pending": [],
              "skipped": [
                "379ae5a9-b7a7-48a8-b6b0-c890da5f1b56",
                "d5fd75a1-4550-4e0a-9547-6ec0cb0bda20"
              ],
              "duration": 0,
              "root": false,
              "rootEmpty": false,
              "_timeout": 2000
            },
            {
              "uuid": "38758040-fa96-4881-8af1-7d3208f67d4e",
              "title": "[P1][Sev1][search] Search using \"kind\" filter",
              "fullFile": "",
              "file": "",
              "beforeHooks": [],
              "afterHooks": [],
              "tests": [
                {
                  "title": "should suggest values",
                  "fullTitle": "Search: Search using filters [P1][Sev1][search] Search using \"kind\" filter should suggest values",
                  "timedOut": null,
                  "duration": 0,
                  "state": "skipped",
                  "speed": null,
                  "pass": false,
                  "fail": false,
                  "pending": false,
                  "context": null,
                  "code": "_search.searchBar.whenEnterTextInSearchBar(filter.type);\n_search.searchBar.shouldSuggestValues();",
                  "err": {},
                  "uuid": "2659b99b-20dc-4e82-9850-e03ff6bdf1f4",
                  "parentUUID": null,
                  "isHook": false,
                  "skipped": true
                },
                {
                  "title": "should filter by next suggestion",
                  "fullTitle": "Search: Search using filters [P1][Sev1][search] Search using \"kind\" filter should filter by next suggestion",
                  "timedOut": null,
                  "duration": 0,
                  "state": "skipped",
                  "speed": null,
                  "pass": false,
                  "fail": false,
                  "pending": false,
                  "context": null,
                  "code": "_search.searchBar.whenEnterTextInSearchBar(filter.type);\nvalue.add();\nisValidSearchQuery();",
                  "err": {},
                  "uuid": "d3917a64-34ac-47fc-9cc0-c5720188a2fe",
                  "parentUUID": null,
                  "isHook": false,
                  "skipped": true
                },
                {
                  "title": "should filter by multiple values",
                  "fullTitle": "Search: Search using filters [P1][Sev1][search] Search using \"kind\" filter should filter by multiple values",
                  "timedOut": null,
                  "duration": 0,
                  "state": "skipped",
                  "speed": null,
                  "pass": false,
                  "fail": false,
                  "pending": false,
                  "context": null,
                  "code": "for (var idx = 1; idx <= numValues; idx++) {\n  _search.searchBar.whenEnterTextInSearchBar(filter.type);\n  _search.searchBar.whenSelectFirstSuggestedValue();\n}\nisValidSearchQuery();",
                  "err": {},
                  "uuid": "e70522ca-09ac-481f-ad45-feb41acf56f9",
                  "parentUUID": null,
                  "isHook": false,
                  "skipped": true
                },
                {
                  "title": "should filter by combination with \"next suggestion\" value and \"name\" filter with \"next suggestion\" value",
                  "fullTitle": "Search: Search using filters [P1][Sev1][search] Search using \"kind\" filter should filter by combination with \"next suggestion\" value and \"name\" filter with \"next suggestion\" value",
                  "timedOut": null,
                  "duration": 0,
                  "state": "skipped",
                  "speed": null,
                  "pass": false,
                  "fail": false,
                  "pending": false,
                  "context": null,
                  "code": "_search.searchBar.whenEnterTextInSearchBar(filter.type);\nvalue.add();\n_search.searchBar.whenEnterTextInSearchBar(dependant.type);\ndepValue.add();\nisValidSearchQuery();",
                  "err": {},
                  "uuid": "ac104a6f-1370-48f4-adbf-78b616d9f4e0",
                  "parentUUID": null,
                  "isHook": false,
                  "skipped": true
                },
                {
                  "title": "should filter by combination with \"next suggestion\" value and \"label\" filter with \"next suggestion\" value",
                  "fullTitle": "Search: Search using filters [P1][Sev1][search] Search using \"kind\" filter should filter by combination with \"next suggestion\" value and \"label\" filter with \"next suggestion\" value",
                  "timedOut": null,
                  "duration": 0,
                  "state": "skipped",
                  "speed": null,
                  "pass": false,
                  "fail": false,
                  "pending": false,
                  "context": null,
                  "code": "_search.searchBar.whenEnterTextInSearchBar(filter.type);\nvalue.add();\n_search.searchBar.whenEnterTextInSearchBar(dependant.type);\ndepValue.add();\nisValidSearchQuery();",
                  "err": {},
                  "uuid": "99e790da-d3e6-44af-8343-427866266e0f",
                  "parentUUID": null,
                  "isHook": false,
                  "skipped": true
                }
              ],
              "suites": [],
              "passes": [],
              "failures": [],
              "pending": [],
              "skipped": [
                "2659b99b-20dc-4e82-9850-e03ff6bdf1f4",
                "d3917a64-34ac-47fc-9cc0-c5720188a2fe",
                "e70522ca-09ac-481f-ad45-feb41acf56f9",
                "ac104a6f-1370-48f4-adbf-78b616d9f4e0",
                "99e790da-d3e6-44af-8343-427866266e0f"
              ],
              "duration": 0,
              "root": false,
              "rootEmpty": false,
              "_timeout": 2000
            },
            {
              "uuid": "88da2190-9f68-4616-8f0d-a61949390b81",
              "title": "[P1][Sev1][search] Search using \"role\" filter",
              "fullFile": "",
              "file": "",
              "beforeHooks": [],
              "afterHooks": [],
              "tests": [
                {
                  "title": "should suggest values",
                  "fullTitle": "Search: Search using filters [P1][Sev1][search] Search using \"role\" filter should suggest values",
                  "timedOut": null,
                  "duration": 0,
                  "state": "skipped",
                  "speed": null,
                  "pass": false,
                  "fail": false,
                  "pending": false,
                  "context": null,
                  "code": "_search.searchBar.whenEnterTextInSearchBar(filter.type);\n_search.searchBar.shouldSuggestValues();",
                  "err": {},
                  "uuid": "2ae44040-bdd4-40d1-8363-62812e499369",
                  "parentUUID": null,
                  "isHook": false,
                  "skipped": true
                },
                {
                  "title": "should filter by master",
                  "fullTitle": "Search: Search using filters [P1][Sev1][search] Search using \"role\" filter should filter by master",
                  "timedOut": null,
                  "duration": 0,
                  "state": "skipped",
                  "speed": null,
                  "pass": false,
                  "fail": false,
                  "pending": false,
                  "context": null,
                  "code": "_search.searchBar.whenEnterTextInSearchBar(filter.type);\nvalue.add();\nisValidSearchQuery();",
                  "err": {},
                  "uuid": "cae4c7c1-7cd8-4fc8-bd03-ace80b43f2e3",
                  "parentUUID": null,
                  "isHook": false,
                  "skipped": true
                },
                {
                  "title": "should filter by worker",
                  "fullTitle": "Search: Search using filters [P1][Sev1][search] Search using \"role\" filter should filter by worker",
                  "timedOut": null,
                  "duration": 0,
                  "state": "skipped",
                  "speed": null,
                  "pass": false,
                  "fail": false,
                  "pending": false,
                  "context": null,
                  "code": "_search.searchBar.whenEnterTextInSearchBar(filter.type);\nvalue.add();\nisValidSearchQuery();",
                  "err": {},
                  "uuid": "b46fff72-a6fa-41f7-aa67-6b7eaf4d58b3",
                  "parentUUID": null,
                  "isHook": false,
                  "skipped": true
                },
                {
                  "title": "should filter by multiple values",
                  "fullTitle": "Search: Search using filters [P1][Sev1][search] Search using \"role\" filter should filter by multiple values",
                  "timedOut": null,
                  "duration": 0,
                  "state": "skipped",
                  "speed": null,
                  "pass": false,
                  "fail": false,
                  "pending": false,
                  "context": null,
                  "code": "for (var idx = 1; idx <= numValues; idx++) {\n  _search.searchBar.whenEnterTextInSearchBar(filter.type);\n  _search.searchBar.whenSelectFirstSuggestedValue();\n}\nisValidSearchQuery();",
                  "err": {},
                  "uuid": "9363a88d-5ae7-40a9-9985-cf2f7cb244fd",
                  "parentUUID": null,
                  "isHook": false,
                  "skipped": true
                }
              ],
              "suites": [],
              "passes": [],
              "failures": [],
              "pending": [],
              "skipped": [
                "2ae44040-bdd4-40d1-8363-62812e499369",
                "cae4c7c1-7cd8-4fc8-bd03-ace80b43f2e3",
                "b46fff72-a6fa-41f7-aa67-6b7eaf4d58b3",
                "9363a88d-5ae7-40a9-9985-cf2f7cb244fd"
              ],
              "duration": 0,
              "root": false,
              "rootEmpty": false,
              "_timeout": 2000
            },
            {
              "uuid": "38d64ed0-f827-4371-84ee-19b8ad0a05ea",
              "title": "[P1][Sev1][search] Search using \"status\" filter",
              "fullFile": "",
              "file": "",
              "beforeHooks": [],
              "afterHooks": [],
              "tests": [
                {
                  "title": "should suggest values",
                  "fullTitle": "Search: Search using filters [P1][Sev1][search] Search using \"status\" filter should suggest values",
                  "timedOut": null,
                  "duration": 0,
                  "state": "skipped",
                  "speed": null,
                  "pass": false,
                  "fail": false,
                  "pending": false,
                  "context": null,
                  "code": "_search.searchBar.whenEnterTextInSearchBar(filter.type);\n_search.searchBar.shouldSuggestValues();",
                  "err": {},
                  "uuid": "3c0b0997-c389-48c6-8c5e-fdd1be89ea86",
                  "parentUUID": null,
                  "isHook": false,
                  "skipped": true
                },
                {
                  "title": "should filter by next suggestion",
                  "fullTitle": "Search: Search using filters [P1][Sev1][search] Search using \"status\" filter should filter by next suggestion",
                  "timedOut": null,
                  "duration": 0,
                  "state": "skipped",
                  "speed": null,
                  "pass": false,
                  "fail": false,
                  "pending": false,
                  "context": null,
                  "code": "_search.searchBar.whenEnterTextInSearchBar(filter.type);\nvalue.add();\nisValidSearchQuery();",
                  "err": {},
                  "uuid": "d0a5e050-a526-409a-b816-5b0ff636164c",
                  "parentUUID": null,
                  "isHook": false,
                  "skipped": true
                },
                {
                  "title": "should suggest values",
                  "fullTitle": "Search: Search using filters [P1][Sev1][search] Search using \"status\" filter should suggest values",
                  "timedOut": null,
                  "duration": 0,
                  "state": "skipped",
                  "speed": null,
                  "pass": false,
                  "fail": false,
                  "pending": false,
                  "context": null,
                  "code": "_search.searchBar.whenEnterTextInSearchBar(filter.type);\n_search.searchBar.shouldSuggestValues();",
                  "err": {},
                  "uuid": "7b48d316-8b1e-4ff6-8340-746a28e06386",
                  "parentUUID": null,
                  "isHook": false,
                  "skipped": true
                },
                {
                  "title": "should filter by next suggestion",
                  "fullTitle": "Search: Search using filters [P1][Sev1][search] Search using \"status\" filter should filter by next suggestion",
                  "timedOut": null,
                  "duration": 0,
                  "state": "skipped",
                  "speed": null,
                  "pass": false,
                  "fail": false,
                  "pending": false,
                  "context": null,
                  "code": "_search.searchBar.whenEnterTextInSearchBar(filter.type);\nvalue.add();\nisValidSearchQuery();",
                  "err": {},
                  "uuid": "736ab6fd-54b5-4eaf-a53d-dd6e953c8210",
                  "parentUUID": null,
                  "isHook": false,
                  "skipped": true
                },
                {
                  "title": "should filter by multiple values",
                  "fullTitle": "Search: Search using filters [P1][Sev1][search] Search using \"status\" filter should filter by multiple values",
                  "timedOut": null,
                  "duration": 196,
                  "state": "failed",
                  "speed": null,
                  "pass": false,
                  "fail": true,
                  "pending": false,
                  "context": null,
                  "code": "for (var idx = 1; idx <= numValues; idx++) {\n  _search.searchBar.whenEnterTextInSearchBar(filter.type);\n  _search.searchBar.whenSelectFirstSuggestedValue();\n}\nisValidSearchQuery();",
                  "err": {
                    "message": "AssertionError: expected null to exist\n\nBecause this error occurred during a `after all` hook we are skipping the remaining tests in the current suite: `Search: Search using filters`\n\nAlthough you have test retries enabled, we do not retry tests when `before all` or `after all` hooks fail",
                    "estack": "AssertionError: expected null to exist\n\nBecause this error occurred during a `after all` hook we are skipping the remaining tests in the current suite: `Search: Search using filters`\n\nAlthough you have test retries enabled, we do not retry tests when `before all` or `after all` hooks fail\n    at Context.eval (https://multicloud-console.apps.acmqeosd.y0wn.p1.openshiftapps.com/__cypress/tests?p=tests/cypress/support/index.js:2759:43)",
                    "diff": null
                  },
                  "uuid": "83628946-ff5c-4fff-a014-8b52ae772031",
                  "parentUUID": null,
                  "isHook": false,
                  "skipped": false
                }
              ],
              "suites": [],
              "passes": [],
              "failures": [
                "83628946-ff5c-4fff-a014-8b52ae772031"
              ],
              "pending": [],
              "skipped": [
                "3c0b0997-c389-48c6-8c5e-fdd1be89ea86",
                "d0a5e050-a526-409a-b816-5b0ff636164c",
                "7b48d316-8b1e-4ff6-8340-746a28e06386",
                "736ab6fd-54b5-4eaf-a53d-dd6e953c8210"
              ],
              "duration": 196,
              "root": false,
              "rootEmpty": false,
              "_timeout": 2000
            }
          ],
          "passes": [],
          "failures": [],
          "pending": [],
          "skipped": [],
          "duration": 0,
          "root": false,
          "rootEmpty": false,
          "_timeout": 2000
        }
      ],
      "passes": [],
      "failures": [],
      "pending": [],
      "skipped": [],
      "duration": 0,
      "root": true,
      "rootEmpty": true,
      "_timeout": 2000
    },
    {
      "uuid": "3dc34382-7afc-4aa1-b0a7-ddddf58ab68e",
      "title": "",
      "fullFile": "tests/cypress/tests/linkPage.spec.js",
      "file": "testscypress/tests/linkPage.spec.js",
      "beforeHooks": [],
      "afterHooks": [],
      "tests": [],
      "suites": [
        {
          "uuid": "e7ed267a-b6d0-4b12-943b-ac60b997b634",
          "title": "Search: Linked page",
          "fullFile": "",
          "file": "",
          "beforeHooks": [],
          "afterHooks": [],
          "tests": [
            {
              "title": "[P2][Sev2][search] overview page should has link to search page",
              "fullTitle": "Search: Linked page [P2][Sev2][search] overview page should has link to search page",
              "timedOut": null,
              "duration": 0,
              "state": "failed",
              "speed": null,
              "pass": false,
              "fail": true,
              "pending": false,
              "context": null,
              "code": "_overview.overviewPage.shouldHaveLinkToSearchPage();",
              "err": {
                "message": "AssertionError: Timed out retrying: Expected to find content: 'kube:admin' but never did.\n\nBecause this error occurred during a `before all` hook we are skipping the remaining tests in the current suite: `Search: Linked page`\n\nAlthough you have test retries enabled, we do not retry tests when `before all` or `after all` hooks fail",
                "estack": "AssertionError: Timed out retrying: Expected to find content: 'kube:admin' but never did.\n\nBecause this error occurred during a `before all` hook we are skipping the remaining tests in the current suite: `Search: Linked page`\n\nAlthough you have test retries enabled, we do not retry tests when `before all` or `after all` hooks fail\n    at Context.eval (https://multicloud-console.apps.acmqeosd.y0wn.p1.openshiftapps.com/__cypress/tests?p=tests/cypress/support/index.js:2656:46)",
                "diff": null
              },
              "uuid": "cc840c1c-d762-436a-a717-4eb2089c534e",
              "parentUUID": "e7ed267a-b6d0-4b12-943b-ac60b997b634",
              "isHook": false,
              "skipped": false
            },
            {
              "title": "[P2][Sev2][search] clusters page should has link to search page",
              "fullTitle": "Search: Linked page [P2][Sev2][search] clusters page should has link to search page",
              "timedOut": null,
              "duration": 188,
              "state": "failed",
              "speed": null,
              "pass": false,
              "fail": true,
              "pending": false,
              "context": null,
              "code": "_clusters.clustersPage.shouldHaveLinkToSearchPage();",
              "err": {
                "message": "AssertionError: expected null to exist\n\nBecause this error occurred during a `after all` hook we are skipping the remaining tests in the current suite: `Search: Linked page`\n\nAlthough you have test retries enabled, we do not retry tests when `before all` or `after all` hooks fail",
                "estack": "AssertionError: expected null to exist\n\nBecause this error occurred during a `after all` hook we are skipping the remaining tests in the current suite: `Search: Linked page`\n\nAlthough you have test retries enabled, we do not retry tests when `before all` or `after all` hooks fail\n    at Context.eval (https://multicloud-console.apps.acmqeosd.y0wn.p1.openshiftapps.com/__cypress/tests?p=tests/cypress/support/index.js:2759:43)",
                "diff": null
              },
              "uuid": "32bcbdae-ab6e-43f0-b5c6-4d413b280047",
              "parentUUID": "e7ed267a-b6d0-4b12-943b-ac60b997b634",
              "isHook": false,
              "skipped": false
            }
          ],
          "suites": [],
          "passes": [],
          "failures": [
            "cc840c1c-d762-436a-a717-4eb2089c534e",
            "32bcbdae-ab6e-43f0-b5c6-4d413b280047"
          ],
          "pending": [],
          "skipped": [],
          "duration": 188,
          "root": false,
          "rootEmpty": false,
          "_timeout": 2000
        }
      ],
      "passes": [],
      "failures": [],
      "pending": [],
      "skipped": [],
      "duration": 0,
      "root": true,
      "rootEmpty": true,
      "_timeout": 2000
    },
    {
      "uuid": "abc2f3e8-acb8-4bfd-8390-18628baa01b1",
      "title": "",
      "fullFile": "tests/cypress/tests/overviewPage.spec.js",
      "file": "testscypress/tests/overviewPage.spec.js",
      "beforeHooks": [],
      "afterHooks": [],
      "tests": [],
      "suites": [
        {
          "uuid": "f22ccb94-efbe-4b8e-963e-9d38f56a1433",
          "title": "Search: Overview page",
          "fullFile": "",
          "file": "",
          "beforeHooks": [],
          "afterHooks": [],
          "tests": [
            {
              "title": "[P1][Sev1][search] should load",
              "fullTitle": "Search: Overview page [P1][Sev1][search] should load",
              "timedOut": null,
              "duration": 196,
              "state": "failed",
              "speed": null,
              "pass": false,
              "fail": true,
              "pending": false,
              "context": null,
              "code": "_overview.overviewPage.shouldLoad();",
              "err": {
                "message": "AssertionError: expected null to exist\n\nBecause this error occurred during a `after all` hook we are skipping the remaining tests in the current suite: `Search: Overview page`\n\nAlthough you have test retries enabled, we do not retry tests when `before all` or `after all` hooks fail",
                "estack": "AssertionError: expected null to exist\n\nBecause this error occurred during a `after all` hook we are skipping the remaining tests in the current suite: `Search: Overview page`\n\nAlthough you have test retries enabled, we do not retry tests when `before all` or `after all` hooks fail\n    at Context.eval (https://multicloud-console.apps.acmqeosd.y0wn.p1.openshiftapps.com/__cypress/tests?p=tests/cypress/support/index.js:2759:43)",
                "diff": null
              },
              "uuid": "7807d3fc-975e-4644-a507-21ca90fbc294",
              "parentUUID": "f22ccb94-efbe-4b8e-963e-9d38f56a1433",
              "isHook": false,
              "skipped": false
            }
          ],
          "suites": [],
          "passes": [],
          "failures": [
            "7807d3fc-975e-4644-a507-21ca90fbc294"
          ],
          "pending": [],
          "skipped": [],
          "duration": 196,
          "root": false,
          "rootEmpty": false,
          "_timeout": 2000
        }
      ],
      "passes": [],
      "failures": [],
      "pending": [],
      "skipped": [],
      "duration": 0,
      "root": true,
      "rootEmpty": true,
      "_timeout": 2000
    },
    {
      "uuid": "fdee762c-5453-45cc-b54b-f0b793ef7d1c",
      "title": "",
      "fullFile": "tests/cypress/tests/savedSearches.spec.js",
      "file": "testscypress/tests/savedSearches.spec.js",
      "beforeHooks": [],
      "afterHooks": [],
      "tests": [],
      "suites": [
        {
          "uuid": "261dc8e5-6376-4f2b-9404-6749c62f66a4",
          "title": "Search: Saved searches",
          "fullFile": "",
          "file": "",
          "beforeHooks": [],
          "afterHooks": [],
          "tests": [
            {
              "title": "[P2][Sev2][search] should find each managed cluster has default namespace",
              "fullTitle": "Search: Saved searches [P2][Sev2][search] should find each managed cluster has default namespace",
              "timedOut": null,
              "duration": 0,
              "state": "failed",
              "speed": null,
              "pass": false,
              "fail": true,
              "pending": false,
              "context": null,
              "code": "_savedSearches.savedSearches.validateClusterNamespace({\n  'namespace': 'default'\n}, '');",
              "err": {
                "message": "AssertionError: Timed out retrying: Expected to find content: 'kube:admin' but never did.\n\nBecause this error occurred during a `before all` hook we are skipping the remaining tests in the current suite: `Search: Saved searches`\n\nAlthough you have test retries enabled, we do not retry tests when `before all` or `after all` hooks fail",
                "estack": "AssertionError: Timed out retrying: Expected to find content: 'kube:admin' but never did.\n\nBecause this error occurred during a `before all` hook we are skipping the remaining tests in the current suite: `Search: Saved searches`\n\nAlthough you have test retries enabled, we do not retry tests when `before all` or `after all` hooks fail\n    at Context.eval (https://multicloud-console.apps.acmqeosd.y0wn.p1.openshiftapps.com/__cypress/tests?p=tests/cypress/support/index.js:2656:46)",
                "diff": null
              },
              "uuid": "ad6e7342-8414-4a75-866f-2c91a678878e",
              "parentUUID": "261dc8e5-6376-4f2b-9404-6749c62f66a4",
              "isHook": false,
              "skipped": false
            },
            {
              "title": "[P2][Sev2][search] should find open-cluster-management-agent namespace exists",
              "fullTitle": "Search: Saved searches [P2][Sev2][search] should find open-cluster-management-agent namespace exists",
              "timedOut": null,
              "duration": 0,
              "state": "skipped",
              "speed": null,
              "pass": false,
              "fail": false,
              "pending": false,
              "context": null,
              "code": "_savedSearches.savedSearches.validateClusterNamespace({\n  'kind': 'namespace',\n  'name': 'open-cluster-management-agent'\n}, 'has_local-cluster');",
              "err": {},
              "uuid": "8552c177-2e46-4f40-b622-b741fb13d9d1",
              "parentUUID": "261dc8e5-6376-4f2b-9404-6749c62f66a4",
              "isHook": false,
              "skipped": true
            },
            {
              "title": "[P2][Sev2][search] should be able to save current search",
              "fullTitle": "Search: Saved searches [P2][Sev2][search] should be able to save current search",
              "timedOut": null,
              "duration": 0,
              "state": "skipped",
              "speed": null,
              "pass": false,
              "fail": false,
              "pending": false,
              "context": null,
              "code": "_savedSearches.savedSearches.saveClusterNamespaceSearch({\n  'namespace': 'default'\n}, queryDefaultNamespaceName, queryDefaultNamespaceDesc);\n_savedSearches.savedSearches.saveClusterNamespaceSearch({\n  'kind': 'namespace',\n  'name': 'open-cluster-management-agent'\n}, queryOcmaNamespaceName, queryOcmaNamespaceDesc);",
              "err": {},
              "uuid": "34412dc4-7704-44aa-a6fa-d4ab29250589",
              "parentUUID": "261dc8e5-6376-4f2b-9404-6749c62f66a4",
              "isHook": false,
              "skipped": true
            },
            {
              "title": "[P2][Sev2][search] should be able to find the saved searches",
              "fullTitle": "Search: Saved searches [P2][Sev2][search] should be able to find the saved searches",
              "timedOut": null,
              "duration": 33560,
              "state": "failed",
              "speed": null,
              "pass": false,
              "fail": true,
              "pending": false,
              "context": null,
              "code": "_savedSearches.savedSearches.getSavedSearch(queryDefaultNamespaceName);\n_savedSearches.savedSearches.getSavedSearch(queryOcmaNamespaceName);",
              "err": {
                "message": "AssertionError: Timed out retrying: Expected to find element: `.pf-c-title.pf-m-md`, but never found it.\n\nBecause this error occurred during a `after all` hook we are skipping the remaining tests in the current suite: `Search: Saved searches`\n\nAlthough you have test retries enabled, we do not retry tests when `before all` or `after all` hooks fail",
                "estack": "AssertionError: Timed out retrying: Expected to find element: `.pf-c-title.pf-m-md`, but never found it.\n\nBecause this error occurred during a `after all` hook we are skipping the remaining tests in the current suite: `Search: Saved searches`\n\nAlthough you have test retries enabled, we do not retry tests when `before all` or `after all` hooks fail\n    at Object.whenDeleteSavedSearch (https://multicloud-console.apps.acmqeosd.y0wn.p1.openshiftapps.com/__cypress/tests?p=tests/cypress/tests/savedSearches.spec.js:1178:8)\n    at Context.eval (https://multicloud-console.apps.acmqeosd.y0wn.p1.openshiftapps.com/__cypress/tests?p=tests/cypress/tests/savedSearches.spec.js:1001:34)",
                "diff": null
              },
              "uuid": "d273192e-d178-4585-9c0a-a8a81ff5b447",
              "parentUUID": "261dc8e5-6376-4f2b-9404-6749c62f66a4",
              "isHook": false,
              "skipped": false
            }
          ],
          "suites": [],
          "passes": [],
          "failures": [
            "ad6e7342-8414-4a75-866f-2c91a678878e",
            "d273192e-d178-4585-9c0a-a8a81ff5b447"
          ],
          "pending": [],
          "skipped": [
            "8552c177-2e46-4f40-b622-b741fb13d9d1",
            "34412dc4-7704-44aa-a6fa-d4ab29250589"
          ],
          "duration": 33560,
          "root": false,
          "rootEmpty": false,
          "_timeout": 2000
        }
      ],
      "passes": [],
      "failures": [],
      "pending": [],
      "skipped": [],
      "duration": 0,
      "root": true,
      "rootEmpty": true,
      "_timeout": 2000
    },
    {
      "uuid": "b5d60239-d00f-4418-a25c-bcafcdb19b75",
      "title": "",
      "fullFile": "tests/cypress/tests/suggestedSearches.spec.js",
      "file": "testscypress/tests/suggestedSearches.spec.js",
      "beforeHooks": [],
      "afterHooks": [],
      "tests": [],
      "suites": [
        {
          "uuid": "650cf2a2-fe39-4725-8ad1-7c7f2327749b",
          "title": "Search: Verify the suggested search templates",
          "fullFile": "",
          "file": "",
          "beforeHooks": [],
          "afterHooks": [],
          "tests": [
            {
              "title": "[P3][Sev3][search] should see the workloads template & search tag in search items",
              "fullTitle": "Search: Verify the suggested search templates [P3][Sev3][search] should see the workloads template & search tag in search items",
              "timedOut": null,
              "duration": 0,
              "state": "failed",
              "speed": null,
              "pass": false,
              "fail": true,
              "pending": false,
              "context": null,
              "code": "_suggestedSearches.savedSearches.whenSelectCardWithTitle('Workloads');\n_suggestedSearches.searchBar.shouldContainTag('kind:daemonset,deployment,job,statefulset,replicaset');",
              "err": {
                "message": "AssertionError: Timed out retrying: Expected to find content: 'kube:admin' but never did.\n\nBecause this error occurred during a `before all` hook we are skipping the remaining tests in the current suite: `Search: Verify the suggeste...`\n\nAlthough you have test retries enabled, we do not retry tests when `before all` or `after all` hooks fail",
                "estack": "AssertionError: Timed out retrying: Expected to find content: 'kube:admin' but never did.\n\nBecause this error occurred during a `before all` hook we are skipping the remaining tests in the current suite: `Search: Verify the suggeste...`\n\nAlthough you have test retries enabled, we do not retry tests when `before all` or `after all` hooks fail\n    at Context.eval (https://multicloud-console.apps.acmqeosd.y0wn.p1.openshiftapps.com/__cypress/tests?p=tests/cypress/support/index.js:2656:46)",
                "diff": null
              },
              "uuid": "fe05beca-58ba-4b64-9aee-a48d168a63d8",
              "parentUUID": "650cf2a2-fe39-4725-8ad1-7c7f2327749b",
              "isHook": false,
              "skipped": false
            },
            {
              "title": "[P3][Sev3][search] should see the unhealthy pods template & search tag in search items",
              "fullTitle": "Search: Verify the suggested search templates [P3][Sev3][search] should see the unhealthy pods template & search tag in search items",
              "timedOut": null,
              "duration": 0,
              "state": "skipped",
              "speed": null,
              "pass": false,
              "fail": false,
              "pending": false,
              "context": null,
              "code": "_suggestedSearches.savedSearches.whenSelectCardWithTitle('Unhealthy pods');\n_suggestedSearches.searchBar.shouldContainTag('kind:pod');\n_suggestedSearches.searchBar.shouldContainTag('status:Pending,Error,Failed,Terminating,ImagePullBackOff,CrashLoopBackOff,RunContainerError,ContainerCreating');",
              "err": {},
              "uuid": "3cd8bcd9-71ea-4c19-88e0-a7d3c7b4fbbc",
              "parentUUID": "650cf2a2-fe39-4725-8ad1-7c7f2327749b",
              "isHook": false,
              "skipped": true
            },
            {
              "title": "[P3][Sev3][search] should see the created last hour template & search tag in search items",
              "fullTitle": "Search: Verify the suggested search templates [P3][Sev3][search] should see the created last hour template & search tag in search items",
              "timedOut": null,
              "duration": 188,
              "state": "failed",
              "speed": null,
              "pass": false,
              "fail": true,
              "pending": false,
              "context": null,
              "code": "_suggestedSearches.savedSearches.whenSelectCardWithTitle('Created last hour');\n_suggestedSearches.searchBar.shouldContainTag('created:hour');",
              "err": {
                "message": "AssertionError: expected null to exist\n\nBecause this error occurred during a `after all` hook we are skipping the remaining tests in the current suite: `Search: Verify the suggeste...`\n\nAlthough you have test retries enabled, we do not retry tests when `before all` or `after all` hooks fail",
                "estack": "AssertionError: expected null to exist\n\nBecause this error occurred during a `after all` hook we are skipping the remaining tests in the current suite: `Search: Verify the suggeste...`\n\nAlthough you have test retries enabled, we do not retry tests when `before all` or `after all` hooks fail\n    at Context.eval (https://multicloud-console.apps.acmqeosd.y0wn.p1.openshiftapps.com/__cypress/tests?p=tests/cypress/support/index.js:2759:43)",
                "diff": null
              },
              "uuid": "a8f286f1-c8a8-4c4f-9bd9-9de89f346e7a",
              "parentUUID": "650cf2a2-fe39-4725-8ad1-7c7f2327749b",
              "isHook": false,
              "skipped": false
            }
          ],
          "suites": [],
          "passes": [],
          "failures": [
            "fe05beca-58ba-4b64-9aee-a48d168a63d8",
            "a8f286f1-c8a8-4c4f-9bd9-9de89f346e7a"
          ],
          "pending": [],
          "skipped": [
            "3cd8bcd9-71ea-4c19-88e0-a7d3c7b4fbbc"
          ],
          "duration": 188,
          "root": false,
          "rootEmpty": false,
          "_timeout": 2000
        }
      ],
      "passes": [],
      "failures": [],
      "pending": [],
      "skipped": [],
      "duration": 0,
      "root": true,
      "rootEmpty": true,
      "_timeout": 2000
    }
  ],
  "meta": {
    "mocha": {
      "version": "7.0.1"
    },
    "mochawesome": {
      "options": {
        "quiet": false,
        "reportFilename": "mochawesome-report.json",
        "saveHtml": false,
        "saveJson": true,
        "consoleReporter": "spec",
        "useInlineDiffs": false,
        "code": true
      },
      "version": "6.1.1"
    },
    "marge": {
      "options": {
        "id": "default",
        "reportDir": "results/json",
        "reportFilename": "mochawesome-report.json",
        "overwrite": false,
        "html": false,
        "json": true
      },
      "version": "5.1.0"
    }
  }
}