{
  "stats": {
    "suites": 1,
    "tests": 1,
    "passes": 0,
    "pending": 0,
    "failures": 1,
    "start": "2021-04-15T08:57:54.377Z",
    "end": "2021-04-15T08:58:19.359Z",
    "duration": 24982,
    "testsRegistered": 18,
    "passPercent": 0,
    "pendingPercent": 0,
    "other": 1,
    "hasOther": true,
    "skipped": 17,
    "hasSkipped": true
  },
  "results": [
    {
      "uuid": "085d81be-5228-4728-9880-0b4d7e6588a2",
      "title": "",
      "fullFile": "tests/cypress/tests/filters.spec.js",
      "file": "testscypress/tests/filters.spec.js",
      "beforeHooks": [],
      "afterHooks": [],
      "tests": [],
      "suites": [
        {
          "uuid": "a3994439-fc12-4327-ad11-7fb1b131fda7",
          "title": "Search: Search using filters",
          "fullFile": "",
          "file": "",
          "beforeHooks": [],
          "afterHooks": [],
          "tests": [],
          "suites": [
            {
              "uuid": "7a1c9c8c-f9ed-4168-9207-32454530ce93",
              "title": "[P1][Sev1][search] Search using \"name\" filter",
              "fullFile": "",
              "file": "",
              "beforeHooks": [],
              "afterHooks": [],
              "tests": [
                {
                  "title": "should suggest values",
                  "fullTitle": "Search: Search using filters [P1][Sev1][search] Search using \"name\" filter should suggest values",
                  "timedOut": null,
                  "duration": 0,
                  "state": "failed",
                  "speed": null,
                  "pass": false,
                  "fail": true,
                  "pending": false,
                  "context": null,
                  "code": "_search.searchBar.whenEnterTextInSearchBar(filter.type);\n_search.searchBar.shouldSuggestValues();",
                  "err": {
                    "message": "AssertionError: Timed out retrying: Expected to find content: 'kube:admin' but never did.\n\nBecause this error occurred during a `before all` hook we are skipping the remaining tests in the current suite: `Search: Search using filters`\n\nAlthough you have test retries enabled, we do not retry tests when `before all` or `after all` hooks fail",
                    "estack": "AssertionError: Timed out retrying: Expected to find content: 'kube:admin' but never did.\n\nBecause this error occurred during a `before all` hook we are skipping the remaining tests in the current suite: `Search: Search using filters`\n\nAlthough you have test retries enabled, we do not retry tests when `before all` or `after all` hooks fail\n    at Context.eval (https://multicloud-console.apps.acmqeosd.y0wn.p1.openshiftapps.com/__cypress/tests?p=tests/cypress/support/index.js:2656:46)",
                    "diff": null
                  },
                  "uuid": "2add2f15-becf-44bf-9082-68030178bdbc",
                  "parentUUID": null,
                  "isHook": false,
                  "skipped": false
                },
                {
                  "title": "should filter by next suggestion",
                  "fullTitle": "Search: Search using filters [P1][Sev1][search] Search using \"name\" filter should filter by next suggestion",
                  "timedOut": null,
                  "duration": 0,
                  "state": "skipped",
                  "speed": null,
                  "pass": false,
                  "fail": false,
                  "pending": false,
                  "context": null,
                  "code": "_search.searchBar.whenEnterTextInSearchBar(filter.type);\nvalue.add();\nisValidSearchQuery();",
                  "err": {},
                  "uuid": "20d5a364-5c23-4449-97fd-5b3fcd876da6",
                  "parentUUID": null,
                  "isHook": false,
                  "skipped": true
                }
              ],
              "suites": [],
              "passes": [],
              "failures": [
                "2add2f15-becf-44bf-9082-68030178bdbc"
              ],
              "pending": [],
              "skipped": [
                "20d5a364-5c23-4449-97fd-5b3fcd876da6"
              ],
              "duration": 0,
              "root": false,
              "rootEmpty": false,
              "_timeout": 2000
            },
            {
              "uuid": "a4ed0981-740c-42ad-9f3a-7823e065dce2",
              "title": "[P1][Sev1][search] Search using \"label\" filter",
              "fullFile": "",
              "file": "",
              "beforeHooks": [],
              "afterHooks": [],
              "tests": [
                {
                  "title": "should suggest values",
                  "fullTitle": "Search: Search using filters [P1][Sev1][search] Search using \"label\" filter should suggest values",
                  "timedOut": null,
                  "duration": 0,
                  "state": "skipped",
                  "speed": null,
                  "pass": false,
                  "fail": false,
                  "pending": false,
                  "context": null,
                  "code": "_search.searchBar.whenEnterTextInSearchBar(filter.type);\n_search.searchBar.shouldSuggestValues();",
                  "err": {},
                  "uuid": "379ae5a9-b7a7-48a8-b6b0-c890da5f1b56",
                  "parentUUID": null,
                  "isHook": false,
                  "skipped": true
                },
                {
                  "title": "should filter by next suggestion",
                  "fullTitle": "Search: Search using filters [P1][Sev1][search] Search using \"label\" filter should filter by next suggestion",
                  "timedOut": null,
                  "duration": 0,
                  "state": "skipped",
                  "speed": null,
                  "pass": false,
                  "fail": false,
                  "pending": false,
                  "context": null,
                  "code": "_search.searchBar.whenEnterTextInSearchBar(filter.type);\nvalue.add();\nisValidSearchQuery();",
                  "err": {},
                  "uuid": "d5fd75a1-4550-4e0a-9547-6ec0cb0bda20",
                  "parentUUID": null,
                  "isHook": false,
                  "skipped": true
                }
              ],
              "suites": [],
              "passes": [],
              "failures": [],
              "pending": [],
              "skipped": [
                "379ae5a9-b7a7-48a8-b6b0-c890da5f1b56",
                "d5fd75a1-4550-4e0a-9547-6ec0cb0bda20"
              ],
              "duration": 0,
              "root": false,
              "rootEmpty": false,
              "_timeout": 2000
            },
            {
              "uuid": "38758040-fa96-4881-8af1-7d3208f67d4e",
              "title": "[P1][Sev1][search] Search using \"kind\" filter",
              "fullFile": "",
              "file": "",
              "beforeHooks": [],
              "afterHooks": [],
              "tests": [
                {
                  "title": "should suggest values",
                  "fullTitle": "Search: Search using filters [P1][Sev1][search] Search using \"kind\" filter should suggest values",
                  "timedOut": null,
                  "duration": 0,
                  "state": "skipped",
                  "speed": null,
                  "pass": false,
                  "fail": false,
                  "pending": false,
                  "context": null,
                  "code": "_search.searchBar.whenEnterTextInSearchBar(filter.type);\n_search.searchBar.shouldSuggestValues();",
                  "err": {},
                  "uuid": "2659b99b-20dc-4e82-9850-e03ff6bdf1f4",
                  "parentUUID": null,
                  "isHook": false,
                  "skipped": true
                },
                {
                  "title": "should filter by next suggestion",
                  "fullTitle": "Search: Search using filters [P1][Sev1][search] Search using \"kind\" filter should filter by next suggestion",
                  "timedOut": null,
                  "duration": 0,
                  "state": "skipped",
                  "speed": null,
                  "pass": false,
                  "fail": false,
                  "pending": false,
                  "context": null,
                  "code": "_search.searchBar.whenEnterTextInSearchBar(filter.type);\nvalue.add();\nisValidSearchQuery();",
                  "err": {},
                  "uuid": "d3917a64-34ac-47fc-9cc0-c5720188a2fe",
                  "parentUUID": null,
                  "isHook": false,
                  "skipped": true
                },
                {
                  "title": "should filter by multiple values",
                  "fullTitle": "Search: Search using filters [P1][Sev1][search] Search using \"kind\" filter should filter by multiple values",
                  "timedOut": null,
                  "duration": 0,
                  "state": "skipped",
                  "speed": null,
                  "pass": false,
                  "fail": false,
                  "pending": false,
                  "context": null,
                  "code": "for (var idx = 1; idx <= numValues; idx++) {\n  _search.searchBar.whenEnterTextInSearchBar(filter.type);\n  _search.searchBar.whenSelectFirstSuggestedValue();\n}\nisValidSearchQuery();",
                  "err": {},
                  "uuid": "e70522ca-09ac-481f-ad45-feb41acf56f9",
                  "parentUUID": null,
                  "isHook": false,
                  "skipped": true
                },
                {
                  "title": "should filter by combination with \"next suggestion\" value and \"name\" filter with \"next suggestion\" value",
                  "fullTitle": "Search: Search using filters [P1][Sev1][search] Search using \"kind\" filter should filter by combination with \"next suggestion\" value and \"name\" filter with \"next suggestion\" value",
                  "timedOut": null,
                  "duration": 0,
                  "state": "skipped",
                  "speed": null,
                  "pass": false,
                  "fail": false,
                  "pending": false,
                  "context": null,
                  "code": "_search.searchBar.whenEnterTextInSearchBar(filter.type);\nvalue.add();\n_search.searchBar.whenEnterTextInSearchBar(dependant.type);\ndepValue.add();\nisValidSearchQuery();",
                  "err": {},
                  "uuid": "ac104a6f-1370-48f4-adbf-78b616d9f4e0",
                  "parentUUID": null,
                  "isHook": false,
                  "skipped": true
                },
                {
                  "title": "should filter by combination with \"next suggestion\" value and \"label\" filter with \"next suggestion\" value",
                  "fullTitle": "Search: Search using filters [P1][Sev1][search] Search using \"kind\" filter should filter by combination with \"next suggestion\" value and \"label\" filter with \"next suggestion\" value",
                  "timedOut": null,
                  "duration": 0,
                  "state": "skipped",
                  "speed": null,
                  "pass": false,
                  "fail": false,
                  "pending": false,
                  "context": null,
                  "code": "_search.searchBar.whenEnterTextInSearchBar(filter.type);\nvalue.add();\n_search.searchBar.whenEnterTextInSearchBar(dependant.type);\ndepValue.add();\nisValidSearchQuery();",
                  "err": {},
                  "uuid": "99e790da-d3e6-44af-8343-427866266e0f",
                  "parentUUID": null,
                  "isHook": false,
                  "skipped": true
                }
              ],
              "suites": [],
              "passes": [],
              "failures": [],
              "pending": [],
              "skipped": [
                "2659b99b-20dc-4e82-9850-e03ff6bdf1f4",
                "d3917a64-34ac-47fc-9cc0-c5720188a2fe",
                "e70522ca-09ac-481f-ad45-feb41acf56f9",
                "ac104a6f-1370-48f4-adbf-78b616d9f4e0",
                "99e790da-d3e6-44af-8343-427866266e0f"
              ],
              "duration": 0,
              "root": false,
              "rootEmpty": false,
              "_timeout": 2000
            },
            {
              "uuid": "88da2190-9f68-4616-8f0d-a61949390b81",
              "title": "[P1][Sev1][search] Search using \"role\" filter",
              "fullFile": "",
              "file": "",
              "beforeHooks": [],
              "afterHooks": [],
              "tests": [
                {
                  "title": "should suggest values",
                  "fullTitle": "Search: Search using filters [P1][Sev1][search] Search using \"role\" filter should suggest values",
                  "timedOut": null,
                  "duration": 0,
                  "state": "skipped",
                  "speed": null,
                  "pass": false,
                  "fail": false,
                  "pending": false,
                  "context": null,
                  "code": "_search.searchBar.whenEnterTextInSearchBar(filter.type);\n_search.searchBar.shouldSuggestValues();",
                  "err": {},
                  "uuid": "2ae44040-bdd4-40d1-8363-62812e499369",
                  "parentUUID": null,
                  "isHook": false,
                  "skipped": true
                },
                {
                  "title": "should filter by master",
                  "fullTitle": "Search: Search using filters [P1][Sev1][search] Search using \"role\" filter should filter by master",
                  "timedOut": null,
                  "duration": 0,
                  "state": "skipped",
                  "speed": null,
                  "pass": false,
                  "fail": false,
                  "pending": false,
                  "context": null,
                  "code": "_search.searchBar.whenEnterTextInSearchBar(filter.type);\nvalue.add();\nisValidSearchQuery();",
                  "err": {},
                  "uuid": "cae4c7c1-7cd8-4fc8-bd03-ace80b43f2e3",
                  "parentUUID": null,
                  "isHook": false,
                  "skipped": true
                },
                {
                  "title": "should filter by worker",
                  "fullTitle": "Search: Search using filters [P1][Sev1][search] Search using \"role\" filter should filter by worker",
                  "timedOut": null,
                  "duration": 0,
                  "state": "skipped",
                  "speed": null,
                  "pass": false,
                  "fail": false,
                  "pending": false,
                  "context": null,
                  "code": "_search.searchBar.whenEnterTextInSearchBar(filter.type);\nvalue.add();\nisValidSearchQuery();",
                  "err": {},
                  "uuid": "b46fff72-a6fa-41f7-aa67-6b7eaf4d58b3",
                  "parentUUID": null,
                  "isHook": false,
                  "skipped": true
                },
                {
                  "title": "should filter by multiple values",
                  "fullTitle": "Search: Search using filters [P1][Sev1][search] Search using \"role\" filter should filter by multiple values",
                  "timedOut": null,
                  "duration": 0,
                  "state": "skipped",
                  "speed": null,
                  "pass": false,
                  "fail": false,
                  "pending": false,
                  "context": null,
                  "code": "for (var idx = 1; idx <= numValues; idx++) {\n  _search.searchBar.whenEnterTextInSearchBar(filter.type);\n  _search.searchBar.whenSelectFirstSuggestedValue();\n}\nisValidSearchQuery();",
                  "err": {},
                  "uuid": "9363a88d-5ae7-40a9-9985-cf2f7cb244fd",
                  "parentUUID": null,
                  "isHook": false,
                  "skipped": true
                }
              ],
              "suites": [],
              "passes": [],
              "failures": [],
              "pending": [],
              "skipped": [
                "2ae44040-bdd4-40d1-8363-62812e499369",
                "cae4c7c1-7cd8-4fc8-bd03-ace80b43f2e3",
                "b46fff72-a6fa-41f7-aa67-6b7eaf4d58b3",
                "9363a88d-5ae7-40a9-9985-cf2f7cb244fd"
              ],
              "duration": 0,
              "root": false,
              "rootEmpty": false,
              "_timeout": 2000
            },
            {
              "uuid": "38d64ed0-f827-4371-84ee-19b8ad0a05ea",
              "title": "[P1][Sev1][search] Search using \"status\" filter",
              "fullFile": "",
              "file": "",
              "beforeHooks": [],
              "afterHooks": [],
              "tests": [
                {
                  "title": "should suggest values",
                  "fullTitle": "Search: Search using filters [P1][Sev1][search] Search using \"status\" filter should suggest values",
                  "timedOut": null,
                  "duration": 0,
                  "state": "skipped",
                  "speed": null,
                  "pass": false,
                  "fail": false,
                  "pending": false,
                  "context": null,
                  "code": "_search.searchBar.whenEnterTextInSearchBar(filter.type);\n_search.searchBar.shouldSuggestValues();",
                  "err": {},
                  "uuid": "3c0b0997-c389-48c6-8c5e-fdd1be89ea86",
                  "parentUUID": null,
                  "isHook": false,
                  "skipped": true
                },
                {
                  "title": "should filter by next suggestion",
                  "fullTitle": "Search: Search using filters [P1][Sev1][search] Search using \"status\" filter should filter by next suggestion",
                  "timedOut": null,
                  "duration": 0,
                  "state": "skipped",
                  "speed": null,
                  "pass": false,
                  "fail": false,
                  "pending": false,
                  "context": null,
                  "code": "_search.searchBar.whenEnterTextInSearchBar(filter.type);\nvalue.add();\nisValidSearchQuery();",
                  "err": {},
                  "uuid": "d0a5e050-a526-409a-b816-5b0ff636164c",
                  "parentUUID": null,
                  "isHook": false,
                  "skipped": true
                },
                {
                  "title": "should suggest values",
                  "fullTitle": "Search: Search using filters [P1][Sev1][search] Search using \"status\" filter should suggest values",
                  "timedOut": null,
                  "duration": 0,
                  "state": "skipped",
                  "speed": null,
                  "pass": false,
                  "fail": false,
                  "pending": false,
                  "context": null,
                  "code": "_search.searchBar.whenEnterTextInSearchBar(filter.type);\n_search.searchBar.shouldSuggestValues();",
                  "err": {},
                  "uuid": "7b48d316-8b1e-4ff6-8340-746a28e06386",
                  "parentUUID": null,
                  "isHook": false,
                  "skipped": true
                },
                {
                  "title": "should filter by next suggestion",
                  "fullTitle": "Search: Search using filters [P1][Sev1][search] Search using \"status\" filter should filter by next suggestion",
                  "timedOut": null,
                  "duration": 0,
                  "state": "skipped",
                  "speed": null,
                  "pass": false,
                  "fail": false,
                  "pending": false,
                  "context": null,
                  "code": "_search.searchBar.whenEnterTextInSearchBar(filter.type);\nvalue.add();\nisValidSearchQuery();",
                  "err": {},
                  "uuid": "736ab6fd-54b5-4eaf-a53d-dd6e953c8210",
                  "parentUUID": null,
                  "isHook": false,
                  "skipped": true
                },
                {
                  "title": "should filter by multiple values",
                  "fullTitle": "Search: Search using filters [P1][Sev1][search] Search using \"status\" filter should filter by multiple values",
                  "timedOut": null,
                  "duration": 196,
                  "state": "failed",
                  "speed": null,
                  "pass": false,
                  "fail": true,
                  "pending": false,
                  "context": null,
                  "code": "for (var idx = 1; idx <= numValues; idx++) {\n  _search.searchBar.whenEnterTextInSearchBar(filter.type);\n  _search.searchBar.whenSelectFirstSuggestedValue();\n}\nisValidSearchQuery();",
                  "err": {
                    "message": "AssertionError: expected null to exist\n\nBecause this error occurred during a `after all` hook we are skipping the remaining tests in the current suite: `Search: Search using filters`\n\nAlthough you have test retries enabled, we do not retry tests when `before all` or `after all` hooks fail",
                    "estack": "AssertionError: expected null to exist\n\nBecause this error occurred during a `after all` hook we are skipping the remaining tests in the current suite: `Search: Search using filters`\n\nAlthough you have test retries enabled, we do not retry tests when `before all` or `after all` hooks fail\n    at Context.eval (https://multicloud-console.apps.acmqeosd.y0wn.p1.openshiftapps.com/__cypress/tests?p=tests/cypress/support/index.js:2759:43)",
                    "diff": null
                  },
                  "uuid": "83628946-ff5c-4fff-a014-8b52ae772031",
                  "parentUUID": null,
                  "isHook": false,
                  "skipped": false
                }
              ],
              "suites": [],
              "passes": [],
              "failures": [
                "83628946-ff5c-4fff-a014-8b52ae772031"
              ],
              "pending": [],
              "skipped": [
                "3c0b0997-c389-48c6-8c5e-fdd1be89ea86",
                "d0a5e050-a526-409a-b816-5b0ff636164c",
                "7b48d316-8b1e-4ff6-8340-746a28e06386",
                "736ab6fd-54b5-4eaf-a53d-dd6e953c8210"
              ],
              "duration": 196,
              "root": false,
              "rootEmpty": false,
              "_timeout": 2000
            }
          ],
          "passes": [],
          "failures": [],
          "pending": [],
          "skipped": [],
          "duration": 0,
          "root": false,
          "rootEmpty": false,
          "_timeout": 2000
        }
      ],
      "passes": [],
      "failures": [],
      "pending": [],
      "skipped": [],
      "duration": 0,
      "root": true,
      "rootEmpty": true,
      "_timeout": 2000
    }
  ],
  "meta": {
    "mocha": {
      "version": "7.0.1"
    },
    "mochawesome": {
      "options": {
        "quiet": false,
        "reportFilename": "mochawesome-report.json",
        "saveHtml": false,
        "saveJson": true,
        "consoleReporter": "spec",
        "useInlineDiffs": false,
        "code": true
      },
      "version": "6.1.1"
    },
    "marge": {
      "options": {
        "id": "default",
        "reportDir": "results/json",
        "reportFilename": "mochawesome-report.json",
        "overwrite": false,
        "html": false,
        "json": true
      },
      "version": "5.1.0"
    }
  }
}