{
  "stats": {
    "suites": 1,
    "tests": 1,
    "passes": 0,
    "pending": 0,
    "failures": 1,
    "start": "2021-04-15T09:00:52.061Z",
    "end": "2021-04-15T09:01:22.342Z",
    "duration": 30281,
    "testsRegistered": 3,
    "passPercent": 0,
    "pendingPercent": 0,
    "other": 1,
    "hasOther": true,
    "skipped": 2,
    "hasSkipped": true
  },
  "results": [
    {
      "uuid": "b5d60239-d00f-4418-a25c-bcafcdb19b75",
      "title": "",
      "fullFile": "tests/cypress/tests/suggestedSearches.spec.js",
      "file": "testscypress/tests/suggestedSearches.spec.js",
      "beforeHooks": [],
      "afterHooks": [],
      "tests": [],
      "suites": [
        {
          "uuid": "650cf2a2-fe39-4725-8ad1-7c7f2327749b",
          "title": "Search: Verify the suggested search templates",
          "fullFile": "",
          "file": "",
          "beforeHooks": [],
          "afterHooks": [],
          "tests": [
            {
              "title": "[P3][Sev3][search] should see the workloads template & search tag in search items",
              "fullTitle": "Search: Verify the suggested search templates [P3][Sev3][search] should see the workloads template & search tag in search items",
              "timedOut": null,
              "duration": 0,
              "state": "failed",
              "speed": null,
              "pass": false,
              "fail": true,
              "pending": false,
              "context": null,
              "code": "_suggestedSearches.savedSearches.whenSelectCardWithTitle('Workloads');\n_suggestedSearches.searchBar.shouldContainTag('kind:daemonset,deployment,job,statefulset,replicaset');",
              "err": {
                "message": "AssertionError: Timed out retrying: Expected to find content: 'kube:admin' but never did.\n\nBecause this error occurred during a `before all` hook we are skipping the remaining tests in the current suite: `Search: Verify the suggeste...`\n\nAlthough you have test retries enabled, we do not retry tests when `before all` or `after all` hooks fail",
                "estack": "AssertionError: Timed out retrying: Expected to find content: 'kube:admin' but never did.\n\nBecause this error occurred during a `before all` hook we are skipping the remaining tests in the current suite: `Search: Verify the suggeste...`\n\nAlthough you have test retries enabled, we do not retry tests when `before all` or `after all` hooks fail\n    at Context.eval (https://multicloud-console.apps.acmqeosd.y0wn.p1.openshiftapps.com/__cypress/tests?p=tests/cypress/support/index.js:2656:46)",
                "diff": null
              },
              "uuid": "fe05beca-58ba-4b64-9aee-a48d168a63d8",
              "parentUUID": "650cf2a2-fe39-4725-8ad1-7c7f2327749b",
              "isHook": false,
              "skipped": false
            },
            {
              "title": "[P3][Sev3][search] should see the unhealthy pods template & search tag in search items",
              "fullTitle": "Search: Verify the suggested search templates [P3][Sev3][search] should see the unhealthy pods template & search tag in search items",
              "timedOut": null,
              "duration": 0,
              "state": "skipped",
              "speed": null,
              "pass": false,
              "fail": false,
              "pending": false,
              "context": null,
              "code": "_suggestedSearches.savedSearches.whenSelectCardWithTitle('Unhealthy pods');\n_suggestedSearches.searchBar.shouldContainTag('kind:pod');\n_suggestedSearches.searchBar.shouldContainTag('status:Pending,Error,Failed,Terminating,ImagePullBackOff,CrashLoopBackOff,RunContainerError,ContainerCreating');",
              "err": {},
              "uuid": "3cd8bcd9-71ea-4c19-88e0-a7d3c7b4fbbc",
              "parentUUID": "650cf2a2-fe39-4725-8ad1-7c7f2327749b",
              "isHook": false,
              "skipped": true
            },
            {
              "title": "[P3][Sev3][search] should see the created last hour template & search tag in search items",
              "fullTitle": "Search: Verify the suggested search templates [P3][Sev3][search] should see the created last hour template & search tag in search items",
              "timedOut": null,
              "duration": 188,
              "state": "failed",
              "speed": null,
              "pass": false,
              "fail": true,
              "pending": false,
              "context": null,
              "code": "_suggestedSearches.savedSearches.whenSelectCardWithTitle('Created last hour');\n_suggestedSearches.searchBar.shouldContainTag('created:hour');",
              "err": {
                "message": "AssertionError: expected null to exist\n\nBecause this error occurred during a `after all` hook we are skipping the remaining tests in the current suite: `Search: Verify the suggeste...`\n\nAlthough you have test retries enabled, we do not retry tests when `before all` or `after all` hooks fail",
                "estack": "AssertionError: expected null to exist\n\nBecause this error occurred during a `after all` hook we are skipping the remaining tests in the current suite: `Search: Verify the suggeste...`\n\nAlthough you have test retries enabled, we do not retry tests when `before all` or `after all` hooks fail\n    at Context.eval (https://multicloud-console.apps.acmqeosd.y0wn.p1.openshiftapps.com/__cypress/tests?p=tests/cypress/support/index.js:2759:43)",
                "diff": null
              },
              "uuid": "a8f286f1-c8a8-4c4f-9bd9-9de89f346e7a",
              "parentUUID": "650cf2a2-fe39-4725-8ad1-7c7f2327749b",
              "isHook": false,
              "skipped": false
            }
          ],
          "suites": [],
          "passes": [],
          "failures": [
            "fe05beca-58ba-4b64-9aee-a48d168a63d8",
            "a8f286f1-c8a8-4c4f-9bd9-9de89f346e7a"
          ],
          "pending": [],
          "skipped": [
            "3cd8bcd9-71ea-4c19-88e0-a7d3c7b4fbbc"
          ],
          "duration": 188,
          "root": false,
          "rootEmpty": false,
          "_timeout": 2000
        }
      ],
      "passes": [],
      "failures": [],
      "pending": [],
      "skipped": [],
      "duration": 0,
      "root": true,
      "rootEmpty": true,
      "_timeout": 2000
    }
  ],
  "meta": {
    "mocha": {
      "version": "7.0.1"
    },
    "mochawesome": {
      "options": {
        "quiet": false,
        "reportFilename": "mochawesome-report.json",
        "saveHtml": false,
        "saveJson": true,
        "consoleReporter": "spec",
        "useInlineDiffs": false,
        "code": true
      },
      "version": "6.1.1"
    },
    "marge": {
      "options": {
        "id": "default",
        "reportDir": "results/json",
        "reportFilename": "mochawesome-report.json",
        "overwrite": false,
        "html": false,
        "json": true
      },
      "version": "5.1.0"
    }
  }
}