<?xml version="1.0" encoding="UTF-8" ?>
<testsuites errors="0"
            failures="2"
            tests="1">

  <testsuite name="verifyMetricsInPrometheus.test"
    errors="0" failures="2" hostname="" id="" package="verifyMetricsInPrometheus.test" skipped="0"
    tests="1" time="0.00001020" timestamp="">
  
    <testcase name="[P2][sev2][kui]Visual Web Terminal: Verify visual_web_terminal_sessions_total metric in hub Prometheus" classname="verifyMetricsInPrometheus.test" time="10.20" assertions="1">  <failure message="Timed out while waiting for element &lt;.container-fluid textarea&gt; to be present for 10000 milliseconds. - expected &#34;found&#34; but got: &#34;not found&#34; (10177ms)">    at Page.clear (/usr/src/app/tests/page-objects/Prometheus.js:115:10)
    at Page.queryMetric (/usr/src/app/tests/page-objects/Prometheus.js:92:30)
    at Object.[P2][sev2][kui]Visual Web Terminal: Verify visual_web_terminal_sessions_total metric in hub Prometheus (/usr/src/app/tests/e2e/verifyMetricsInPrometheus.test.js:22:18)</failure>
<system-out>[[ATTACHMENT|/usr/src/app/test-output/e2e/screenshots/verifyMetricsInPrometheus.test/[P2][sev2][kui]Visual-Web-Terminal:-Verify-visual_web_terminal_sessions_total-metric-in-hub-Prometheus_FAILED_Apr-22-2021-135336-GMT+0000-(Coordinated-Universal.png]]</system-out>
    
    </testcase>
  

  
    <system-err>
        NightwatchAssertError: Timed out while waiting for element &lt;#inputUsername&gt; to be present for 10000 milliseconds. - expected &#34;found&#34; but got: &#34;not found&#34; (10214ms)
       at Object.api.elements.res (/usr/src/app/tests/page-objects/LoginPage.js:66:9)
  NightwatchAssertError: Timed out while waiting for element &lt;#inputUsername&gt; to be present for 10000 milliseconds. - expected &#34;found&#34; but got: &#34;not found&#34; (10187ms)
       at Object.api.elements.res (/usr/src/app/tests/page-objects/LoginPage.js:66:9)
  NightwatchAssertError: Timed out while waiting for element &lt;#inputUsername&gt; to be present for 10000 milliseconds. - expected &#34;found&#34; but got: &#34;not found&#34; (10172ms)
       at Object.api.elements.res (/usr/src/app/tests/page-objects/LoginPage.js:66:9)
  NightwatchAssertError: Timed out while waiting for element &lt;#inputUsername&gt; to be present for 10000 milliseconds. - expected &#34;found&#34; but got: &#34;not found&#34; (10178ms)
       at Object.api.elements.res (/usr/src/app/tests/page-objects/LoginPage.js:66:9)
  NightwatchAssertError: Timed out while waiting for element &lt;#inputUsername&gt; to be present for 10000 milliseconds. - expected &#34;found&#34; but got: &#34;not found&#34; (10203ms)
       at Object.api.elements.res (/usr/src/app/tests/page-objects/LoginPage.js:66:9)
  NightwatchAssertError: Timed out while waiting for element &lt;#inputUsername&gt; to be present for 10000 milliseconds. - expected &#34;found&#34; but got: &#34;not found&#34; (10210ms)
       at Object.api.elements.res (/usr/src/app/tests/page-objects/LoginPage.js:66:9)
  NightwatchAssertError: Timed out while waiting for element &lt;#inputUsername&gt; to be present for 10000 milliseconds. - expected &#34;found&#34; but got: &#34;not found&#34; (10193ms)
       at Object.api.elements.res (/usr/src/app/tests/page-objects/LoginPage.js:66:9)
  NightwatchAssertError: Timed out while waiting for element &lt;#inputUsername&gt; to be present for 10000 milliseconds. - expected &#34;found&#34; but got: &#34;not found&#34; (10209ms)
       at Object.api.elements.res (/usr/src/app/tests/page-objects/LoginPage.js:66:9)
  NightwatchAssertError: Timed out while waiting for element &lt;#inputUsername&gt; to be present for 10000 milliseconds. - expected &#34;found&#34; but got: &#34;not found&#34; (10181ms)
       at Object.api.elements.res (/usr/src/app/tests/page-objects/LoginPage.js:66:9)
  NightwatchAssertError: Timed out while waiting for element &lt;#inputUsername&gt; to be present for 10000 milliseconds. - expected &#34;found&#34; but got: &#34;not found&#34; (10182ms)
       at Object.api.elements.res (/usr/src/app/tests/page-objects/LoginPage.js:66:9)
  NightwatchAssertError: Timed out while waiting for element &lt;#inputUsername&gt; to be present for 10000 milliseconds. - expected &#34;found&#34; but got: &#34;not found&#34; (10190ms)
       at Object.api.elements.res (/usr/src/app/tests/page-objects/LoginPage.js:66:9)
  NightwatchAssertError: Timed out while waiting for element &lt;#inputUsername&gt; to be present for 10000 milliseconds. - expected &#34;found&#34; but got: &#34;not found&#34; (10217ms)
       at Object.api.elements.res (/usr/src/app/tests/page-objects/LoginPage.js:66:9)
  NightwatchAssertError: Timed out while waiting for element &lt;#inputUsername&gt; to be present for 10000 milliseconds. - expected &#34;found&#34; but got: &#34;not found&#34; (10180ms)
       at Object.api.elements.res (/usr/src/app/tests/page-objects/LoginPage.js:66:9)
  NightwatchAssertError: Timed out while waiting for element &lt;#inputUsername&gt; to be present for 10000 milliseconds. - expected &#34;found&#34; but got: &#34;not found&#34; (10175ms)
       at Object.api.elements.res (/usr/src/app/tests/page-objects/LoginPage.js:66:9)
  NightwatchAssertError: Timed out while waiting for element &lt;#inputUsername&gt; to be present for 10000 milliseconds. - expected &#34;found&#34; but got: &#34;not found&#34; (10187ms)
       at Object.api.elements.res (/usr/src/app/tests/page-objects/LoginPage.js:66:9)
  NightwatchAssertError: Timed out while waiting for element &lt;#inputUsername&gt; to be present for 10000 milliseconds. - expected &#34;found&#34; but got: &#34;not found&#34; (10180ms)
       at Object.api.elements.res (/usr/src/app/tests/page-objects/LoginPage.js:66:9)
  NightwatchAssertError: Timed out while waiting for element &lt;#inputUsername&gt; to be present for 10000 milliseconds. - expected &#34;found&#34; but got: &#34;not found&#34; (10180ms)
       at Object.api.elements.res (/usr/src/app/tests/page-objects/LoginPage.js:66:9)
  NightwatchAssertError: Timed out while waiting for element &lt;#inputUsername&gt; to be present for 10000 milliseconds. - expected &#34;found&#34; but got: &#34;not found&#34; (10187ms)
       at Object.api.elements.res (/usr/src/app/tests/page-objects/LoginPage.js:66:9)
    </system-err>
  

    

  
  </testsuite>
</testsuites>
