{
  "stats": {
    "suites": 6,
    "tests": 18,
    "passes": 18,
    "pending": 0,
    "failures": 0,
    "start": "2021-04-23T07:42:49.018Z",
    "end": "2021-04-23T07:45:11.189Z",
    "duration": 142171,
    "testsRegistered": 18,
    "passPercent": 100,
    "pendingPercent": 0,
    "other": 0,
    "hasOther": false,
    "skipped": 0,
    "hasSkipped": false
  },
  "results": [
    {
      "uuid": "ea44fa8f-ec08-4c3b-bf01-e3a11d7fd5ef",
      "title": "",
      "fullFile": "tests/cypress/tests/filters.spec.js",
      "file": "testscypress/tests/filters.spec.js",
      "beforeHooks": [],
      "afterHooks": [],
      "tests": [],
      "suites": [
        {
          "uuid": "110e0517-db74-496f-ae28-298c7495e708",
          "title": "Search: Search using filters",
          "fullFile": "",
          "file": "",
          "beforeHooks": [],
          "afterHooks": [],
          "tests": [],
          "suites": [
            {
              "uuid": "108e5d19-67d3-41db-b05f-caa90ca10061",
              "title": "[P1][Sev1][search] Search using \"name\" filter",
              "fullFile": "",
              "file": "",
              "beforeHooks": [],
              "afterHooks": [],
              "tests": [
                {
                  "title": "should suggest values",
                  "fullTitle": "Search: Search using filters [P1][Sev1][search] Search using \"name\" filter should suggest values",
                  "timedOut": null,
                  "duration": 16318,
                  "state": "passed",
                  "speed": "slow",
                  "pass": true,
                  "fail": false,
                  "pending": false,
                  "context": null,
                  "code": "_search.searchBar.whenEnterTextInSearchBar(filter.type);\n_search.searchBar.shouldSuggestValues();",
                  "err": {},
                  "uuid": "d28dab84-69b5-4038-84ff-287b67bbb288",
                  "parentUUID": "108e5d19-67d3-41db-b05f-caa90ca10061",
                  "isHook": false,
                  "skipped": false
                },
                {
                  "title": "should filter by next suggestion",
                  "fullTitle": "Search: Search using filters [P1][Sev1][search] Search using \"name\" filter should filter by next suggestion",
                  "timedOut": null,
                  "duration": 45625,
                  "state": "passed",
                  "speed": "slow",
                  "pass": true,
                  "fail": false,
                  "pending": false,
                  "context": null,
                  "code": "_search.searchBar.whenEnterTextInSearchBar(filter.type);\nvalue.add();\nisValidSearchQuery();",
                  "err": {},
                  "uuid": "856761d7-add6-4c60-bee3-d194cd09805c",
                  "parentUUID": "108e5d19-67d3-41db-b05f-caa90ca10061",
                  "isHook": false,
                  "skipped": false
                }
              ],
              "suites": [],
              "passes": [
                "d28dab84-69b5-4038-84ff-287b67bbb288",
                "856761d7-add6-4c60-bee3-d194cd09805c"
              ],
              "failures": [],
              "pending": [],
              "skipped": [],
              "duration": 61943,
              "root": false,
              "rootEmpty": false,
              "_timeout": 2000
            },
            {
              "uuid": "df8645bb-fddb-49c8-a663-e41afb77be5a",
              "title": "[P1][Sev1][search] Search using \"label\" filter",
              "fullFile": "",
              "file": "",
              "beforeHooks": [],
              "afterHooks": [],
              "tests": [
                {
                  "title": "should suggest values",
                  "fullTitle": "Search: Search using filters [P1][Sev1][search] Search using \"label\" filter should suggest values",
                  "timedOut": null,
                  "duration": 4491,
                  "state": "passed",
                  "speed": "slow",
                  "pass": true,
                  "fail": false,
                  "pending": false,
                  "context": null,
                  "code": "_search.searchBar.whenEnterTextInSearchBar(filter.type);\n_search.searchBar.shouldSuggestValues();",
                  "err": {},
                  "uuid": "ff57d1fc-dd9e-4c92-aca3-4dfc205b980c",
                  "parentUUID": "df8645bb-fddb-49c8-a663-e41afb77be5a",
                  "isHook": false,
                  "skipped": false
                },
                {
                  "title": "should filter by next suggestion",
                  "fullTitle": "Search: Search using filters [P1][Sev1][search] Search using \"label\" filter should filter by next suggestion",
                  "timedOut": null,
                  "duration": 14027,
                  "state": "passed",
                  "speed": "slow",
                  "pass": true,
                  "fail": false,
                  "pending": false,
                  "context": null,
                  "code": "_search.searchBar.whenEnterTextInSearchBar(filter.type);\nvalue.add();\nisValidSearchQuery();",
                  "err": {},
                  "uuid": "15618f71-4d07-4dd2-937c-e111fde6ba06",
                  "parentUUID": "df8645bb-fddb-49c8-a663-e41afb77be5a",
                  "isHook": false,
                  "skipped": false
                }
              ],
              "suites": [],
              "passes": [
                "ff57d1fc-dd9e-4c92-aca3-4dfc205b980c",
                "15618f71-4d07-4dd2-937c-e111fde6ba06"
              ],
              "failures": [],
              "pending": [],
              "skipped": [],
              "duration": 18518,
              "root": false,
              "rootEmpty": false,
              "_timeout": 2000
            },
            {
              "uuid": "a94eaa63-6c9d-4a38-bbe9-4a24e26d9c19",
              "title": "[P1][Sev1][search] Search using \"kind\" filter",
              "fullFile": "",
              "file": "",
              "beforeHooks": [],
              "afterHooks": [],
              "tests": [
                {
                  "title": "should suggest values",
                  "fullTitle": "Search: Search using filters [P1][Sev1][search] Search using \"kind\" filter should suggest values",
                  "timedOut": null,
                  "duration": 2375,
                  "state": "passed",
                  "speed": "slow",
                  "pass": true,
                  "fail": false,
                  "pending": false,
                  "context": null,
                  "code": "_search.searchBar.whenEnterTextInSearchBar(filter.type);\n_search.searchBar.shouldSuggestValues();",
                  "err": {},
                  "uuid": "49b10a63-c6d8-45e6-b1b4-6d3b864ad38f",
                  "parentUUID": "a94eaa63-6c9d-4a38-bbe9-4a24e26d9c19",
                  "isHook": false,
                  "skipped": false
                },
                {
                  "title": "should filter by next suggestion",
                  "fullTitle": "Search: Search using filters [P1][Sev1][search] Search using \"kind\" filter should filter by next suggestion",
                  "timedOut": null,
                  "duration": 3208,
                  "state": "passed",
                  "speed": "slow",
                  "pass": true,
                  "fail": false,
                  "pending": false,
                  "context": null,
                  "code": "_search.searchBar.whenEnterTextInSearchBar(filter.type);\nvalue.add();\nisValidSearchQuery();",
                  "err": {},
                  "uuid": "5eee09ee-95b0-4fa0-8f93-eeda6eb10ab9",
                  "parentUUID": "a94eaa63-6c9d-4a38-bbe9-4a24e26d9c19",
                  "isHook": false,
                  "skipped": false
                },
                {
                  "title": "should filter by multiple values",
                  "fullTitle": "Search: Search using filters [P1][Sev1][search] Search using \"kind\" filter should filter by multiple values",
                  "timedOut": null,
                  "duration": 6585,
                  "state": "passed",
                  "speed": "slow",
                  "pass": true,
                  "fail": false,
                  "pending": false,
                  "context": null,
                  "code": "for (var idx = 1; idx <= numValues; idx++) {\n  _search.searchBar.whenEnterTextInSearchBar(filter.type);\n  _search.searchBar.whenSelectFirstSuggestedValue();\n}\nisValidSearchQuery();",
                  "err": {},
                  "uuid": "3a8f3373-781d-477c-a752-74d4dfc49cf3",
                  "parentUUID": "a94eaa63-6c9d-4a38-bbe9-4a24e26d9c19",
                  "isHook": false,
                  "skipped": false
                },
                {
                  "title": "should filter by combination with \"next suggestion\" value and \"name\" filter with \"next suggestion\" value",
                  "fullTitle": "Search: Search using filters [P1][Sev1][search] Search using \"kind\" filter should filter by combination with \"next suggestion\" value and \"name\" filter with \"next suggestion\" value",
                  "timedOut": null,
                  "duration": 6113,
                  "state": "passed",
                  "speed": "slow",
                  "pass": true,
                  "fail": false,
                  "pending": false,
                  "context": null,
                  "code": "_search.searchBar.whenEnterTextInSearchBar(filter.type);\nvalue.add();\n_search.searchBar.whenEnterTextInSearchBar(dependant.type);\ndepValue.add();\nisValidSearchQuery();",
                  "err": {},
                  "uuid": "c05e962f-6b52-46b4-a8ce-ae510263a8b9",
                  "parentUUID": "a94eaa63-6c9d-4a38-bbe9-4a24e26d9c19",
                  "isHook": false,
                  "skipped": false
                },
                {
                  "title": "should filter by combination with \"next suggestion\" value and \"label\" filter with \"next suggestion\" value",
                  "fullTitle": "Search: Search using filters [P1][Sev1][search] Search using \"kind\" filter should filter by combination with \"next suggestion\" value and \"label\" filter with \"next suggestion\" value",
                  "timedOut": null,
                  "duration": 6772,
                  "state": "passed",
                  "speed": "slow",
                  "pass": true,
                  "fail": false,
                  "pending": false,
                  "context": null,
                  "code": "_search.searchBar.whenEnterTextInSearchBar(filter.type);\nvalue.add();\n_search.searchBar.whenEnterTextInSearchBar(dependant.type);\ndepValue.add();\nisValidSearchQuery();",
                  "err": {},
                  "uuid": "bd14e194-6c9c-448b-999e-8deddd268f05",
                  "parentUUID": "a94eaa63-6c9d-4a38-bbe9-4a24e26d9c19",
                  "isHook": false,
                  "skipped": false
                }
              ],
              "suites": [],
              "passes": [
                "49b10a63-c6d8-45e6-b1b4-6d3b864ad38f",
                "5eee09ee-95b0-4fa0-8f93-eeda6eb10ab9",
                "3a8f3373-781d-477c-a752-74d4dfc49cf3",
                "c05e962f-6b52-46b4-a8ce-ae510263a8b9",
                "bd14e194-6c9c-448b-999e-8deddd268f05"
              ],
              "failures": [],
              "pending": [],
              "skipped": [],
              "duration": 25053,
              "root": false,
              "rootEmpty": false,
              "_timeout": 2000
            },
            {
              "uuid": "5fe989a4-e999-4cf1-a6bf-51ca28386cd0",
              "title": "[P1][Sev1][search] Search using \"role\" filter",
              "fullFile": "",
              "file": "",
              "beforeHooks": [],
              "afterHooks": [],
              "tests": [
                {
                  "title": "should suggest values",
                  "fullTitle": "Search: Search using filters [P1][Sev1][search] Search using \"role\" filter should suggest values",
                  "timedOut": null,
                  "duration": 2406,
                  "state": "passed",
                  "speed": "slow",
                  "pass": true,
                  "fail": false,
                  "pending": false,
                  "context": null,
                  "code": "_search.searchBar.whenEnterTextInSearchBar(filter.type);\n_search.searchBar.shouldSuggestValues();",
                  "err": {},
                  "uuid": "be5e07a7-af08-4a73-9b65-9ee0d524b50a",
                  "parentUUID": "5fe989a4-e999-4cf1-a6bf-51ca28386cd0",
                  "isHook": false,
                  "skipped": false
                },
                {
                  "title": "should filter by master",
                  "fullTitle": "Search: Search using filters [P1][Sev1][search] Search using \"role\" filter should filter by master",
                  "timedOut": null,
                  "duration": 3766,
                  "state": "passed",
                  "speed": "slow",
                  "pass": true,
                  "fail": false,
                  "pending": false,
                  "context": null,
                  "code": "_search.searchBar.whenEnterTextInSearchBar(filter.type);\nvalue.add();\nisValidSearchQuery();",
                  "err": {},
                  "uuid": "4e7ec583-ba3e-470a-930f-0898199015b8",
                  "parentUUID": "5fe989a4-e999-4cf1-a6bf-51ca28386cd0",
                  "isHook": false,
                  "skipped": false
                },
                {
                  "title": "should filter by worker",
                  "fullTitle": "Search: Search using filters [P1][Sev1][search] Search using \"role\" filter should filter by worker",
                  "timedOut": null,
                  "duration": 3504,
                  "state": "passed",
                  "speed": "slow",
                  "pass": true,
                  "fail": false,
                  "pending": false,
                  "context": null,
                  "code": "_search.searchBar.whenEnterTextInSearchBar(filter.type);\nvalue.add();\nisValidSearchQuery();",
                  "err": {},
                  "uuid": "3de68926-8e2d-459c-9436-5f518fedee2e",
                  "parentUUID": "5fe989a4-e999-4cf1-a6bf-51ca28386cd0",
                  "isHook": false,
                  "skipped": false
                },
                {
                  "title": "should filter by multiple values",
                  "fullTitle": "Search: Search using filters [P1][Sev1][search] Search using \"role\" filter should filter by multiple values",
                  "timedOut": null,
                  "duration": 5906,
                  "state": "passed",
                  "speed": "slow",
                  "pass": true,
                  "fail": false,
                  "pending": false,
                  "context": null,
                  "code": "for (var idx = 1; idx <= numValues; idx++) {\n  _search.searchBar.whenEnterTextInSearchBar(filter.type);\n  _search.searchBar.whenSelectFirstSuggestedValue();\n}\nisValidSearchQuery();",
                  "err": {},
                  "uuid": "d706a7a0-bb0a-4940-a468-d4f7b16b35bc",
                  "parentUUID": "5fe989a4-e999-4cf1-a6bf-51ca28386cd0",
                  "isHook": false,
                  "skipped": false
                }
              ],
              "suites": [],
              "passes": [
                "be5e07a7-af08-4a73-9b65-9ee0d524b50a",
                "4e7ec583-ba3e-470a-930f-0898199015b8",
                "3de68926-8e2d-459c-9436-5f518fedee2e",
                "d706a7a0-bb0a-4940-a468-d4f7b16b35bc"
              ],
              "failures": [],
              "pending": [],
              "skipped": [],
              "duration": 15582,
              "root": false,
              "rootEmpty": false,
              "_timeout": 2000
            },
            {
              "uuid": "56416f6a-4776-4e57-996c-33a4a1655f42",
              "title": "[P1][Sev1][search] Search using \"status\" filter",
              "fullFile": "",
              "file": "",
              "beforeHooks": [],
              "afterHooks": [],
              "tests": [
                {
                  "title": "should suggest values",
                  "fullTitle": "Search: Search using filters [P1][Sev1][search] Search using \"status\" filter should suggest values",
                  "timedOut": null,
                  "duration": 2304,
                  "state": "passed",
                  "speed": "slow",
                  "pass": true,
                  "fail": false,
                  "pending": false,
                  "context": null,
                  "code": "_search.searchBar.whenEnterTextInSearchBar(filter.type);\n_search.searchBar.shouldSuggestValues();",
                  "err": {},
                  "uuid": "17a4bdb3-7c44-4c4f-818c-c5958a1d36bf",
                  "parentUUID": "56416f6a-4776-4e57-996c-33a4a1655f42",
                  "isHook": false,
                  "skipped": false
                },
                {
                  "title": "should filter by next suggestion",
                  "fullTitle": "Search: Search using filters [P1][Sev1][search] Search using \"status\" filter should filter by next suggestion",
                  "timedOut": null,
                  "duration": 4223,
                  "state": "passed",
                  "speed": "slow",
                  "pass": true,
                  "fail": false,
                  "pending": false,
                  "context": null,
                  "code": "_search.searchBar.whenEnterTextInSearchBar(filter.type);\nvalue.add();\nisValidSearchQuery();",
                  "err": {},
                  "uuid": "d2530e52-604d-4223-8fac-6828c450f229",
                  "parentUUID": "56416f6a-4776-4e57-996c-33a4a1655f42",
                  "isHook": false,
                  "skipped": false
                },
                {
                  "title": "should suggest values",
                  "fullTitle": "Search: Search using filters [P1][Sev1][search] Search using \"status\" filter should suggest values",
                  "timedOut": null,
                  "duration": 2420,
                  "state": "passed",
                  "speed": "slow",
                  "pass": true,
                  "fail": false,
                  "pending": false,
                  "context": null,
                  "code": "_search.searchBar.whenEnterTextInSearchBar(filter.type);\n_search.searchBar.shouldSuggestValues();",
                  "err": {},
                  "uuid": "88ebde54-aa87-49e8-a7bf-7d5eb7050bd5",
                  "parentUUID": "56416f6a-4776-4e57-996c-33a4a1655f42",
                  "isHook": false,
                  "skipped": false
                },
                {
                  "title": "should filter by next suggestion",
                  "fullTitle": "Search: Search using filters [P1][Sev1][search] Search using \"status\" filter should filter by next suggestion",
                  "timedOut": null,
                  "duration": 3044,
                  "state": "passed",
                  "speed": "slow",
                  "pass": true,
                  "fail": false,
                  "pending": false,
                  "context": null,
                  "code": "_search.searchBar.whenEnterTextInSearchBar(filter.type);\nvalue.add();\nisValidSearchQuery();",
                  "err": {},
                  "uuid": "cfc9937d-5d30-49ed-9213-9ebb8c8003a5",
                  "parentUUID": "56416f6a-4776-4e57-996c-33a4a1655f42",
                  "isHook": false,
                  "skipped": false
                },
                {
                  "title": "should filter by multiple values",
                  "fullTitle": "Search: Search using filters [P1][Sev1][search] Search using \"status\" filter should filter by multiple values",
                  "timedOut": null,
                  "duration": 5840,
                  "state": "passed",
                  "speed": "slow",
                  "pass": true,
                  "fail": false,
                  "pending": false,
                  "context": null,
                  "code": "for (var idx = 1; idx <= numValues; idx++) {\n  _search.searchBar.whenEnterTextInSearchBar(filter.type);\n  _search.searchBar.whenSelectFirstSuggestedValue();\n}\nisValidSearchQuery();",
                  "err": {},
                  "uuid": "6c6e1453-1f71-4488-b015-066742011060",
                  "parentUUID": "56416f6a-4776-4e57-996c-33a4a1655f42",
                  "isHook": false,
                  "skipped": false
                }
              ],
              "suites": [],
              "passes": [
                "17a4bdb3-7c44-4c4f-818c-c5958a1d36bf",
                "d2530e52-604d-4223-8fac-6828c450f229",
                "88ebde54-aa87-49e8-a7bf-7d5eb7050bd5",
                "cfc9937d-5d30-49ed-9213-9ebb8c8003a5",
                "6c6e1453-1f71-4488-b015-066742011060"
              ],
              "failures": [],
              "pending": [],
              "skipped": [],
              "duration": 17831,
              "root": false,
              "rootEmpty": false,
              "_timeout": 2000
            }
          ],
          "passes": [],
          "failures": [],
          "pending": [],
          "skipped": [],
          "duration": 0,
          "root": false,
          "rootEmpty": false,
          "_timeout": 2000
        }
      ],
      "passes": [],
      "failures": [],
      "pending": [],
      "skipped": [],
      "duration": 0,
      "root": true,
      "rootEmpty": true,
      "_timeout": 2000
    }
  ],
  "meta": {
    "mocha": {
      "version": "7.0.1"
    },
    "mochawesome": {
      "options": {
        "quiet": false,
        "reportFilename": "mochawesome-report.json",
        "saveHtml": false,
        "saveJson": true,
        "consoleReporter": "spec",
        "useInlineDiffs": false,
        "code": true
      },
      "version": "6.1.1"
    },
    "marge": {
      "options": {
        "id": "default",
        "reportDir": "results/json",
        "reportFilename": "mochawesome-report.json",
        "overwrite": false,
        "html": false,
        "json": true
      },
      "version": "5.1.0"
    }
  }
}