{
  "stats": {
    "suites": 1,
    "tests": 1,
    "passes": 1,
    "pending": 0,
    "failures": 0,
    "start": "2021-04-23T07:45:14.179Z",
    "end": "2021-04-23T07:45:42.971Z",
    "duration": 28792,
    "testsRegistered": 1,
    "passPercent": 100,
    "pendingPercent": 0,
    "other": 0,
    "hasOther": false,
    "skipped": 0,
    "hasSkipped": false
  },
  "results": [
    {
      "uuid": "c154931a-96bb-417b-9e6e-adcb241811ec",
      "title": "",
      "fullFile": "tests/cypress/tests/linkPage.spec.js",
      "file": "testscypress/tests/linkPage.spec.js",
      "beforeHooks": [],
      "afterHooks": [],
      "tests": [],
      "suites": [
        {
          "uuid": "efe54f5f-fd5f-4709-91f2-d4c85a1ca744",
          "title": "Search: Linked page",
          "fullFile": "",
          "file": "",
          "beforeHooks": [],
          "afterHooks": [],
          "tests": [
            {
              "title": "[P2][Sev2][search] clusters page should have link to search page",
              "fullTitle": "Search: Linked page [P2][Sev2][search] clusters page should have link to search page",
              "timedOut": null,
              "duration": 12503,
              "state": "passed",
              "speed": "slow",
              "pass": true,
              "fail": false,
              "pending": false,
              "context": null,
              "code": "_clusters.clustersPage.shouldHaveLinkToSearchPage();",
              "err": {},
              "uuid": "2e23aabb-c85d-4b6d-8e4f-0c9fc2819ae7",
              "parentUUID": "efe54f5f-fd5f-4709-91f2-d4c85a1ca744",
              "isHook": false,
              "skipped": false
            }
          ],
          "suites": [],
          "passes": [
            "2e23aabb-c85d-4b6d-8e4f-0c9fc2819ae7"
          ],
          "failures": [],
          "pending": [],
          "skipped": [],
          "duration": 12503,
          "root": false,
          "rootEmpty": false,
          "_timeout": 2000
        }
      ],
      "passes": [],
      "failures": [],
      "pending": [],
      "skipped": [],
      "duration": 0,
      "root": true,
      "rootEmpty": true,
      "_timeout": 2000
    }
  ],
  "meta": {
    "mocha": {
      "version": "7.0.1"
    },
    "mochawesome": {
      "options": {
        "quiet": false,
        "reportFilename": "mochawesome-report.json",
        "saveHtml": false,
        "saveJson": true,
        "consoleReporter": "spec",
        "useInlineDiffs": false,
        "code": true
      },
      "version": "6.1.1"
    },
    "marge": {
      "options": {
        "id": "default",
        "reportDir": "results/json",
        "reportFilename": "mochawesome-report.json",
        "overwrite": false,
        "html": false,
        "json": true
      },
      "version": "5.1.0"
    }
  }
}