{
  "stats": {
    "suites": 7,
    "tests": 69,
    "passes": 57,
    "pending": 0,
    "failures": 12,
    "start": "2021-04-23T06:56:27.176Z",
    "end": "2021-04-23T07:48:46.454Z",
    "duration": 2047400,
    "testsRegistered": 69,
    "passPercent": 82.6086956521739,
    "pendingPercent": 0,
    "other": 0,
    "hasOther": false,
    "skipped": 0,
    "hasSkipped": false
  },
  "results": [
    {
      "uuid": "68d80bc5-e060-46da-97ae-6ea9fdf9f167",
      "title": "",
      "fullFile": "tests/cypress/tests/adminSearch.spec.js",
      "file": "testscypress/tests/adminSearch.spec.js",
      "beforeHooks": [],
      "afterHooks": [],
      "tests": [],
      "suites": [
        {
          "uuid": "c0da7907-6f91-4d7f-a6e2-a810664119b1",
          "title": "Search: Search in Local Cluster",
          "fullFile": "",
          "file": "",
          "beforeHooks": [],
          "afterHooks": [],
          "tests": [
            {
              "title": "[P1][Sev1][search] should load the search page",
              "fullTitle": "Search: Search in Local Cluster [P1][Sev1][search] should load the search page",
              "timedOut": null,
              "duration": 9971,
              "state": "passed",
              "speed": "slow",
              "pass": true,
              "fail": false,
              "pending": false,
              "context": null,
              "code": "_search.searchPage.shouldLoad();",
              "err": {},
              "uuid": "dc92934e-2539-44c9-a256-40e9780f18f8",
              "parentUUID": "c0da7907-6f91-4d7f-a6e2-a810664119b1",
              "isHook": false,
              "skipped": false
            },
            {
              "title": "[P1][Sev1][search] should not see any cluster and namespace",
              "fullTitle": "Search: Search in Local Cluster [P1][Sev1][search] should not see any cluster and namespace",
              "timedOut": null,
              "duration": 78822,
              "state": "passed",
              "speed": "slow",
              "pass": true,
              "fail": false,
              "pending": false,
              "context": null,
              "code": "// when\n_search.searchBar.whenFocusSearchBar();\n_search.searchBar.whenFilterByClusterAndNamespace(this.clusterName, this.namespace); // then\n\n_search.searchPage.shouldFindNoResults();",
              "err": {},
              "uuid": "2867ca23-cef8-47a3-8b28-92958906fed6",
              "parentUUID": "c0da7907-6f91-4d7f-a6e2-a810664119b1",
              "isHook": false,
              "skipped": false
            },
            {
              "title": "[P1][Sev1][search] should create namespace from create resource UI",
              "fullTitle": "Search: Search in Local Cluster [P1][Sev1][search] should create namespace from create resource UI",
              "timedOut": null,
              "duration": 8800,
              "state": "passed",
              "speed": "slow",
              "pass": true,
              "fail": false,
              "pending": false,
              "context": null,
              "code": "_resource.resourcePage.whenGoToResourcePage();\n_resource.resourcePage.whenSelectTargetCluster(this.clusterName);\n_resource.resourcePage.whenCreateNamespace(this.namespace);",
              "err": {},
              "uuid": "f900c556-7bc5-4201-a42a-968cb2becc2c",
              "parentUUID": "c0da7907-6f91-4d7f-a6e2-a810664119b1",
              "isHook": false,
              "skipped": false
            },
            {
              "title": "[P1][Sev1][search] should verify that namespace already exist",
              "fullTitle": "Search: Search in Local Cluster [P1][Sev1][search] should verify that namespace already exist",
              "timedOut": null,
              "duration": 7110,
              "state": "passed",
              "speed": "slow",
              "pass": true,
              "fail": false,
              "pending": false,
              "context": null,
              "code": "_resource.resourcePage.whenGoToResourcePage();\n_resource.resourcePage.whenSelectTargetCluster(this.clusterName);\n_resource.resourcePage.whenCreateNamespace(this.namespace, true);",
              "err": {},
              "uuid": "f314b8ea-bf79-4dbc-8eb7-de147a35d15a",
              "parentUUID": "c0da7907-6f91-4d7f-a6e2-a810664119b1",
              "isHook": false,
              "skipped": false
            },
            {
              "title": "[P1][Sev1][search] should create deployment from create resource UI",
              "fullTitle": "Search: Search in Local Cluster [P1][Sev1][search] should create deployment from create resource UI",
              "timedOut": null,
              "duration": 17094,
              "state": "passed",
              "speed": "slow",
              "pass": true,
              "fail": false,
              "pending": false,
              "context": null,
              "code": "_resource.resourcePage.whenGoToResourcePage();\n_resource.resourcePage.whenSelectTargetCluster(this.clusterName);\n_resource.resourcePage.whenCreateDeployment(this.namespace, this.namespace + '-deployment', 'openshift/hello-openshift');",
              "err": {},
              "uuid": "1f213bb7-3614-4d88-8ac9-da5dbbb57dac",
              "parentUUID": "c0da7907-6f91-4d7f-a6e2-a810664119b1",
              "isHook": false,
              "skipped": false
            },
            {
              "title": "[P1][Sev1][search] should verify that deployment resource exist",
              "fullTitle": "Search: Search in Local Cluster [P1][Sev1][search] should verify that deployment resource exist",
              "timedOut": null,
              "duration": 31899,
              "state": "passed",
              "speed": "slow",
              "pass": true,
              "fail": false,
              "pending": false,
              "context": null,
              "code": "cy.waitUsingSLA();\n_resource.resourcePage.whenGoToResourcePage();\n_resource.resourcePage.whenSelectTargetCluster(this.clusterName);\n_resource.resourcePage.whenCreateDeployment(this.namespace, this.namespace + '-deployment', 'openshift/hello-openshift', true);\ncy.logout(); // WORKAROUND, we shouldn't need to logout to see new resources. Potential product bug to investigate.\ncy.login();",
              "err": {},
              "uuid": "b8891bef-88ba-4e2b-ad5c-b65d2eab8ab3",
              "parentUUID": "c0da7907-6f91-4d7f-a6e2-a810664119b1",
              "isHook": false,
              "skipped": false
            }
          ],
          "suites": [
            {
              "uuid": "9120f7f2-b127-4aa6-b458-0e176d0955c2",
              "title": "search resources",
              "fullFile": "",
              "file": "",
              "beforeHooks": [],
              "afterHooks": [],
              "tests": [
                {
                  "title": "[P3][Sev3][search] should have expected count of relationships",
                  "fullTitle": "Search: Search in Local Cluster search resources [P3][Sev3][search] should have expected count of relationships",
                  "timedOut": null,
                  "duration": 83150,
                  "state": "passed",
                  "speed": "slow",
                  "pass": true,
                  "fail": false,
                  "pending": false,
                  "context": null,
                  "code": "_search.searchPage.shouldLoadResults();\n_search.searchPage.whenExpandRelationshipTiles();\n_search.searchPage.shouldFindRelationshipTile('cluster', '1');\n_search.searchPage.shouldFindRelationshipTile('deployment', '1');\n_search.searchPage.shouldFindRelationshipTile('pod', '1');",
                  "err": {},
                  "uuid": "1258e13c-09af-4542-be4b-c527e463314a",
                  "parentUUID": "9120f7f2-b127-4aa6-b458-0e176d0955c2",
                  "isHook": false,
                  "skipped": false
                },
                {
                  "title": "[P1][Sev1][search] should work kind filter for deployment",
                  "fullTitle": "Search: Search in Local Cluster search resources [P1][Sev1][search] should work kind filter for deployment",
                  "timedOut": null,
                  "duration": 77639,
                  "state": "passed",
                  "speed": "slow",
                  "pass": true,
                  "fail": false,
                  "pending": false,
                  "context": null,
                  "code": "_search.searchBar.whenFilterByKind('deployment');\n_search.searchPage.shouldFindResourceDetailItem('deployment', this.namespace + '-deployment');",
                  "err": {},
                  "uuid": "cdf1eced-1488-4ed6-8fa8-8cc208d4ca90",
                  "parentUUID": "9120f7f2-b127-4aa6-b458-0e176d0955c2",
                  "isHook": false,
                  "skipped": false
                },
                {
                  "title": "[P1][Sev1][search] should work kind filter for pod",
                  "fullTitle": "Search: Search in Local Cluster search resources [P1][Sev1][search] should work kind filter for pod",
                  "timedOut": null,
                  "duration": 79612,
                  "state": "passed",
                  "speed": "slow",
                  "pass": true,
                  "fail": false,
                  "pending": false,
                  "context": null,
                  "code": "_search.searchBar.whenFilterByKind('pod');\n_search.searchPage.shouldFindResourceDetailItem('pod', this.namespace + '-deployment-');",
                  "err": {},
                  "uuid": "d12319df-6db6-4fb5-a009-196f951f3e46",
                  "parentUUID": "9120f7f2-b127-4aa6-b458-0e176d0955c2",
                  "isHook": false,
                  "skipped": false
                },
                {
                  "title": "[P2][Sev2][search] should see pod logs",
                  "fullTitle": "Search: Search in Local Cluster search resources [P2][Sev2][search] should see pod logs",
                  "timedOut": null,
                  "duration": 90022,
                  "state": "passed",
                  "speed": "slow",
                  "pass": true,
                  "fail": false,
                  "pending": false,
                  "context": null,
                  "code": "_search.searchBar.whenFilterByKind('pod');\n_search.searchPage.whenGoToResourceDetailItemPage('pod', this.namespace + '-deployment-');\n_podDetailPage.podDetailPage.whenClickOnLogsTab(); // podDetailPage.shouldSeeLogs('serving on') // FIXME Jorge - Temporarily disabled to allow merging current progress.",
                  "err": {},
                  "uuid": "8b1e8059-9e5d-429c-8f5c-a0c8ab1f193f",
                  "parentUUID": "9120f7f2-b127-4aa6-b458-0e176d0955c2",
                  "isHook": false,
                  "skipped": false
                },
                {
                  "title": "[P2][Sev2][search] should delete pod",
                  "fullTitle": "Search: Search in Local Cluster search resources [P2][Sev2][search] should delete pod",
                  "timedOut": null,
                  "duration": 102692,
                  "state": "passed",
                  "speed": "slow",
                  "pass": true,
                  "fail": false,
                  "pending": false,
                  "context": null,
                  "code": "_search.searchBar.whenFilterByKind('pod');\n_search.searchPage.whenDeleteResourceDetailItem('pod', this.namespace + '-deployment');\n_search.searchPage.shouldBeResourceDetailItemCreatedFewSecondsAgo('pod', this.namespace + '-deployment');",
                  "err": {},
                  "uuid": "2b17447f-0f47-47a1-9e4f-da15cc4ddf6e",
                  "parentUUID": "9120f7f2-b127-4aa6-b458-0e176d0955c2",
                  "isHook": false,
                  "skipped": false
                },
                {
                  "title": "[P3][Sev3][search] should scale deployment",
                  "fullTitle": "Search: Search in Local Cluster search resources [P3][Sev3][search] should scale deployment",
                  "timedOut": null,
                  "duration": 105160,
                  "state": "passed",
                  "speed": "slow",
                  "pass": true,
                  "fail": false,
                  "pending": false,
                  "context": null,
                  "code": "_search.searchBar.whenFilterByKind('deployment');\n_search.searchPage.whenGoToResourceDetailItemPage('deployment', this.namespace + '-deployment');\n_deploymentDetailPage.deploymentDetailPage.whenScaleReplicasTo(2);\ncy.waitUsingSLA(); // WORKAROUND to wait for resource to get indexed. Better solution is to retry instead of a hard wait.",
                  "err": {},
                  "uuid": "e862fc3b-d43f-43a3-8b7e-8751ebcf86f6",
                  "parentUUID": "9120f7f2-b127-4aa6-b458-0e176d0955c2",
                  "isHook": false,
                  "skipped": false
                },
                {
                  "title": "[P3][Sev3][search] should verify that the deployment scaled",
                  "fullTitle": "Search: Search in Local Cluster search resources [P3][Sev3][search] should verify that the deployment scaled",
                  "timedOut": null,
                  "duration": 91166,
                  "state": "passed",
                  "speed": "slow",
                  "pass": true,
                  "fail": false,
                  "pending": false,
                  "context": null,
                  "code": "_search.searchBar.whenFilterByKind('deployment');\n_search.searchBar.whenFilterByName(this.namespace + '-deployment');\n_search.searchPage.shouldFindRelationshipTile('pod', '2');",
                  "err": {},
                  "uuid": "00e9e192-2823-4085-84a2-87dbe69c374b",
                  "parentUUID": "9120f7f2-b127-4aa6-b458-0e176d0955c2",
                  "isHook": false,
                  "skipped": false
                },
                {
                  "title": "[P2][Sev2][search] should delete deployment",
                  "fullTitle": "Search: Search in Local Cluster search resources [P2][Sev2][search] should delete deployment",
                  "timedOut": null,
                  "duration": 91284,
                  "state": "passed",
                  "speed": "slow",
                  "pass": true,
                  "fail": false,
                  "pending": false,
                  "context": null,
                  "code": "_search.searchBar.whenFilterByKind('deployment');\n_search.searchPage.whenDeleteResourceDetailItem('deployment', this.namespace + '-deployment');",
                  "err": {},
                  "uuid": "319cecb9-9bc6-48b9-9122-dc56e27246e2",
                  "parentUUID": "9120f7f2-b127-4aa6-b458-0e176d0955c2",
                  "isHook": false,
                  "skipped": false
                },
                {
                  "title": "[P2][Sev2][search] should validate deployment was deleted",
                  "fullTitle": "Search: Search in Local Cluster search resources [P2][Sev2][search] should validate deployment was deleted",
                  "timedOut": null,
                  "duration": 90113,
                  "state": "passed",
                  "speed": "slow",
                  "pass": true,
                  "fail": false,
                  "pending": false,
                  "context": null,
                  "code": "_search.searchBar.whenFilterByKind('deployment', true);\n_search.searchBar.whenFilterByName(this.namespace + '-deployment', true);\n_search.searchPage.shouldFindNoResults();",
                  "err": {},
                  "uuid": "5a9937a1-f8a3-4e91-8960-04ba4f936619",
                  "parentUUID": "9120f7f2-b127-4aa6-b458-0e176d0955c2",
                  "isHook": false,
                  "skipped": false
                },
                {
                  "title": "[P2][Sev2][search] should delete namespace",
                  "fullTitle": "Search: Search in Local Cluster search resources [P2][Sev2][search] should delete namespace",
                  "timedOut": null,
                  "duration": 128689,
                  "state": "passed",
                  "speed": "slow",
                  "pass": true,
                  "fail": false,
                  "pending": false,
                  "context": null,
                  "code": "_search.searchPage.whenDeleteNamespace(this.namespace);",
                  "err": {},
                  "uuid": "119b4d58-8966-4ded-9164-e32c191ef4a3",
                  "parentUUID": "9120f7f2-b127-4aa6-b458-0e176d0955c2",
                  "isHook": false,
                  "skipped": false
                },
                {
                  "title": "[P2][Sev2][search] should validate namespace was deleted",
                  "fullTitle": "Search: Search in Local Cluster search resources [P2][Sev2][search] should validate namespace was deleted",
                  "timedOut": null,
                  "duration": 89589,
                  "state": "passed",
                  "speed": "slow",
                  "pass": true,
                  "fail": false,
                  "pending": false,
                  "context": null,
                  "code": "_search.searchPage.shouldFindNoResults();",
                  "err": {},
                  "uuid": "54ad0a31-52d6-4ab6-8c0a-20682a2a309a",
                  "parentUUID": "9120f7f2-b127-4aa6-b458-0e176d0955c2",
                  "isHook": false,
                  "skipped": false
                }
              ],
              "suites": [],
              "passes": [
                "1258e13c-09af-4542-be4b-c527e463314a",
                "cdf1eced-1488-4ed6-8fa8-8cc208d4ca90",
                "d12319df-6db6-4fb5-a009-196f951f3e46",
                "8b1e8059-9e5d-429c-8f5c-a0c8ab1f193f",
                "2b17447f-0f47-47a1-9e4f-da15cc4ddf6e",
                "e862fc3b-d43f-43a3-8b7e-8751ebcf86f6",
                "00e9e192-2823-4085-84a2-87dbe69c374b",
                "319cecb9-9bc6-48b9-9122-dc56e27246e2",
                "5a9937a1-f8a3-4e91-8960-04ba4f936619",
                "119b4d58-8966-4ded-9164-e32c191ef4a3",
                "54ad0a31-52d6-4ab6-8c0a-20682a2a309a"
              ],
              "failures": [],
              "pending": [],
              "skipped": [],
              "duration": 1029116,
              "root": false,
              "rootEmpty": false,
              "_timeout": 2000
            }
          ],
          "passes": [
            "dc92934e-2539-44c9-a256-40e9780f18f8",
            "2867ca23-cef8-47a3-8b28-92958906fed6",
            "f900c556-7bc5-4201-a42a-968cb2becc2c",
            "f314b8ea-bf79-4dbc-8eb7-de147a35d15a",
            "1f213bb7-3614-4d88-8ac9-da5dbbb57dac",
            "b8891bef-88ba-4e2b-ad5c-b65d2eab8ab3"
          ],
          "failures": [],
          "pending": [],
          "skipped": [],
          "duration": 153696,
          "root": false,
          "rootEmpty": false,
          "_timeout": 2000
        },
        {
          "uuid": "8bb174a1-1c4d-4b72-ae0a-a2f14231be57",
          "title": "Search: Search in Managed Cluster",
          "fullFile": "",
          "file": "",
          "beforeHooks": [],
          "afterHooks": [],
          "tests": [
            {
              "title": "[P1][Sev1][search] should load the search page",
              "fullTitle": "Search: Search in Managed Cluster [P1][Sev1][search] should load the search page",
              "timedOut": null,
              "duration": 9481,
              "state": "passed",
              "speed": "slow",
              "pass": true,
              "fail": false,
              "pending": false,
              "context": null,
              "code": "_search.searchPage.shouldLoad();",
              "err": {},
              "uuid": "3bf25322-70a6-4e99-8108-4c18e5f0d5bf",
              "parentUUID": "8bb174a1-1c4d-4b72-ae0a-a2f14231be57",
              "isHook": false,
              "skipped": false
            },
            {
              "title": "[P1][Sev1][search] should not see any cluster and namespace",
              "fullTitle": "Search: Search in Managed Cluster [P1][Sev1][search] should not see any cluster and namespace",
              "timedOut": null,
              "duration": 9609,
              "state": "passed",
              "speed": "slow",
              "pass": true,
              "fail": false,
              "pending": false,
              "context": null,
              "code": "// when\n_search.searchBar.whenFocusSearchBar();\n_search.searchBar.whenFilterByClusterAndNamespace(this.clusterName, this.namespace); // then\n\n_search.searchPage.shouldFindNoResults();",
              "err": {},
              "uuid": "0a119368-9f58-4d54-ac46-571dba3d4445",
              "parentUUID": "8bb174a1-1c4d-4b72-ae0a-a2f14231be57",
              "isHook": false,
              "skipped": false
            },
            {
              "title": "[P1][Sev1][search] should create namespace from create resource UI",
              "fullTitle": "Search: Search in Managed Cluster [P1][Sev1][search] should create namespace from create resource UI",
              "timedOut": null,
              "duration": 18746,
              "state": "failed",
              "speed": null,
              "pass": false,
              "fail": true,
              "pending": false,
              "context": null,
              "code": "_resource.resourcePage.whenGoToResourcePage();\n_resource.resourcePage.whenSelectTargetCluster(this.clusterName);\n_resource.resourcePage.whenCreateNamespace(this.namespace);",
              "err": {
                "message": "AssertionError: Timed out retrying after 15000ms: Expected to find element: `.bx--checkbox-wrapper input[name=\"undefined\"]`, but never found it.",
                "estack": "AssertionError: Timed out retrying after 15000ms: Expected to find element: `.bx--checkbox-wrapper input[name=\"undefined\"]`, but never found it.\n    at Object.whenSelectTargetCluster (https://multicloud-console.apps.ocp4-az-3.az.dev06.red-chesterfield.com/__cypress/tests?p=tests/cypress/tests/adminSearch.spec.js:1371:8)\n    at Context.eval (https://multicloud-console.apps.ocp4-az-3.az.dev06.red-chesterfield.com/__cypress/tests?p=tests/cypress/tests/adminSearch.spec.js:1102:30)",
                "diff": null
              },
              "uuid": "556e952b-2918-4eed-b630-62da98a22385",
              "parentUUID": "8bb174a1-1c4d-4b72-ae0a-a2f14231be57",
              "isHook": false,
              "skipped": false
            },
            {
              "title": "[P1][Sev1][search] should verify that namespace already exist",
              "fullTitle": "Search: Search in Managed Cluster [P1][Sev1][search] should verify that namespace already exist",
              "timedOut": null,
              "duration": 19179,
              "state": "failed",
              "speed": null,
              "pass": false,
              "fail": true,
              "pending": false,
              "context": null,
              "code": "_resource.resourcePage.whenGoToResourcePage();\n_resource.resourcePage.whenSelectTargetCluster(this.clusterName);\n_resource.resourcePage.whenCreateNamespace(this.namespace, true);",
              "err": {
                "message": "AssertionError: Timed out retrying after 15000ms: Expected to find element: `.bx--checkbox-wrapper input[name=\"undefined\"]`, but never found it.",
                "estack": "AssertionError: Timed out retrying after 15000ms: Expected to find element: `.bx--checkbox-wrapper input[name=\"undefined\"]`, but never found it.\n    at Object.whenSelectTargetCluster (https://multicloud-console.apps.ocp4-az-3.az.dev06.red-chesterfield.com/__cypress/tests?p=tests/cypress/tests/adminSearch.spec.js:1371:8)\n    at Context.eval (https://multicloud-console.apps.ocp4-az-3.az.dev06.red-chesterfield.com/__cypress/tests?p=tests/cypress/tests/adminSearch.spec.js:1109:30)",
                "diff": null
              },
              "uuid": "4d9bcec6-7582-43eb-9825-71abcf532735",
              "parentUUID": "8bb174a1-1c4d-4b72-ae0a-a2f14231be57",
              "isHook": false,
              "skipped": false
            },
            {
              "title": "[P1][Sev1][search] should create deployment from create resource UI",
              "fullTitle": "Search: Search in Managed Cluster [P1][Sev1][search] should create deployment from create resource UI",
              "timedOut": null,
              "duration": 19265,
              "state": "failed",
              "speed": null,
              "pass": false,
              "fail": true,
              "pending": false,
              "context": null,
              "code": "_resource.resourcePage.whenGoToResourcePage();\n_resource.resourcePage.whenSelectTargetCluster(this.clusterName);\n_resource.resourcePage.whenCreateDeployment(this.namespace, this.namespace + '-deployment', 'openshift/hello-openshift');",
              "err": {
                "message": "AssertionError: Timed out retrying after 15000ms: Expected to find element: `.bx--checkbox-wrapper input[name=\"undefined\"]`, but never found it.",
                "estack": "AssertionError: Timed out retrying after 15000ms: Expected to find element: `.bx--checkbox-wrapper input[name=\"undefined\"]`, but never found it.\n    at Object.whenSelectTargetCluster (https://multicloud-console.apps.ocp4-az-3.az.dev06.red-chesterfield.com/__cypress/tests?p=tests/cypress/tests/adminSearch.spec.js:1371:8)\n    at Context.eval (https://multicloud-console.apps.ocp4-az-3.az.dev06.red-chesterfield.com/__cypress/tests?p=tests/cypress/tests/adminSearch.spec.js:1116:30)",
                "diff": null
              },
              "uuid": "12ed9d76-dc34-426b-8245-ebf4c3232f53",
              "parentUUID": "8bb174a1-1c4d-4b72-ae0a-a2f14231be57",
              "isHook": false,
              "skipped": false
            },
            {
              "title": "[P1][Sev1][search] should verify that deployment resource exist",
              "fullTitle": "Search: Search in Managed Cluster [P1][Sev1][search] should verify that deployment resource exist",
              "timedOut": null,
              "duration": 30021,
              "state": "failed",
              "speed": null,
              "pass": false,
              "fail": true,
              "pending": false,
              "context": null,
              "code": "cy.waitUsingSLA();\n_resource.resourcePage.whenGoToResourcePage();\n_resource.resourcePage.whenSelectTargetCluster(this.clusterName);\n_resource.resourcePage.whenCreateDeployment(this.namespace, this.namespace + '-deployment', 'openshift/hello-openshift', true);\ncy.logout(); // WORKAROUND, we shouldn't need to logout to see new resources. Potential product bug to investigate.\ncy.login();",
              "err": {
                "message": "AssertionError: Timed out retrying after 15000ms: Expected to find element: `.bx--checkbox-wrapper input[name=\"undefined\"]`, but never found it.",
                "estack": "AssertionError: Timed out retrying after 15000ms: Expected to find element: `.bx--checkbox-wrapper input[name=\"undefined\"]`, but never found it.\n    at Object.whenSelectTargetCluster (https://multicloud-console.apps.ocp4-az-3.az.dev06.red-chesterfield.com/__cypress/tests?p=tests/cypress/tests/adminSearch.spec.js:1371:8)\n    at Context.eval (https://multicloud-console.apps.ocp4-az-3.az.dev06.red-chesterfield.com/__cypress/tests?p=tests/cypress/tests/adminSearch.spec.js:1125:30)",
                "diff": null
              },
              "uuid": "1976de0d-c37f-4a22-ad9e-7cb808b8838c",
              "parentUUID": "8bb174a1-1c4d-4b72-ae0a-a2f14231be57",
              "isHook": false,
              "skipped": false
            }
          ],
          "suites": [
            {
              "uuid": "f044ead9-c1e5-42cb-b794-0e1fb5c37ebe",
              "title": "search resources",
              "fullFile": "",
              "file": "",
              "beforeHooks": [],
              "afterHooks": [],
              "tests": [
                {
                  "title": "[P3][Sev3][search] should have expected count of relationships",
                  "fullTitle": "Search: Search in Managed Cluster search resources [P3][Sev3][search] should have expected count of relationships",
                  "timedOut": null,
                  "duration": 14376,
                  "state": "failed",
                  "speed": null,
                  "pass": false,
                  "fail": true,
                  "pending": false,
                  "context": null,
                  "code": "_search.searchPage.shouldLoadResults();\n_search.searchPage.whenExpandRelationshipTiles();\n_search.searchPage.shouldFindRelationshipTile('cluster', '1');\n_search.searchPage.shouldFindRelationshipTile('deployment', '1');\n_search.searchPage.shouldFindRelationshipTile('pod', '1');",
                  "err": {
                    "message": "AssertionError: Timed out retrying after 2000ms: Expected to find element: `.pf-l-gallery`, but never found it.",
                    "estack": "AssertionError: Timed out retrying after 2000ms: Expected to find element: `.pf-l-gallery`, but never found it.\n    at Object.whenExpandRelationshipTiles (https://multicloud-console.apps.ocp4-az-3.az.dev06.red-chesterfield.com/__cypress/tests?p=tests/cypress/tests/adminSearch.spec.js:1494:8)\n    at Context.eval (https://multicloud-console.apps.ocp4-az-3.az.dev06.red-chesterfield.com/__cypress/tests?p=tests/cypress/tests/adminSearch.spec.js:1140:28)",
                    "diff": null
                  },
                  "uuid": "a2bc01e5-b5c5-46ec-96bc-9737e88572df",
                  "parentUUID": "f044ead9-c1e5-42cb-b794-0e1fb5c37ebe",
                  "isHook": false,
                  "skipped": false
                },
                {
                  "title": "[P1][Sev1][search] should work kind filter for deployment",
                  "fullTitle": "Search: Search in Managed Cluster search resources [P1][Sev1][search] should work kind filter for deployment",
                  "timedOut": null,
                  "duration": 34029,
                  "state": "failed",
                  "speed": null,
                  "pass": false,
                  "fail": true,
                  "pending": false,
                  "context": null,
                  "code": "_search.searchBar.whenFilterByKind('deployment');\n_search.searchPage.shouldFindResourceDetailItem('deployment', this.namespace + '-deployment');",
                  "err": {
                    "message": "AssertionError: Timed out retrying after 15000ms: expected '<li#ReactTags-0.is-disabled>' to have a length above 1 but got 1",
                    "estack": "AssertionError: Timed out retrying after 15000ms: expected '<li#ReactTags-0.is-disabled>' to have a length above 1 but got 1\n    at Object.whenSuggestionsAreAvailable (https://multicloud-console.apps.ocp4-az-3.az.dev06.red-chesterfield.com/__cypress/tests?p=tests/cypress/tests/adminSearch.spec.js:1649:21)\n    at Object.whenEnterTextInSearchBar (https://multicloud-console.apps.ocp4-az-3.az.dev06.red-chesterfield.com/__cypress/tests?p=tests/cypress/tests/adminSearch.spec.js:1670:17)\n    at Object.whenFilterByKind (https://multicloud-console.apps.ocp4-az-3.az.dev06.red-chesterfield.com/__cypress/tests?p=tests/cypress/tests/adminSearch.spec.js:1685:15)\n    at Context.eval (https://multicloud-console.apps.ocp4-az-3.az.dev06.red-chesterfield.com/__cypress/tests?p=tests/cypress/tests/adminSearch.spec.js:1149:27)",
                    "diff": ""
                  },
                  "uuid": "da26ff0d-bd58-4da7-88dc-bf26436f1a3e",
                  "parentUUID": "f044ead9-c1e5-42cb-b794-0e1fb5c37ebe",
                  "isHook": false,
                  "skipped": false
                },
                {
                  "title": "[P1][Sev1][search] should work kind filter for pod",
                  "fullTitle": "Search: Search in Managed Cluster search resources [P1][Sev1][search] should work kind filter for pod",
                  "timedOut": null,
                  "duration": 35397,
                  "state": "failed",
                  "speed": null,
                  "pass": false,
                  "fail": true,
                  "pending": false,
                  "context": null,
                  "code": "_search.searchBar.whenFilterByKind('pod');\n_search.searchPage.shouldFindResourceDetailItem('pod', this.namespace + '-deployment-');",
                  "err": {
                    "message": "AssertionError: Timed out retrying after 15000ms: expected '<li#ReactTags-0.is-disabled>' to have a length above 1 but got 1",
                    "estack": "AssertionError: Timed out retrying after 15000ms: expected '<li#ReactTags-0.is-disabled>' to have a length above 1 but got 1\n    at Object.whenSuggestionsAreAvailable (https://multicloud-console.apps.ocp4-az-3.az.dev06.red-chesterfield.com/__cypress/tests?p=tests/cypress/tests/adminSearch.spec.js:1649:21)\n    at Object.whenEnterTextInSearchBar (https://multicloud-console.apps.ocp4-az-3.az.dev06.red-chesterfield.com/__cypress/tests?p=tests/cypress/tests/adminSearch.spec.js:1670:17)\n    at Object.whenFilterByKind (https://multicloud-console.apps.ocp4-az-3.az.dev06.red-chesterfield.com/__cypress/tests?p=tests/cypress/tests/adminSearch.spec.js:1685:15)\n    at Context.eval (https://multicloud-console.apps.ocp4-az-3.az.dev06.red-chesterfield.com/__cypress/tests?p=tests/cypress/tests/adminSearch.spec.js:1154:27)",
                    "diff": ""
                  },
                  "uuid": "8ab95638-1e82-437e-96c9-c4282b9b94e9",
                  "parentUUID": "f044ead9-c1e5-42cb-b794-0e1fb5c37ebe",
                  "isHook": false,
                  "skipped": false
                },
                {
                  "title": "[P2][Sev2][search] should see pod logs",
                  "fullTitle": "Search: Search in Managed Cluster search resources [P2][Sev2][search] should see pod logs",
                  "timedOut": null,
                  "duration": 36518,
                  "state": "failed",
                  "speed": null,
                  "pass": false,
                  "fail": true,
                  "pending": false,
                  "context": null,
                  "code": "_search.searchBar.whenFilterByKind('pod');\n_search.searchPage.whenGoToResourceDetailItemPage('pod', this.namespace + '-deployment-');\n_podDetailPage.podDetailPage.whenClickOnLogsTab(); // podDetailPage.shouldSeeLogs('serving on') // FIXME Jorge - Temporarily disabled to allow merging current progress.",
                  "err": {
                    "message": "AssertionError: Timed out retrying after 15000ms: expected '<li#ReactTags-0.is-disabled>' to have a length above 1 but got 1",
                    "estack": "AssertionError: Timed out retrying after 15000ms: expected '<li#ReactTags-0.is-disabled>' to have a length above 1 but got 1\n    at Object.whenSuggestionsAreAvailable (https://multicloud-console.apps.ocp4-az-3.az.dev06.red-chesterfield.com/__cypress/tests?p=tests/cypress/tests/adminSearch.spec.js:1649:21)\n    at Object.whenEnterTextInSearchBar (https://multicloud-console.apps.ocp4-az-3.az.dev06.red-chesterfield.com/__cypress/tests?p=tests/cypress/tests/adminSearch.spec.js:1670:17)\n    at Object.whenFilterByKind (https://multicloud-console.apps.ocp4-az-3.az.dev06.red-chesterfield.com/__cypress/tests?p=tests/cypress/tests/adminSearch.spec.js:1685:15)\n    at Context.eval (https://multicloud-console.apps.ocp4-az-3.az.dev06.red-chesterfield.com/__cypress/tests?p=tests/cypress/tests/adminSearch.spec.js:1159:27)",
                    "diff": ""
                  },
                  "uuid": "76365eaf-0593-419b-837a-4e3c35504fbb",
                  "parentUUID": "f044ead9-c1e5-42cb-b794-0e1fb5c37ebe",
                  "isHook": false,
                  "skipped": false
                },
                {
                  "title": "[P2][Sev2][search] should delete pod",
                  "fullTitle": "Search: Search in Managed Cluster search resources [P2][Sev2][search] should delete pod",
                  "timedOut": null,
                  "duration": 38959,
                  "state": "failed",
                  "speed": null,
                  "pass": false,
                  "fail": true,
                  "pending": false,
                  "context": null,
                  "code": "_search.searchBar.whenFilterByKind('pod');\n_search.searchPage.whenDeleteResourceDetailItem('pod', this.namespace + '-deployment');\n_search.searchPage.shouldBeResourceDetailItemCreatedFewSecondsAgo('pod', this.namespace + '-deployment');",
                  "err": {
                    "message": "AssertionError: Timed out retrying after 15000ms: expected '<li#ReactTags-0.is-disabled>' to have a length above 1 but got 1",
                    "estack": "AssertionError: Timed out retrying after 15000ms: expected '<li#ReactTags-0.is-disabled>' to have a length above 1 but got 1\n    at Object.whenSuggestionsAreAvailable (https://multicloud-console.apps.ocp4-az-3.az.dev06.red-chesterfield.com/__cypress/tests?p=tests/cypress/tests/adminSearch.spec.js:1649:21)\n    at Object.whenEnterTextInSearchBar (https://multicloud-console.apps.ocp4-az-3.az.dev06.red-chesterfield.com/__cypress/tests?p=tests/cypress/tests/adminSearch.spec.js:1670:17)\n    at Object.whenFilterByKind (https://multicloud-console.apps.ocp4-az-3.az.dev06.red-chesterfield.com/__cypress/tests?p=tests/cypress/tests/adminSearch.spec.js:1685:15)\n    at Context.eval (https://multicloud-console.apps.ocp4-az-3.az.dev06.red-chesterfield.com/__cypress/tests?p=tests/cypress/tests/adminSearch.spec.js:1167:27)",
                    "diff": ""
                  },
                  "uuid": "492663a6-d614-4dbe-b975-3a3ec47c8ed2",
                  "parentUUID": "f044ead9-c1e5-42cb-b794-0e1fb5c37ebe",
                  "isHook": false,
                  "skipped": false
                },
                {
                  "title": "[P3][Sev3][search] should scale deployment",
                  "fullTitle": "Search: Search in Managed Cluster search resources [P3][Sev3][search] should scale deployment",
                  "timedOut": null,
                  "duration": 40430,
                  "state": "failed",
                  "speed": null,
                  "pass": false,
                  "fail": true,
                  "pending": false,
                  "context": null,
                  "code": "_search.searchBar.whenFilterByKind('deployment');\n_search.searchPage.whenGoToResourceDetailItemPage('deployment', this.namespace + '-deployment');\n_deploymentDetailPage.deploymentDetailPage.whenScaleReplicasTo(2);\ncy.waitUsingSLA(); // WORKAROUND to wait for resource to get indexed. Better solution is to retry instead of a hard wait.",
                  "err": {
                    "message": "AssertionError: Timed out retrying after 15000ms: expected '<li#ReactTags-0.is-disabled>' to have a length above 1 but got 1",
                    "estack": "AssertionError: Timed out retrying after 15000ms: expected '<li#ReactTags-0.is-disabled>' to have a length above 1 but got 1\n    at Object.whenSuggestionsAreAvailable (https://multicloud-console.apps.ocp4-az-3.az.dev06.red-chesterfield.com/__cypress/tests?p=tests/cypress/tests/adminSearch.spec.js:1649:21)\n    at Object.whenEnterTextInSearchBar (https://multicloud-console.apps.ocp4-az-3.az.dev06.red-chesterfield.com/__cypress/tests?p=tests/cypress/tests/adminSearch.spec.js:1670:17)\n    at Object.whenFilterByKind (https://multicloud-console.apps.ocp4-az-3.az.dev06.red-chesterfield.com/__cypress/tests?p=tests/cypress/tests/adminSearch.spec.js:1685:15)\n    at Context.eval (https://multicloud-console.apps.ocp4-az-3.az.dev06.red-chesterfield.com/__cypress/tests?p=tests/cypress/tests/adminSearch.spec.js:1174:27)",
                    "diff": ""
                  },
                  "uuid": "86e7b376-2ac4-495e-8bf1-46cc6c4a194e",
                  "parentUUID": "f044ead9-c1e5-42cb-b794-0e1fb5c37ebe",
                  "isHook": false,
                  "skipped": false
                },
                {
                  "title": "[P3][Sev3][search] should verify that the deployment scaled",
                  "fullTitle": "Search: Search in Managed Cluster search resources [P3][Sev3][search] should verify that the deployment scaled",
                  "timedOut": null,
                  "duration": 41962,
                  "state": "failed",
                  "speed": null,
                  "pass": false,
                  "fail": true,
                  "pending": false,
                  "context": null,
                  "code": "_search.searchBar.whenFilterByKind('deployment');\n_search.searchBar.whenFilterByName(this.namespace + '-deployment');\n_search.searchPage.shouldFindRelationshipTile('pod', '2');",
                  "err": {
                    "message": "AssertionError: Timed out retrying after 15000ms: expected '<li#ReactTags-0.is-disabled>' to have a length above 1 but got 1",
                    "estack": "AssertionError: Timed out retrying after 15000ms: expected '<li#ReactTags-0.is-disabled>' to have a length above 1 but got 1\n    at Object.whenSuggestionsAreAvailable (https://multicloud-console.apps.ocp4-az-3.az.dev06.red-chesterfield.com/__cypress/tests?p=tests/cypress/tests/adminSearch.spec.js:1649:21)\n    at Object.whenEnterTextInSearchBar (https://multicloud-console.apps.ocp4-az-3.az.dev06.red-chesterfield.com/__cypress/tests?p=tests/cypress/tests/adminSearch.spec.js:1670:17)\n    at Object.whenFilterByKind (https://multicloud-console.apps.ocp4-az-3.az.dev06.red-chesterfield.com/__cypress/tests?p=tests/cypress/tests/adminSearch.spec.js:1685:15)\n    at Context.eval (https://multicloud-console.apps.ocp4-az-3.az.dev06.red-chesterfield.com/__cypress/tests?p=tests/cypress/tests/adminSearch.spec.js:1183:27)",
                    "diff": ""
                  },
                  "uuid": "2a24d1df-f4e8-41dd-857d-23fe81e1e80d",
                  "parentUUID": "f044ead9-c1e5-42cb-b794-0e1fb5c37ebe",
                  "isHook": false,
                  "skipped": false
                },
                {
                  "title": "[P2][Sev2][search] should delete deployment",
                  "fullTitle": "Search: Search in Managed Cluster search resources [P2][Sev2][search] should delete deployment",
                  "timedOut": null,
                  "duration": 45399,
                  "state": "failed",
                  "speed": null,
                  "pass": false,
                  "fail": true,
                  "pending": false,
                  "context": null,
                  "code": "_search.searchBar.whenFilterByKind('deployment');\n_search.searchPage.whenDeleteResourceDetailItem('deployment', this.namespace + '-deployment');",
                  "err": {
                    "message": "AssertionError: Timed out retrying after 15000ms: expected '<li#ReactTags-0.is-disabled>' to have a length above 1 but got 1",
                    "estack": "AssertionError: Timed out retrying after 15000ms: expected '<li#ReactTags-0.is-disabled>' to have a length above 1 but got 1\n    at Object.whenSuggestionsAreAvailable (https://multicloud-console.apps.ocp4-az-3.az.dev06.red-chesterfield.com/__cypress/tests?p=tests/cypress/tests/adminSearch.spec.js:1649:21)\n    at Object.whenEnterTextInSearchBar (https://multicloud-console.apps.ocp4-az-3.az.dev06.red-chesterfield.com/__cypress/tests?p=tests/cypress/tests/adminSearch.spec.js:1670:17)\n    at Object.whenFilterByKind (https://multicloud-console.apps.ocp4-az-3.az.dev06.red-chesterfield.com/__cypress/tests?p=tests/cypress/tests/adminSearch.spec.js:1685:15)\n    at Context.eval (https://multicloud-console.apps.ocp4-az-3.az.dev06.red-chesterfield.com/__cypress/tests?p=tests/cypress/tests/adminSearch.spec.js:1190:27)",
                    "diff": ""
                  },
                  "uuid": "5ef4d433-b745-46d9-a28a-c0d8053a52c0",
                  "parentUUID": "f044ead9-c1e5-42cb-b794-0e1fb5c37ebe",
                  "isHook": false,
                  "skipped": false
                },
                {
                  "title": "[P2][Sev2][search] should validate deployment was deleted",
                  "fullTitle": "Search: Search in Managed Cluster search resources [P2][Sev2][search] should validate deployment was deleted",
                  "timedOut": null,
                  "duration": 37068,
                  "state": "passed",
                  "speed": "slow",
                  "pass": true,
                  "fail": false,
                  "pending": false,
                  "context": null,
                  "code": "_search.searchBar.whenFilterByKind('deployment', true);\n_search.searchBar.whenFilterByName(this.namespace + '-deployment', true);\n_search.searchPage.shouldFindNoResults();",
                  "err": {},
                  "uuid": "f819bca3-dc24-48b2-87af-6c2d9a2ead52",
                  "parentUUID": "f044ead9-c1e5-42cb-b794-0e1fb5c37ebe",
                  "isHook": false,
                  "skipped": false
                },
                {
                  "title": "[P2][Sev2][search] should delete namespace",
                  "fullTitle": "Search: Search in Managed Cluster search resources [P2][Sev2][search] should delete namespace",
                  "timedOut": null,
                  "duration": 46592,
                  "state": "passed",
                  "speed": "slow",
                  "pass": true,
                  "fail": false,
                  "pending": false,
                  "context": null,
                  "code": "_search.searchPage.whenDeleteNamespace(this.namespace);",
                  "err": {},
                  "uuid": "96117ccc-6737-4319-a1a3-a8309977c46e",
                  "parentUUID": "f044ead9-c1e5-42cb-b794-0e1fb5c37ebe",
                  "isHook": false,
                  "skipped": false
                },
                {
                  "title": "[P2][Sev2][search] should validate namespace was deleted",
                  "fullTitle": "Search: Search in Managed Cluster search resources [P2][Sev2][search] should validate namespace was deleted",
                  "timedOut": null,
                  "duration": 18169,
                  "state": "passed",
                  "speed": "slow",
                  "pass": true,
                  "fail": false,
                  "pending": false,
                  "context": null,
                  "code": "_search.searchPage.shouldFindNoResults();",
                  "err": {},
                  "uuid": "b0c6f485-b0db-44b0-8949-7bc2346bb4bb",
                  "parentUUID": "f044ead9-c1e5-42cb-b794-0e1fb5c37ebe",
                  "isHook": false,
                  "skipped": false
                }
              ],
              "suites": [],
              "passes": [
                "f819bca3-dc24-48b2-87af-6c2d9a2ead52",
                "96117ccc-6737-4319-a1a3-a8309977c46e",
                "b0c6f485-b0db-44b0-8949-7bc2346bb4bb"
              ],
              "failures": [
                "a2bc01e5-b5c5-46ec-96bc-9737e88572df",
                "da26ff0d-bd58-4da7-88dc-bf26436f1a3e",
                "8ab95638-1e82-437e-96c9-c4282b9b94e9",
                "76365eaf-0593-419b-837a-4e3c35504fbb",
                "492663a6-d614-4dbe-b975-3a3ec47c8ed2",
                "86e7b376-2ac4-495e-8bf1-46cc6c4a194e",
                "2a24d1df-f4e8-41dd-857d-23fe81e1e80d",
                "5ef4d433-b745-46d9-a28a-c0d8053a52c0"
              ],
              "pending": [],
              "skipped": [],
              "duration": 388899,
              "root": false,
              "rootEmpty": false,
              "_timeout": 2000
            }
          ],
          "passes": [
            "3bf25322-70a6-4e99-8108-4c18e5f0d5bf",
            "0a119368-9f58-4d54-ac46-571dba3d4445"
          ],
          "failures": [
            "556e952b-2918-4eed-b630-62da98a22385",
            "4d9bcec6-7582-43eb-9825-71abcf532735",
            "12ed9d76-dc34-426b-8245-ebf4c3232f53",
            "1976de0d-c37f-4a22-ad9e-7cb808b8838c"
          ],
          "pending": [],
          "skipped": [],
          "duration": 106301,
          "root": false,
          "rootEmpty": false,
          "_timeout": 2000
        }
      ],
      "passes": [],
      "failures": [],
      "pending": [],
      "skipped": [],
      "duration": 0,
      "root": true,
      "rootEmpty": true,
      "_timeout": 2000
    },
    {
      "uuid": "b09bebcf-5d2c-44cd-ad5e-0cce1ba85866",
      "title": "",
      "fullFile": "tests/cypress/tests/commonSearch.spec.js",
      "file": "testscypress/tests/commonSearch.spec.js",
      "beforeHooks": [],
      "afterHooks": [],
      "tests": [],
      "suites": [
        {
          "uuid": "f9da874d-dd5e-45ef-930b-6f4ea920c444",
          "title": "RHACM4K-913: Search - common filter and conditions",
          "fullFile": "",
          "file": "",
          "beforeHooks": [],
          "afterHooks": [],
          "tests": [
            {
              "title": "[P1][Sev1][search] should create namespace and application",
              "fullTitle": "RHACM4K-913: Search - common filter and conditions [P1][Sev1][search] should create namespace and application",
              "timedOut": null,
              "duration": 23367,
              "state": "passed",
              "speed": "slow",
              "pass": true,
              "fail": false,
              "pending": false,
              "context": null,
              "code": "_cliHelper.cliHelper.createNamespace(this.namespace);\n_cliHelper.cliHelper.createApplication(appName, this.namespace);\ncy.wait(2000); // Adding a wait since to ensure that exec command finishes.\ncy.logout(); // WORKAROUND, we shouldn't need to logout to see new resources. Potential product bug to investigate.\ncy.login();",
              "err": {},
              "uuid": "60af01a4-5668-4635-8101-de9776cd4e1c",
              "parentUUID": "f9da874d-dd5e-45ef-930b-6f4ea920c444",
              "isHook": false,
              "skipped": false
            },
            {
              "title": "[P2][Sev2][search] should find expected application and delete application",
              "fullTitle": "RHACM4K-913: Search - common filter and conditions [P2][Sev2][search] should find expected application and delete application",
              "timedOut": null,
              "duration": 40746,
              "state": "passed",
              "speed": "slow",
              "pass": true,
              "fail": false,
              "pending": false,
              "context": null,
              "code": "_search.searchPage.shouldFindApplicationInNS(appName, this.namespace);\n_search.searchPage.shouldDeleteApplicationInNS(appName, this.namespace);\n_cliHelper.cliHelper.deleteNamespace(this.namespace);",
              "err": {},
              "uuid": "cd13727d-0603-474d-9deb-ef48d503f6c5",
              "parentUUID": "f9da874d-dd5e-45ef-930b-6f4ea920c444",
              "isHook": false,
              "skipped": false
            }
          ],
          "suites": [],
          "passes": [
            "60af01a4-5668-4635-8101-de9776cd4e1c",
            "cd13727d-0603-474d-9deb-ef48d503f6c5"
          ],
          "failures": [],
          "pending": [],
          "skipped": [],
          "duration": 64113,
          "root": false,
          "rootEmpty": false,
          "_timeout": 2000
        }
      ],
      "passes": [],
      "failures": [],
      "pending": [],
      "skipped": [],
      "duration": 0,
      "root": true,
      "rootEmpty": true,
      "_timeout": 2000
    },
    {
      "uuid": "ea44fa8f-ec08-4c3b-bf01-e3a11d7fd5ef",
      "title": "",
      "fullFile": "tests/cypress/tests/filters.spec.js",
      "file": "testscypress/tests/filters.spec.js",
      "beforeHooks": [],
      "afterHooks": [],
      "tests": [],
      "suites": [
        {
          "uuid": "110e0517-db74-496f-ae28-298c7495e708",
          "title": "Search: Search using filters",
          "fullFile": "",
          "file": "",
          "beforeHooks": [],
          "afterHooks": [],
          "tests": [],
          "suites": [
            {
              "uuid": "108e5d19-67d3-41db-b05f-caa90ca10061",
              "title": "[P1][Sev1][search] Search using \"name\" filter",
              "fullFile": "",
              "file": "",
              "beforeHooks": [],
              "afterHooks": [],
              "tests": [
                {
                  "title": "should suggest values",
                  "fullTitle": "Search: Search using filters [P1][Sev1][search] Search using \"name\" filter should suggest values",
                  "timedOut": null,
                  "duration": 16318,
                  "state": "passed",
                  "speed": "slow",
                  "pass": true,
                  "fail": false,
                  "pending": false,
                  "context": null,
                  "code": "_search.searchBar.whenEnterTextInSearchBar(filter.type);\n_search.searchBar.shouldSuggestValues();",
                  "err": {},
                  "uuid": "d28dab84-69b5-4038-84ff-287b67bbb288",
                  "parentUUID": "108e5d19-67d3-41db-b05f-caa90ca10061",
                  "isHook": false,
                  "skipped": false
                },
                {
                  "title": "should filter by next suggestion",
                  "fullTitle": "Search: Search using filters [P1][Sev1][search] Search using \"name\" filter should filter by next suggestion",
                  "timedOut": null,
                  "duration": 45625,
                  "state": "passed",
                  "speed": "slow",
                  "pass": true,
                  "fail": false,
                  "pending": false,
                  "context": null,
                  "code": "_search.searchBar.whenEnterTextInSearchBar(filter.type);\nvalue.add();\nisValidSearchQuery();",
                  "err": {},
                  "uuid": "856761d7-add6-4c60-bee3-d194cd09805c",
                  "parentUUID": "108e5d19-67d3-41db-b05f-caa90ca10061",
                  "isHook": false,
                  "skipped": false
                }
              ],
              "suites": [],
              "passes": [
                "d28dab84-69b5-4038-84ff-287b67bbb288",
                "856761d7-add6-4c60-bee3-d194cd09805c"
              ],
              "failures": [],
              "pending": [],
              "skipped": [],
              "duration": 61943,
              "root": false,
              "rootEmpty": false,
              "_timeout": 2000
            },
            {
              "uuid": "df8645bb-fddb-49c8-a663-e41afb77be5a",
              "title": "[P1][Sev1][search] Search using \"label\" filter",
              "fullFile": "",
              "file": "",
              "beforeHooks": [],
              "afterHooks": [],
              "tests": [
                {
                  "title": "should suggest values",
                  "fullTitle": "Search: Search using filters [P1][Sev1][search] Search using \"label\" filter should suggest values",
                  "timedOut": null,
                  "duration": 4491,
                  "state": "passed",
                  "speed": "slow",
                  "pass": true,
                  "fail": false,
                  "pending": false,
                  "context": null,
                  "code": "_search.searchBar.whenEnterTextInSearchBar(filter.type);\n_search.searchBar.shouldSuggestValues();",
                  "err": {},
                  "uuid": "ff57d1fc-dd9e-4c92-aca3-4dfc205b980c",
                  "parentUUID": "df8645bb-fddb-49c8-a663-e41afb77be5a",
                  "isHook": false,
                  "skipped": false
                },
                {
                  "title": "should filter by next suggestion",
                  "fullTitle": "Search: Search using filters [P1][Sev1][search] Search using \"label\" filter should filter by next suggestion",
                  "timedOut": null,
                  "duration": 14027,
                  "state": "passed",
                  "speed": "slow",
                  "pass": true,
                  "fail": false,
                  "pending": false,
                  "context": null,
                  "code": "_search.searchBar.whenEnterTextInSearchBar(filter.type);\nvalue.add();\nisValidSearchQuery();",
                  "err": {},
                  "uuid": "15618f71-4d07-4dd2-937c-e111fde6ba06",
                  "parentUUID": "df8645bb-fddb-49c8-a663-e41afb77be5a",
                  "isHook": false,
                  "skipped": false
                }
              ],
              "suites": [],
              "passes": [
                "ff57d1fc-dd9e-4c92-aca3-4dfc205b980c",
                "15618f71-4d07-4dd2-937c-e111fde6ba06"
              ],
              "failures": [],
              "pending": [],
              "skipped": [],
              "duration": 18518,
              "root": false,
              "rootEmpty": false,
              "_timeout": 2000
            },
            {
              "uuid": "a94eaa63-6c9d-4a38-bbe9-4a24e26d9c19",
              "title": "[P1][Sev1][search] Search using \"kind\" filter",
              "fullFile": "",
              "file": "",
              "beforeHooks": [],
              "afterHooks": [],
              "tests": [
                {
                  "title": "should suggest values",
                  "fullTitle": "Search: Search using filters [P1][Sev1][search] Search using \"kind\" filter should suggest values",
                  "timedOut": null,
                  "duration": 2375,
                  "state": "passed",
                  "speed": "slow",
                  "pass": true,
                  "fail": false,
                  "pending": false,
                  "context": null,
                  "code": "_search.searchBar.whenEnterTextInSearchBar(filter.type);\n_search.searchBar.shouldSuggestValues();",
                  "err": {},
                  "uuid": "49b10a63-c6d8-45e6-b1b4-6d3b864ad38f",
                  "parentUUID": "a94eaa63-6c9d-4a38-bbe9-4a24e26d9c19",
                  "isHook": false,
                  "skipped": false
                },
                {
                  "title": "should filter by next suggestion",
                  "fullTitle": "Search: Search using filters [P1][Sev1][search] Search using \"kind\" filter should filter by next suggestion",
                  "timedOut": null,
                  "duration": 3208,
                  "state": "passed",
                  "speed": "slow",
                  "pass": true,
                  "fail": false,
                  "pending": false,
                  "context": null,
                  "code": "_search.searchBar.whenEnterTextInSearchBar(filter.type);\nvalue.add();\nisValidSearchQuery();",
                  "err": {},
                  "uuid": "5eee09ee-95b0-4fa0-8f93-eeda6eb10ab9",
                  "parentUUID": "a94eaa63-6c9d-4a38-bbe9-4a24e26d9c19",
                  "isHook": false,
                  "skipped": false
                },
                {
                  "title": "should filter by multiple values",
                  "fullTitle": "Search: Search using filters [P1][Sev1][search] Search using \"kind\" filter should filter by multiple values",
                  "timedOut": null,
                  "duration": 6585,
                  "state": "passed",
                  "speed": "slow",
                  "pass": true,
                  "fail": false,
                  "pending": false,
                  "context": null,
                  "code": "for (var idx = 1; idx <= numValues; idx++) {\n  _search.searchBar.whenEnterTextInSearchBar(filter.type);\n  _search.searchBar.whenSelectFirstSuggestedValue();\n}\nisValidSearchQuery();",
                  "err": {},
                  "uuid": "3a8f3373-781d-477c-a752-74d4dfc49cf3",
                  "parentUUID": "a94eaa63-6c9d-4a38-bbe9-4a24e26d9c19",
                  "isHook": false,
                  "skipped": false
                },
                {
                  "title": "should filter by combination with \"next suggestion\" value and \"name\" filter with \"next suggestion\" value",
                  "fullTitle": "Search: Search using filters [P1][Sev1][search] Search using \"kind\" filter should filter by combination with \"next suggestion\" value and \"name\" filter with \"next suggestion\" value",
                  "timedOut": null,
                  "duration": 6113,
                  "state": "passed",
                  "speed": "slow",
                  "pass": true,
                  "fail": false,
                  "pending": false,
                  "context": null,
                  "code": "_search.searchBar.whenEnterTextInSearchBar(filter.type);\nvalue.add();\n_search.searchBar.whenEnterTextInSearchBar(dependant.type);\ndepValue.add();\nisValidSearchQuery();",
                  "err": {},
                  "uuid": "c05e962f-6b52-46b4-a8ce-ae510263a8b9",
                  "parentUUID": "a94eaa63-6c9d-4a38-bbe9-4a24e26d9c19",
                  "isHook": false,
                  "skipped": false
                },
                {
                  "title": "should filter by combination with \"next suggestion\" value and \"label\" filter with \"next suggestion\" value",
                  "fullTitle": "Search: Search using filters [P1][Sev1][search] Search using \"kind\" filter should filter by combination with \"next suggestion\" value and \"label\" filter with \"next suggestion\" value",
                  "timedOut": null,
                  "duration": 6772,
                  "state": "passed",
                  "speed": "slow",
                  "pass": true,
                  "fail": false,
                  "pending": false,
                  "context": null,
                  "code": "_search.searchBar.whenEnterTextInSearchBar(filter.type);\nvalue.add();\n_search.searchBar.whenEnterTextInSearchBar(dependant.type);\ndepValue.add();\nisValidSearchQuery();",
                  "err": {},
                  "uuid": "bd14e194-6c9c-448b-999e-8deddd268f05",
                  "parentUUID": "a94eaa63-6c9d-4a38-bbe9-4a24e26d9c19",
                  "isHook": false,
                  "skipped": false
                }
              ],
              "suites": [],
              "passes": [
                "49b10a63-c6d8-45e6-b1b4-6d3b864ad38f",
                "5eee09ee-95b0-4fa0-8f93-eeda6eb10ab9",
                "3a8f3373-781d-477c-a752-74d4dfc49cf3",
                "c05e962f-6b52-46b4-a8ce-ae510263a8b9",
                "bd14e194-6c9c-448b-999e-8deddd268f05"
              ],
              "failures": [],
              "pending": [],
              "skipped": [],
              "duration": 25053,
              "root": false,
              "rootEmpty": false,
              "_timeout": 2000
            },
            {
              "uuid": "5fe989a4-e999-4cf1-a6bf-51ca28386cd0",
              "title": "[P1][Sev1][search] Search using \"role\" filter",
              "fullFile": "",
              "file": "",
              "beforeHooks": [],
              "afterHooks": [],
              "tests": [
                {
                  "title": "should suggest values",
                  "fullTitle": "Search: Search using filters [P1][Sev1][search] Search using \"role\" filter should suggest values",
                  "timedOut": null,
                  "duration": 2406,
                  "state": "passed",
                  "speed": "slow",
                  "pass": true,
                  "fail": false,
                  "pending": false,
                  "context": null,
                  "code": "_search.searchBar.whenEnterTextInSearchBar(filter.type);\n_search.searchBar.shouldSuggestValues();",
                  "err": {},
                  "uuid": "be5e07a7-af08-4a73-9b65-9ee0d524b50a",
                  "parentUUID": "5fe989a4-e999-4cf1-a6bf-51ca28386cd0",
                  "isHook": false,
                  "skipped": false
                },
                {
                  "title": "should filter by master",
                  "fullTitle": "Search: Search using filters [P1][Sev1][search] Search using \"role\" filter should filter by master",
                  "timedOut": null,
                  "duration": 3766,
                  "state": "passed",
                  "speed": "slow",
                  "pass": true,
                  "fail": false,
                  "pending": false,
                  "context": null,
                  "code": "_search.searchBar.whenEnterTextInSearchBar(filter.type);\nvalue.add();\nisValidSearchQuery();",
                  "err": {},
                  "uuid": "4e7ec583-ba3e-470a-930f-0898199015b8",
                  "parentUUID": "5fe989a4-e999-4cf1-a6bf-51ca28386cd0",
                  "isHook": false,
                  "skipped": false
                },
                {
                  "title": "should filter by worker",
                  "fullTitle": "Search: Search using filters [P1][Sev1][search] Search using \"role\" filter should filter by worker",
                  "timedOut": null,
                  "duration": 3504,
                  "state": "passed",
                  "speed": "slow",
                  "pass": true,
                  "fail": false,
                  "pending": false,
                  "context": null,
                  "code": "_search.searchBar.whenEnterTextInSearchBar(filter.type);\nvalue.add();\nisValidSearchQuery();",
                  "err": {},
                  "uuid": "3de68926-8e2d-459c-9436-5f518fedee2e",
                  "parentUUID": "5fe989a4-e999-4cf1-a6bf-51ca28386cd0",
                  "isHook": false,
                  "skipped": false
                },
                {
                  "title": "should filter by multiple values",
                  "fullTitle": "Search: Search using filters [P1][Sev1][search] Search using \"role\" filter should filter by multiple values",
                  "timedOut": null,
                  "duration": 5906,
                  "state": "passed",
                  "speed": "slow",
                  "pass": true,
                  "fail": false,
                  "pending": false,
                  "context": null,
                  "code": "for (var idx = 1; idx <= numValues; idx++) {\n  _search.searchBar.whenEnterTextInSearchBar(filter.type);\n  _search.searchBar.whenSelectFirstSuggestedValue();\n}\nisValidSearchQuery();",
                  "err": {},
                  "uuid": "d706a7a0-bb0a-4940-a468-d4f7b16b35bc",
                  "parentUUID": "5fe989a4-e999-4cf1-a6bf-51ca28386cd0",
                  "isHook": false,
                  "skipped": false
                }
              ],
              "suites": [],
              "passes": [
                "be5e07a7-af08-4a73-9b65-9ee0d524b50a",
                "4e7ec583-ba3e-470a-930f-0898199015b8",
                "3de68926-8e2d-459c-9436-5f518fedee2e",
                "d706a7a0-bb0a-4940-a468-d4f7b16b35bc"
              ],
              "failures": [],
              "pending": [],
              "skipped": [],
              "duration": 15582,
              "root": false,
              "rootEmpty": false,
              "_timeout": 2000
            },
            {
              "uuid": "56416f6a-4776-4e57-996c-33a4a1655f42",
              "title": "[P1][Sev1][search] Search using \"status\" filter",
              "fullFile": "",
              "file": "",
              "beforeHooks": [],
              "afterHooks": [],
              "tests": [
                {
                  "title": "should suggest values",
                  "fullTitle": "Search: Search using filters [P1][Sev1][search] Search using \"status\" filter should suggest values",
                  "timedOut": null,
                  "duration": 2304,
                  "state": "passed",
                  "speed": "slow",
                  "pass": true,
                  "fail": false,
                  "pending": false,
                  "context": null,
                  "code": "_search.searchBar.whenEnterTextInSearchBar(filter.type);\n_search.searchBar.shouldSuggestValues();",
                  "err": {},
                  "uuid": "17a4bdb3-7c44-4c4f-818c-c5958a1d36bf",
                  "parentUUID": "56416f6a-4776-4e57-996c-33a4a1655f42",
                  "isHook": false,
                  "skipped": false
                },
                {
                  "title": "should filter by next suggestion",
                  "fullTitle": "Search: Search using filters [P1][Sev1][search] Search using \"status\" filter should filter by next suggestion",
                  "timedOut": null,
                  "duration": 4223,
                  "state": "passed",
                  "speed": "slow",
                  "pass": true,
                  "fail": false,
                  "pending": false,
                  "context": null,
                  "code": "_search.searchBar.whenEnterTextInSearchBar(filter.type);\nvalue.add();\nisValidSearchQuery();",
                  "err": {},
                  "uuid": "d2530e52-604d-4223-8fac-6828c450f229",
                  "parentUUID": "56416f6a-4776-4e57-996c-33a4a1655f42",
                  "isHook": false,
                  "skipped": false
                },
                {
                  "title": "should suggest values",
                  "fullTitle": "Search: Search using filters [P1][Sev1][search] Search using \"status\" filter should suggest values",
                  "timedOut": null,
                  "duration": 2420,
                  "state": "passed",
                  "speed": "slow",
                  "pass": true,
                  "fail": false,
                  "pending": false,
                  "context": null,
                  "code": "_search.searchBar.whenEnterTextInSearchBar(filter.type);\n_search.searchBar.shouldSuggestValues();",
                  "err": {},
                  "uuid": "88ebde54-aa87-49e8-a7bf-7d5eb7050bd5",
                  "parentUUID": "56416f6a-4776-4e57-996c-33a4a1655f42",
                  "isHook": false,
                  "skipped": false
                },
                {
                  "title": "should filter by next suggestion",
                  "fullTitle": "Search: Search using filters [P1][Sev1][search] Search using \"status\" filter should filter by next suggestion",
                  "timedOut": null,
                  "duration": 3044,
                  "state": "passed",
                  "speed": "slow",
                  "pass": true,
                  "fail": false,
                  "pending": false,
                  "context": null,
                  "code": "_search.searchBar.whenEnterTextInSearchBar(filter.type);\nvalue.add();\nisValidSearchQuery();",
                  "err": {},
                  "uuid": "cfc9937d-5d30-49ed-9213-9ebb8c8003a5",
                  "parentUUID": "56416f6a-4776-4e57-996c-33a4a1655f42",
                  "isHook": false,
                  "skipped": false
                },
                {
                  "title": "should filter by multiple values",
                  "fullTitle": "Search: Search using filters [P1][Sev1][search] Search using \"status\" filter should filter by multiple values",
                  "timedOut": null,
                  "duration": 5840,
                  "state": "passed",
                  "speed": "slow",
                  "pass": true,
                  "fail": false,
                  "pending": false,
                  "context": null,
                  "code": "for (var idx = 1; idx <= numValues; idx++) {\n  _search.searchBar.whenEnterTextInSearchBar(filter.type);\n  _search.searchBar.whenSelectFirstSuggestedValue();\n}\nisValidSearchQuery();",
                  "err": {},
                  "uuid": "6c6e1453-1f71-4488-b015-066742011060",
                  "parentUUID": "56416f6a-4776-4e57-996c-33a4a1655f42",
                  "isHook": false,
                  "skipped": false
                }
              ],
              "suites": [],
              "passes": [
                "17a4bdb3-7c44-4c4f-818c-c5958a1d36bf",
                "d2530e52-604d-4223-8fac-6828c450f229",
                "88ebde54-aa87-49e8-a7bf-7d5eb7050bd5",
                "cfc9937d-5d30-49ed-9213-9ebb8c8003a5",
                "6c6e1453-1f71-4488-b015-066742011060"
              ],
              "failures": [],
              "pending": [],
              "skipped": [],
              "duration": 17831,
              "root": false,
              "rootEmpty": false,
              "_timeout": 2000
            }
          ],
          "passes": [],
          "failures": [],
          "pending": [],
          "skipped": [],
          "duration": 0,
          "root": false,
          "rootEmpty": false,
          "_timeout": 2000
        }
      ],
      "passes": [],
      "failures": [],
      "pending": [],
      "skipped": [],
      "duration": 0,
      "root": true,
      "rootEmpty": true,
      "_timeout": 2000
    },
    {
      "uuid": "c154931a-96bb-417b-9e6e-adcb241811ec",
      "title": "",
      "fullFile": "tests/cypress/tests/linkPage.spec.js",
      "file": "testscypress/tests/linkPage.spec.js",
      "beforeHooks": [],
      "afterHooks": [],
      "tests": [],
      "suites": [
        {
          "uuid": "efe54f5f-fd5f-4709-91f2-d4c85a1ca744",
          "title": "Search: Linked page",
          "fullFile": "",
          "file": "",
          "beforeHooks": [],
          "afterHooks": [],
          "tests": [
            {
              "title": "[P2][Sev2][search] clusters page should have link to search page",
              "fullTitle": "Search: Linked page [P2][Sev2][search] clusters page should have link to search page",
              "timedOut": null,
              "duration": 12503,
              "state": "passed",
              "speed": "slow",
              "pass": true,
              "fail": false,
              "pending": false,
              "context": null,
              "code": "_clusters.clustersPage.shouldHaveLinkToSearchPage();",
              "err": {},
              "uuid": "2e23aabb-c85d-4b6d-8e4f-0c9fc2819ae7",
              "parentUUID": "efe54f5f-fd5f-4709-91f2-d4c85a1ca744",
              "isHook": false,
              "skipped": false
            }
          ],
          "suites": [],
          "passes": [
            "2e23aabb-c85d-4b6d-8e4f-0c9fc2819ae7"
          ],
          "failures": [],
          "pending": [],
          "skipped": [],
          "duration": 12503,
          "root": false,
          "rootEmpty": false,
          "_timeout": 2000
        }
      ],
      "passes": [],
      "failures": [],
      "pending": [],
      "skipped": [],
      "duration": 0,
      "root": true,
      "rootEmpty": true,
      "_timeout": 2000
    },
    {
      "uuid": "44b6dd29-cb1f-4297-8ada-5eb280829707",
      "title": "",
      "fullFile": "tests/cypress/tests/overviewPage.spec.js",
      "file": "testscypress/tests/overviewPage.spec.js",
      "beforeHooks": [],
      "afterHooks": [],
      "tests": [],
      "suites": [
        {
          "uuid": "c4485ab5-ae97-4c5e-a17d-9d504cf1c641",
          "title": "Search: Overview page",
          "fullFile": "",
          "file": "",
          "beforeHooks": [],
          "afterHooks": [],
          "tests": [
            {
              "title": "[P1][Sev1][search] should load the overview page",
              "fullTitle": "Search: Overview page [P1][Sev1][search] should load the overview page",
              "timedOut": null,
              "duration": 8868,
              "state": "passed",
              "speed": "slow",
              "pass": true,
              "fail": false,
              "pending": false,
              "context": null,
              "code": "_overview.overviewPage.shouldLoad();",
              "err": {},
              "uuid": "66b7befe-4047-48d7-8d6e-fc66070382bf",
              "parentUUID": "c4485ab5-ae97-4c5e-a17d-9d504cf1c641",
              "isHook": false,
              "skipped": false
            },
            {
              "title": "[P2][Sev2][search] should have link to search page",
              "fullTitle": "Search: Overview page [P2][Sev2][search] should have link to search page",
              "timedOut": null,
              "duration": 5713,
              "state": "passed",
              "speed": "slow",
              "pass": true,
              "fail": false,
              "pending": false,
              "context": null,
              "code": "_overview.overviewPage.shouldHaveLinkToSearchPage();",
              "err": {},
              "uuid": "082bcc8f-e9e6-4501-8b79-91d6f57b7c46",
              "parentUUID": "c4485ab5-ae97-4c5e-a17d-9d504cf1c641",
              "isHook": false,
              "skipped": false
            },
            {
              "title": "[P2][Sev2][search] add cloud connection action works",
              "fullTitle": "Search: Overview page [P2][Sev2][search] add cloud connection action works",
              "timedOut": null,
              "duration": 3763,
              "state": "passed",
              "speed": "slow",
              "pass": true,
              "fail": false,
              "pending": false,
              "context": null,
              "code": "_overview.overviewPage.whenAddProviderConnectionAction();\n_overview.overviewPage.shouldLoadProviderConnectionPage(); // Going back since the cluster page uses a different DOM element id for the logout\n\ncy.go('back');",
              "err": {},
              "uuid": "b6555b9f-03b3-497b-a081-f73895d230cb",
              "parentUUID": "c4485ab5-ae97-4c5e-a17d-9d504cf1c641",
              "isHook": false,
              "skipped": false
            }
          ],
          "suites": [],
          "passes": [
            "66b7befe-4047-48d7-8d6e-fc66070382bf",
            "082bcc8f-e9e6-4501-8b79-91d6f57b7c46",
            "b6555b9f-03b3-497b-a081-f73895d230cb"
          ],
          "failures": [],
          "pending": [],
          "skipped": [],
          "duration": 18344,
          "root": false,
          "rootEmpty": false,
          "_timeout": 2000
        }
      ],
      "passes": [],
      "failures": [],
      "pending": [],
      "skipped": [],
      "duration": 0,
      "root": true,
      "rootEmpty": true,
      "_timeout": 2000
    },
    {
      "uuid": "11ab29b8-abc9-4d73-89d5-b91bb505ebad",
      "title": "",
      "fullFile": "tests/cypress/tests/savedSearches.spec.js",
      "file": "testscypress/tests/savedSearches.spec.js",
      "beforeHooks": [],
      "afterHooks": [],
      "tests": [],
      "suites": [
        {
          "uuid": "0ebc36ed-32e1-401c-afc0-585b59e5f2a5",
          "title": "RHACM4K-412 - Search: Saved searches",
          "fullFile": "",
          "file": "",
          "beforeHooks": [],
          "afterHooks": [],
          "tests": [
            {
              "title": "[P2][Sev2][search] should find each managed cluster has default namespace",
              "fullTitle": "RHACM4K-412 - Search: Saved searches [P2][Sev2][search] should find each managed cluster has default namespace",
              "timedOut": null,
              "duration": 28091,
              "state": "passed",
              "speed": "slow",
              "pass": true,
              "fail": false,
              "pending": false,
              "context": null,
              "code": "_savedSearches.savedSearches.validateClusterNamespace({\n  'namespace': 'default'\n}, '');",
              "err": {},
              "uuid": "9cfe1700-feab-4af5-ab9c-7adf0040f48a",
              "parentUUID": "0ebc36ed-32e1-401c-afc0-585b59e5f2a5",
              "isHook": false,
              "skipped": false
            },
            {
              "title": "[P2][Sev2][search] should find open-cluster-management-agent namespace exists",
              "fullTitle": "RHACM4K-412 - Search: Saved searches [P2][Sev2][search] should find open-cluster-management-agent namespace exists",
              "timedOut": null,
              "duration": 26840,
              "state": "passed",
              "speed": "slow",
              "pass": true,
              "fail": false,
              "pending": false,
              "context": null,
              "code": "_savedSearches.savedSearches.validateClusterNamespace({\n  'kind': 'namespace',\n  'name': 'open-cluster-management-agent'\n}, 'has_local-cluster');",
              "err": {},
              "uuid": "19acc899-f3e6-4e5c-9b78-a9e9a951a28a",
              "parentUUID": "0ebc36ed-32e1-401c-afc0-585b59e5f2a5",
              "isHook": false,
              "skipped": false
            },
            {
              "title": "[P2][Sev2][search] should be able to save current search",
              "fullTitle": "RHACM4K-412 - Search: Saved searches [P2][Sev2][search] should be able to save current search",
              "timedOut": null,
              "duration": 37775,
              "state": "passed",
              "speed": "slow",
              "pass": true,
              "fail": false,
              "pending": false,
              "context": null,
              "code": "_savedSearches.savedSearches.saveClusterNamespaceSearch({\n  'namespace': 'default'\n}, queryDefaultNamespaceName, queryDefaultNamespaceDesc);\n_savedSearches.savedSearches.saveClusterNamespaceSearch({\n  'kind': 'namespace',\n  'name': 'open-cluster-management-agent'\n}, queryOcmaNamespaceName, queryOcmaNamespaceDesc);",
              "err": {},
              "uuid": "7fca94d1-c134-46fa-8b14-f541d7d7f416",
              "parentUUID": "0ebc36ed-32e1-401c-afc0-585b59e5f2a5",
              "isHook": false,
              "skipped": false
            },
            {
              "title": "[P2][Sev2][search] should be able to find the saved searches",
              "fullTitle": "RHACM4K-412 - Search: Saved searches [P2][Sev2][search] should be able to find the saved searches",
              "timedOut": null,
              "duration": 6761,
              "state": "passed",
              "speed": "slow",
              "pass": true,
              "fail": false,
              "pending": false,
              "context": null,
              "code": "_savedSearches.savedSearches.getSavedSearch(queryDefaultNamespaceName);\n_savedSearches.savedSearches.getSavedSearch(queryOcmaNamespaceName);",
              "err": {},
              "uuid": "28513cb5-2ce2-4152-ad5d-cba310dbe1f4",
              "parentUUID": "0ebc36ed-32e1-401c-afc0-585b59e5f2a5",
              "isHook": false,
              "skipped": false
            },
            {
              "title": "[P2][Sev2][search] should be able to edit the saved searches",
              "fullTitle": "RHACM4K-412 - Search: Saved searches [P2][Sev2][search] should be able to edit the saved searches",
              "timedOut": null,
              "duration": 8402,
              "state": "passed",
              "speed": "slow",
              "pass": true,
              "fail": false,
              "pending": false,
              "context": null,
              "code": "_savedSearches.savedSearches.editSavedSearch(queryDefaultNamespaceName, queryOCMaEditedName, queryOcmaEditedDesc);",
              "err": {},
              "uuid": "d676b64b-c075-42fc-8352-08cb382e9e1d",
              "parentUUID": "0ebc36ed-32e1-401c-afc0-585b59e5f2a5",
              "isHook": false,
              "skipped": false
            },
            {
              "title": "[P2][Sev2][search] should be able to find the saved searches",
              "fullTitle": "RHACM4K-412 - Search: Saved searches [P2][Sev2][search] should be able to find the saved searches",
              "timedOut": null,
              "duration": 6110,
              "state": "passed",
              "speed": "slow",
              "pass": true,
              "fail": false,
              "pending": false,
              "context": null,
              "code": "_savedSearches.savedSearches.getSavedSearch(queryOCMaEditedName);\n_savedSearches.savedSearches.getSavedSearch(queryOcmaNamespaceName);",
              "err": {},
              "uuid": "1a83f9b6-e5d1-4e64-a6c6-abb05c9a8788",
              "parentUUID": "0ebc36ed-32e1-401c-afc0-585b59e5f2a5",
              "isHook": false,
              "skipped": false
            },
            {
              "title": "[P2][Sev2][search] should be able to revert back the edited saved searches",
              "fullTitle": "RHACM4K-412 - Search: Saved searches [P2][Sev2][search] should be able to revert back the edited saved searches",
              "timedOut": null,
              "duration": 5327,
              "state": "passed",
              "speed": "slow",
              "pass": true,
              "fail": false,
              "pending": false,
              "context": null,
              "code": "_savedSearches.savedSearches.editSavedSearch(queryOCMaEditedName, queryDefaultNamespaceName, queryDefaultNamespaceDesc);",
              "err": {},
              "uuid": "85c5196d-2e94-474d-bf02-32a1c3f69948",
              "parentUUID": "0ebc36ed-32e1-401c-afc0-585b59e5f2a5",
              "isHook": false,
              "skipped": false
            },
            {
              "title": "[P2][Sev2][search] should be able to share the saved searches",
              "fullTitle": "RHACM4K-412 - Search: Saved searches [P2][Sev2][search] should be able to share the saved searches",
              "timedOut": null,
              "duration": 4218,
              "state": "passed",
              "speed": "slow",
              "pass": true,
              "fail": false,
              "pending": false,
              "context": null,
              "code": "_savedSearches.savedSearches.shareSavedSearch(queryDefaultNamespaceName);",
              "err": {},
              "uuid": "70c762f8-f141-456e-a840-351b3c201152",
              "parentUUID": "0ebc36ed-32e1-401c-afc0-585b59e5f2a5",
              "isHook": false,
              "skipped": false
            }
          ],
          "suites": [],
          "passes": [
            "9cfe1700-feab-4af5-ab9c-7adf0040f48a",
            "19acc899-f3e6-4e5c-9b78-a9e9a951a28a",
            "7fca94d1-c134-46fa-8b14-f541d7d7f416",
            "28513cb5-2ce2-4152-ad5d-cba310dbe1f4",
            "d676b64b-c075-42fc-8352-08cb382e9e1d",
            "1a83f9b6-e5d1-4e64-a6c6-abb05c9a8788",
            "85c5196d-2e94-474d-bf02-32a1c3f69948",
            "70c762f8-f141-456e-a840-351b3c201152"
          ],
          "failures": [],
          "pending": [],
          "skipped": [],
          "duration": 123524,
          "root": false,
          "rootEmpty": false,
          "_timeout": 2000
        }
      ],
      "passes": [],
      "failures": [],
      "pending": [],
      "skipped": [],
      "duration": 0,
      "root": true,
      "rootEmpty": true,
      "_timeout": 2000
    },
    {
      "uuid": "06f98631-1e1b-4efc-9897-d51c2ce2b393",
      "title": "",
      "fullFile": "tests/cypress/tests/suggestedSearches.spec.js",
      "file": "testscypress/tests/suggestedSearches.spec.js",
      "beforeHooks": [],
      "afterHooks": [],
      "tests": [],
      "suites": [
        {
          "uuid": "8e12e6ef-abdc-4cbd-9a65-243fc19aa435",
          "title": "Search: Verify the suggested search templates",
          "fullFile": "",
          "file": "",
          "beforeHooks": [],
          "afterHooks": [],
          "tests": [
            {
              "title": "[P3][Sev3][search] should see the workloads template & search tag in search items",
              "fullTitle": "Search: Verify the suggested search templates [P3][Sev3][search] should see the workloads template & search tag in search items",
              "timedOut": null,
              "duration": 8485,
              "state": "passed",
              "speed": "slow",
              "pass": true,
              "fail": false,
              "pending": false,
              "context": null,
              "code": "_suggestedSearches.savedSearches.whenSelectCardWithTitle('Workloads');\n_suggestedSearches.searchBar.shouldContainTag('kind:daemonset,deployment,job,statefulset,replicaset');",
              "err": {},
              "uuid": "d83de908-39ff-4599-95c8-047b2abab707",
              "parentUUID": "8e12e6ef-abdc-4cbd-9a65-243fc19aa435",
              "isHook": false,
              "skipped": false
            },
            {
              "title": "[P3][Sev3][search] should see the unhealthy pods template & search tag in search items",
              "fullTitle": "Search: Verify the suggested search templates [P3][Sev3][search] should see the unhealthy pods template & search tag in search items",
              "timedOut": null,
              "duration": 2512,
              "state": "passed",
              "speed": "slow",
              "pass": true,
              "fail": false,
              "pending": false,
              "context": null,
              "code": "_suggestedSearches.savedSearches.whenSelectCardWithTitle('Unhealthy pods');\n_suggestedSearches.searchBar.shouldContainTag('kind:pod');\n_suggestedSearches.searchBar.shouldContainTag('status:Pending,Error,Failed,Terminating,ImagePullBackOff,CrashLoopBackOff,RunContainerError,ContainerCreating');",
              "err": {},
              "uuid": "90db01bc-7362-4056-b86f-2ebbc3fa5fdc",
              "parentUUID": "8e12e6ef-abdc-4cbd-9a65-243fc19aa435",
              "isHook": false,
              "skipped": false
            },
            {
              "title": "[P3][Sev3][search] should see the created last hour template & search tag in search items",
              "fullTitle": "Search: Verify the suggested search templates [P3][Sev3][search] should see the created last hour template & search tag in search items",
              "timedOut": null,
              "duration": 980,
              "state": "passed",
              "speed": "slow",
              "pass": true,
              "fail": false,
              "pending": false,
              "context": null,
              "code": "_suggestedSearches.savedSearches.whenSelectCardWithTitle('Created last hour');\n_suggestedSearches.searchBar.shouldContainTag('created:hour');",
              "err": {},
              "uuid": "e7c43c62-191d-4bbe-99a6-c030be46f974",
              "parentUUID": "8e12e6ef-abdc-4cbd-9a65-243fc19aa435",
              "isHook": false,
              "skipped": false
            }
          ],
          "suites": [],
          "passes": [
            "d83de908-39ff-4599-95c8-047b2abab707",
            "90db01bc-7362-4056-b86f-2ebbc3fa5fdc",
            "e7c43c62-191d-4bbe-99a6-c030be46f974"
          ],
          "failures": [],
          "pending": [],
          "skipped": [],
          "duration": 11977,
          "root": false,
          "rootEmpty": false,
          "_timeout": 2000
        }
      ],
      "passes": [],
      "failures": [],
      "pending": [],
      "skipped": [],
      "duration": 0,
      "root": true,
      "rootEmpty": true,
      "_timeout": 2000
    }
  ],
  "meta": {
    "mocha": {
      "version": "7.0.1"
    },
    "mochawesome": {
      "options": {
        "quiet": false,
        "reportFilename": "mochawesome-report.json",
        "saveHtml": false,
        "saveJson": true,
        "consoleReporter": "spec",
        "useInlineDiffs": false,
        "code": true
      },
      "version": "6.1.1"
    },
    "marge": {
      "options": {
        "id": "default",
        "reportDir": "results/json",
        "reportFilename": "mochawesome-report.json",
        "overwrite": false,
        "html": false,
        "json": true
      },
      "version": "5.1.0"
    }
  }
}