<?xml version="1.0" encoding="UTF-8"?>
  <testsuite name="Applifecycle-API-Test" tests="7" failures="2" errors="0" time="115.865">
      <testcase name="RHACM4K-2350: e2e-server [P1][Sev1][app-lifecycle] Test subscribing to Helm repo with basic authentication" classname="Applifecycle-API-Test" time="5.417285713">
          <failure type="Failure">/opt/e2e/client/canary/e2e_canary_helmrepo_basicath_test.go:12&#xA;Timed out after 5.417s.&#xA;Expected success, but got an error:&#xA;    &lt;*exec.ExitError | 0xc0002c6d20&gt;: {&#xA;        ProcessState: {&#xA;            pid: 4110,&#xA;            status: 256,&#xA;            rusage: {&#xA;                Utime: {Sec: 0, Usec: 446855},&#xA;                Stime: {Sec: 0, Usec: 290478},&#xA;                Maxrss: 54272,&#xA;                Ixrss: 0,&#xA;                Idrss: 0,&#xA;                Isrss: 0,&#xA;                Minflt: 26939,&#xA;                Majflt: 0,&#xA;                Nswap: 0,&#xA;                Inblock: 0,&#xA;                Oublock: 3176,&#xA;                Msgsnd: 0,&#xA;                Msgrcv: 0,&#xA;                Nsignals: 0,&#xA;                Nvcsw: 5819,&#xA;                Nivcsw: 17,&#xA;            },&#xA;        },&#xA;        Stderr: nil,&#xA;    }&#xA;    exit status 1&#xA;/opt/e2e/client/canary/e2e_canary_helmrepo_basicath_test.go:29</failure>
      </testcase>
      <testcase name="e2e-server [P1][Sev1][app-lifecycle] Install test Git repo server with custom certificate" classname="Applifecycle-API-Test" time="13.955953863"></testcase>
      <testcase name="e2e-server [P1][Sev1][app-lifecycle] Test subscribing to Git repo with custom certificate" classname="Applifecycle-API-Test" time="30.082998406"></testcase>
      <testcase name="e2e-server [P1][Sev1][app-lifecycle] Uninstall test Git repo server" classname="Applifecycle-API-Test" time="0.776355076"></testcase>
      <testcase name="e2e-server [P1][Sev1][app-lifecycle] Test argocd integration" classname="Applifecycle-API-Test" time="1.323359623">
          <failure type="Failure">/opt/e2e/client/canary/e2e_canary_argocd_integration_test.go:12&#xA;Timed out after 1.323s.&#xA;Expected success, but got an error:&#xA;    &lt;*exec.ExitError | 0xc000886240&gt;: {&#xA;        ProcessState: {&#xA;            pid: 4374,&#xA;            status: 256,&#xA;            rusage: {&#xA;                Utime: {Sec: 0, Usec: 358603},&#xA;                Stime: {Sec: 0, Usec: 124295},&#xA;                Maxrss: 49848,&#xA;                Ixrss: 0,&#xA;                Idrss: 0,&#xA;                Isrss: 0,&#xA;                Minflt: 26275,&#xA;                Majflt: 0,&#xA;                Nswap: 0,&#xA;                Inblock: 0,&#xA;                Oublock: 0,&#xA;                Msgsnd: 0,&#xA;                Msgrcv: 0,&#xA;                Nsignals: 0,&#xA;                Nvcsw: 969,&#xA;                Nivcsw: 8,&#xA;            },&#xA;        },&#xA;        Stderr: nil,&#xA;    }&#xA;    exit status 1&#xA;/opt/e2e/client/canary/e2e_canary_argocd_integration_test.go:29</failure>
      </testcase>
      <testcase name="e2e-git-subscription-test [P1][Sev1][app-lifecycle] Test subscription with Git release tag" classname="Applifecycle-API-Test" time="29.680108071"></testcase>
      <testcase name="e2e-git-subscription-test [P1][Sev1][app-lifecycle] Test subscription with Git commit" classname="Applifecycle-API-Test" time="29.581707334"></testcase>
  </testsuite>