<?xml version="1.0"?>
<testsuites>
<testsuite name="Root Suite" timestamp="2021-04-23T07:45:46" tests="0" file="tests/cypress/tests/overviewPage.spec.js" time="0.0000" failures="0"></testsuite>
<testsuite name="Search: Overview page" timestamp="2021-04-23T07:45:51" tests="3" time="18.3440" failures="0">
  
  <testcase name="Search: Overview page [P1][Sev1][search] should load the overview page" time="8.8680" classname="[P1][Sev1][search] should load the overview page"></testcase>
  
  <testcase name="Search: Overview page [P2][Sev2][search] should have link to search page" time="5.7130" classname="[P2][Sev2][search] should have link to search page"></testcase>
  
  <testcase name="Search: Overview page [P2][Sev2][search] add cloud connection action works" time="3.7630" classname="[P2][Sev2][search] add cloud connection action works"></testcase>
  
</testsuite>

<testsuite name="Root Suite" timestamp="2021-04-23T07:46:12" tests="0" file="tests/cypress/tests/savedSearches.spec.js" time="0.0000" failures="0"></testsuite>
<testsuite name="RHACM4K-412 - Search: Saved searches" timestamp="2021-04-23T07:46:18" tests="8" time="123.5240" failures="0">
  
  <testcase name="RHACM4K-412 - Search: Saved searches [P2][Sev2][search] should find each managed cluster has default namespace" time="28.0910" classname="[P2][Sev2][search] should find each managed cluster has default namespace"></testcase>
  
  <testcase name="RHACM4K-412 - Search: Saved searches [P2][Sev2][search] should find open-cluster-management-agent namespace exists" time="26.8400" classname="[P2][Sev2][search] should find open-cluster-management-agent namespace exists"></testcase>
  
  <testcase name="RHACM4K-412 - Search: Saved searches [P2][Sev2][search] should be able to save current search" time="37.7750" classname="[P2][Sev2][search] should be able to save current search"></testcase>
  
  <testcase name="RHACM4K-412 - Search: Saved searches [P2][Sev2][search] should be able to find the saved searches" time="6.7610" classname="[P2][Sev2][search] should be able to find the saved searches"></testcase>
  
  <testcase name="RHACM4K-412 - Search: Saved searches [P2][Sev2][search] should be able to edit the saved searches" time="8.4020" classname="[P2][Sev2][search] should be able to edit the saved searches"></testcase>
  
  <testcase name="RHACM4K-412 - Search: Saved searches [P2][Sev2][search] should be able to find the saved searches" time="6.1100" classname="[P2][Sev2][search] should be able to find the saved searches"></testcase>
  
  <testcase name="RHACM4K-412 - Search: Saved searches [P2][Sev2][search] should be able to revert back the edited saved searches" time="5.3270" classname="[P2][Sev2][search] should be able to revert back the edited saved searches"></testcase>
  
  <testcase name="RHACM4K-412 - Search: Saved searches [P2][Sev2][search] should be able to share the saved searches" time="4.2180" classname="[P2][Sev2][search] should be able to share the saved searches"></testcase>
  
</testsuite>

<testsuite name="Root Suite" timestamp="2021-04-23T07:42:49" tests="0" file="tests/cypress/tests/filters.spec.js" time="0.0000" failures="0"></testsuite>
<testsuite name="Search: Search using filters" timestamp="2021-04-23T07:42:54" tests="0" time="0.0000" failures="0"></testsuite>
<testsuite name="[P1][Sev1][search] Search using &quot;name&quot; filter" timestamp="2021-04-23T07:42:56" tests="2" time="61.9430" failures="0">
  
  <testcase name="Search: Search using filters [P1][Sev1][search] Search using &quot;name&quot; filter should suggest values" time="16.3180" classname="should suggest values"></testcase>
  
  <testcase name="Search: Search using filters [P1][Sev1][search] Search using &quot;name&quot; filter should filter by next suggestion" time="45.6250" classname="should filter by next suggestion"></testcase>
  
</testsuite>
<testsuite name="[P1][Sev1][search] Search using &quot;label&quot; filter" timestamp="2021-04-23T07:43:51" tests="2" time="18.5180" failures="0">
  
  <testcase name="Search: Search using filters [P1][Sev1][search] Search using &quot;label&quot; filter should suggest values" time="4.4910" classname="should suggest values"></testcase>
  
  <testcase name="Search: Search using filters [P1][Sev1][search] Search using &quot;label&quot; filter should filter by next suggestion" time="14.0270" classname="should filter by next suggestion"></testcase>
  
</testsuite>
<testsuite name="[P1][Sev1][search] Search using &quot;kind&quot; filter" timestamp="2021-04-23T07:44:09" tests="5" time="25.0530" failures="0">
  
  <testcase name="Search: Search using filters [P1][Sev1][search] Search using &quot;kind&quot; filter should suggest values" time="2.3750" classname="should suggest values"></testcase>
  
  <testcase name="Search: Search using filters [P1][Sev1][search] Search using &quot;kind&quot; filter should filter by next suggestion" time="3.2080" classname="should filter by next suggestion"></testcase>
  
  <testcase name="Search: Search using filters [P1][Sev1][search] Search using &quot;kind&quot; filter should filter by multiple values" time="6.5850" classname="should filter by multiple values"></testcase>
  
  <testcase name="Search: Search using filters [P1][Sev1][search] Search using &quot;kind&quot; filter should filter by combination with &quot;next suggestion&quot; value and &quot;name&quot; filter with &quot;next suggestion&quot; value" time="6.1130" classname="should filter by combination with &quot;next suggestion&quot; value and &quot;name&quot; filter with &quot;next suggestion&quot; value"></testcase>
  
  <testcase name="Search: Search using filters [P1][Sev1][search] Search using &quot;kind&quot; filter should filter by combination with &quot;next suggestion&quot; value and &quot;label&quot; filter with &quot;next suggestion&quot; value" time="6.7720" classname="should filter by combination with &quot;next suggestion&quot; value and &quot;label&quot; filter with &quot;next suggestion&quot; value"></testcase>
  
</testsuite>
<testsuite name="[P1][Sev1][search] Search using &quot;role&quot; filter" timestamp="2021-04-23T07:44:35" tests="4" time="15.5820" failures="0">
  
  <testcase name="Search: Search using filters [P1][Sev1][search] Search using &quot;role&quot; filter should suggest values" time="2.4060" classname="should suggest values"></testcase>
  
  <testcase name="Search: Search using filters [P1][Sev1][search] Search using &quot;role&quot; filter should filter by master" time="3.7660" classname="should filter by master"></testcase>
  
  <testcase name="Search: Search using filters [P1][Sev1][search] Search using &quot;role&quot; filter should filter by worker" time="3.5040" classname="should filter by worker"></testcase>
  
  <testcase name="Search: Search using filters [P1][Sev1][search] Search using &quot;role&quot; filter should filter by multiple values" time="5.9060" classname="should filter by multiple values"></testcase>
  
</testsuite>
<testsuite name="[P1][Sev1][search] Search using &quot;status&quot; filter" timestamp="2021-04-23T07:44:50" tests="5" time="17.8310" failures="0">
  
  <testcase name="Search: Search using filters [P1][Sev1][search] Search using &quot;status&quot; filter should suggest values" time="2.3040" classname="should suggest values"></testcase>
  
  <testcase name="Search: Search using filters [P1][Sev1][search] Search using &quot;status&quot; filter should filter by next suggestion" time="4.2230" classname="should filter by next suggestion"></testcase>
  
  <testcase name="Search: Search using filters [P1][Sev1][search] Search using &quot;status&quot; filter should suggest values" time="2.4200" classname="should suggest values"></testcase>
  
  <testcase name="Search: Search using filters [P1][Sev1][search] Search using &quot;status&quot; filter should filter by next suggestion" time="3.0440" classname="should filter by next suggestion"></testcase>
  
  <testcase name="Search: Search using filters [P1][Sev1][search] Search using &quot;status&quot; filter should filter by multiple values" time="5.8400" classname="should filter by multiple values"></testcase>
  
</testsuite>

<testsuite name="Root Suite" timestamp="2021-04-23T07:48:30" tests="0" file="tests/cypress/tests/suggestedSearches.spec.js" time="0.0000" failures="0"></testsuite>
<testsuite name="Search: Verify the suggested search templates" timestamp="2021-04-23T07:48:36" tests="3" time="11.9770" failures="0">
  
  <testcase name="Search: Verify the suggested search templates [P3][Sev3][search] should see the workloads template &amp; search tag in search items" time="8.4850" classname="[P3][Sev3][search] should see the workloads template &amp; search tag in search items"></testcase>
  
  <testcase name="Search: Verify the suggested search templates [P3][Sev3][search] should see the unhealthy pods template &amp; search tag in search items" time="2.5120" classname="[P3][Sev3][search] should see the unhealthy pods template &amp; search tag in search items"></testcase>
  
  <testcase name="Search: Verify the suggested search templates [P3][Sev3][search] should see the created last hour template &amp; search tag in search items" time="0.9800" classname="[P3][Sev3][search] should see the created last hour template &amp; search tag in search items"></testcase>
  
</testsuite>

<testsuite name="Root Suite" timestamp="2021-04-23T06:56:27" tests="0" file="tests/cypress/tests/adminSearch.spec.js" time="0.0000" failures="0"></testsuite>
<testsuite name="Search: Search in Local Cluster" timestamp="2021-04-23T06:56:34" tests="6" time="153.6960" failures="0">
  
  <testcase name="Search: Search in Local Cluster [P1][Sev1][search] should load the search page" time="9.9710" classname="[P1][Sev1][search] should load the search page"></testcase>
  
  <testcase name="Search: Search in Local Cluster [P1][Sev1][search] should not see any cluster and namespace" time="78.8220" classname="[P1][Sev1][search] should not see any cluster and namespace"></testcase>
  
  <testcase name="Search: Search in Local Cluster [P1][Sev1][search] should create namespace from create resource UI" time="8.8000" classname="[P1][Sev1][search] should create namespace from create resource UI"></testcase>
  
  <testcase name="Search: Search in Local Cluster [P1][Sev1][search] should verify that namespace already exist" time="7.1100" classname="[P1][Sev1][search] should verify that namespace already exist"></testcase>
  
  <testcase name="Search: Search in Local Cluster [P1][Sev1][search] should create deployment from create resource UI" time="17.0940" classname="[P1][Sev1][search] should create deployment from create resource UI"></testcase>
  
  <testcase name="Search: Search in Local Cluster [P1][Sev1][search] should verify that deployment resource exist" time="31.8990" classname="[P1][Sev1][search] should verify that deployment resource exist"></testcase>
  
</testsuite>
<testsuite name="search resources" timestamp="2021-04-23T06:59:01" tests="11" time="1029.1160" failures="0">
  
  <testcase name="Search: Search in Local Cluster search resources [P3][Sev3][search] should have expected count of relationships" time="83.1500" classname="[P3][Sev3][search] should have expected count of relationships"></testcase>
  
  <testcase name="Search: Search in Local Cluster search resources [P1][Sev1][search] should work kind filter for deployment" time="77.6390" classname="[P1][Sev1][search] should work kind filter for deployment"></testcase>
  
  <testcase name="Search: Search in Local Cluster search resources [P1][Sev1][search] should work kind filter for pod" time="79.6120" classname="[P1][Sev1][search] should work kind filter for pod"></testcase>
  
  <testcase name="Search: Search in Local Cluster search resources [P2][Sev2][search] should see pod logs" time="90.0220" classname="[P2][Sev2][search] should see pod logs"></testcase>
  
  <testcase name="Search: Search in Local Cluster search resources [P2][Sev2][search] should delete pod" time="102.6920" classname="[P2][Sev2][search] should delete pod"></testcase>
  
  <testcase name="Search: Search in Local Cluster search resources [P3][Sev3][search] should scale deployment" time="105.1600" classname="[P3][Sev3][search] should scale deployment"></testcase>
  
  <testcase name="Search: Search in Local Cluster search resources [P3][Sev3][search] should verify that the deployment scaled" time="91.1660" classname="[P3][Sev3][search] should verify that the deployment scaled"></testcase>
  
  <testcase name="Search: Search in Local Cluster search resources [P2][Sev2][search] should delete deployment" time="91.2840" classname="[P2][Sev2][search] should delete deployment"></testcase>
  
  <testcase name="Search: Search in Local Cluster search resources [P2][Sev2][search] should validate deployment was deleted" time="90.1130" classname="[P2][Sev2][search] should validate deployment was deleted"></testcase>
  
  <testcase name="Search: Search in Local Cluster search resources [P2][Sev2][search] should delete namespace" time="128.6890" classname="[P2][Sev2][search] should delete namespace"></testcase>
  
  <testcase name="Search: Search in Local Cluster search resources [P2][Sev2][search] should validate namespace was deleted" time="89.5890" classname="[P2][Sev2][search] should validate namespace was deleted"></testcase>
  
</testsuite>
<testsuite name="Search: Search in Managed Cluster" timestamp="2021-04-23T07:16:11" tests="6" time="103.0240" failures="4">
  
  <testcase name="Search: Search in Managed Cluster [P1][Sev1][search] should load the search page" time="9.4810" classname="[P1][Sev1][search] should load the search page"></testcase>
  
  <testcase name="Search: Search in Managed Cluster [P1][Sev1][search] should not see any cluster and namespace" time="9.6090" classname="[P1][Sev1][search] should not see any cluster and namespace"></testcase>
  
  <testcase name="Search: Search in Managed Cluster [P1][Sev1][search] should create namespace from create resource UI" time="18.6960" classname="[P1][Sev1][search] should create namespace from create resource UI">
    
    <failure message="Timed out retrying after 15000ms: Expected to find element: `.bx--checkbox-wrapper input[name=&quot;undefined&quot;]`, but never found it." type="AssertionError"><![CDATA[AssertionError: Timed out retrying after 15000ms: Expected to find element: `.bx--checkbox-wrapper input[name="undefined"]`, but never found it.
    at Object.whenSelectTargetCluster (https://multicloud-console.apps.ocp4-az-3.az.dev06.red-chesterfield.com/__cypress/tests?p=tests/cypress/tests/adminSearch.spec.js:1371:8)
    at Context.eval (https://multicloud-console.apps.ocp4-az-3.az.dev06.red-chesterfield.com/__cypress/tests?p=tests/cypress/tests/adminSearch.spec.js:1102:30)]]></failure>
    
  </testcase>
  
  <testcase name="Search: Search in Managed Cluster [P1][Sev1][search] should verify that namespace already exist" time="18.8950" classname="[P1][Sev1][search] should verify that namespace already exist">
    
    <failure message="Timed out retrying after 15000ms: Expected to find element: `.bx--checkbox-wrapper input[name=&quot;undefined&quot;]`, but never found it." type="AssertionError"><![CDATA[AssertionError: Timed out retrying after 15000ms: Expected to find element: `.bx--checkbox-wrapper input[name="undefined"]`, but never found it.
    at Object.whenSelectTargetCluster (https://multicloud-console.apps.ocp4-az-3.az.dev06.red-chesterfield.com/__cypress/tests?p=tests/cypress/tests/adminSearch.spec.js:1371:8)
    at Context.eval (https://multicloud-console.apps.ocp4-az-3.az.dev06.red-chesterfield.com/__cypress/tests?p=tests/cypress/tests/adminSearch.spec.js:1109:30)]]></failure>
    
  </testcase>
  
  <testcase name="Search: Search in Managed Cluster [P1][Sev1][search] should create deployment from create resource UI" time="19.2000" classname="[P1][Sev1][search] should create deployment from create resource UI">
    
    <failure message="Timed out retrying after 15000ms: Expected to find element: `.bx--checkbox-wrapper input[name=&quot;undefined&quot;]`, but never found it." type="AssertionError"><![CDATA[AssertionError: Timed out retrying after 15000ms: Expected to find element: `.bx--checkbox-wrapper input[name="undefined"]`, but never found it.
    at Object.whenSelectTargetCluster (https://multicloud-console.apps.ocp4-az-3.az.dev06.red-chesterfield.com/__cypress/tests?p=tests/cypress/tests/adminSearch.spec.js:1371:8)
    at Context.eval (https://multicloud-console.apps.ocp4-az-3.az.dev06.red-chesterfield.com/__cypress/tests?p=tests/cypress/tests/adminSearch.spec.js:1116:30)]]></failure>
    
  </testcase>
  
  <testcase name="Search: Search in Managed Cluster [P1][Sev1][search] should verify that deployment resource exist" time="27.1430" classname="[P1][Sev1][search] should verify that deployment resource exist">
    
    <failure message="Timed out retrying after 15000ms: Expected to find element: `.bx--checkbox-wrapper input[name=&quot;undefined&quot;]`, but never found it." type="AssertionError"><![CDATA[AssertionError: Timed out retrying after 15000ms: Expected to find element: `.bx--checkbox-wrapper input[name="undefined"]`, but never found it.
    at Object.whenSelectTargetCluster (https://multicloud-console.apps.ocp4-az-3.az.dev06.red-chesterfield.com/__cypress/tests?p=tests/cypress/tests/adminSearch.spec.js:1371:8)
    at Context.eval (https://multicloud-console.apps.ocp4-az-3.az.dev06.red-chesterfield.com/__cypress/tests?p=tests/cypress/tests/adminSearch.spec.js:1125:30)]]></failure>
    
  </testcase>
  
</testsuite>
<testsuite name="search resources" timestamp="2021-04-23T07:20:48" tests="11" time="377.0420" failures="8">
  
  <testcase name="Search: Search in Managed Cluster search resources [P3][Sev3][search] should have expected count of relationships" time="13.7070" classname="[P3][Sev3][search] should have expected count of relationships">
    
    <failure message="Timed out retrying after 2000ms: Expected to find element: `.pf-l-gallery`, but never found it." type="AssertionError"><![CDATA[AssertionError: Timed out retrying after 2000ms: Expected to find element: `.pf-l-gallery`, but never found it.
    at Object.whenExpandRelationshipTiles (https://multicloud-console.apps.ocp4-az-3.az.dev06.red-chesterfield.com/__cypress/tests?p=tests/cypress/tests/adminSearch.spec.js:1494:8)
    at Context.eval (https://multicloud-console.apps.ocp4-az-3.az.dev06.red-chesterfield.com/__cypress/tests?p=tests/cypress/tests/adminSearch.spec.js:1140:28)]]></failure>
    
  </testcase>
  
  <testcase name="Search: Search in Managed Cluster search resources [P1][Sev1][search] should work kind filter for deployment" time="31.6270" classname="[P1][Sev1][search] should work kind filter for deployment">
    
    <failure message="Timed out retrying after 15000ms: expected &apos;&lt;li#ReactTags-0.is-disabled&gt;&apos; to have a length above 1 but got 1" type="AssertionError"><![CDATA[AssertionError: Timed out retrying after 15000ms: expected '<li#ReactTags-0.is-disabled>' to have a length above 1 but got 1
    at Object.whenSuggestionsAreAvailable (https://multicloud-console.apps.ocp4-az-3.az.dev06.red-chesterfield.com/__cypress/tests?p=tests/cypress/tests/adminSearch.spec.js:1649:21)
    at Object.whenEnterTextInSearchBar (https://multicloud-console.apps.ocp4-az-3.az.dev06.red-chesterfield.com/__cypress/tests?p=tests/cypress/tests/adminSearch.spec.js:1670:17)
    at Object.whenFilterByKind (https://multicloud-console.apps.ocp4-az-3.az.dev06.red-chesterfield.com/__cypress/tests?p=tests/cypress/tests/adminSearch.spec.js:1685:15)
    at Context.eval (https://multicloud-console.apps.ocp4-az-3.az.dev06.red-chesterfield.com/__cypress/tests?p=tests/cypress/tests/adminSearch.spec.js:1149:27)]]></failure>
    
  </testcase>
  
  <testcase name="Search: Search in Managed Cluster search resources [P1][Sev1][search] should work kind filter for pod" time="33.1780" classname="[P1][Sev1][search] should work kind filter for pod">
    
    <failure message="Timed out retrying after 15000ms: expected &apos;&lt;li#ReactTags-0.is-disabled&gt;&apos; to have a length above 1 but got 1" type="AssertionError"><![CDATA[AssertionError: Timed out retrying after 15000ms: expected '<li#ReactTags-0.is-disabled>' to have a length above 1 but got 1
    at Object.whenSuggestionsAreAvailable (https://multicloud-console.apps.ocp4-az-3.az.dev06.red-chesterfield.com/__cypress/tests?p=tests/cypress/tests/adminSearch.spec.js:1649:21)
    at Object.whenEnterTextInSearchBar (https://multicloud-console.apps.ocp4-az-3.az.dev06.red-chesterfield.com/__cypress/tests?p=tests/cypress/tests/adminSearch.spec.js:1670:17)
    at Object.whenFilterByKind (https://multicloud-console.apps.ocp4-az-3.az.dev06.red-chesterfield.com/__cypress/tests?p=tests/cypress/tests/adminSearch.spec.js:1685:15)
    at Context.eval (https://multicloud-console.apps.ocp4-az-3.az.dev06.red-chesterfield.com/__cypress/tests?p=tests/cypress/tests/adminSearch.spec.js:1154:27)]]></failure>
    
  </testcase>
  
  <testcase name="Search: Search in Managed Cluster search resources [P2][Sev2][search] should see pod logs" time="34.8910" classname="[P2][Sev2][search] should see pod logs">
    
    <failure message="Timed out retrying after 15000ms: expected &apos;&lt;li#ReactTags-0.is-disabled&gt;&apos; to have a length above 1 but got 1" type="AssertionError"><![CDATA[AssertionError: Timed out retrying after 15000ms: expected '<li#ReactTags-0.is-disabled>' to have a length above 1 but got 1
    at Object.whenSuggestionsAreAvailable (https://multicloud-console.apps.ocp4-az-3.az.dev06.red-chesterfield.com/__cypress/tests?p=tests/cypress/tests/adminSearch.spec.js:1649:21)
    at Object.whenEnterTextInSearchBar (https://multicloud-console.apps.ocp4-az-3.az.dev06.red-chesterfield.com/__cypress/tests?p=tests/cypress/tests/adminSearch.spec.js:1670:17)
    at Object.whenFilterByKind (https://multicloud-console.apps.ocp4-az-3.az.dev06.red-chesterfield.com/__cypress/tests?p=tests/cypress/tests/adminSearch.spec.js:1685:15)
    at Context.eval (https://multicloud-console.apps.ocp4-az-3.az.dev06.red-chesterfield.com/__cypress/tests?p=tests/cypress/tests/adminSearch.spec.js:1159:27)]]></failure>
    
  </testcase>
  
  <testcase name="Search: Search in Managed Cluster search resources [P2][Sev2][search] should delete pod" time="38.7350" classname="[P2][Sev2][search] should delete pod">
    
    <failure message="Timed out retrying after 15000ms: expected &apos;&lt;li#ReactTags-0.is-disabled&gt;&apos; to have a length above 1 but got 1" type="AssertionError"><![CDATA[AssertionError: Timed out retrying after 15000ms: expected '<li#ReactTags-0.is-disabled>' to have a length above 1 but got 1
    at Object.whenSuggestionsAreAvailable (https://multicloud-console.apps.ocp4-az-3.az.dev06.red-chesterfield.com/__cypress/tests?p=tests/cypress/tests/adminSearch.spec.js:1649:21)
    at Object.whenEnterTextInSearchBar (https://multicloud-console.apps.ocp4-az-3.az.dev06.red-chesterfield.com/__cypress/tests?p=tests/cypress/tests/adminSearch.spec.js:1670:17)
    at Object.whenFilterByKind (https://multicloud-console.apps.ocp4-az-3.az.dev06.red-chesterfield.com/__cypress/tests?p=tests/cypress/tests/adminSearch.spec.js:1685:15)
    at Context.eval (https://multicloud-console.apps.ocp4-az-3.az.dev06.red-chesterfield.com/__cypress/tests?p=tests/cypress/tests/adminSearch.spec.js:1167:27)]]></failure>
    
  </testcase>
  
  <testcase name="Search: Search in Managed Cluster search resources [P3][Sev3][search] should scale deployment" time="39.0390" classname="[P3][Sev3][search] should scale deployment">
    
    <failure message="Timed out retrying after 15000ms: expected &apos;&lt;li#ReactTags-0.is-disabled&gt;&apos; to have a length above 1 but got 1" type="AssertionError"><![CDATA[AssertionError: Timed out retrying after 15000ms: expected '<li#ReactTags-0.is-disabled>' to have a length above 1 but got 1
    at Object.whenSuggestionsAreAvailable (https://multicloud-console.apps.ocp4-az-3.az.dev06.red-chesterfield.com/__cypress/tests?p=tests/cypress/tests/adminSearch.spec.js:1649:21)
    at Object.whenEnterTextInSearchBar (https://multicloud-console.apps.ocp4-az-3.az.dev06.red-chesterfield.com/__cypress/tests?p=tests/cypress/tests/adminSearch.spec.js:1670:17)
    at Object.whenFilterByKind (https://multicloud-console.apps.ocp4-az-3.az.dev06.red-chesterfield.com/__cypress/tests?p=tests/cypress/tests/adminSearch.spec.js:1685:15)
    at Context.eval (https://multicloud-console.apps.ocp4-az-3.az.dev06.red-chesterfield.com/__cypress/tests?p=tests/cypress/tests/adminSearch.spec.js:1174:27)]]></failure>
    
  </testcase>
  
  <testcase name="Search: Search in Managed Cluster search resources [P3][Sev3][search] should verify that the deployment scaled" time="40.5540" classname="[P3][Sev3][search] should verify that the deployment scaled">
    
    <failure message="Timed out retrying after 15000ms: expected &apos;&lt;li#ReactTags-0.is-disabled&gt;&apos; to have a length above 1 but got 1" type="AssertionError"><![CDATA[AssertionError: Timed out retrying after 15000ms: expected '<li#ReactTags-0.is-disabled>' to have a length above 1 but got 1
    at Object.whenSuggestionsAreAvailable (https://multicloud-console.apps.ocp4-az-3.az.dev06.red-chesterfield.com/__cypress/tests?p=tests/cypress/tests/adminSearch.spec.js:1649:21)
    at Object.whenEnterTextInSearchBar (https://multicloud-console.apps.ocp4-az-3.az.dev06.red-chesterfield.com/__cypress/tests?p=tests/cypress/tests/adminSearch.spec.js:1670:17)
    at Object.whenFilterByKind (https://multicloud-console.apps.ocp4-az-3.az.dev06.red-chesterfield.com/__cypress/tests?p=tests/cypress/tests/adminSearch.spec.js:1685:15)
    at Context.eval (https://multicloud-console.apps.ocp4-az-3.az.dev06.red-chesterfield.com/__cypress/tests?p=tests/cypress/tests/adminSearch.spec.js:1183:27)]]></failure>
    
  </testcase>
  
  <testcase name="Search: Search in Managed Cluster search resources [P2][Sev2][search] should delete deployment" time="43.4820" classname="[P2][Sev2][search] should delete deployment">
    
    <failure message="Timed out retrying after 15000ms: expected &apos;&lt;li#ReactTags-0.is-disabled&gt;&apos; to have a length above 1 but got 1" type="AssertionError"><![CDATA[AssertionError: Timed out retrying after 15000ms: expected '<li#ReactTags-0.is-disabled>' to have a length above 1 but got 1
    at Object.whenSuggestionsAreAvailable (https://multicloud-console.apps.ocp4-az-3.az.dev06.red-chesterfield.com/__cypress/tests?p=tests/cypress/tests/adminSearch.spec.js:1649:21)
    at Object.whenEnterTextInSearchBar (https://multicloud-console.apps.ocp4-az-3.az.dev06.red-chesterfield.com/__cypress/tests?p=tests/cypress/tests/adminSearch.spec.js:1670:17)
    at Object.whenFilterByKind (https://multicloud-console.apps.ocp4-az-3.az.dev06.red-chesterfield.com/__cypress/tests?p=tests/cypress/tests/adminSearch.spec.js:1685:15)
    at Context.eval (https://multicloud-console.apps.ocp4-az-3.az.dev06.red-chesterfield.com/__cypress/tests?p=tests/cypress/tests/adminSearch.spec.js:1190:27)]]></failure>
    
  </testcase>
  
  <testcase name="Search: Search in Managed Cluster search resources [P2][Sev2][search] should validate deployment was deleted" time="37.0680" classname="[P2][Sev2][search] should validate deployment was deleted"></testcase>
  
  <testcase name="Search: Search in Managed Cluster search resources [P2][Sev2][search] should delete namespace" time="46.5920" classname="[P2][Sev2][search] should delete namespace"></testcase>
  
  <testcase name="Search: Search in Managed Cluster search resources [P2][Sev2][search] should validate namespace was deleted" time="18.1690" classname="[P2][Sev2][search] should validate namespace was deleted"></testcase>
  
</testsuite>

<testsuite name="Root Suite" timestamp="2021-04-23T07:45:14" tests="0" file="tests/cypress/tests/linkPage.spec.js" time="0.0000" failures="0"></testsuite>
<testsuite name="Search: Linked page" timestamp="2021-04-23T07:45:20" tests="1" time="12.5030" failures="0">
  
  <testcase name="Search: Linked page [P2][Sev2][search] clusters page should have link to search page" time="12.5030" classname="[P2][Sev2][search] clusters page should have link to search page"></testcase>
  
</testsuite>

<testsuite name="Root Suite" timestamp="2021-04-23T07:41:39" tests="0" file="tests/cypress/tests/commonSearch.spec.js" time="0.0000" failures="0"></testsuite>
<testsuite name="RHACM4K-913: Search - common filter and conditions" timestamp="2021-04-23T07:41:45" tests="2" time="64.1130" failures="0">
  
  <testcase name="RHACM4K-913: Search - common filter and conditions [P1][Sev1][search] should create namespace and application" time="23.3670" classname="[P1][Sev1][search] should create namespace and application"></testcase>
  
  <testcase name="RHACM4K-913: Search - common filter and conditions [P2][Sev2][search] should find expected application and delete application" time="40.7460" classname="[P2][Sev2][search] should find expected application and delete application"></testcase>
  
</testsuite>

</testsuites>