<?xml version="1.0" encoding="UTF-8" ?>
<testsuites errors="0"
            failures="2"
            tests="1">

  <testsuite name="main.test"
    errors="0" failures="2" hostname="" id="" package="main.test" skipped="3"
    tests="1" time="0.00001013" timestamp="">
  
    <testcase name="[P2][sev2][kui]Visual Web Terminal: Verify KUI getting started command" classname="main.test" time="10.13" assertions="1">  <failure message="Timed out while waiting for element &lt;.kui--input-stripe&gt; to be present for 10000 milliseconds. - expected &#34;found&#34; but got: &#34;not found&#34; (10105ms)">    at Page.clear (/usr/src/app/tests/page-objects/KUI.js:240:8)
    at Page.executeCommand (/usr/src/app/tests/page-objects/KUI.js:91:23)
    at Object.[P2][sev2][kui]Visual Web Terminal: Verify KUI getting started command (/usr/src/app/tests/e2e/main.test.js:29:9)</failure>
<system-out>[[ATTACHMENT|/usr/src/app/test-output/e2e/screenshots/main.test/[P2][sev2][kui]Visual-Web-Terminal:-Verify-KUI-getting-started-command_FAILED_Apr-15-2021-090541-GMT+0000-(Coordinated-Universal.png]]</system-out>
    
    </testcase>
  

  
    <system-err>
        NightwatchAssertError: Timed out while waiting for element &lt;#inputUsername&gt; to be present for 10000 milliseconds. - expected &#34;found&#34; but got: &#34;not found&#34; (10148ms)
       at Object.api.elements.res (/usr/src/app/tests/page-objects/LoginPage.js:66:9)
  NightwatchAssertError: Timed out while waiting for element &lt;#inputUsername&gt; to be present for 10000 milliseconds. - expected &#34;found&#34; but got: &#34;not found&#34; (10133ms)
       at Object.api.elements.res (/usr/src/app/tests/page-objects/LoginPage.js:66:9)
  NightwatchAssertError: Timed out while waiting for element &lt;#inputUsername&gt; to be present for 10000 milliseconds. - expected &#34;found&#34; but got: &#34;not found&#34; (10157ms)
       at Object.api.elements.res (/usr/src/app/tests/page-objects/LoginPage.js:66:9)
  NightwatchAssertError: Timed out while waiting for element &lt;#inputUsername&gt; to be present for 10000 milliseconds. - expected &#34;found&#34; but got: &#34;not found&#34; (10126ms)
       at Object.api.elements.res (/usr/src/app/tests/page-objects/LoginPage.js:66:9)
  NightwatchAssertError: Timed out while waiting for element &lt;#inputUsername&gt; to be present for 10000 milliseconds. - expected &#34;found&#34; but got: &#34;not found&#34; (10116ms)
       at Object.api.elements.res (/usr/src/app/tests/page-objects/LoginPage.js:66:9)
  NightwatchAssertError: Timed out while waiting for element &lt;#inputUsername&gt; to be present for 10000 milliseconds. - expected &#34;found&#34; but got: &#34;not found&#34; (10174ms)
       at Object.api.elements.res (/usr/src/app/tests/page-objects/LoginPage.js:66:9)
  NightwatchAssertError: Timed out while waiting for element &lt;#inputUsername&gt; to be present for 10000 milliseconds. - expected &#34;found&#34; but got: &#34;not found&#34; (10178ms)
       at Object.api.elements.res (/usr/src/app/tests/page-objects/LoginPage.js:66:9)
  NightwatchAssertError: Timed out while waiting for element &lt;#inputUsername&gt; to be present for 10000 milliseconds. - expected &#34;found&#34; but got: &#34;not found&#34; (10174ms)
       at Object.api.elements.res (/usr/src/app/tests/page-objects/LoginPage.js:66:9)
  NightwatchAssertError: Timed out while waiting for element &lt;#inputUsername&gt; to be present for 10000 milliseconds. - expected &#34;found&#34; but got: &#34;not found&#34; (10184ms)
       at Object.api.elements.res (/usr/src/app/tests/page-objects/LoginPage.js:66:9)
  NightwatchAssertError: Timed out while waiting for element &lt;#inputUsername&gt; to be present for 10000 milliseconds. - expected &#34;found&#34; but got: &#34;not found&#34; (10161ms)
       at Object.api.elements.res (/usr/src/app/tests/page-objects/LoginPage.js:66:9)
  NightwatchAssertError: Timed out while waiting for element &lt;#inputUsername&gt; to be present for 10000 milliseconds. - expected &#34;found&#34; but got: &#34;not found&#34; (10167ms)
       at Object.api.elements.res (/usr/src/app/tests/page-objects/LoginPage.js:66:9)
  NightwatchAssertError: Timed out while waiting for element &lt;#inputUsername&gt; to be present for 10000 milliseconds. - expected &#34;found&#34; but got: &#34;not found&#34; (10176ms)
       at Object.api.elements.res (/usr/src/app/tests/page-objects/LoginPage.js:66:9)
  NightwatchAssertError: Timed out while waiting for element &lt;#inputUsername&gt; to be present for 10000 milliseconds. - expected &#34;found&#34; but got: &#34;not found&#34; (10128ms)
       at Object.api.elements.res (/usr/src/app/tests/page-objects/LoginPage.js:66:9)
  NightwatchAssertError: Timed out while waiting for element &lt;#inputUsername&gt; to be present for 10000 milliseconds. - expected &#34;found&#34; but got: &#34;not found&#34; (10195ms)
       at Object.api.elements.res (/usr/src/app/tests/page-objects/LoginPage.js:66:9)
  NightwatchAssertError: Timed out while waiting for element &lt;#inputUsername&gt; to be present for 10000 milliseconds. - expected &#34;found&#34; but got: &#34;not found&#34; (10172ms)
       at Object.api.elements.res (/usr/src/app/tests/page-objects/LoginPage.js:66:9)
  NightwatchAssertError: Timed out while waiting for element &lt;#inputUsername&gt; to be present for 10000 milliseconds. - expected &#34;found&#34; but got: &#34;not found&#34; (10129ms)
       at Object.api.elements.res (/usr/src/app/tests/page-objects/LoginPage.js:66:9)
  NightwatchAssertError: Timed out while waiting for element &lt;#inputUsername&gt; to be present for 10000 milliseconds. - expected &#34;found&#34; but got: &#34;not found&#34; (10114ms)
       at Object.api.elements.res (/usr/src/app/tests/page-objects/LoginPage.js:66:9)
  NightwatchAssertError: Timed out while waiting for element &lt;#inputUsername&gt; to be present for 10000 milliseconds. - expected &#34;found&#34; but got: &#34;not found&#34; (10166ms)
       at Object.api.elements.res (/usr/src/app/tests/page-objects/LoginPage.js:66:9)
    </system-err>
  

    

  
    
    <testcase
      name="[P2][sev3][kui]Visual Web Terminal: Verify supported themes" classname="main.test">
      <skipped />
    </testcase>
    
    <testcase
      name="[P2][sev2][kui]Visual Web Terminal: Verify product header" classname="main.test">
      <skipped />
    </testcase>
    
    <testcase
      name="[P1][sev1][kui]Visual Web Terminal: Verify KUI multiple tabs" classname="main.test">
      <skipped />
    </testcase>
    
  
  </testsuite>
</testsuites>
