<?xml version="1.0" encoding="UTF-8" ?>
<testsuites errors="0"
            failures="2"
            tests="1">

  <testsuite name="securityDisabledCoreCommands1.test"
    errors="0" failures="2" hostname="" id="" package="securityDisabledCoreCommands1.test" skipped="0"
    tests="1" time="0.00001015" timestamp="">
  
    <testcase name="[P2][sev1][kui]Visual Web Terminal: Verify core support commands are disabled - plugin-kui-addons" classname="securityDisabledCoreCommands1.test" time="10.15" assertions="1">  <failure message="Timed out while waiting for element &lt;.kui--input-stripe&gt; to be present for 10000 milliseconds. - expected &#34;found&#34; but got: &#34;not found&#34; (10130ms)">    at Page.clear (/usr/src/app/tests/page-objects/KUI.js:240:8)
    at Page.executeCommand (/usr/src/app/tests/page-objects/KUI.js:91:23)
    at coreSupportRoutes.forEach.command (/usr/src/app/tests/e2e/securityDisabledCoreCommands1.test.js:23:11)
    at Array.forEach (&lt;anonymous&gt;)
    at Object.[P2][sev1][kui]Visual Web Terminal: Verify core support commands are disabled - plugin-kui-addons (/usr/src/app/tests/e2e/securityDisabledCoreCommands1.test.js:22:23)</failure>
<system-out>[[ATTACHMENT|/usr/src/app/test-output/e2e/screenshots/securityDisabledCoreCommands1.test/[P2][sev1][kui]Visual-Web-Terminal:-Verify-core-support-commands-are-disabled---plugin-kui-addons_FAILED_Apr-15-2021-090920-GMT+0000-(Coordinated-Universal.png]]</system-out>
    
    </testcase>
  

  
    <system-err>
        NightwatchAssertError: Timed out while waiting for element &lt;#inputUsername&gt; to be present for 10000 milliseconds. - expected &#34;found&#34; but got: &#34;not found&#34; (10148ms)
       at Object.api.elements.res (/usr/src/app/tests/page-objects/LoginPage.js:66:9)
  NightwatchAssertError: Timed out while waiting for element &lt;#inputUsername&gt; to be present for 10000 milliseconds. - expected &#34;found&#34; but got: &#34;not found&#34; (10133ms)
       at Object.api.elements.res (/usr/src/app/tests/page-objects/LoginPage.js:66:9)
  NightwatchAssertError: Timed out while waiting for element &lt;#inputUsername&gt; to be present for 10000 milliseconds. - expected &#34;found&#34; but got: &#34;not found&#34; (10157ms)
       at Object.api.elements.res (/usr/src/app/tests/page-objects/LoginPage.js:66:9)
  NightwatchAssertError: Timed out while waiting for element &lt;#inputUsername&gt; to be present for 10000 milliseconds. - expected &#34;found&#34; but got: &#34;not found&#34; (10126ms)
       at Object.api.elements.res (/usr/src/app/tests/page-objects/LoginPage.js:66:9)
  NightwatchAssertError: Timed out while waiting for element &lt;#inputUsername&gt; to be present for 10000 milliseconds. - expected &#34;found&#34; but got: &#34;not found&#34; (10116ms)
       at Object.api.elements.res (/usr/src/app/tests/page-objects/LoginPage.js:66:9)
  NightwatchAssertError: Timed out while waiting for element &lt;#inputUsername&gt; to be present for 10000 milliseconds. - expected &#34;found&#34; but got: &#34;not found&#34; (10174ms)
       at Object.api.elements.res (/usr/src/app/tests/page-objects/LoginPage.js:66:9)
  NightwatchAssertError: Timed out while waiting for element &lt;#inputUsername&gt; to be present for 10000 milliseconds. - expected &#34;found&#34; but got: &#34;not found&#34; (10178ms)
       at Object.api.elements.res (/usr/src/app/tests/page-objects/LoginPage.js:66:9)
  NightwatchAssertError: Timed out while waiting for element &lt;#inputUsername&gt; to be present for 10000 milliseconds. - expected &#34;found&#34; but got: &#34;not found&#34; (10174ms)
       at Object.api.elements.res (/usr/src/app/tests/page-objects/LoginPage.js:66:9)
  NightwatchAssertError: Timed out while waiting for element &lt;#inputUsername&gt; to be present for 10000 milliseconds. - expected &#34;found&#34; but got: &#34;not found&#34; (10184ms)
       at Object.api.elements.res (/usr/src/app/tests/page-objects/LoginPage.js:66:9)
  NightwatchAssertError: Timed out while waiting for element &lt;#inputUsername&gt; to be present for 10000 milliseconds. - expected &#34;found&#34; but got: &#34;not found&#34; (10161ms)
       at Object.api.elements.res (/usr/src/app/tests/page-objects/LoginPage.js:66:9)
  NightwatchAssertError: Timed out while waiting for element &lt;#inputUsername&gt; to be present for 10000 milliseconds. - expected &#34;found&#34; but got: &#34;not found&#34; (10167ms)
       at Object.api.elements.res (/usr/src/app/tests/page-objects/LoginPage.js:66:9)
  NightwatchAssertError: Timed out while waiting for element &lt;#inputUsername&gt; to be present for 10000 milliseconds. - expected &#34;found&#34; but got: &#34;not found&#34; (10176ms)
       at Object.api.elements.res (/usr/src/app/tests/page-objects/LoginPage.js:66:9)
  NightwatchAssertError: Timed out while waiting for element &lt;#inputUsername&gt; to be present for 10000 milliseconds. - expected &#34;found&#34; but got: &#34;not found&#34; (10128ms)
       at Object.api.elements.res (/usr/src/app/tests/page-objects/LoginPage.js:66:9)
  NightwatchAssertError: Timed out while waiting for element &lt;#inputUsername&gt; to be present for 10000 milliseconds. - expected &#34;found&#34; but got: &#34;not found&#34; (10195ms)
       at Object.api.elements.res (/usr/src/app/tests/page-objects/LoginPage.js:66:9)
  NightwatchAssertError: Timed out while waiting for element &lt;#inputUsername&gt; to be present for 10000 milliseconds. - expected &#34;found&#34; but got: &#34;not found&#34; (10172ms)
       at Object.api.elements.res (/usr/src/app/tests/page-objects/LoginPage.js:66:9)
  NightwatchAssertError: Timed out while waiting for element &lt;#inputUsername&gt; to be present for 10000 milliseconds. - expected &#34;found&#34; but got: &#34;not found&#34; (10129ms)
       at Object.api.elements.res (/usr/src/app/tests/page-objects/LoginPage.js:66:9)
  NightwatchAssertError: Timed out while waiting for element &lt;#inputUsername&gt; to be present for 10000 milliseconds. - expected &#34;found&#34; but got: &#34;not found&#34; (10114ms)
       at Object.api.elements.res (/usr/src/app/tests/page-objects/LoginPage.js:66:9)
  NightwatchAssertError: Timed out while waiting for element &lt;#inputUsername&gt; to be present for 10000 milliseconds. - expected &#34;found&#34; but got: &#34;not found&#34; (10166ms)
       at Object.api.elements.res (/usr/src/app/tests/page-objects/LoginPage.js:66:9)
    </system-err>
  

    

  
  </testsuite>
</testsuites>
