<?xml version="1.0" encoding="UTF-8"?>
  <testsuite name="Applifecycle-API-Test" tests="7" failures="2" errors="0" time="108.677">
      <testcase name="e2e-git-subscription-test [P1][Sev1][app-lifecycle] Test subscription with Git release tag" classname="Applifecycle-API-Test" time="37.792098397"></testcase>
      <testcase name="e2e-git-subscription-test [P1][Sev1][app-lifecycle] Test subscription with Git commit" classname="Applifecycle-API-Test" time="29.04521865"></testcase>
      <testcase name="e2e-server [P1][Sev1][app-lifecycle] Test argocd integration" classname="Applifecycle-API-Test" time="1.060899966">
          <failure type="Failure">/opt/e2e/client/canary/e2e_canary_argocd_integration_test.go:12&#xA;Timed out after 1.060s.&#xA;Expected success, but got an error:&#xA;    &lt;*exec.ExitError | 0xc0004110e0&gt;: {&#xA;        ProcessState: {&#xA;            pid: 4157,&#xA;            status: 256,&#xA;            rusage: {&#xA;                Utime: {Sec: 0, Usec: 354472},&#xA;                Stime: {Sec: 0, Usec: 139086},&#xA;                Maxrss: 50344,&#xA;                Ixrss: 0,&#xA;                Idrss: 0,&#xA;                Isrss: 0,&#xA;                Minflt: 26449,&#xA;                Majflt: 0,&#xA;                Nswap: 0,&#xA;                Inblock: 0,&#xA;                Oublock: 0,&#xA;                Msgsnd: 0,&#xA;                Msgrcv: 0,&#xA;                Nsignals: 0,&#xA;                Nvcsw: 1004,&#xA;                Nivcsw: 17,&#xA;            },&#xA;        },&#xA;        Stderr: nil,&#xA;    }&#xA;    exit status 1&#xA;/opt/e2e/client/canary/e2e_canary_argocd_integration_test.go:29</failure>
      </testcase>
      <testcase name="e2e-server [P1][Sev1][app-lifecycle] Install test Git repo server with custom certificate" classname="Applifecycle-API-Test" time="13.604791919"></testcase>
      <testcase name="e2e-server [P1][Sev1][app-lifecycle] Test subscribing to Git repo with custom certificate" classname="Applifecycle-API-Test" time="19.926180793"></testcase>
      <testcase name="e2e-server [P1][Sev1][app-lifecycle] Uninstall test Git repo server" classname="Applifecycle-API-Test" time="0.775767743"></testcase>
      <testcase name="RHACM4K-2350: e2e-server [P1][Sev1][app-lifecycle] Test subscribing to Helm repo with basic authentication" classname="Applifecycle-API-Test" time="1.401422696">
          <failure type="Failure">/opt/e2e/client/canary/e2e_canary_helmrepo_basicath_test.go:12&#xA;Timed out after 1.401s.&#xA;Expected success, but got an error:&#xA;    &lt;*exec.ExitError | 0xc0004119c0&gt;: {&#xA;        ProcessState: {&#xA;            pid: 4411,&#xA;            status: 256,&#xA;            rusage: {&#xA;                Utime: {Sec: 0, Usec: 369434},&#xA;                Stime: {Sec: 0, Usec: 128671},&#xA;                Maxrss: 49548,&#xA;                Ixrss: 0,&#xA;                Idrss: 0,&#xA;                Isrss: 0,&#xA;                Minflt: 25516,&#xA;                Majflt: 0,&#xA;                Nswap: 0,&#xA;                Inblock: 0,&#xA;                Oublock: 0,&#xA;                Msgsnd: 0,&#xA;                Msgrcv: 0,&#xA;                Nsignals: 0,&#xA;                Nvcsw: 1082,&#xA;                Nivcsw: 16,&#xA;            },&#xA;        },&#xA;        Stderr: nil,&#xA;    }&#xA;    exit status 1&#xA;/opt/e2e/client/canary/e2e_canary_helmrepo_basicath_test.go:29</failure>
      </testcase>
  </testsuite>