<?xml version="1.0" encoding="UTF-8"?>
  <testsuite name="Applifecycle-API-Test" tests="7" failures="2" errors="0" time="101.976">
      <testcase name="e2e-server [P1][Sev1][app-lifecycle] Install test Git repo server with custom certificate" classname="Applifecycle-API-Test" time="14.827353502"></testcase>
      <testcase name="e2e-server [P1][Sev1][app-lifecycle] Test subscribing to Git repo with custom certificate" classname="Applifecycle-API-Test" time="19.951594743"></testcase>
      <testcase name="e2e-server [P1][Sev1][app-lifecycle] Uninstall test Git repo server" classname="Applifecycle-API-Test" time="0.972549823"></testcase>
      <testcase name="e2e-server [P1][Sev1][app-lifecycle] Test argocd integration" classname="Applifecycle-API-Test" time="1.365206331">
          <failure type="Failure">/opt/e2e/client/canary/e2e_canary_argocd_integration_test.go:12&#xA;Timed out after 1.365s.&#xA;Expected success, but got an error:&#xA;    &lt;*exec.ExitError | 0xc000672100&gt;: {&#xA;        ProcessState: {&#xA;            pid: 4335,&#xA;            status: 256,&#xA;            rusage: {&#xA;                Utime: {Sec: 0, Usec: 405714},&#xA;                Stime: {Sec: 0, Usec: 107246},&#xA;                Maxrss: 49544,&#xA;                Ixrss: 0,&#xA;                Idrss: 0,&#xA;                Isrss: 0,&#xA;                Minflt: 25818,&#xA;                Majflt: 0,&#xA;                Nswap: 0,&#xA;                Inblock: 0,&#xA;                Oublock: 0,&#xA;                Msgsnd: 0,&#xA;                Msgrcv: 0,&#xA;                Nsignals: 0,&#xA;                Nvcsw: 1062,&#xA;                Nivcsw: 11,&#xA;            },&#xA;        },&#xA;        Stderr: nil,&#xA;    }&#xA;    exit status 1&#xA;/opt/e2e/client/canary/e2e_canary_argocd_integration_test.go:29</failure>
      </testcase>
      <testcase name="RHACM4K-2350: e2e-server [P1][Sev1][app-lifecycle] Test subscribing to Helm repo with basic authentication" classname="Applifecycle-API-Test" time="1.004198355">
          <failure type="Failure">/opt/e2e/client/canary/e2e_canary_helmrepo_basicath_test.go:12&#xA;Timed out after 1.004s.&#xA;Expected success, but got an error:&#xA;    &lt;*exec.ExitError | 0xc0003e4cc0&gt;: {&#xA;        ProcessState: {&#xA;            pid: 4370,&#xA;            status: 256,&#xA;            rusage: {&#xA;                Utime: {Sec: 0, Usec: 386723},&#xA;                Stime: {Sec: 0, Usec: 133309},&#xA;                Maxrss: 49600,&#xA;                Ixrss: 0,&#xA;                Idrss: 0,&#xA;                Isrss: 0,&#xA;                Minflt: 26074,&#xA;                Majflt: 0,&#xA;                Nswap: 0,&#xA;                Inblock: 0,&#xA;                Oublock: 0,&#xA;                Msgsnd: 0,&#xA;                Msgrcv: 0,&#xA;                Nsignals: 0,&#xA;                Nvcsw: 971,&#xA;                Nivcsw: 18,&#xA;            },&#xA;        },&#xA;        Stderr: nil,&#xA;    }&#xA;    exit status 1&#xA;/opt/e2e/client/canary/e2e_canary_helmrepo_basicath_test.go:29</failure>
      </testcase>
      <testcase name="e2e-git-subscription-test [P1][Sev1][app-lifecycle] Test subscription with Git release tag" classname="Applifecycle-API-Test" time="29.529062931"></testcase>
      <testcase name="e2e-git-subscription-test [P1][Sev1][app-lifecycle] Test subscription with Git commit" classname="Applifecycle-API-Test" time="29.275619329"></testcase>
  </testsuite>